[2025-11-12T21:23:42.208-0800] {local_task_job_runner.py:123} INFO - ::group::Pre task execution logs
[2025-11-12T21:23:42.210-0800] {taskinstance.py:2612} INFO - Dependencies all met for dep_context=non-requeueable deps ti=<TaskInstance: tmdb_data_extraction.extract_movie_details manual__2025-11-13T02:03:30.066102+00:00 [queued]>
[2025-11-12T21:23:42.212-0800] {taskinstance.py:2612} INFO - Dependencies all met for dep_context=requeueable deps ti=<TaskInstance: tmdb_data_extraction.extract_movie_details manual__2025-11-13T02:03:30.066102+00:00 [queued]>
[2025-11-12T21:23:42.212-0800] {taskinstance.py:2865} INFO - Starting attempt 1 of 3
[2025-11-12T21:23:42.214-0800] {taskinstance.py:2888} INFO - Executing <Task(BashOperator): extract_movie_details> on 2025-11-13 02:03:30.066102+00:00
[2025-11-12T21:23:42.219-0800] {logging_mixin.py:190} WARNING - /Users/dipinjassal/ml/tmdb_data_warehouse/venv/lib/python3.12/site-packages/airflow/task/task_runner/standard_task_runner.py:70 DeprecationWarning: This process (pid=1746) is multi-threaded, use of fork() may lead to deadlocks in the child.
[2025-11-12T21:23:42.219-0800] {standard_task_runner.py:72} INFO - Started process 1747 to run task
[2025-11-12T21:23:42.219-0800] {standard_task_runner.py:104} INFO - Running: ['airflow', 'tasks', 'run', 'tmdb_data_extraction', 'extract_movie_details', 'manual__2025-11-13T02:03:30.066102+00:00', '--job-id', '38', '--raw', '--subdir', 'DAGS_FOLDER/tmdb_extraction_dag.py', '--cfg-path', '/var/folders/r9/q22xmvj17r590_phm7qsfl9h0000gn/T/tmpf4ynilex']
[2025-11-12T21:23:42.219-0800] {standard_task_runner.py:105} INFO - Job 38: Subtask extract_movie_details
[2025-11-12T21:23:42.230-0800] {task_command.py:467} INFO - Running <TaskInstance: tmdb_data_extraction.extract_movie_details manual__2025-11-13T02:03:30.066102+00:00 [running]> on host dipins-macbook-pro.local
[2025-11-12T21:23:42.244-0800] {taskinstance.py:3131} INFO - Exporting env vars: AIRFLOW_CTX_DAG_OWNER='team7' AIRFLOW_CTX_DAG_ID='tmdb_data_extraction' AIRFLOW_CTX_TASK_ID='extract_movie_details' AIRFLOW_CTX_EXECUTION_DATE='2025-11-13T02:03:30.066102+00:00' AIRFLOW_CTX_TRY_NUMBER='1' AIRFLOW_CTX_DAG_RUN_ID='manual__2025-11-13T02:03:30.066102+00:00'
[2025-11-12T21:23:42.244-0800] {logging_mixin.py:190} INFO - Task instance is in running state
[2025-11-12T21:23:42.244-0800] {logging_mixin.py:190} INFO -  Previous state of the Task instance: queued
[2025-11-12T21:23:42.244-0800] {logging_mixin.py:190} INFO - Current task name:extract_movie_details state:running start_date:2025-11-13 05:23:42.210906+00:00
[2025-11-12T21:23:42.245-0800] {logging_mixin.py:190} INFO - Dag name:tmdb_data_extraction and current dag run status:running
[2025-11-12T21:23:42.245-0800] {taskinstance.py:731} INFO - ::endgroup::
[2025-11-12T21:23:42.245-0800] {subprocess.py:63} INFO - Tmp dir root location: /var/folders/r9/q22xmvj17r590_phm7qsfl9h0000gn/T
[2025-11-12T21:23:42.245-0800] {subprocess.py:75} INFO - Running command: ['/bin/bash', '-c', 'cd /Users/dipinjassal/ml/tmdb_data_warehouse && /Users/dipinjassal/ml/tmdb_data_warehouse/venv/bin/python scripts/airflow_extract_details.py']
[2025-11-12T21:23:42.248-0800] {subprocess.py:86} INFO - Output:
[2025-11-12T21:23:45.597-0800] {subprocess.py:93} INFO - EXTRACTING MOVIE DETAILS
[2025-11-12T21:23:45.599-0800] {subprocess.py:93} INFO - TMDB Client initialized with base URL: https://api.themoviedb.org/3
[2025-11-12T21:23:45.600-0800] {subprocess.py:93} INFO - ✓ Connected to MongoDB: tmdb-raw
[2025-11-12T21:23:45.601-0800] {subprocess.py:93} INFO - [1/10] Movie 1062722
[2025-11-12T21:23:45.602-0800] {subprocess.py:93} INFO - Inserting 1 movies...
[2025-11-12T21:23:45.603-0800] {subprocess.py:93} INFO -   ✓ Inserted: 0, Updated: 1
[2025-11-12T21:23:45.603-0800] {subprocess.py:93} INFO -   ✓ Companies: 0 new, 3 updated
[2025-11-12T21:23:45.604-0800] {subprocess.py:93} INFO - [2/10] Movie 1242898
[2025-11-12T21:23:45.604-0800] {subprocess.py:93} INFO - Inserting 1 movies...
[2025-11-12T21:23:45.605-0800] {subprocess.py:93} INFO -   ✓ Inserted: 0, Updated: 1
[2025-11-12T21:23:45.606-0800] {subprocess.py:93} INFO -   ✓ Companies: 0 new, 5 updated
[2025-11-12T21:23:45.606-0800] {subprocess.py:93} INFO - [3/10] Movie 1197137
[2025-11-12T21:23:45.607-0800] {subprocess.py:93} INFO - Inserting 1 movies...
[2025-11-12T21:23:45.607-0800] {subprocess.py:93} INFO -   ✓ Inserted: 0, Updated: 1
[2025-11-12T21:23:45.608-0800] {subprocess.py:93} INFO -   ✓ Companies: 0 new, 4 updated
[2025-11-12T21:23:45.609-0800] {subprocess.py:93} INFO - [4/10] Movie 1161617
[2025-11-12T21:23:45.609-0800] {subprocess.py:93} INFO - Inserting 1 movies...
[2025-11-12T21:23:45.610-0800] {subprocess.py:93} INFO -   ✓ Inserted: 0, Updated: 1
[2025-11-12T21:23:45.610-0800] {subprocess.py:93} INFO -   ✓ Companies: 0 new, 5 updated
[2025-11-12T21:23:45.611-0800] {subprocess.py:93} INFO - [5/10] Movie 755898
[2025-11-12T21:23:45.611-0800] {subprocess.py:93} INFO - Inserting 1 movies...
[2025-11-12T21:23:45.612-0800] {subprocess.py:93} INFO -   ✓ Inserted: 0, Updated: 1
[2025-11-12T21:23:45.612-0800] {subprocess.py:93} INFO -   ✓ Companies: 0 new, 3 updated
[2025-11-12T21:23:45.613-0800] {subprocess.py:93} INFO - [6/10] Movie 1096563
[2025-11-12T21:23:45.613-0800] {subprocess.py:93} INFO - Inserting 1 movies...
[2025-11-12T21:23:45.614-0800] {subprocess.py:93} INFO -   ✓ Inserted: 0, Updated: 1
[2025-11-12T21:23:45.614-0800] {subprocess.py:93} INFO - [7/10] Movie 1025527
[2025-11-12T21:23:45.614-0800] {subprocess.py:93} INFO - Inserting 1 movies...
[2025-11-12T21:23:45.615-0800] {subprocess.py:93} INFO -   ✓ Inserted: 0, Updated: 1
[2025-11-12T21:23:45.615-0800] {subprocess.py:93} INFO -   ✓ Companies: 0 new, 4 updated
[2025-11-12T21:23:45.615-0800] {subprocess.py:93} INFO - [8/10] Movie 1218925
[2025-11-12T21:23:45.616-0800] {subprocess.py:93} INFO - Inserting 1 movies...
[2025-11-12T21:23:45.616-0800] {subprocess.py:93} INFO -   ✓ Inserted: 0, Updated: 1
[2025-11-12T21:23:45.617-0800] {subprocess.py:93} INFO -   ✓ Companies: 0 new, 1 updated
[2025-11-12T21:23:45.617-0800] {subprocess.py:93} INFO - [9/10] Movie 1561969
[2025-11-12T21:23:45.618-0800] {subprocess.py:93} INFO - Inserting 1 movies...
[2025-11-12T21:23:45.618-0800] {subprocess.py:93} INFO -   ✓ Inserted: 0, Updated: 1
[2025-11-12T21:23:45.619-0800] {subprocess.py:93} INFO -   ✓ Companies: 0 new, 2 updated
[2025-11-12T21:23:45.619-0800] {subprocess.py:93} INFO - [10/10] Movie 1311031
[2025-11-12T21:23:45.620-0800] {subprocess.py:93} INFO - Inserting 1 movies...
[2025-11-12T21:23:45.620-0800] {subprocess.py:93} INFO -   ✓ Inserted: 0, Updated: 1
[2025-11-12T21:23:45.620-0800] {subprocess.py:93} INFO -   ✓ Companies: 0 new, 3 updated
[2025-11-12T21:23:45.621-0800] {subprocess.py:93} INFO - SUCCESS: 10 details
[2025-11-12T21:23:45.621-0800] {subprocess.py:93} INFO - ✓ TMDB Client session closed
[2025-11-12T21:23:45.621-0800] {subprocess.py:93} INFO - ✓ MongoDB connection closed
[2025-11-12T21:23:46.134-0800] {subprocess.py:97} INFO - Command exited with return code 0
[2025-11-12T21:23:46.146-0800] {taskinstance.py:340} INFO - ::group::Post task execution logs
[2025-11-12T21:23:46.146-0800] {taskinstance.py:352} INFO - Marking task as SUCCESS. dag_id=tmdb_data_extraction, task_id=extract_movie_details, run_id=manual__2025-11-13T02:03:30.066102+00:00, execution_date=20251113T020330, start_date=20251113T052342, end_date=20251113T052346
[2025-11-12T21:23:46.149-0800] {logging_mixin.py:190} INFO - Task instance in success state
[2025-11-12T21:23:46.149-0800] {logging_mixin.py:190} INFO -  Previous state of the Task instance: running
[2025-11-12T21:23:46.149-0800] {logging_mixin.py:190} INFO - Dag name:tmdb_data_extraction queued_at:2025-11-13 02:03:30.070454+00:00
[2025-11-12T21:23:46.150-0800] {logging_mixin.py:190} INFO - Task hostname:dipins-macbook-pro.local operator:BashOperator
[2025-11-12T21:23:46.171-0800] {local_task_job_runner.py:266} INFO - Task exited with return code 0
[2025-11-12T21:23:46.178-0800] {taskinstance.py:3900} INFO - 1 downstream tasks scheduled from follow-on schedule check
[2025-11-12T21:23:46.178-0800] {local_task_job_runner.py:245} INFO - ::endgroup::
