[2025-11-12T21:23:26.643-0800] {local_task_job_runner.py:123} INFO - ::group::Pre task execution logs
[2025-11-12T21:23:26.645-0800] {taskinstance.py:2612} INFO - Dependencies all met for dep_context=non-requeueable deps ti=<TaskInstance: tmdb_data_extraction.extract_popular_movies scheduled__2025-11-12T00:00:00+00:00 [queued]>
[2025-11-12T21:23:26.647-0800] {taskinstance.py:2612} INFO - Dependencies all met for dep_context=requeueable deps ti=<TaskInstance: tmdb_data_extraction.extract_popular_movies scheduled__2025-11-12T00:00:00+00:00 [queued]>
[2025-11-12T21:23:26.647-0800] {taskinstance.py:2865} INFO - Starting attempt 1 of 3
[2025-11-12T21:23:26.649-0800] {taskinstance.py:2888} INFO - Executing <Task(BashOperator): extract_popular_movies> on 2025-11-12 00:00:00+00:00
[2025-11-12T21:23:26.654-0800] {logging_mixin.py:190} WARNING - /Users/dipinjassal/ml/tmdb_data_warehouse/venv/lib/python3.12/site-packages/airflow/task/task_runner/standard_task_runner.py:70 DeprecationWarning: This process (pid=1724) is multi-threaded, use of fork() may lead to deadlocks in the child.
[2025-11-12T21:23:26.654-0800] {standard_task_runner.py:72} INFO - Started process 1725 to run task
[2025-11-12T21:23:26.653-0800] {standard_task_runner.py:104} INFO - Running: ['airflow', 'tasks', 'run', 'tmdb_data_extraction', 'extract_popular_movies', 'scheduled__2025-11-12T00:00:00+00:00', '--job-id', '34', '--raw', '--subdir', 'DAGS_FOLDER/tmdb_extraction_dag.py', '--cfg-path', '/var/folders/r9/q22xmvj17r590_phm7qsfl9h0000gn/T/tmpqltkfurh']
[2025-11-12T21:23:26.654-0800] {standard_task_runner.py:105} INFO - Job 34: Subtask extract_popular_movies
[2025-11-12T21:23:26.664-0800] {task_command.py:467} INFO - Running <TaskInstance: tmdb_data_extraction.extract_popular_movies scheduled__2025-11-12T00:00:00+00:00 [running]> on host dipins-macbook-pro.local
[2025-11-12T21:23:26.678-0800] {taskinstance.py:3131} INFO - Exporting env vars: AIRFLOW_CTX_DAG_OWNER='team7' AIRFLOW_CTX_DAG_ID='tmdb_data_extraction' AIRFLOW_CTX_TASK_ID='extract_popular_movies' AIRFLOW_CTX_EXECUTION_DATE='2025-11-12T00:00:00+00:00' AIRFLOW_CTX_TRY_NUMBER='1' AIRFLOW_CTX_DAG_RUN_ID='scheduled__2025-11-12T00:00:00+00:00'
[2025-11-12T21:23:26.678-0800] {logging_mixin.py:190} INFO - Task instance is in running state
[2025-11-12T21:23:26.678-0800] {logging_mixin.py:190} INFO -  Previous state of the Task instance: queued
[2025-11-12T21:23:26.678-0800] {logging_mixin.py:190} INFO - Current task name:extract_popular_movies state:running start_date:2025-11-13 05:23:26.646055+00:00
[2025-11-12T21:23:26.678-0800] {logging_mixin.py:190} INFO - Dag name:tmdb_data_extraction and current dag run status:running
[2025-11-12T21:23:26.679-0800] {taskinstance.py:731} INFO - ::endgroup::
[2025-11-12T21:23:26.679-0800] {subprocess.py:63} INFO - Tmp dir root location: /var/folders/r9/q22xmvj17r590_phm7qsfl9h0000gn/T
[2025-11-12T21:23:26.679-0800] {subprocess.py:75} INFO - Running command: ['/bin/bash', '-c', 'cd /Users/dipinjassal/ml/tmdb_data_warehouse && /Users/dipinjassal/ml/tmdb_data_warehouse/venv/bin/python scripts/airflow_extract_movies.py']
[2025-11-12T21:23:26.682-0800] {subprocess.py:86} INFO - Output:
[2025-11-12T21:23:28.721-0800] {subprocess.py:93} INFO - EXTRACTING MOVIES
[2025-11-12T21:23:28.724-0800] {subprocess.py:93} INFO - TMDB Client initialized with base URL: https://api.themoviedb.org/3
[2025-11-12T21:23:28.725-0800] {subprocess.py:93} INFO - ✓ Connected to MongoDB: tmdb-raw
[2025-11-12T21:23:28.726-0800] {subprocess.py:93} INFO - Fetching 2 pages of popular movies...
[2025-11-12T21:23:28.726-0800] {subprocess.py:93} INFO -   ✓ Page 1: Got 20 movies
[2025-11-12T21:23:28.727-0800] {subprocess.py:93} INFO -   ✓ Page 2: Got 20 movies
[2025-11-12T21:23:28.727-0800] {subprocess.py:93} INFO - ✅ Total movies fetched: 40
[2025-11-12T21:23:28.728-0800] {subprocess.py:93} INFO - Inserting 40 movies...
[2025-11-12T21:23:28.728-0800] {subprocess.py:93} INFO -   ✓ Inserted: 0, Updated: 40
[2025-11-12T21:23:28.729-0800] {subprocess.py:93} INFO - SUCCESS: 40 movies
[2025-11-12T21:23:28.729-0800] {subprocess.py:93} INFO - ✓ TMDB Client session closed
[2025-11-12T21:23:28.730-0800] {subprocess.py:93} INFO - ✓ MongoDB connection closed
[2025-11-12T21:23:29.073-0800] {subprocess.py:97} INFO - Command exited with return code 0
[2025-11-12T21:23:29.081-0800] {taskinstance.py:340} INFO - ::group::Post task execution logs
[2025-11-12T21:23:29.082-0800] {taskinstance.py:352} INFO - Marking task as SUCCESS. dag_id=tmdb_data_extraction, task_id=extract_popular_movies, run_id=scheduled__2025-11-12T00:00:00+00:00, execution_date=20251112T000000, start_date=20251113T052326, end_date=20251113T052329
[2025-11-12T21:23:29.084-0800] {logging_mixin.py:190} INFO - Task instance in success state
[2025-11-12T21:23:29.085-0800] {logging_mixin.py:190} INFO -  Previous state of the Task instance: running
[2025-11-12T21:23:29.085-0800] {logging_mixin.py:190} INFO - Dag name:tmdb_data_extraction queued_at:2025-11-13 01:54:04.087910+00:00
[2025-11-12T21:23:29.085-0800] {logging_mixin.py:190} INFO - Task hostname:dipins-macbook-pro.local operator:BashOperator
[2025-11-12T21:23:29.099-0800] {local_task_job_runner.py:266} INFO - Task exited with return code 0
[2025-11-12T21:23:29.107-0800] {taskinstance.py:3900} INFO - 1 downstream tasks scheduled from follow-on schedule check
[2025-11-12T21:23:29.107-0800] {local_task_job_runner.py:245} INFO - ::endgroup::
