[2025-11-12T21:29:23.013-0800] {processor.py:186} INFO - Started process (PID=1816) to work on /Users/dipinjassal/ml/tmdb_data_warehouse/venv/lib/python3.12/site-packages/airflow/example_dags/example_short_circuit_decorator.py
[2025-11-12T21:29:23.014-0800] {processor.py:914} INFO - Processing file /Users/dipinjassal/ml/tmdb_data_warehouse/venv/lib/python3.12/site-packages/airflow/example_dags/example_short_circuit_decorator.py for tasks to queue
[2025-11-12T21:29:23.014-0800] {logging_mixin.py:190} INFO - [2025-11-12T21:29:23.014-0800] {dagbag.py:588} INFO - Filling up the DagBag from /Users/dipinjassal/ml/tmdb_data_warehouse/venv/lib/python3.12/site-packages/airflow/example_dags/example_short_circuit_decorator.py
[2025-11-12T21:29:23.025-0800] {processor.py:925} INFO - DAG(s) 'example_short_circuit_decorator' retrieved from /Users/dipinjassal/ml/tmdb_data_warehouse/venv/lib/python3.12/site-packages/airflow/example_dags/example_short_circuit_decorator.py
[2025-11-12T21:29:23.091-0800] {logging_mixin.py:190} INFO - [2025-11-12T21:29:23.091-0800] {override.py:1900} INFO - Created Permission View: can delete on DAG:example_short_circuit_decorator
[2025-11-12T21:29:23.093-0800] {logging_mixin.py:190} INFO - [2025-11-12T21:29:23.093-0800] {override.py:1900} INFO - Created Permission View: can edit on DAG:example_short_circuit_decorator
[2025-11-12T21:29:23.095-0800] {logging_mixin.py:190} INFO - [2025-11-12T21:29:23.095-0800] {override.py:1900} INFO - Created Permission View: can read on DAG:example_short_circuit_decorator
[2025-11-12T21:29:23.096-0800] {logging_mixin.py:190} INFO - [2025-11-12T21:29:23.096-0800] {override.py:1900} INFO - Created Permission View: can delete on DAG Run:example_short_circuit_decorator
[2025-11-12T21:29:23.098-0800] {logging_mixin.py:190} INFO - [2025-11-12T21:29:23.097-0800] {override.py:1900} INFO - Created Permission View: can create on DAG Run:example_short_circuit_decorator
[2025-11-12T21:29:23.099-0800] {logging_mixin.py:190} INFO - [2025-11-12T21:29:23.099-0800] {override.py:1900} INFO - Created Permission View: menu access on DAG Run:example_short_circuit_decorator
[2025-11-12T21:29:23.100-0800] {logging_mixin.py:190} INFO - [2025-11-12T21:29:23.100-0800] {override.py:1900} INFO - Created Permission View: can read on DAG Run:example_short_circuit_decorator
[2025-11-12T21:29:23.100-0800] {logging_mixin.py:190} INFO - [2025-11-12T21:29:23.100-0800] {dag.py:3239} INFO - Sync 1 DAGs
[2025-11-12T21:29:23.103-0800] {logging_mixin.py:190} INFO - [2025-11-12T21:29:23.103-0800] {dag.py:3262} INFO - Creating ORM DAG for example_short_circuit_decorator
[2025-11-12T21:29:23.103-0800] {logging_mixin.py:190} INFO - [2025-11-12T21:29:23.103-0800] {dag.py:4180} INFO - Setting next_dagrun for example_short_circuit_decorator to None, run_after=None
[2025-11-12T21:29:23.107-0800] {processor.py:208} INFO - Processing /Users/dipinjassal/ml/tmdb_data_warehouse/venv/lib/python3.12/site-packages/airflow/example_dags/example_short_circuit_decorator.py took 0.094 seconds
[2025-11-12T21:30:52.240-0800] {processor.py:186} INFO - Started process (PID=1889) to work on /Users/dipinjassal/ml/tmdb_data_warehouse/venv/lib/python3.12/site-packages/airflow/example_dags/example_short_circuit_decorator.py
[2025-11-12T21:30:52.241-0800] {processor.py:914} INFO - Processing file /Users/dipinjassal/ml/tmdb_data_warehouse/venv/lib/python3.12/site-packages/airflow/example_dags/example_short_circuit_decorator.py for tasks to queue
[2025-11-12T21:30:52.241-0800] {logging_mixin.py:190} INFO - [2025-11-12T21:30:52.241-0800] {dagbag.py:588} INFO - Filling up the DagBag from /Users/dipinjassal/ml/tmdb_data_warehouse/venv/lib/python3.12/site-packages/airflow/example_dags/example_short_circuit_decorator.py
[2025-11-12T21:30:52.253-0800] {processor.py:925} INFO - DAG(s) 'example_short_circuit_decorator' retrieved from /Users/dipinjassal/ml/tmdb_data_warehouse/venv/lib/python3.12/site-packages/airflow/example_dags/example_short_circuit_decorator.py
[2025-11-12T21:30:52.278-0800] {logging_mixin.py:190} INFO - [2025-11-12T21:30:52.278-0800] {dag.py:3239} INFO - Sync 1 DAGs
[2025-11-12T21:30:52.298-0800] {logging_mixin.py:190} INFO - [2025-11-12T21:30:52.298-0800] {dag.py:4180} INFO - Setting next_dagrun for example_short_circuit_decorator to None, run_after=None
[2025-11-12T21:30:52.303-0800] {processor.py:208} INFO - Processing /Users/dipinjassal/ml/tmdb_data_warehouse/venv/lib/python3.12/site-packages/airflow/example_dags/example_short_circuit_decorator.py took 0.063 seconds
[2025-11-12T21:34:26.593-0800] {processor.py:186} INFO - Started process (PID=2041) to work on /Users/dipinjassal/ml/tmdb_data_warehouse/venv/lib/python3.12/site-packages/airflow/example_dags/example_short_circuit_decorator.py
[2025-11-12T21:34:26.594-0800] {processor.py:914} INFO - Processing file /Users/dipinjassal/ml/tmdb_data_warehouse/venv/lib/python3.12/site-packages/airflow/example_dags/example_short_circuit_decorator.py for tasks to queue
[2025-11-12T21:34:26.594-0800] {logging_mixin.py:190} INFO - [2025-11-12T21:34:26.594-0800] {dagbag.py:588} INFO - Filling up the DagBag from /Users/dipinjassal/ml/tmdb_data_warehouse/venv/lib/python3.12/site-packages/airflow/example_dags/example_short_circuit_decorator.py
[2025-11-12T21:34:26.606-0800] {processor.py:925} INFO - DAG(s) 'example_short_circuit_decorator' retrieved from /Users/dipinjassal/ml/tmdb_data_warehouse/venv/lib/python3.12/site-packages/airflow/example_dags/example_short_circuit_decorator.py
[2025-11-12T21:34:26.631-0800] {logging_mixin.py:190} INFO - [2025-11-12T21:34:26.631-0800] {dag.py:3239} INFO - Sync 1 DAGs
[2025-11-12T21:34:26.652-0800] {logging_mixin.py:190} INFO - [2025-11-12T21:34:26.652-0800] {dag.py:4180} INFO - Setting next_dagrun for example_short_circuit_decorator to None, run_after=None
[2025-11-12T21:34:26.657-0800] {processor.py:208} INFO - Processing /Users/dipinjassal/ml/tmdb_data_warehouse/venv/lib/python3.12/site-packages/airflow/example_dags/example_short_circuit_decorator.py took 0.064 seconds
[2025-11-12T21:37:21.443-0800] {processor.py:186} INFO - Started process (PID=2132) to work on /Users/dipinjassal/ml/tmdb_data_warehouse/venv/lib/python3.12/site-packages/airflow/example_dags/example_short_circuit_decorator.py
[2025-11-12T21:37:21.443-0800] {processor.py:914} INFO - Processing file /Users/dipinjassal/ml/tmdb_data_warehouse/venv/lib/python3.12/site-packages/airflow/example_dags/example_short_circuit_decorator.py for tasks to queue
[2025-11-12T21:37:21.443-0800] {logging_mixin.py:190} INFO - [2025-11-12T21:37:21.443-0800] {dagbag.py:588} INFO - Filling up the DagBag from /Users/dipinjassal/ml/tmdb_data_warehouse/venv/lib/python3.12/site-packages/airflow/example_dags/example_short_circuit_decorator.py
[2025-11-12T21:37:21.457-0800] {processor.py:925} INFO - DAG(s) 'example_short_circuit_decorator' retrieved from /Users/dipinjassal/ml/tmdb_data_warehouse/venv/lib/python3.12/site-packages/airflow/example_dags/example_short_circuit_decorator.py
[2025-11-12T21:37:21.487-0800] {logging_mixin.py:190} INFO - [2025-11-12T21:37:21.486-0800] {dag.py:3239} INFO - Sync 1 DAGs
[2025-11-12T21:37:21.514-0800] {logging_mixin.py:190} INFO - [2025-11-12T21:37:21.513-0800] {dag.py:4180} INFO - Setting next_dagrun for example_short_circuit_decorator to None, run_after=None
[2025-11-12T21:37:21.519-0800] {processor.py:208} INFO - Processing /Users/dipinjassal/ml/tmdb_data_warehouse/venv/lib/python3.12/site-packages/airflow/example_dags/example_short_circuit_decorator.py took 0.078 seconds
[2025-11-12T21:50:25.414-0800] {processor.py:186} INFO - Started process (PID=2409) to work on /Users/dipinjassal/ml/tmdb_data_warehouse/venv/lib/python3.12/site-packages/airflow/example_dags/example_short_circuit_decorator.py
[2025-11-12T21:50:25.414-0800] {processor.py:914} INFO - Processing file /Users/dipinjassal/ml/tmdb_data_warehouse/venv/lib/python3.12/site-packages/airflow/example_dags/example_short_circuit_decorator.py for tasks to queue
[2025-11-12T21:50:25.415-0800] {logging_mixin.py:190} INFO - [2025-11-12T21:50:25.415-0800] {dagbag.py:588} INFO - Filling up the DagBag from /Users/dipinjassal/ml/tmdb_data_warehouse/venv/lib/python3.12/site-packages/airflow/example_dags/example_short_circuit_decorator.py
[2025-11-12T21:50:25.426-0800] {processor.py:925} INFO - DAG(s) 'example_short_circuit_decorator' retrieved from /Users/dipinjassal/ml/tmdb_data_warehouse/venv/lib/python3.12/site-packages/airflow/example_dags/example_short_circuit_decorator.py
[2025-11-12T21:50:25.451-0800] {logging_mixin.py:190} INFO - [2025-11-12T21:50:25.451-0800] {dag.py:3239} INFO - Sync 1 DAGs
[2025-11-12T21:50:25.471-0800] {logging_mixin.py:190} INFO - [2025-11-12T21:50:25.471-0800] {dag.py:4180} INFO - Setting next_dagrun for example_short_circuit_decorator to None, run_after=None
[2025-11-12T21:50:25.476-0800] {processor.py:208} INFO - Processing /Users/dipinjassal/ml/tmdb_data_warehouse/venv/lib/python3.12/site-packages/airflow/example_dags/example_short_circuit_decorator.py took 0.063 seconds
[2025-11-12T21:51:50.539-0800] {processor.py:186} INFO - Started process (PID=2472) to work on /Users/dipinjassal/ml/tmdb_data_warehouse/venv/lib/python3.12/site-packages/airflow/example_dags/example_short_circuit_decorator.py
[2025-11-12T21:51:50.540-0800] {processor.py:914} INFO - Processing file /Users/dipinjassal/ml/tmdb_data_warehouse/venv/lib/python3.12/site-packages/airflow/example_dags/example_short_circuit_decorator.py for tasks to queue
[2025-11-12T21:51:50.540-0800] {logging_mixin.py:190} INFO - [2025-11-12T21:51:50.540-0800] {dagbag.py:588} INFO - Filling up the DagBag from /Users/dipinjassal/ml/tmdb_data_warehouse/venv/lib/python3.12/site-packages/airflow/example_dags/example_short_circuit_decorator.py
[2025-11-12T21:51:50.552-0800] {processor.py:925} INFO - DAG(s) 'example_short_circuit_decorator' retrieved from /Users/dipinjassal/ml/tmdb_data_warehouse/venv/lib/python3.12/site-packages/airflow/example_dags/example_short_circuit_decorator.py
[2025-11-12T21:51:50.577-0800] {logging_mixin.py:190} INFO - [2025-11-12T21:51:50.577-0800] {dag.py:3239} INFO - Sync 1 DAGs
[2025-11-12T21:51:50.598-0800] {logging_mixin.py:190} INFO - [2025-11-12T21:51:50.598-0800] {dag.py:4180} INFO - Setting next_dagrun for example_short_circuit_decorator to None, run_after=None
[2025-11-12T21:51:50.603-0800] {processor.py:208} INFO - Processing /Users/dipinjassal/ml/tmdb_data_warehouse/venv/lib/python3.12/site-packages/airflow/example_dags/example_short_circuit_decorator.py took 0.064 seconds
