[2025-11-12T21:29:49.296-0800] {processor.py:186} INFO - Started process (PID=1833) to work on /Users/dipinjassal/ml/tmdb_data_warehouse/venv/lib/python3.12/site-packages/airflow/example_dags/example_inlet_event_extra.py
[2025-11-12T21:29:49.296-0800] {processor.py:914} INFO - Processing file /Users/dipinjassal/ml/tmdb_data_warehouse/venv/lib/python3.12/site-packages/airflow/example_dags/example_inlet_event_extra.py for tasks to queue
[2025-11-12T21:29:49.296-0800] {logging_mixin.py:190} INFO - [2025-11-12T21:29:49.296-0800] {dagbag.py:588} INFO - Filling up the DagBag from /Users/dipinjassal/ml/tmdb_data_warehouse/venv/lib/python3.12/site-packages/airflow/example_dags/example_inlet_event_extra.py
[2025-11-12T21:29:49.316-0800] {processor.py:925} INFO - DAG(s) 'read_dataset_event_from_classic', 'read_dataset_event' retrieved from /Users/dipinjassal/ml/tmdb_data_warehouse/venv/lib/python3.12/site-packages/airflow/example_dags/example_inlet_event_extra.py
[2025-11-12T21:29:49.380-0800] {logging_mixin.py:190} INFO - [2025-11-12T21:29:49.380-0800] {override.py:1900} INFO - Created Permission View: can delete on DAG:read_dataset_event_from_classic
[2025-11-12T21:29:49.382-0800] {logging_mixin.py:190} INFO - [2025-11-12T21:29:49.382-0800] {override.py:1900} INFO - Created Permission View: can edit on DAG:read_dataset_event_from_classic
[2025-11-12T21:29:49.383-0800] {logging_mixin.py:190} INFO - [2025-11-12T21:29:49.383-0800] {override.py:1900} INFO - Created Permission View: can read on DAG:read_dataset_event_from_classic
[2025-11-12T21:29:49.385-0800] {logging_mixin.py:190} INFO - [2025-11-12T21:29:49.385-0800] {override.py:1900} INFO - Created Permission View: menu access on DAG Run:read_dataset_event_from_classic
[2025-11-12T21:29:49.386-0800] {logging_mixin.py:190} INFO - [2025-11-12T21:29:49.386-0800] {override.py:1900} INFO - Created Permission View: can delete on DAG Run:read_dataset_event_from_classic
[2025-11-12T21:29:49.387-0800] {logging_mixin.py:190} INFO - [2025-11-12T21:29:49.387-0800] {override.py:1900} INFO - Created Permission View: can create on DAG Run:read_dataset_event_from_classic
[2025-11-12T21:29:49.389-0800] {logging_mixin.py:190} INFO - [2025-11-12T21:29:49.389-0800] {override.py:1900} INFO - Created Permission View: can read on DAG Run:read_dataset_event_from_classic
[2025-11-12T21:29:49.392-0800] {logging_mixin.py:190} INFO - [2025-11-12T21:29:49.391-0800] {override.py:1900} INFO - Created Permission View: can delete on DAG:read_dataset_event
[2025-11-12T21:29:49.393-0800] {logging_mixin.py:190} INFO - [2025-11-12T21:29:49.393-0800] {override.py:1900} INFO - Created Permission View: can edit on DAG:read_dataset_event
[2025-11-12T21:29:49.394-0800] {logging_mixin.py:190} INFO - [2025-11-12T21:29:49.394-0800] {override.py:1900} INFO - Created Permission View: can read on DAG:read_dataset_event
[2025-11-12T21:29:49.396-0800] {logging_mixin.py:190} INFO - [2025-11-12T21:29:49.396-0800] {override.py:1900} INFO - Created Permission View: menu access on DAG Run:read_dataset_event
[2025-11-12T21:29:49.397-0800] {logging_mixin.py:190} INFO - [2025-11-12T21:29:49.397-0800] {override.py:1900} INFO - Created Permission View: can delete on DAG Run:read_dataset_event
[2025-11-12T21:29:49.398-0800] {logging_mixin.py:190} INFO - [2025-11-12T21:29:49.398-0800] {override.py:1900} INFO - Created Permission View: can create on DAG Run:read_dataset_event
[2025-11-12T21:29:49.399-0800] {logging_mixin.py:190} INFO - [2025-11-12T21:29:49.399-0800] {override.py:1900} INFO - Created Permission View: can read on DAG Run:read_dataset_event
[2025-11-12T21:29:49.399-0800] {logging_mixin.py:190} INFO - [2025-11-12T21:29:49.399-0800] {dag.py:3239} INFO - Sync 2 DAGs
[2025-11-12T21:29:49.402-0800] {logging_mixin.py:190} INFO - [2025-11-12T21:29:49.402-0800] {dag.py:3262} INFO - Creating ORM DAG for read_dataset_event_from_classic
[2025-11-12T21:29:49.402-0800] {logging_mixin.py:190} INFO - [2025-11-12T21:29:49.402-0800] {dag.py:3262} INFO - Creating ORM DAG for read_dataset_event
[2025-11-12T21:29:49.404-0800] {logging_mixin.py:190} INFO - [2025-11-12T21:29:49.404-0800] {dag.py:4180} INFO - Setting next_dagrun for read_dataset_event to 2025-11-12 00:00:00+00:00, run_after=2025-11-13 00:00:00+00:00
[2025-11-12T21:29:49.405-0800] {logging_mixin.py:190} INFO - [2025-11-12T21:29:49.405-0800] {dag.py:4180} INFO - Setting next_dagrun for read_dataset_event_from_classic to 2025-11-12 00:00:00+00:00, run_after=2025-11-13 00:00:00+00:00
[2025-11-12T21:29:49.409-0800] {processor.py:208} INFO - Processing /Users/dipinjassal/ml/tmdb_data_warehouse/venv/lib/python3.12/site-packages/airflow/example_dags/example_inlet_event_extra.py took 0.114 seconds
[2025-11-12T21:34:50.278-0800] {processor.py:186} INFO - Started process (PID=2059) to work on /Users/dipinjassal/ml/tmdb_data_warehouse/venv/lib/python3.12/site-packages/airflow/example_dags/example_inlet_event_extra.py
[2025-11-12T21:34:50.278-0800] {processor.py:914} INFO - Processing file /Users/dipinjassal/ml/tmdb_data_warehouse/venv/lib/python3.12/site-packages/airflow/example_dags/example_inlet_event_extra.py for tasks to queue
[2025-11-12T21:34:50.278-0800] {logging_mixin.py:190} INFO - [2025-11-12T21:34:50.278-0800] {dagbag.py:588} INFO - Filling up the DagBag from /Users/dipinjassal/ml/tmdb_data_warehouse/venv/lib/python3.12/site-packages/airflow/example_dags/example_inlet_event_extra.py
[2025-11-12T21:34:50.299-0800] {processor.py:925} INFO - DAG(s) 'read_dataset_event', 'read_dataset_event_from_classic' retrieved from /Users/dipinjassal/ml/tmdb_data_warehouse/venv/lib/python3.12/site-packages/airflow/example_dags/example_inlet_event_extra.py
[2025-11-12T21:34:50.341-0800] {logging_mixin.py:190} INFO - [2025-11-12T21:34:50.341-0800] {dag.py:3239} INFO - Sync 2 DAGs
[2025-11-12T21:34:50.346-0800] {logging_mixin.py:190} INFO - [2025-11-12T21:34:50.346-0800] {dag.py:4180} INFO - Setting next_dagrun for read_dataset_event to 2025-11-12 00:00:00+00:00, run_after=2025-11-13 00:00:00+00:00
[2025-11-12T21:34:50.347-0800] {logging_mixin.py:190} INFO - [2025-11-12T21:34:50.347-0800] {dag.py:4180} INFO - Setting next_dagrun for read_dataset_event_from_classic to 2025-11-12 00:00:00+00:00, run_after=2025-11-13 00:00:00+00:00
[2025-11-12T21:34:50.351-0800] {processor.py:208} INFO - Processing /Users/dipinjassal/ml/tmdb_data_warehouse/venv/lib/python3.12/site-packages/airflow/example_dags/example_inlet_event_extra.py took 0.074 seconds
[2025-11-12T21:37:45.768-0800] {processor.py:186} INFO - Started process (PID=2152) to work on /Users/dipinjassal/ml/tmdb_data_warehouse/venv/lib/python3.12/site-packages/airflow/example_dags/example_inlet_event_extra.py
[2025-11-12T21:37:45.768-0800] {processor.py:914} INFO - Processing file /Users/dipinjassal/ml/tmdb_data_warehouse/venv/lib/python3.12/site-packages/airflow/example_dags/example_inlet_event_extra.py for tasks to queue
[2025-11-12T21:37:45.768-0800] {logging_mixin.py:190} INFO - [2025-11-12T21:37:45.768-0800] {dagbag.py:588} INFO - Filling up the DagBag from /Users/dipinjassal/ml/tmdb_data_warehouse/venv/lib/python3.12/site-packages/airflow/example_dags/example_inlet_event_extra.py
[2025-11-12T21:37:45.789-0800] {processor.py:925} INFO - DAG(s) 'read_dataset_event', 'read_dataset_event_from_classic' retrieved from /Users/dipinjassal/ml/tmdb_data_warehouse/venv/lib/python3.12/site-packages/airflow/example_dags/example_inlet_event_extra.py
[2025-11-12T21:37:45.832-0800] {logging_mixin.py:190} INFO - [2025-11-12T21:37:45.832-0800] {dag.py:3239} INFO - Sync 2 DAGs
[2025-11-12T21:37:45.837-0800] {logging_mixin.py:190} INFO - [2025-11-12T21:37:45.837-0800] {dag.py:4180} INFO - Setting next_dagrun for read_dataset_event to 2025-11-12 00:00:00+00:00, run_after=2025-11-13 00:00:00+00:00
[2025-11-12T21:37:45.838-0800] {logging_mixin.py:190} INFO - [2025-11-12T21:37:45.838-0800] {dag.py:4180} INFO - Setting next_dagrun for read_dataset_event_from_classic to 2025-11-12 00:00:00+00:00, run_after=2025-11-13 00:00:00+00:00
[2025-11-12T21:37:45.842-0800] {processor.py:208} INFO - Processing /Users/dipinjassal/ml/tmdb_data_warehouse/venv/lib/python3.12/site-packages/airflow/example_dags/example_inlet_event_extra.py took 0.075 seconds
[2025-11-12T21:50:49.111-0800] {processor.py:186} INFO - Started process (PID=2429) to work on /Users/dipinjassal/ml/tmdb_data_warehouse/venv/lib/python3.12/site-packages/airflow/example_dags/example_inlet_event_extra.py
[2025-11-12T21:50:49.112-0800] {processor.py:914} INFO - Processing file /Users/dipinjassal/ml/tmdb_data_warehouse/venv/lib/python3.12/site-packages/airflow/example_dags/example_inlet_event_extra.py for tasks to queue
[2025-11-12T21:50:49.112-0800] {logging_mixin.py:190} INFO - [2025-11-12T21:50:49.112-0800] {dagbag.py:588} INFO - Filling up the DagBag from /Users/dipinjassal/ml/tmdb_data_warehouse/venv/lib/python3.12/site-packages/airflow/example_dags/example_inlet_event_extra.py
[2025-11-12T21:50:49.131-0800] {processor.py:925} INFO - DAG(s) 'read_dataset_event', 'read_dataset_event_from_classic' retrieved from /Users/dipinjassal/ml/tmdb_data_warehouse/venv/lib/python3.12/site-packages/airflow/example_dags/example_inlet_event_extra.py
[2025-11-12T21:50:49.174-0800] {logging_mixin.py:190} INFO - [2025-11-12T21:50:49.174-0800] {dag.py:3239} INFO - Sync 2 DAGs
[2025-11-12T21:50:49.179-0800] {logging_mixin.py:190} INFO - [2025-11-12T21:50:49.179-0800] {dag.py:4180} INFO - Setting next_dagrun for read_dataset_event to 2025-11-12 00:00:00+00:00, run_after=2025-11-13 00:00:00+00:00
[2025-11-12T21:50:49.180-0800] {logging_mixin.py:190} INFO - [2025-11-12T21:50:49.180-0800] {dag.py:4180} INFO - Setting next_dagrun for read_dataset_event_from_classic to 2025-11-12 00:00:00+00:00, run_after=2025-11-13 00:00:00+00:00
[2025-11-12T21:50:49.184-0800] {processor.py:208} INFO - Processing /Users/dipinjassal/ml/tmdb_data_warehouse/venv/lib/python3.12/site-packages/airflow/example_dags/example_inlet_event_extra.py took 0.074 seconds
