[2025-11-12T21:29:29.984-0800] {processor.py:186} INFO - Started process (PID=1820) to work on /Users/dipinjassal/ml/tmdb_data_warehouse/venv/lib/python3.12/site-packages/airflow/example_dags/example_sensor_decorator.py
[2025-11-12T21:29:29.984-0800] {processor.py:914} INFO - Processing file /Users/dipinjassal/ml/tmdb_data_warehouse/venv/lib/python3.12/site-packages/airflow/example_dags/example_sensor_decorator.py for tasks to queue
[2025-11-12T21:29:29.984-0800] {logging_mixin.py:190} INFO - [2025-11-12T21:29:29.984-0800] {dagbag.py:588} INFO - Filling up the DagBag from /Users/dipinjassal/ml/tmdb_data_warehouse/venv/lib/python3.12/site-packages/airflow/example_dags/example_sensor_decorator.py
[2025-11-12T21:29:29.995-0800] {processor.py:925} INFO - DAG(s) 'example_sensor_decorator' retrieved from /Users/dipinjassal/ml/tmdb_data_warehouse/venv/lib/python3.12/site-packages/airflow/example_dags/example_sensor_decorator.py
[2025-11-12T21:29:30.198-0800] {logging_mixin.py:190} INFO - [2025-11-12T21:29:30.198-0800] {override.py:1900} INFO - Created Permission View: can delete on DAG:example_sensor_decorator
[2025-11-12T21:29:30.201-0800] {logging_mixin.py:190} INFO - [2025-11-12T21:29:30.200-0800] {override.py:1900} INFO - Created Permission View: can read on DAG:example_sensor_decorator
[2025-11-12T21:29:30.202-0800] {logging_mixin.py:190} INFO - [2025-11-12T21:29:30.202-0800] {override.py:1900} INFO - Created Permission View: can edit on DAG:example_sensor_decorator
[2025-11-12T21:29:30.204-0800] {logging_mixin.py:190} INFO - [2025-11-12T21:29:30.204-0800] {override.py:1900} INFO - Created Permission View: can delete on DAG Run:example_sensor_decorator
[2025-11-12T21:29:30.205-0800] {logging_mixin.py:190} INFO - [2025-11-12T21:29:30.205-0800] {override.py:1900} INFO - Created Permission View: can create on DAG Run:example_sensor_decorator
[2025-11-12T21:29:30.206-0800] {logging_mixin.py:190} INFO - [2025-11-12T21:29:30.206-0800] {override.py:1900} INFO - Created Permission View: can read on DAG Run:example_sensor_decorator
[2025-11-12T21:29:30.207-0800] {logging_mixin.py:190} INFO - [2025-11-12T21:29:30.207-0800] {override.py:1900} INFO - Created Permission View: menu access on DAG Run:example_sensor_decorator
[2025-11-12T21:29:30.207-0800] {logging_mixin.py:190} INFO - [2025-11-12T21:29:30.207-0800] {dag.py:3239} INFO - Sync 1 DAGs
[2025-11-12T21:29:30.211-0800] {logging_mixin.py:190} INFO - [2025-11-12T21:29:30.211-0800] {dag.py:3262} INFO - Creating ORM DAG for example_sensor_decorator
[2025-11-12T21:29:30.211-0800] {logging_mixin.py:190} INFO - [2025-11-12T21:29:30.211-0800] {dag.py:4180} INFO - Setting next_dagrun for example_sensor_decorator to None, run_after=None
[2025-11-12T21:29:30.215-0800] {processor.py:208} INFO - Processing /Users/dipinjassal/ml/tmdb_data_warehouse/venv/lib/python3.12/site-packages/airflow/example_dags/example_sensor_decorator.py took 0.232 seconds
[2025-11-12T21:30:58.059-0800] {processor.py:186} INFO - Started process (PID=1894) to work on /Users/dipinjassal/ml/tmdb_data_warehouse/venv/lib/python3.12/site-packages/airflow/example_dags/example_sensor_decorator.py
[2025-11-12T21:30:58.059-0800] {processor.py:914} INFO - Processing file /Users/dipinjassal/ml/tmdb_data_warehouse/venv/lib/python3.12/site-packages/airflow/example_dags/example_sensor_decorator.py for tasks to queue
[2025-11-12T21:30:58.059-0800] {logging_mixin.py:190} INFO - [2025-11-12T21:30:58.059-0800] {dagbag.py:588} INFO - Filling up the DagBag from /Users/dipinjassal/ml/tmdb_data_warehouse/venv/lib/python3.12/site-packages/airflow/example_dags/example_sensor_decorator.py
[2025-11-12T21:30:58.072-0800] {processor.py:925} INFO - DAG(s) 'example_sensor_decorator' retrieved from /Users/dipinjassal/ml/tmdb_data_warehouse/venv/lib/python3.12/site-packages/airflow/example_dags/example_sensor_decorator.py
[2025-11-12T21:30:58.299-0800] {logging_mixin.py:190} INFO - [2025-11-12T21:30:58.298-0800] {dag.py:3239} INFO - Sync 1 DAGs
[2025-11-12T21:30:58.302-0800] {logging_mixin.py:190} INFO - [2025-11-12T21:30:58.302-0800] {dag.py:4180} INFO - Setting next_dagrun for example_sensor_decorator to None, run_after=None
[2025-11-12T21:30:58.308-0800] {processor.py:208} INFO - Processing /Users/dipinjassal/ml/tmdb_data_warehouse/venv/lib/python3.12/site-packages/airflow/example_dags/example_sensor_decorator.py took 0.250 seconds
[2025-11-12T21:34:32.329-0800] {processor.py:186} INFO - Started process (PID=2045) to work on /Users/dipinjassal/ml/tmdb_data_warehouse/venv/lib/python3.12/site-packages/airflow/example_dags/example_sensor_decorator.py
[2025-11-12T21:34:32.329-0800] {processor.py:914} INFO - Processing file /Users/dipinjassal/ml/tmdb_data_warehouse/venv/lib/python3.12/site-packages/airflow/example_dags/example_sensor_decorator.py for tasks to queue
[2025-11-12T21:34:32.330-0800] {logging_mixin.py:190} INFO - [2025-11-12T21:34:32.330-0800] {dagbag.py:588} INFO - Filling up the DagBag from /Users/dipinjassal/ml/tmdb_data_warehouse/venv/lib/python3.12/site-packages/airflow/example_dags/example_sensor_decorator.py
[2025-11-12T21:34:32.341-0800] {processor.py:925} INFO - DAG(s) 'example_sensor_decorator' retrieved from /Users/dipinjassal/ml/tmdb_data_warehouse/venv/lib/python3.12/site-packages/airflow/example_dags/example_sensor_decorator.py
[2025-11-12T21:34:32.519-0800] {logging_mixin.py:190} INFO - [2025-11-12T21:34:32.519-0800] {dag.py:3239} INFO - Sync 1 DAGs
[2025-11-12T21:34:32.521-0800] {logging_mixin.py:190} INFO - [2025-11-12T21:34:32.521-0800] {dag.py:4180} INFO - Setting next_dagrun for example_sensor_decorator to None, run_after=None
[2025-11-12T21:34:32.526-0800] {processor.py:208} INFO - Processing /Users/dipinjassal/ml/tmdb_data_warehouse/venv/lib/python3.12/site-packages/airflow/example_dags/example_sensor_decorator.py took 0.198 seconds
[2025-11-12T21:37:28.201-0800] {processor.py:186} INFO - Started process (PID=2136) to work on /Users/dipinjassal/ml/tmdb_data_warehouse/venv/lib/python3.12/site-packages/airflow/example_dags/example_sensor_decorator.py
[2025-11-12T21:37:28.201-0800] {processor.py:914} INFO - Processing file /Users/dipinjassal/ml/tmdb_data_warehouse/venv/lib/python3.12/site-packages/airflow/example_dags/example_sensor_decorator.py for tasks to queue
[2025-11-12T21:37:28.202-0800] {logging_mixin.py:190} INFO - [2025-11-12T21:37:28.202-0800] {dagbag.py:588} INFO - Filling up the DagBag from /Users/dipinjassal/ml/tmdb_data_warehouse/venv/lib/python3.12/site-packages/airflow/example_dags/example_sensor_decorator.py
[2025-11-12T21:37:28.214-0800] {processor.py:925} INFO - DAG(s) 'example_sensor_decorator' retrieved from /Users/dipinjassal/ml/tmdb_data_warehouse/venv/lib/python3.12/site-packages/airflow/example_dags/example_sensor_decorator.py
[2025-11-12T21:37:28.401-0800] {logging_mixin.py:190} INFO - [2025-11-12T21:37:28.401-0800] {dag.py:3239} INFO - Sync 1 DAGs
[2025-11-12T21:37:28.404-0800] {logging_mixin.py:190} INFO - [2025-11-12T21:37:28.404-0800] {dag.py:4180} INFO - Setting next_dagrun for example_sensor_decorator to None, run_after=None
[2025-11-12T21:37:28.409-0800] {processor.py:208} INFO - Processing /Users/dipinjassal/ml/tmdb_data_warehouse/venv/lib/python3.12/site-packages/airflow/example_dags/example_sensor_decorator.py took 0.209 seconds
[2025-11-12T21:50:31.177-0800] {processor.py:186} INFO - Started process (PID=2413) to work on /Users/dipinjassal/ml/tmdb_data_warehouse/venv/lib/python3.12/site-packages/airflow/example_dags/example_sensor_decorator.py
[2025-11-12T21:50:31.177-0800] {processor.py:914} INFO - Processing file /Users/dipinjassal/ml/tmdb_data_warehouse/venv/lib/python3.12/site-packages/airflow/example_dags/example_sensor_decorator.py for tasks to queue
[2025-11-12T21:50:31.177-0800] {logging_mixin.py:190} INFO - [2025-11-12T21:50:31.177-0800] {dagbag.py:588} INFO - Filling up the DagBag from /Users/dipinjassal/ml/tmdb_data_warehouse/venv/lib/python3.12/site-packages/airflow/example_dags/example_sensor_decorator.py
[2025-11-12T21:50:31.188-0800] {processor.py:925} INFO - DAG(s) 'example_sensor_decorator' retrieved from /Users/dipinjassal/ml/tmdb_data_warehouse/venv/lib/python3.12/site-packages/airflow/example_dags/example_sensor_decorator.py
[2025-11-12T21:50:31.366-0800] {logging_mixin.py:190} INFO - [2025-11-12T21:50:31.366-0800] {dag.py:3239} INFO - Sync 1 DAGs
[2025-11-12T21:50:31.369-0800] {logging_mixin.py:190} INFO - [2025-11-12T21:50:31.368-0800] {dag.py:4180} INFO - Setting next_dagrun for example_sensor_decorator to None, run_after=None
[2025-11-12T21:50:31.373-0800] {processor.py:208} INFO - Processing /Users/dipinjassal/ml/tmdb_data_warehouse/venv/lib/python3.12/site-packages/airflow/example_dags/example_sensor_decorator.py took 0.198 seconds
