[2025-11-12T21:29:05.619-0800] {processor.py:186} INFO - Started process (PID=1802) to work on /Users/dipinjassal/ml/tmdb_data_warehouse/venv/lib/python3.12/site-packages/airflow/example_dags/example_workday_timetable.py
[2025-11-12T21:29:05.619-0800] {processor.py:914} INFO - Processing file /Users/dipinjassal/ml/tmdb_data_warehouse/venv/lib/python3.12/site-packages/airflow/example_dags/example_workday_timetable.py for tasks to queue
[2025-11-12T21:29:05.620-0800] {logging_mixin.py:190} INFO - [2025-11-12T21:29:05.620-0800] {dagbag.py:588} INFO - Filling up the DagBag from /Users/dipinjassal/ml/tmdb_data_warehouse/venv/lib/python3.12/site-packages/airflow/example_dags/example_workday_timetable.py
[2025-11-12T21:29:05.795-0800] {processor.py:925} INFO - DAG(s) 'example_workday_timetable' retrieved from /Users/dipinjassal/ml/tmdb_data_warehouse/venv/lib/python3.12/site-packages/airflow/example_dags/example_workday_timetable.py
[2025-11-12T21:29:05.826-0800] {logging_mixin.py:190} INFO - [2025-11-12T21:29:05.826-0800] {dag.py:3239} INFO - Sync 1 DAGs
[2025-11-12T21:29:05.846-0800] {logging_mixin.py:190} INFO - [2025-11-12T21:29:05.846-0800] {dag.py:4180} INFO - Setting next_dagrun for example_workday_timetable to 2021-01-04 00:00:00+00:00, run_after=2021-01-05 00:00:00+00:00
[2025-11-12T21:29:05.852-0800] {processor.py:208} INFO - Processing /Users/dipinjassal/ml/tmdb_data_warehouse/venv/lib/python3.12/site-packages/airflow/example_dags/example_workday_timetable.py took 0.234 seconds
[2025-11-12T21:30:36.548-0800] {processor.py:186} INFO - Started process (PID=1876) to work on /Users/dipinjassal/ml/tmdb_data_warehouse/venv/lib/python3.12/site-packages/airflow/example_dags/example_workday_timetable.py
[2025-11-12T21:30:36.548-0800] {processor.py:914} INFO - Processing file /Users/dipinjassal/ml/tmdb_data_warehouse/venv/lib/python3.12/site-packages/airflow/example_dags/example_workday_timetable.py for tasks to queue
[2025-11-12T21:30:36.548-0800] {logging_mixin.py:190} INFO - [2025-11-12T21:30:36.548-0800] {dagbag.py:588} INFO - Filling up the DagBag from /Users/dipinjassal/ml/tmdb_data_warehouse/venv/lib/python3.12/site-packages/airflow/example_dags/example_workday_timetable.py
[2025-11-12T21:30:36.699-0800] {processor.py:925} INFO - DAG(s) 'example_workday_timetable' retrieved from /Users/dipinjassal/ml/tmdb_data_warehouse/venv/lib/python3.12/site-packages/airflow/example_dags/example_workday_timetable.py
[2025-11-12T21:30:36.728-0800] {logging_mixin.py:190} INFO - [2025-11-12T21:30:36.728-0800] {dag.py:3239} INFO - Sync 1 DAGs
[2025-11-12T21:30:36.740-0800] {logging_mixin.py:190} INFO - [2025-11-12T21:30:36.740-0800] {dag.py:4180} INFO - Setting next_dagrun for example_workday_timetable to 2021-01-04 00:00:00+00:00, run_after=2021-01-05 00:00:00+00:00
[2025-11-12T21:30:36.745-0800] {processor.py:208} INFO - Processing /Users/dipinjassal/ml/tmdb_data_warehouse/venv/lib/python3.12/site-packages/airflow/example_dags/example_workday_timetable.py took 0.198 seconds
[2025-11-12T21:34:12.081-0800] {processor.py:186} INFO - Started process (PID=2031) to work on /Users/dipinjassal/ml/tmdb_data_warehouse/venv/lib/python3.12/site-packages/airflow/example_dags/example_workday_timetable.py
[2025-11-12T21:34:12.081-0800] {processor.py:914} INFO - Processing file /Users/dipinjassal/ml/tmdb_data_warehouse/venv/lib/python3.12/site-packages/airflow/example_dags/example_workday_timetable.py for tasks to queue
[2025-11-12T21:34:12.081-0800] {logging_mixin.py:190} INFO - [2025-11-12T21:34:12.081-0800] {dagbag.py:588} INFO - Filling up the DagBag from /Users/dipinjassal/ml/tmdb_data_warehouse/venv/lib/python3.12/site-packages/airflow/example_dags/example_workday_timetable.py
[2025-11-12T21:34:12.235-0800] {processor.py:925} INFO - DAG(s) 'example_workday_timetable' retrieved from /Users/dipinjassal/ml/tmdb_data_warehouse/venv/lib/python3.12/site-packages/airflow/example_dags/example_workday_timetable.py
[2025-11-12T21:34:12.263-0800] {logging_mixin.py:190} INFO - [2025-11-12T21:34:12.263-0800] {dag.py:3239} INFO - Sync 1 DAGs
[2025-11-12T21:34:12.275-0800] {logging_mixin.py:190} INFO - [2025-11-12T21:34:12.275-0800] {dag.py:4180} INFO - Setting next_dagrun for example_workday_timetable to 2021-01-04 00:00:00+00:00, run_after=2021-01-05 00:00:00+00:00
[2025-11-12T21:34:12.280-0800] {processor.py:208} INFO - Processing /Users/dipinjassal/ml/tmdb_data_warehouse/venv/lib/python3.12/site-packages/airflow/example_dags/example_workday_timetable.py took 0.200 seconds
[2025-11-12T21:37:05.467-0800] {processor.py:186} INFO - Started process (PID=2119) to work on /Users/dipinjassal/ml/tmdb_data_warehouse/venv/lib/python3.12/site-packages/airflow/example_dags/example_workday_timetable.py
[2025-11-12T21:37:05.467-0800] {processor.py:914} INFO - Processing file /Users/dipinjassal/ml/tmdb_data_warehouse/venv/lib/python3.12/site-packages/airflow/example_dags/example_workday_timetable.py for tasks to queue
[2025-11-12T21:37:05.468-0800] {logging_mixin.py:190} INFO - [2025-11-12T21:37:05.468-0800] {dagbag.py:588} INFO - Filling up the DagBag from /Users/dipinjassal/ml/tmdb_data_warehouse/venv/lib/python3.12/site-packages/airflow/example_dags/example_workday_timetable.py
[2025-11-12T21:37:05.619-0800] {processor.py:925} INFO - DAG(s) 'example_workday_timetable' retrieved from /Users/dipinjassal/ml/tmdb_data_warehouse/venv/lib/python3.12/site-packages/airflow/example_dags/example_workday_timetable.py
[2025-11-12T21:37:05.648-0800] {logging_mixin.py:190} INFO - [2025-11-12T21:37:05.648-0800] {dag.py:3239} INFO - Sync 1 DAGs
[2025-11-12T21:37:05.660-0800] {logging_mixin.py:190} INFO - [2025-11-12T21:37:05.660-0800] {dag.py:4180} INFO - Setting next_dagrun for example_workday_timetable to 2021-01-04 00:00:00+00:00, run_after=2021-01-05 00:00:00+00:00
[2025-11-12T21:37:05.665-0800] {processor.py:208} INFO - Processing /Users/dipinjassal/ml/tmdb_data_warehouse/venv/lib/python3.12/site-packages/airflow/example_dags/example_workday_timetable.py took 0.199 seconds
[2025-11-12T21:50:10.873-0800] {processor.py:186} INFO - Started process (PID=2399) to work on /Users/dipinjassal/ml/tmdb_data_warehouse/venv/lib/python3.12/site-packages/airflow/example_dags/example_workday_timetable.py
[2025-11-12T21:50:10.873-0800] {processor.py:914} INFO - Processing file /Users/dipinjassal/ml/tmdb_data_warehouse/venv/lib/python3.12/site-packages/airflow/example_dags/example_workday_timetable.py for tasks to queue
[2025-11-12T21:50:10.873-0800] {logging_mixin.py:190} INFO - [2025-11-12T21:50:10.873-0800] {dagbag.py:588} INFO - Filling up the DagBag from /Users/dipinjassal/ml/tmdb_data_warehouse/venv/lib/python3.12/site-packages/airflow/example_dags/example_workday_timetable.py
[2025-11-12T21:50:11.023-0800] {processor.py:925} INFO - DAG(s) 'example_workday_timetable' retrieved from /Users/dipinjassal/ml/tmdb_data_warehouse/venv/lib/python3.12/site-packages/airflow/example_dags/example_workday_timetable.py
[2025-11-12T21:50:11.051-0800] {logging_mixin.py:190} INFO - [2025-11-12T21:50:11.051-0800] {dag.py:3239} INFO - Sync 1 DAGs
[2025-11-12T21:50:11.063-0800] {logging_mixin.py:190} INFO - [2025-11-12T21:50:11.063-0800] {dag.py:4180} INFO - Setting next_dagrun for example_workday_timetable to 2021-01-04 00:00:00+00:00, run_after=2021-01-05 00:00:00+00:00
[2025-11-12T21:50:11.068-0800] {processor.py:208} INFO - Processing /Users/dipinjassal/ml/tmdb_data_warehouse/venv/lib/python3.12/site-packages/airflow/example_dags/example_workday_timetable.py took 0.196 seconds
[2025-11-12T21:51:34.993-0800] {processor.py:186} INFO - Started process (PID=2461) to work on /Users/dipinjassal/ml/tmdb_data_warehouse/venv/lib/python3.12/site-packages/airflow/example_dags/example_workday_timetable.py
[2025-11-12T21:51:34.994-0800] {processor.py:914} INFO - Processing file /Users/dipinjassal/ml/tmdb_data_warehouse/venv/lib/python3.12/site-packages/airflow/example_dags/example_workday_timetable.py for tasks to queue
[2025-11-12T21:51:34.994-0800] {logging_mixin.py:190} INFO - [2025-11-12T21:51:34.994-0800] {dagbag.py:588} INFO - Filling up the DagBag from /Users/dipinjassal/ml/tmdb_data_warehouse/venv/lib/python3.12/site-packages/airflow/example_dags/example_workday_timetable.py
[2025-11-12T21:51:35.164-0800] {processor.py:925} INFO - DAG(s) 'example_workday_timetable' retrieved from /Users/dipinjassal/ml/tmdb_data_warehouse/venv/lib/python3.12/site-packages/airflow/example_dags/example_workday_timetable.py
[2025-11-12T21:51:35.193-0800] {logging_mixin.py:190} INFO - [2025-11-12T21:51:35.193-0800] {dag.py:3239} INFO - Sync 1 DAGs
[2025-11-12T21:51:35.205-0800] {logging_mixin.py:190} INFO - [2025-11-12T21:51:35.205-0800] {dag.py:4180} INFO - Setting next_dagrun for example_workday_timetable to 2021-01-04 00:00:00+00:00, run_after=2021-01-05 00:00:00+00:00
[2025-11-12T21:51:35.210-0800] {processor.py:208} INFO - Processing /Users/dipinjassal/ml/tmdb_data_warehouse/venv/lib/python3.12/site-packages/airflow/example_dags/example_workday_timetable.py took 0.217 seconds
[2025-11-12T21:57:12.093-0800] {processor.py:186} INFO - Started process (PID=2536) to work on /Users/dipinjassal/ml/tmdb_data_warehouse/venv/lib/python3.12/site-packages/airflow/example_dags/example_workday_timetable.py
[2025-11-12T21:57:12.093-0800] {processor.py:914} INFO - Processing file /Users/dipinjassal/ml/tmdb_data_warehouse/venv/lib/python3.12/site-packages/airflow/example_dags/example_workday_timetable.py for tasks to queue
[2025-11-12T21:57:12.093-0800] {logging_mixin.py:190} INFO - [2025-11-12T21:57:12.093-0800] {dagbag.py:588} INFO - Filling up the DagBag from /Users/dipinjassal/ml/tmdb_data_warehouse/venv/lib/python3.12/site-packages/airflow/example_dags/example_workday_timetable.py
[2025-11-12T21:57:12.244-0800] {processor.py:925} INFO - DAG(s) 'example_workday_timetable' retrieved from /Users/dipinjassal/ml/tmdb_data_warehouse/venv/lib/python3.12/site-packages/airflow/example_dags/example_workday_timetable.py
[2025-11-12T21:57:12.272-0800] {logging_mixin.py:190} INFO - [2025-11-12T21:57:12.272-0800] {dag.py:3239} INFO - Sync 1 DAGs
[2025-11-12T21:57:12.284-0800] {logging_mixin.py:190} INFO - [2025-11-12T21:57:12.284-0800] {dag.py:4180} INFO - Setting next_dagrun for example_workday_timetable to 2021-01-04 00:00:00+00:00, run_after=2021-01-05 00:00:00+00:00
[2025-11-12T21:57:12.288-0800] {processor.py:208} INFO - Processing /Users/dipinjassal/ml/tmdb_data_warehouse/venv/lib/python3.12/site-packages/airflow/example_dags/example_workday_timetable.py took 0.196 seconds
[2025-11-12T21:58:26.780-0800] {processor.py:186} INFO - Started process (PID=2607) to work on /Users/dipinjassal/ml/tmdb_data_warehouse/venv/lib/python3.12/site-packages/airflow/example_dags/example_workday_timetable.py
[2025-11-12T21:58:26.780-0800] {processor.py:914} INFO - Processing file /Users/dipinjassal/ml/tmdb_data_warehouse/venv/lib/python3.12/site-packages/airflow/example_dags/example_workday_timetable.py for tasks to queue
[2025-11-12T21:58:26.780-0800] {logging_mixin.py:190} INFO - [2025-11-12T21:58:26.780-0800] {dagbag.py:588} INFO - Filling up the DagBag from /Users/dipinjassal/ml/tmdb_data_warehouse/venv/lib/python3.12/site-packages/airflow/example_dags/example_workday_timetable.py
[2025-11-12T21:58:26.928-0800] {processor.py:925} INFO - DAG(s) 'example_workday_timetable' retrieved from /Users/dipinjassal/ml/tmdb_data_warehouse/venv/lib/python3.12/site-packages/airflow/example_dags/example_workday_timetable.py
[2025-11-12T21:58:26.956-0800] {logging_mixin.py:190} INFO - [2025-11-12T21:58:26.956-0800] {dag.py:3239} INFO - Sync 1 DAGs
[2025-11-12T21:58:26.968-0800] {logging_mixin.py:190} INFO - [2025-11-12T21:58:26.968-0800] {dag.py:4180} INFO - Setting next_dagrun for example_workday_timetable to 2021-01-04 00:00:00+00:00, run_after=2021-01-05 00:00:00+00:00
[2025-11-12T21:58:26.972-0800] {processor.py:208} INFO - Processing /Users/dipinjassal/ml/tmdb_data_warehouse/venv/lib/python3.12/site-packages/airflow/example_dags/example_workday_timetable.py took 0.193 seconds
