[2025-11-12T21:29:19.636-0800] {processor.py:186} INFO - Started process (PID=1814) to work on /Users/dipinjassal/ml/tmdb_data_warehouse/venv/lib/python3.12/site-packages/airflow/example_dags/example_skip_dag.py
[2025-11-12T21:29:19.636-0800] {processor.py:914} INFO - Processing file /Users/dipinjassal/ml/tmdb_data_warehouse/venv/lib/python3.12/site-packages/airflow/example_dags/example_skip_dag.py for tasks to queue
[2025-11-12T21:29:19.636-0800] {logging_mixin.py:190} INFO - [2025-11-12T21:29:19.636-0800] {dagbag.py:588} INFO - Filling up the DagBag from /Users/dipinjassal/ml/tmdb_data_warehouse/venv/lib/python3.12/site-packages/airflow/example_dags/example_skip_dag.py
[2025-11-12T21:29:19.638-0800] {processor.py:925} INFO - DAG(s) 'example_skip_dag' retrieved from /Users/dipinjassal/ml/tmdb_data_warehouse/venv/lib/python3.12/site-packages/airflow/example_dags/example_skip_dag.py
[2025-11-12T21:29:19.703-0800] {logging_mixin.py:190} INFO - [2025-11-12T21:29:19.703-0800] {override.py:1900} INFO - Created Permission View: can read on DAG:example_skip_dag
[2025-11-12T21:29:19.705-0800] {logging_mixin.py:190} INFO - [2025-11-12T21:29:19.705-0800] {override.py:1900} INFO - Created Permission View: can delete on DAG:example_skip_dag
[2025-11-12T21:29:19.707-0800] {logging_mixin.py:190} INFO - [2025-11-12T21:29:19.706-0800] {override.py:1900} INFO - Created Permission View: can edit on DAG:example_skip_dag
[2025-11-12T21:29:19.708-0800] {logging_mixin.py:190} INFO - [2025-11-12T21:29:19.708-0800] {override.py:1900} INFO - Created Permission View: can create on DAG Run:example_skip_dag
[2025-11-12T21:29:19.709-0800] {logging_mixin.py:190} INFO - [2025-11-12T21:29:19.709-0800] {override.py:1900} INFO - Created Permission View: can read on DAG Run:example_skip_dag
[2025-11-12T21:29:19.711-0800] {logging_mixin.py:190} INFO - [2025-11-12T21:29:19.711-0800] {override.py:1900} INFO - Created Permission View: menu access on DAG Run:example_skip_dag
[2025-11-12T21:29:19.712-0800] {logging_mixin.py:190} INFO - [2025-11-12T21:29:19.712-0800] {override.py:1900} INFO - Created Permission View: can delete on DAG Run:example_skip_dag
[2025-11-12T21:29:19.712-0800] {logging_mixin.py:190} INFO - [2025-11-12T21:29:19.712-0800] {dag.py:3239} INFO - Sync 1 DAGs
[2025-11-12T21:29:19.715-0800] {logging_mixin.py:190} INFO - [2025-11-12T21:29:19.715-0800] {dag.py:3262} INFO - Creating ORM DAG for example_skip_dag
[2025-11-12T21:29:19.717-0800] {logging_mixin.py:190} INFO - [2025-11-12T21:29:19.717-0800] {dag.py:4180} INFO - Setting next_dagrun for example_skip_dag to 2025-11-12 00:00:00+00:00, run_after=2025-11-13 00:00:00+00:00
[2025-11-12T21:29:19.721-0800] {processor.py:208} INFO - Processing /Users/dipinjassal/ml/tmdb_data_warehouse/venv/lib/python3.12/site-packages/airflow/example_dags/example_skip_dag.py took 0.086 seconds
[2025-11-12T21:30:48.951-0800] {processor.py:186} INFO - Started process (PID=1887) to work on /Users/dipinjassal/ml/tmdb_data_warehouse/venv/lib/python3.12/site-packages/airflow/example_dags/example_skip_dag.py
[2025-11-12T21:30:48.951-0800] {processor.py:914} INFO - Processing file /Users/dipinjassal/ml/tmdb_data_warehouse/venv/lib/python3.12/site-packages/airflow/example_dags/example_skip_dag.py for tasks to queue
[2025-11-12T21:30:48.952-0800] {logging_mixin.py:190} INFO - [2025-11-12T21:30:48.952-0800] {dagbag.py:588} INFO - Filling up the DagBag from /Users/dipinjassal/ml/tmdb_data_warehouse/venv/lib/python3.12/site-packages/airflow/example_dags/example_skip_dag.py
[2025-11-12T21:30:48.954-0800] {processor.py:925} INFO - DAG(s) 'example_skip_dag' retrieved from /Users/dipinjassal/ml/tmdb_data_warehouse/venv/lib/python3.12/site-packages/airflow/example_dags/example_skip_dag.py
[2025-11-12T21:30:48.988-0800] {logging_mixin.py:190} INFO - [2025-11-12T21:30:48.988-0800] {dag.py:3239} INFO - Sync 1 DAGs
[2025-11-12T21:30:48.993-0800] {logging_mixin.py:190} INFO - [2025-11-12T21:30:48.993-0800] {dag.py:4180} INFO - Setting next_dagrun for example_skip_dag to 2025-11-12 00:00:00+00:00, run_after=2025-11-13 00:00:00+00:00
[2025-11-12T21:30:48.999-0800] {processor.py:208} INFO - Processing /Users/dipinjassal/ml/tmdb_data_warehouse/venv/lib/python3.12/site-packages/airflow/example_dags/example_skip_dag.py took 0.049 seconds
[2025-11-12T21:34:23.444-0800] {processor.py:186} INFO - Started process (PID=2039) to work on /Users/dipinjassal/ml/tmdb_data_warehouse/venv/lib/python3.12/site-packages/airflow/example_dags/example_skip_dag.py
[2025-11-12T21:34:23.444-0800] {processor.py:914} INFO - Processing file /Users/dipinjassal/ml/tmdb_data_warehouse/venv/lib/python3.12/site-packages/airflow/example_dags/example_skip_dag.py for tasks to queue
[2025-11-12T21:34:23.444-0800] {logging_mixin.py:190} INFO - [2025-11-12T21:34:23.444-0800] {dagbag.py:588} INFO - Filling up the DagBag from /Users/dipinjassal/ml/tmdb_data_warehouse/venv/lib/python3.12/site-packages/airflow/example_dags/example_skip_dag.py
[2025-11-12T21:34:23.446-0800] {processor.py:925} INFO - DAG(s) 'example_skip_dag' retrieved from /Users/dipinjassal/ml/tmdb_data_warehouse/venv/lib/python3.12/site-packages/airflow/example_dags/example_skip_dag.py
[2025-11-12T21:34:23.472-0800] {logging_mixin.py:190} INFO - [2025-11-12T21:34:23.472-0800] {dag.py:3239} INFO - Sync 1 DAGs
[2025-11-12T21:34:23.476-0800] {logging_mixin.py:190} INFO - [2025-11-12T21:34:23.476-0800] {dag.py:4180} INFO - Setting next_dagrun for example_skip_dag to 2025-11-12 00:00:00+00:00, run_after=2025-11-13 00:00:00+00:00
[2025-11-12T21:34:23.481-0800] {processor.py:208} INFO - Processing /Users/dipinjassal/ml/tmdb_data_warehouse/venv/lib/python3.12/site-packages/airflow/example_dags/example_skip_dag.py took 0.038 seconds
[2025-11-12T21:37:18.047-0800] {processor.py:186} INFO - Started process (PID=2130) to work on /Users/dipinjassal/ml/tmdb_data_warehouse/venv/lib/python3.12/site-packages/airflow/example_dags/example_skip_dag.py
[2025-11-12T21:37:18.047-0800] {processor.py:914} INFO - Processing file /Users/dipinjassal/ml/tmdb_data_warehouse/venv/lib/python3.12/site-packages/airflow/example_dags/example_skip_dag.py for tasks to queue
[2025-11-12T21:37:18.048-0800] {logging_mixin.py:190} INFO - [2025-11-12T21:37:18.048-0800] {dagbag.py:588} INFO - Filling up the DagBag from /Users/dipinjassal/ml/tmdb_data_warehouse/venv/lib/python3.12/site-packages/airflow/example_dags/example_skip_dag.py
[2025-11-12T21:37:18.050-0800] {processor.py:925} INFO - DAG(s) 'example_skip_dag' retrieved from /Users/dipinjassal/ml/tmdb_data_warehouse/venv/lib/python3.12/site-packages/airflow/example_dags/example_skip_dag.py
[2025-11-12T21:37:18.078-0800] {logging_mixin.py:190} INFO - [2025-11-12T21:37:18.078-0800] {dag.py:3239} INFO - Sync 1 DAGs
[2025-11-12T21:37:18.084-0800] {logging_mixin.py:190} INFO - [2025-11-12T21:37:18.084-0800] {dag.py:4180} INFO - Setting next_dagrun for example_skip_dag to 2025-11-12 00:00:00+00:00, run_after=2025-11-13 00:00:00+00:00
[2025-11-12T21:37:18.090-0800] {processor.py:208} INFO - Processing /Users/dipinjassal/ml/tmdb_data_warehouse/venv/lib/python3.12/site-packages/airflow/example_dags/example_skip_dag.py took 0.044 seconds
[2025-11-12T21:50:22.235-0800] {processor.py:186} INFO - Started process (PID=2407) to work on /Users/dipinjassal/ml/tmdb_data_warehouse/venv/lib/python3.12/site-packages/airflow/example_dags/example_skip_dag.py
[2025-11-12T21:50:22.235-0800] {processor.py:914} INFO - Processing file /Users/dipinjassal/ml/tmdb_data_warehouse/venv/lib/python3.12/site-packages/airflow/example_dags/example_skip_dag.py for tasks to queue
[2025-11-12T21:50:22.236-0800] {logging_mixin.py:190} INFO - [2025-11-12T21:50:22.236-0800] {dagbag.py:588} INFO - Filling up the DagBag from /Users/dipinjassal/ml/tmdb_data_warehouse/venv/lib/python3.12/site-packages/airflow/example_dags/example_skip_dag.py
[2025-11-12T21:50:22.238-0800] {processor.py:925} INFO - DAG(s) 'example_skip_dag' retrieved from /Users/dipinjassal/ml/tmdb_data_warehouse/venv/lib/python3.12/site-packages/airflow/example_dags/example_skip_dag.py
[2025-11-12T21:50:22.263-0800] {logging_mixin.py:190} INFO - [2025-11-12T21:50:22.262-0800] {dag.py:3239} INFO - Sync 1 DAGs
[2025-11-12T21:50:22.267-0800] {logging_mixin.py:190} INFO - [2025-11-12T21:50:22.267-0800] {dag.py:4180} INFO - Setting next_dagrun for example_skip_dag to 2025-11-12 00:00:00+00:00, run_after=2025-11-13 00:00:00+00:00
[2025-11-12T21:50:22.272-0800] {processor.py:208} INFO - Processing /Users/dipinjassal/ml/tmdb_data_warehouse/venv/lib/python3.12/site-packages/airflow/example_dags/example_skip_dag.py took 0.038 seconds
[2025-11-12T21:51:47.202-0800] {processor.py:186} INFO - Started process (PID=2470) to work on /Users/dipinjassal/ml/tmdb_data_warehouse/venv/lib/python3.12/site-packages/airflow/example_dags/example_skip_dag.py
[2025-11-12T21:51:47.202-0800] {processor.py:914} INFO - Processing file /Users/dipinjassal/ml/tmdb_data_warehouse/venv/lib/python3.12/site-packages/airflow/example_dags/example_skip_dag.py for tasks to queue
[2025-11-12T21:51:47.203-0800] {logging_mixin.py:190} INFO - [2025-11-12T21:51:47.203-0800] {dagbag.py:588} INFO - Filling up the DagBag from /Users/dipinjassal/ml/tmdb_data_warehouse/venv/lib/python3.12/site-packages/airflow/example_dags/example_skip_dag.py
[2025-11-12T21:51:47.205-0800] {processor.py:925} INFO - DAG(s) 'example_skip_dag' retrieved from /Users/dipinjassal/ml/tmdb_data_warehouse/venv/lib/python3.12/site-packages/airflow/example_dags/example_skip_dag.py
[2025-11-12T21:51:47.230-0800] {logging_mixin.py:190} INFO - [2025-11-12T21:51:47.230-0800] {dag.py:3239} INFO - Sync 1 DAGs
[2025-11-12T21:51:47.234-0800] {logging_mixin.py:190} INFO - [2025-11-12T21:51:47.234-0800] {dag.py:4180} INFO - Setting next_dagrun for example_skip_dag to 2025-11-12 00:00:00+00:00, run_after=2025-11-13 00:00:00+00:00
[2025-11-12T21:51:47.239-0800] {processor.py:208} INFO - Processing /Users/dipinjassal/ml/tmdb_data_warehouse/venv/lib/python3.12/site-packages/airflow/example_dags/example_skip_dag.py took 0.038 seconds
[2025-11-12T21:59:02.730-0800] {processor.py:186} INFO - Started process (PID=2625) to work on /Users/dipinjassal/ml/tmdb_data_warehouse/venv/lib/python3.12/site-packages/airflow/example_dags/example_skip_dag.py
[2025-11-12T21:59:02.730-0800] {processor.py:914} INFO - Processing file /Users/dipinjassal/ml/tmdb_data_warehouse/venv/lib/python3.12/site-packages/airflow/example_dags/example_skip_dag.py for tasks to queue
[2025-11-12T21:59:02.730-0800] {logging_mixin.py:190} INFO - [2025-11-12T21:59:02.730-0800] {dagbag.py:588} INFO - Filling up the DagBag from /Users/dipinjassal/ml/tmdb_data_warehouse/venv/lib/python3.12/site-packages/airflow/example_dags/example_skip_dag.py
[2025-11-12T21:59:02.732-0800] {processor.py:925} INFO - DAG(s) 'example_skip_dag' retrieved from /Users/dipinjassal/ml/tmdb_data_warehouse/venv/lib/python3.12/site-packages/airflow/example_dags/example_skip_dag.py
[2025-11-12T21:59:02.757-0800] {logging_mixin.py:190} INFO - [2025-11-12T21:59:02.757-0800] {dag.py:3239} INFO - Sync 1 DAGs
[2025-11-12T21:59:02.762-0800] {logging_mixin.py:190} INFO - [2025-11-12T21:59:02.762-0800] {dag.py:4180} INFO - Setting next_dagrun for example_skip_dag to 2025-11-12 00:00:00+00:00, run_after=2025-11-13 00:00:00+00:00
[2025-11-12T21:59:02.767-0800] {processor.py:208} INFO - Processing /Users/dipinjassal/ml/tmdb_data_warehouse/venv/lib/python3.12/site-packages/airflow/example_dags/example_skip_dag.py took 0.038 seconds
