[2025-11-12T21:29:59.631-0800] {processor.py:186} INFO - Started process (PID=1842) to work on /Users/dipinjassal/ml/tmdb_data_warehouse/venv/lib/python3.12/site-packages/airflow/example_dags/example_dataset_alias_with_no_taskflow.py
[2025-11-12T21:29:59.632-0800] {processor.py:914} INFO - Processing file /Users/dipinjassal/ml/tmdb_data_warehouse/venv/lib/python3.12/site-packages/airflow/example_dags/example_dataset_alias_with_no_taskflow.py for tasks to queue
[2025-11-12T21:29:59.632-0800] {logging_mixin.py:190} INFO - [2025-11-12T21:29:59.632-0800] {dagbag.py:588} INFO - Filling up the DagBag from /Users/dipinjassal/ml/tmdb_data_warehouse/venv/lib/python3.12/site-packages/airflow/example_dags/example_dataset_alias_with_no_taskflow.py
[2025-11-12T21:29:59.670-0800] {processor.py:925} INFO - DAG(s) 'dataset_alias_example_alias_consumer_with_no_taskflow', 'dataset_s3_bucket_producer_with_no_taskflow', 'dataset_alias_example_alias_producer_with_no_taskflow', 'dataset_s3_bucket_consumer_with_no_taskflow' retrieved from /Users/dipinjassal/ml/tmdb_data_warehouse/venv/lib/python3.12/site-packages/airflow/example_dags/example_dataset_alias_with_no_taskflow.py
[2025-11-12T21:29:59.715-0800] {logging_mixin.py:190} INFO - [2025-11-12T21:29:59.715-0800] {override.py:1900} INFO - Created Permission View: can delete on DAG:dataset_alias_example_alias_consumer_with_no_taskflow
[2025-11-12T21:29:59.717-0800] {logging_mixin.py:190} INFO - [2025-11-12T21:29:59.717-0800] {override.py:1900} INFO - Created Permission View: can edit on DAG:dataset_alias_example_alias_consumer_with_no_taskflow
[2025-11-12T21:29:59.719-0800] {logging_mixin.py:190} INFO - [2025-11-12T21:29:59.719-0800] {override.py:1900} INFO - Created Permission View: can read on DAG:dataset_alias_example_alias_consumer_with_no_taskflow
[2025-11-12T21:29:59.721-0800] {logging_mixin.py:190} INFO - [2025-11-12T21:29:59.721-0800] {override.py:1900} INFO - Created Permission View: can delete on DAG Run:dataset_alias_example_alias_consumer_with_no_taskflow
[2025-11-12T21:29:59.722-0800] {logging_mixin.py:190} INFO - [2025-11-12T21:29:59.722-0800] {override.py:1900} INFO - Created Permission View: can create on DAG Run:dataset_alias_example_alias_consumer_with_no_taskflow
[2025-11-12T21:29:59.723-0800] {logging_mixin.py:190} INFO - [2025-11-12T21:29:59.723-0800] {override.py:1900} INFO - Created Permission View: can read on DAG Run:dataset_alias_example_alias_consumer_with_no_taskflow
[2025-11-12T21:29:59.724-0800] {logging_mixin.py:190} INFO - [2025-11-12T21:29:59.724-0800] {override.py:1900} INFO - Created Permission View: menu access on DAG Run:dataset_alias_example_alias_consumer_with_no_taskflow
[2025-11-12T21:29:59.727-0800] {logging_mixin.py:190} INFO - [2025-11-12T21:29:59.727-0800] {override.py:1900} INFO - Created Permission View: can delete on DAG:dataset_s3_bucket_producer_with_no_taskflow
[2025-11-12T21:29:59.728-0800] {logging_mixin.py:190} INFO - [2025-11-12T21:29:59.728-0800] {override.py:1900} INFO - Created Permission View: can edit on DAG:dataset_s3_bucket_producer_with_no_taskflow
[2025-11-12T21:29:59.729-0800] {logging_mixin.py:190} INFO - [2025-11-12T21:29:59.729-0800] {override.py:1900} INFO - Created Permission View: can read on DAG:dataset_s3_bucket_producer_with_no_taskflow
[2025-11-12T21:29:59.731-0800] {logging_mixin.py:190} INFO - [2025-11-12T21:29:59.731-0800] {override.py:1900} INFO - Created Permission View: can delete on DAG Run:dataset_s3_bucket_producer_with_no_taskflow
[2025-11-12T21:29:59.732-0800] {logging_mixin.py:190} INFO - [2025-11-12T21:29:59.732-0800] {override.py:1900} INFO - Created Permission View: can create on DAG Run:dataset_s3_bucket_producer_with_no_taskflow
[2025-11-12T21:29:59.733-0800] {logging_mixin.py:190} INFO - [2025-11-12T21:29:59.733-0800] {override.py:1900} INFO - Created Permission View: can read on DAG Run:dataset_s3_bucket_producer_with_no_taskflow
[2025-11-12T21:29:59.734-0800] {logging_mixin.py:190} INFO - [2025-11-12T21:29:59.734-0800] {override.py:1900} INFO - Created Permission View: menu access on DAG Run:dataset_s3_bucket_producer_with_no_taskflow
[2025-11-12T21:29:59.737-0800] {logging_mixin.py:190} INFO - [2025-11-12T21:29:59.737-0800] {override.py:1900} INFO - Created Permission View: can delete on DAG:dataset_alias_example_alias_producer_with_no_taskflow
[2025-11-12T21:29:59.738-0800] {logging_mixin.py:190} INFO - [2025-11-12T21:29:59.738-0800] {override.py:1900} INFO - Created Permission View: can edit on DAG:dataset_alias_example_alias_producer_with_no_taskflow
[2025-11-12T21:29:59.739-0800] {logging_mixin.py:190} INFO - [2025-11-12T21:29:59.739-0800] {override.py:1900} INFO - Created Permission View: can read on DAG:dataset_alias_example_alias_producer_with_no_taskflow
[2025-11-12T21:29:59.741-0800] {logging_mixin.py:190} INFO - [2025-11-12T21:29:59.741-0800] {override.py:1900} INFO - Created Permission View: can delete on DAG Run:dataset_alias_example_alias_producer_with_no_taskflow
[2025-11-12T21:29:59.742-0800] {logging_mixin.py:190} INFO - [2025-11-12T21:29:59.742-0800] {override.py:1900} INFO - Created Permission View: can create on DAG Run:dataset_alias_example_alias_producer_with_no_taskflow
[2025-11-12T21:29:59.743-0800] {logging_mixin.py:190} INFO - [2025-11-12T21:29:59.743-0800] {override.py:1900} INFO - Created Permission View: can read on DAG Run:dataset_alias_example_alias_producer_with_no_taskflow
[2025-11-12T21:29:59.744-0800] {logging_mixin.py:190} INFO - [2025-11-12T21:29:59.744-0800] {override.py:1900} INFO - Created Permission View: menu access on DAG Run:dataset_alias_example_alias_producer_with_no_taskflow
[2025-11-12T21:29:59.746-0800] {logging_mixin.py:190} INFO - [2025-11-12T21:29:59.746-0800] {override.py:1900} INFO - Created Permission View: can delete on DAG:dataset_s3_bucket_consumer_with_no_taskflow
[2025-11-12T21:29:59.747-0800] {logging_mixin.py:190} INFO - [2025-11-12T21:29:59.747-0800] {override.py:1900} INFO - Created Permission View: can edit on DAG:dataset_s3_bucket_consumer_with_no_taskflow
[2025-11-12T21:29:59.748-0800] {logging_mixin.py:190} INFO - [2025-11-12T21:29:59.748-0800] {override.py:1900} INFO - Created Permission View: can read on DAG:dataset_s3_bucket_consumer_with_no_taskflow
[2025-11-12T21:29:59.750-0800] {logging_mixin.py:190} INFO - [2025-11-12T21:29:59.750-0800] {override.py:1900} INFO - Created Permission View: can delete on DAG Run:dataset_s3_bucket_consumer_with_no_taskflow
[2025-11-12T21:29:59.751-0800] {logging_mixin.py:190} INFO - [2025-11-12T21:29:59.751-0800] {override.py:1900} INFO - Created Permission View: can create on DAG Run:dataset_s3_bucket_consumer_with_no_taskflow
[2025-11-12T21:29:59.752-0800] {logging_mixin.py:190} INFO - [2025-11-12T21:29:59.752-0800] {override.py:1900} INFO - Created Permission View: can read on DAG Run:dataset_s3_bucket_consumer_with_no_taskflow
[2025-11-12T21:29:59.753-0800] {logging_mixin.py:190} INFO - [2025-11-12T21:29:59.753-0800] {override.py:1900} INFO - Created Permission View: menu access on DAG Run:dataset_s3_bucket_consumer_with_no_taskflow
[2025-11-12T21:29:59.753-0800] {logging_mixin.py:190} INFO - [2025-11-12T21:29:59.753-0800] {dag.py:3239} INFO - Sync 4 DAGs
[2025-11-12T21:29:59.756-0800] {logging_mixin.py:190} INFO - [2025-11-12T21:29:59.756-0800] {dag.py:3262} INFO - Creating ORM DAG for dataset_s3_bucket_producer_with_no_taskflow
[2025-11-12T21:29:59.756-0800] {logging_mixin.py:190} INFO - [2025-11-12T21:29:59.756-0800] {dag.py:3262} INFO - Creating ORM DAG for dataset_alias_example_alias_consumer_with_no_taskflow
[2025-11-12T21:29:59.756-0800] {logging_mixin.py:190} INFO - [2025-11-12T21:29:59.756-0800] {dag.py:3262} INFO - Creating ORM DAG for dataset_alias_example_alias_producer_with_no_taskflow
[2025-11-12T21:29:59.756-0800] {logging_mixin.py:190} INFO - [2025-11-12T21:29:59.756-0800] {dag.py:3262} INFO - Creating ORM DAG for dataset_s3_bucket_consumer_with_no_taskflow
[2025-11-12T21:29:59.758-0800] {logging_mixin.py:190} INFO - [2025-11-12T21:29:59.758-0800] {dag.py:4180} INFO - Setting next_dagrun for dataset_alias_example_alias_consumer_with_no_taskflow to None, run_after=None
[2025-11-12T21:29:59.758-0800] {logging_mixin.py:190} INFO - [2025-11-12T21:29:59.758-0800] {dag.py:4180} INFO - Setting next_dagrun for dataset_alias_example_alias_producer_with_no_taskflow to None, run_after=None
[2025-11-12T21:29:59.758-0800] {logging_mixin.py:190} INFO - [2025-11-12T21:29:59.758-0800] {dag.py:4180} INFO - Setting next_dagrun for dataset_s3_bucket_consumer_with_no_taskflow to None, run_after=None
[2025-11-12T21:29:59.759-0800] {logging_mixin.py:190} INFO - [2025-11-12T21:29:59.758-0800] {dag.py:4180} INFO - Setting next_dagrun for dataset_s3_bucket_producer_with_no_taskflow to None, run_after=None
[2025-11-12T21:29:59.904-0800] {processor.py:208} INFO - Processing /Users/dipinjassal/ml/tmdb_data_warehouse/venv/lib/python3.12/site-packages/airflow/example_dags/example_dataset_alias_with_no_taskflow.py took 0.274 seconds
[2025-11-12T21:37:55.328-0800] {processor.py:186} INFO - Started process (PID=2160) to work on /Users/dipinjassal/ml/tmdb_data_warehouse/venv/lib/python3.12/site-packages/airflow/example_dags/example_dataset_alias_with_no_taskflow.py
[2025-11-12T21:37:55.328-0800] {processor.py:914} INFO - Processing file /Users/dipinjassal/ml/tmdb_data_warehouse/venv/lib/python3.12/site-packages/airflow/example_dags/example_dataset_alias_with_no_taskflow.py for tasks to queue
[2025-11-12T21:37:55.328-0800] {logging_mixin.py:190} INFO - [2025-11-12T21:37:55.328-0800] {dagbag.py:588} INFO - Filling up the DagBag from /Users/dipinjassal/ml/tmdb_data_warehouse/venv/lib/python3.12/site-packages/airflow/example_dags/example_dataset_alias_with_no_taskflow.py
[2025-11-12T21:37:55.366-0800] {processor.py:925} INFO - DAG(s) 'dataset_alias_example_alias_consumer_with_no_taskflow', 'dataset_s3_bucket_consumer_with_no_taskflow', 'dataset_s3_bucket_producer_with_no_taskflow', 'dataset_alias_example_alias_producer_with_no_taskflow' retrieved from /Users/dipinjassal/ml/tmdb_data_warehouse/venv/lib/python3.12/site-packages/airflow/example_dags/example_dataset_alias_with_no_taskflow.py
[2025-11-12T21:37:55.372-0800] {logging_mixin.py:190} INFO - [2025-11-12T21:37:55.372-0800] {dag.py:3239} INFO - Sync 4 DAGs
[2025-11-12T21:37:55.395-0800] {logging_mixin.py:190} INFO - [2025-11-12T21:37:55.395-0800] {dag.py:4180} INFO - Setting next_dagrun for dataset_alias_example_alias_consumer_with_no_taskflow to None, run_after=None
[2025-11-12T21:37:55.395-0800] {logging_mixin.py:190} INFO - [2025-11-12T21:37:55.395-0800] {dag.py:4180} INFO - Setting next_dagrun for dataset_alias_example_alias_producer_with_no_taskflow to None, run_after=None
[2025-11-12T21:37:55.396-0800] {logging_mixin.py:190} INFO - [2025-11-12T21:37:55.396-0800] {dag.py:4180} INFO - Setting next_dagrun for dataset_s3_bucket_consumer_with_no_taskflow to None, run_after=None
[2025-11-12T21:37:55.396-0800] {logging_mixin.py:190} INFO - [2025-11-12T21:37:55.396-0800] {dag.py:4180} INFO - Setting next_dagrun for dataset_s3_bucket_producer_with_no_taskflow to None, run_after=None
[2025-11-12T21:37:55.401-0800] {processor.py:208} INFO - Processing /Users/dipinjassal/ml/tmdb_data_warehouse/venv/lib/python3.12/site-packages/airflow/example_dags/example_dataset_alias_with_no_taskflow.py took 0.074 seconds
[2025-11-12T21:50:58.214-0800] {processor.py:186} INFO - Started process (PID=2435) to work on /Users/dipinjassal/ml/tmdb_data_warehouse/venv/lib/python3.12/site-packages/airflow/example_dags/example_dataset_alias_with_no_taskflow.py
[2025-11-12T21:50:58.214-0800] {processor.py:914} INFO - Processing file /Users/dipinjassal/ml/tmdb_data_warehouse/venv/lib/python3.12/site-packages/airflow/example_dags/example_dataset_alias_with_no_taskflow.py for tasks to queue
[2025-11-12T21:50:58.215-0800] {logging_mixin.py:190} INFO - [2025-11-12T21:50:58.215-0800] {dagbag.py:588} INFO - Filling up the DagBag from /Users/dipinjassal/ml/tmdb_data_warehouse/venv/lib/python3.12/site-packages/airflow/example_dags/example_dataset_alias_with_no_taskflow.py
[2025-11-12T21:50:58.252-0800] {processor.py:925} INFO - DAG(s) 'dataset_alias_example_alias_producer_with_no_taskflow', 'dataset_s3_bucket_producer_with_no_taskflow', 'dataset_s3_bucket_consumer_with_no_taskflow', 'dataset_alias_example_alias_consumer_with_no_taskflow' retrieved from /Users/dipinjassal/ml/tmdb_data_warehouse/venv/lib/python3.12/site-packages/airflow/example_dags/example_dataset_alias_with_no_taskflow.py
[2025-11-12T21:50:58.259-0800] {logging_mixin.py:190} INFO - [2025-11-12T21:50:58.259-0800] {dag.py:3239} INFO - Sync 4 DAGs
[2025-11-12T21:50:58.282-0800] {logging_mixin.py:190} INFO - [2025-11-12T21:50:58.282-0800] {dag.py:4180} INFO - Setting next_dagrun for dataset_alias_example_alias_consumer_with_no_taskflow to None, run_after=None
[2025-11-12T21:50:58.282-0800] {logging_mixin.py:190} INFO - [2025-11-12T21:50:58.282-0800] {dag.py:4180} INFO - Setting next_dagrun for dataset_alias_example_alias_producer_with_no_taskflow to None, run_after=None
[2025-11-12T21:50:58.283-0800] {logging_mixin.py:190} INFO - [2025-11-12T21:50:58.283-0800] {dag.py:4180} INFO - Setting next_dagrun for dataset_s3_bucket_consumer_with_no_taskflow to None, run_after=None
[2025-11-12T21:50:58.283-0800] {logging_mixin.py:190} INFO - [2025-11-12T21:50:58.283-0800] {dag.py:4180} INFO - Setting next_dagrun for dataset_s3_bucket_producer_with_no_taskflow to None, run_after=None
[2025-11-12T21:50:58.288-0800] {processor.py:208} INFO - Processing /Users/dipinjassal/ml/tmdb_data_warehouse/venv/lib/python3.12/site-packages/airflow/example_dags/example_dataset_alias_with_no_taskflow.py took 0.075 seconds
