[2025-11-12T21:29:12.717-0800] {processor.py:186} INFO - Started process (PID=1807) to work on /Users/dipinjassal/ml/tmdb_data_warehouse/venv/lib/python3.12/site-packages/airflow/example_dags/example_task_group_decorator.py
[2025-11-12T21:29:12.717-0800] {processor.py:914} INFO - Processing file /Users/dipinjassal/ml/tmdb_data_warehouse/venv/lib/python3.12/site-packages/airflow/example_dags/example_task_group_decorator.py for tasks to queue
[2025-11-12T21:29:12.717-0800] {logging_mixin.py:190} INFO - [2025-11-12T21:29:12.717-0800] {dagbag.py:588} INFO - Filling up the DagBag from /Users/dipinjassal/ml/tmdb_data_warehouse/venv/lib/python3.12/site-packages/airflow/example_dags/example_task_group_decorator.py
[2025-11-12T21:29:12.731-0800] {processor.py:925} INFO - DAG(s) 'example_task_group_decorator' retrieved from /Users/dipinjassal/ml/tmdb_data_warehouse/venv/lib/python3.12/site-packages/airflow/example_dags/example_task_group_decorator.py
[2025-11-12T21:29:12.808-0800] {logging_mixin.py:190} INFO - [2025-11-12T21:29:12.808-0800] {override.py:1900} INFO - Created Permission View: can read on DAG:example_task_group_decorator
[2025-11-12T21:29:12.810-0800] {logging_mixin.py:190} INFO - [2025-11-12T21:29:12.810-0800] {override.py:1900} INFO - Created Permission View: can edit on DAG:example_task_group_decorator
[2025-11-12T21:29:12.812-0800] {logging_mixin.py:190} INFO - [2025-11-12T21:29:12.812-0800] {override.py:1900} INFO - Created Permission View: can delete on DAG:example_task_group_decorator
[2025-11-12T21:29:12.813-0800] {logging_mixin.py:190} INFO - [2025-11-12T21:29:12.813-0800] {override.py:1900} INFO - Created Permission View: can read on DAG Run:example_task_group_decorator
[2025-11-12T21:29:12.815-0800] {logging_mixin.py:190} INFO - [2025-11-12T21:29:12.815-0800] {override.py:1900} INFO - Created Permission View: can create on DAG Run:example_task_group_decorator
[2025-11-12T21:29:12.816-0800] {logging_mixin.py:190} INFO - [2025-11-12T21:29:12.816-0800] {override.py:1900} INFO - Created Permission View: can delete on DAG Run:example_task_group_decorator
[2025-11-12T21:29:12.818-0800] {logging_mixin.py:190} INFO - [2025-11-12T21:29:12.817-0800] {override.py:1900} INFO - Created Permission View: menu access on DAG Run:example_task_group_decorator
[2025-11-12T21:29:12.818-0800] {logging_mixin.py:190} INFO - [2025-11-12T21:29:12.818-0800] {dag.py:3239} INFO - Sync 1 DAGs
[2025-11-12T21:29:12.821-0800] {logging_mixin.py:190} INFO - [2025-11-12T21:29:12.821-0800] {dag.py:3262} INFO - Creating ORM DAG for example_task_group_decorator
[2025-11-12T21:29:12.821-0800] {logging_mixin.py:190} INFO - [2025-11-12T21:29:12.821-0800] {dag.py:4180} INFO - Setting next_dagrun for example_task_group_decorator to None, run_after=None
[2025-11-12T21:29:12.826-0800] {processor.py:208} INFO - Processing /Users/dipinjassal/ml/tmdb_data_warehouse/venv/lib/python3.12/site-packages/airflow/example_dags/example_task_group_decorator.py took 0.110 seconds
[2025-11-12T21:30:43.398-0800] {processor.py:186} INFO - Started process (PID=1881) to work on /Users/dipinjassal/ml/tmdb_data_warehouse/venv/lib/python3.12/site-packages/airflow/example_dags/example_task_group_decorator.py
[2025-11-12T21:30:43.399-0800] {processor.py:914} INFO - Processing file /Users/dipinjassal/ml/tmdb_data_warehouse/venv/lib/python3.12/site-packages/airflow/example_dags/example_task_group_decorator.py for tasks to queue
[2025-11-12T21:30:43.399-0800] {logging_mixin.py:190} INFO - [2025-11-12T21:30:43.399-0800] {dagbag.py:588} INFO - Filling up the DagBag from /Users/dipinjassal/ml/tmdb_data_warehouse/venv/lib/python3.12/site-packages/airflow/example_dags/example_task_group_decorator.py
[2025-11-12T21:30:43.412-0800] {processor.py:925} INFO - DAG(s) 'example_task_group_decorator' retrieved from /Users/dipinjassal/ml/tmdb_data_warehouse/venv/lib/python3.12/site-packages/airflow/example_dags/example_task_group_decorator.py
[2025-11-12T21:30:43.438-0800] {logging_mixin.py:190} INFO - [2025-11-12T21:30:43.438-0800] {dag.py:3239} INFO - Sync 1 DAGs
[2025-11-12T21:30:43.459-0800] {logging_mixin.py:190} INFO - [2025-11-12T21:30:43.459-0800] {dag.py:4180} INFO - Setting next_dagrun for example_task_group_decorator to None, run_after=None
[2025-11-12T21:30:43.464-0800] {processor.py:208} INFO - Processing /Users/dipinjassal/ml/tmdb_data_warehouse/venv/lib/python3.12/site-packages/airflow/example_dags/example_task_group_decorator.py took 0.066 seconds
[2025-11-12T21:34:17.666-0800] {processor.py:186} INFO - Started process (PID=2035) to work on /Users/dipinjassal/ml/tmdb_data_warehouse/venv/lib/python3.12/site-packages/airflow/example_dags/example_task_group_decorator.py
[2025-11-12T21:34:17.666-0800] {processor.py:914} INFO - Processing file /Users/dipinjassal/ml/tmdb_data_warehouse/venv/lib/python3.12/site-packages/airflow/example_dags/example_task_group_decorator.py for tasks to queue
[2025-11-12T21:34:17.666-0800] {logging_mixin.py:190} INFO - [2025-11-12T21:34:17.666-0800] {dagbag.py:588} INFO - Filling up the DagBag from /Users/dipinjassal/ml/tmdb_data_warehouse/venv/lib/python3.12/site-packages/airflow/example_dags/example_task_group_decorator.py
[2025-11-12T21:34:17.679-0800] {processor.py:925} INFO - DAG(s) 'example_task_group_decorator' retrieved from /Users/dipinjassal/ml/tmdb_data_warehouse/venv/lib/python3.12/site-packages/airflow/example_dags/example_task_group_decorator.py
[2025-11-12T21:34:17.705-0800] {logging_mixin.py:190} INFO - [2025-11-12T21:34:17.704-0800] {dag.py:3239} INFO - Sync 1 DAGs
[2025-11-12T21:34:17.724-0800] {logging_mixin.py:190} INFO - [2025-11-12T21:34:17.724-0800] {dag.py:4180} INFO - Setting next_dagrun for example_task_group_decorator to None, run_after=None
[2025-11-12T21:34:17.729-0800] {processor.py:208} INFO - Processing /Users/dipinjassal/ml/tmdb_data_warehouse/venv/lib/python3.12/site-packages/airflow/example_dags/example_task_group_decorator.py took 0.064 seconds
[2025-11-12T21:37:12.341-0800] {processor.py:186} INFO - Started process (PID=2125) to work on /Users/dipinjassal/ml/tmdb_data_warehouse/venv/lib/python3.12/site-packages/airflow/example_dags/example_task_group_decorator.py
[2025-11-12T21:37:12.342-0800] {processor.py:914} INFO - Processing file /Users/dipinjassal/ml/tmdb_data_warehouse/venv/lib/python3.12/site-packages/airflow/example_dags/example_task_group_decorator.py for tasks to queue
[2025-11-12T21:37:12.342-0800] {logging_mixin.py:190} INFO - [2025-11-12T21:37:12.342-0800] {dagbag.py:588} INFO - Filling up the DagBag from /Users/dipinjassal/ml/tmdb_data_warehouse/venv/lib/python3.12/site-packages/airflow/example_dags/example_task_group_decorator.py
[2025-11-12T21:37:12.355-0800] {processor.py:925} INFO - DAG(s) 'example_task_group_decorator' retrieved from /Users/dipinjassal/ml/tmdb_data_warehouse/venv/lib/python3.12/site-packages/airflow/example_dags/example_task_group_decorator.py
[2025-11-12T21:37:12.380-0800] {logging_mixin.py:190} INFO - [2025-11-12T21:37:12.380-0800] {dag.py:3239} INFO - Sync 1 DAGs
[2025-11-12T21:37:12.400-0800] {logging_mixin.py:190} INFO - [2025-11-12T21:37:12.400-0800] {dag.py:4180} INFO - Setting next_dagrun for example_task_group_decorator to None, run_after=None
[2025-11-12T21:37:12.405-0800] {processor.py:208} INFO - Processing /Users/dipinjassal/ml/tmdb_data_warehouse/venv/lib/python3.12/site-packages/airflow/example_dags/example_task_group_decorator.py took 0.064 seconds
[2025-11-12T21:50:16.515-0800] {processor.py:186} INFO - Started process (PID=2403) to work on /Users/dipinjassal/ml/tmdb_data_warehouse/venv/lib/python3.12/site-packages/airflow/example_dags/example_task_group_decorator.py
[2025-11-12T21:50:16.515-0800] {processor.py:914} INFO - Processing file /Users/dipinjassal/ml/tmdb_data_warehouse/venv/lib/python3.12/site-packages/airflow/example_dags/example_task_group_decorator.py for tasks to queue
[2025-11-12T21:50:16.515-0800] {logging_mixin.py:190} INFO - [2025-11-12T21:50:16.515-0800] {dagbag.py:588} INFO - Filling up the DagBag from /Users/dipinjassal/ml/tmdb_data_warehouse/venv/lib/python3.12/site-packages/airflow/example_dags/example_task_group_decorator.py
[2025-11-12T21:50:16.528-0800] {processor.py:925} INFO - DAG(s) 'example_task_group_decorator' retrieved from /Users/dipinjassal/ml/tmdb_data_warehouse/venv/lib/python3.12/site-packages/airflow/example_dags/example_task_group_decorator.py
[2025-11-12T21:50:16.553-0800] {logging_mixin.py:190} INFO - [2025-11-12T21:50:16.553-0800] {dag.py:3239} INFO - Sync 1 DAGs
[2025-11-12T21:50:16.574-0800] {logging_mixin.py:190} INFO - [2025-11-12T21:50:16.573-0800] {dag.py:4180} INFO - Setting next_dagrun for example_task_group_decorator to None, run_after=None
[2025-11-12T21:50:16.578-0800] {processor.py:208} INFO - Processing /Users/dipinjassal/ml/tmdb_data_warehouse/venv/lib/python3.12/site-packages/airflow/example_dags/example_task_group_decorator.py took 0.065 seconds
[2025-11-12T21:51:40.829-0800] {processor.py:186} INFO - Started process (PID=2466) to work on /Users/dipinjassal/ml/tmdb_data_warehouse/venv/lib/python3.12/site-packages/airflow/example_dags/example_task_group_decorator.py
[2025-11-12T21:51:40.829-0800] {processor.py:914} INFO - Processing file /Users/dipinjassal/ml/tmdb_data_warehouse/venv/lib/python3.12/site-packages/airflow/example_dags/example_task_group_decorator.py for tasks to queue
[2025-11-12T21:51:40.830-0800] {logging_mixin.py:190} INFO - [2025-11-12T21:51:40.830-0800] {dagbag.py:588} INFO - Filling up the DagBag from /Users/dipinjassal/ml/tmdb_data_warehouse/venv/lib/python3.12/site-packages/airflow/example_dags/example_task_group_decorator.py
[2025-11-12T21:51:40.844-0800] {processor.py:925} INFO - DAG(s) 'example_task_group_decorator' retrieved from /Users/dipinjassal/ml/tmdb_data_warehouse/venv/lib/python3.12/site-packages/airflow/example_dags/example_task_group_decorator.py
[2025-11-12T21:51:40.871-0800] {logging_mixin.py:190} INFO - [2025-11-12T21:51:40.871-0800] {dag.py:3239} INFO - Sync 1 DAGs
[2025-11-12T21:51:40.892-0800] {logging_mixin.py:190} INFO - [2025-11-12T21:51:40.892-0800] {dag.py:4180} INFO - Setting next_dagrun for example_task_group_decorator to None, run_after=None
[2025-11-12T21:51:40.897-0800] {processor.py:208} INFO - Processing /Users/dipinjassal/ml/tmdb_data_warehouse/venv/lib/python3.12/site-packages/airflow/example_dags/example_task_group_decorator.py took 0.069 seconds
[2025-11-12T21:58:32.490-0800] {processor.py:186} INFO - Started process (PID=2612) to work on /Users/dipinjassal/ml/tmdb_data_warehouse/venv/lib/python3.12/site-packages/airflow/example_dags/example_task_group_decorator.py
[2025-11-12T21:58:32.490-0800] {processor.py:914} INFO - Processing file /Users/dipinjassal/ml/tmdb_data_warehouse/venv/lib/python3.12/site-packages/airflow/example_dags/example_task_group_decorator.py for tasks to queue
[2025-11-12T21:58:32.491-0800] {logging_mixin.py:190} INFO - [2025-11-12T21:58:32.491-0800] {dagbag.py:588} INFO - Filling up the DagBag from /Users/dipinjassal/ml/tmdb_data_warehouse/venv/lib/python3.12/site-packages/airflow/example_dags/example_task_group_decorator.py
[2025-11-12T21:58:32.503-0800] {processor.py:925} INFO - DAG(s) 'example_task_group_decorator' retrieved from /Users/dipinjassal/ml/tmdb_data_warehouse/venv/lib/python3.12/site-packages/airflow/example_dags/example_task_group_decorator.py
[2025-11-12T21:58:32.528-0800] {logging_mixin.py:190} INFO - [2025-11-12T21:58:32.528-0800] {dag.py:3239} INFO - Sync 1 DAGs
[2025-11-12T21:58:32.548-0800] {logging_mixin.py:190} INFO - [2025-11-12T21:58:32.548-0800] {dag.py:4180} INFO - Setting next_dagrun for example_task_group_decorator to None, run_after=None
[2025-11-12T21:58:32.553-0800] {processor.py:208} INFO - Processing /Users/dipinjassal/ml/tmdb_data_warehouse/venv/lib/python3.12/site-packages/airflow/example_dags/example_task_group_decorator.py took 0.064 seconds
