[2025-11-12T21:30:02.687-0800] {processor.py:186} INFO - Started process (PID=1847) to work on /Users/dipinjassal/ml/tmdb_data_warehouse/venv/lib/python3.12/site-packages/airflow/example_dags/example_dag_decorator.py
[2025-11-12T21:30:02.687-0800] {processor.py:914} INFO - Processing file /Users/dipinjassal/ml/tmdb_data_warehouse/venv/lib/python3.12/site-packages/airflow/example_dags/example_dag_decorator.py for tasks to queue
[2025-11-12T21:30:02.687-0800] {logging_mixin.py:190} INFO - [2025-11-12T21:30:02.687-0800] {dagbag.py:588} INFO - Filling up the DagBag from /Users/dipinjassal/ml/tmdb_data_warehouse/venv/lib/python3.12/site-packages/airflow/example_dags/example_dag_decorator.py
[2025-11-12T21:30:02.748-0800] {processor.py:925} INFO - DAG(s) 'example_dag_decorator' retrieved from /Users/dipinjassal/ml/tmdb_data_warehouse/venv/lib/python3.12/site-packages/airflow/example_dags/example_dag_decorator.py
[2025-11-12T21:30:02.795-0800] {logging_mixin.py:190} INFO - [2025-11-12T21:30:02.795-0800] {override.py:1900} INFO - Created Permission View: can read on DAG:example_dag_decorator
[2025-11-12T21:30:02.797-0800] {logging_mixin.py:190} INFO - [2025-11-12T21:30:02.797-0800] {override.py:1900} INFO - Created Permission View: can edit on DAG:example_dag_decorator
[2025-11-12T21:30:02.799-0800] {logging_mixin.py:190} INFO - [2025-11-12T21:30:02.799-0800] {override.py:1900} INFO - Created Permission View: can delete on DAG:example_dag_decorator
[2025-11-12T21:30:02.800-0800] {logging_mixin.py:190} INFO - [2025-11-12T21:30:02.800-0800] {override.py:1900} INFO - Created Permission View: can read on DAG Run:example_dag_decorator
[2025-11-12T21:30:02.801-0800] {logging_mixin.py:190} INFO - [2025-11-12T21:30:02.801-0800] {override.py:1900} INFO - Created Permission View: menu access on DAG Run:example_dag_decorator
[2025-11-12T21:30:02.803-0800] {logging_mixin.py:190} INFO - [2025-11-12T21:30:02.803-0800] {override.py:1900} INFO - Created Permission View: can delete on DAG Run:example_dag_decorator
[2025-11-12T21:30:02.804-0800] {logging_mixin.py:190} INFO - [2025-11-12T21:30:02.804-0800] {override.py:1900} INFO - Created Permission View: can create on DAG Run:example_dag_decorator
[2025-11-12T21:30:02.804-0800] {logging_mixin.py:190} INFO - [2025-11-12T21:30:02.804-0800] {dag.py:3239} INFO - Sync 1 DAGs
[2025-11-12T21:30:02.806-0800] {logging_mixin.py:190} INFO - [2025-11-12T21:30:02.806-0800] {dag.py:3262} INFO - Creating ORM DAG for example_dag_decorator
[2025-11-12T21:30:02.807-0800] {logging_mixin.py:190} INFO - [2025-11-12T21:30:02.807-0800] {dag.py:4180} INFO - Setting next_dagrun for example_dag_decorator to None, run_after=None
[2025-11-12T21:30:02.810-0800] {processor.py:208} INFO - Processing /Users/dipinjassal/ml/tmdb_data_warehouse/venv/lib/python3.12/site-packages/airflow/example_dags/example_dag_decorator.py took 0.125 seconds
[2025-11-12T21:37:58.227-0800] {processor.py:186} INFO - Started process (PID=2162) to work on /Users/dipinjassal/ml/tmdb_data_warehouse/venv/lib/python3.12/site-packages/airflow/example_dags/example_dag_decorator.py
[2025-11-12T21:37:58.227-0800] {processor.py:914} INFO - Processing file /Users/dipinjassal/ml/tmdb_data_warehouse/venv/lib/python3.12/site-packages/airflow/example_dags/example_dag_decorator.py for tasks to queue
[2025-11-12T21:37:58.227-0800] {logging_mixin.py:190} INFO - [2025-11-12T21:37:58.227-0800] {dagbag.py:588} INFO - Filling up the DagBag from /Users/dipinjassal/ml/tmdb_data_warehouse/venv/lib/python3.12/site-packages/airflow/example_dags/example_dag_decorator.py
[2025-11-12T21:37:58.291-0800] {processor.py:925} INFO - DAG(s) 'example_dag_decorator' retrieved from /Users/dipinjassal/ml/tmdb_data_warehouse/venv/lib/python3.12/site-packages/airflow/example_dags/example_dag_decorator.py
[2025-11-12T21:37:58.339-0800] {logging_mixin.py:190} INFO - [2025-11-12T21:37:58.339-0800] {dag.py:3239} INFO - Sync 1 DAGs
[2025-11-12T21:37:58.341-0800] {logging_mixin.py:190} INFO - [2025-11-12T21:37:58.341-0800] {dag.py:4180} INFO - Setting next_dagrun for example_dag_decorator to None, run_after=None
[2025-11-12T21:37:58.346-0800] {processor.py:208} INFO - Processing /Users/dipinjassal/ml/tmdb_data_warehouse/venv/lib/python3.12/site-packages/airflow/example_dags/example_dag_decorator.py took 0.120 seconds
[2025-11-12T21:51:01.527-0800] {processor.py:186} INFO - Started process (PID=2437) to work on /Users/dipinjassal/ml/tmdb_data_warehouse/venv/lib/python3.12/site-packages/airflow/example_dags/example_dag_decorator.py
[2025-11-12T21:51:01.528-0800] {processor.py:914} INFO - Processing file /Users/dipinjassal/ml/tmdb_data_warehouse/venv/lib/python3.12/site-packages/airflow/example_dags/example_dag_decorator.py for tasks to queue
[2025-11-12T21:51:01.528-0800] {logging_mixin.py:190} INFO - [2025-11-12T21:51:01.528-0800] {dagbag.py:588} INFO - Filling up the DagBag from /Users/dipinjassal/ml/tmdb_data_warehouse/venv/lib/python3.12/site-packages/airflow/example_dags/example_dag_decorator.py
[2025-11-12T21:51:01.590-0800] {processor.py:925} INFO - DAG(s) 'example_dag_decorator' retrieved from /Users/dipinjassal/ml/tmdb_data_warehouse/venv/lib/python3.12/site-packages/airflow/example_dags/example_dag_decorator.py
[2025-11-12T21:51:01.636-0800] {logging_mixin.py:190} INFO - [2025-11-12T21:51:01.636-0800] {dag.py:3239} INFO - Sync 1 DAGs
[2025-11-12T21:51:01.638-0800] {logging_mixin.py:190} INFO - [2025-11-12T21:51:01.638-0800] {dag.py:4180} INFO - Setting next_dagrun for example_dag_decorator to None, run_after=None
[2025-11-12T21:51:01.643-0800] {processor.py:208} INFO - Processing /Users/dipinjassal/ml/tmdb_data_warehouse/venv/lib/python3.12/site-packages/airflow/example_dags/example_dag_decorator.py took 0.117 seconds
