[2025-11-12T21:29:24.699-0800] {processor.py:186} INFO - Started process (PID=1817) to work on /Users/dipinjassal/ml/tmdb_data_warehouse/venv/lib/python3.12/site-packages/airflow/example_dags/example_setup_teardown_taskflow.py
[2025-11-12T21:29:24.699-0800] {processor.py:914} INFO - Processing file /Users/dipinjassal/ml/tmdb_data_warehouse/venv/lib/python3.12/site-packages/airflow/example_dags/example_setup_teardown_taskflow.py for tasks to queue
[2025-11-12T21:29:24.700-0800] {logging_mixin.py:190} INFO - [2025-11-12T21:29:24.699-0800] {dagbag.py:588} INFO - Filling up the DagBag from /Users/dipinjassal/ml/tmdb_data_warehouse/venv/lib/python3.12/site-packages/airflow/example_dags/example_setup_teardown_taskflow.py
[2025-11-12T21:29:24.711-0800] {processor.py:925} INFO - DAG(s) 'example_setup_teardown_taskflow' retrieved from /Users/dipinjassal/ml/tmdb_data_warehouse/venv/lib/python3.12/site-packages/airflow/example_dags/example_setup_teardown_taskflow.py
[2025-11-12T21:29:24.777-0800] {logging_mixin.py:190} INFO - [2025-11-12T21:29:24.777-0800] {override.py:1900} INFO - Created Permission View: can read on DAG:example_setup_teardown_taskflow
[2025-11-12T21:29:24.779-0800] {logging_mixin.py:190} INFO - [2025-11-12T21:29:24.779-0800] {override.py:1900} INFO - Created Permission View: can delete on DAG:example_setup_teardown_taskflow
[2025-11-12T21:29:24.780-0800] {logging_mixin.py:190} INFO - [2025-11-12T21:29:24.780-0800] {override.py:1900} INFO - Created Permission View: can edit on DAG:example_setup_teardown_taskflow
[2025-11-12T21:29:24.782-0800] {logging_mixin.py:190} INFO - [2025-11-12T21:29:24.782-0800] {override.py:1900} INFO - Created Permission View: can delete on DAG Run:example_setup_teardown_taskflow
[2025-11-12T21:29:24.783-0800] {logging_mixin.py:190} INFO - [2025-11-12T21:29:24.783-0800] {override.py:1900} INFO - Created Permission View: menu access on DAG Run:example_setup_teardown_taskflow
[2025-11-12T21:29:24.784-0800] {logging_mixin.py:190} INFO - [2025-11-12T21:29:24.784-0800] {override.py:1900} INFO - Created Permission View: can read on DAG Run:example_setup_teardown_taskflow
[2025-11-12T21:29:24.785-0800] {logging_mixin.py:190} INFO - [2025-11-12T21:29:24.785-0800] {override.py:1900} INFO - Created Permission View: can create on DAG Run:example_setup_teardown_taskflow
[2025-11-12T21:29:24.786-0800] {logging_mixin.py:190} INFO - [2025-11-12T21:29:24.786-0800] {dag.py:3239} INFO - Sync 1 DAGs
[2025-11-12T21:29:24.789-0800] {logging_mixin.py:190} INFO - [2025-11-12T21:29:24.789-0800] {dag.py:3262} INFO - Creating ORM DAG for example_setup_teardown_taskflow
[2025-11-12T21:29:24.789-0800] {logging_mixin.py:190} INFO - [2025-11-12T21:29:24.789-0800] {dag.py:4180} INFO - Setting next_dagrun for example_setup_teardown_taskflow to None, run_after=None
[2025-11-12T21:29:24.793-0800] {processor.py:208} INFO - Processing /Users/dipinjassal/ml/tmdb_data_warehouse/venv/lib/python3.12/site-packages/airflow/example_dags/example_setup_teardown_taskflow.py took 0.094 seconds
[2025-11-12T21:30:53.888-0800] {processor.py:186} INFO - Started process (PID=1890) to work on /Users/dipinjassal/ml/tmdb_data_warehouse/venv/lib/python3.12/site-packages/airflow/example_dags/example_setup_teardown_taskflow.py
[2025-11-12T21:30:53.888-0800] {processor.py:914} INFO - Processing file /Users/dipinjassal/ml/tmdb_data_warehouse/venv/lib/python3.12/site-packages/airflow/example_dags/example_setup_teardown_taskflow.py for tasks to queue
[2025-11-12T21:30:53.889-0800] {logging_mixin.py:190} INFO - [2025-11-12T21:30:53.889-0800] {dagbag.py:588} INFO - Filling up the DagBag from /Users/dipinjassal/ml/tmdb_data_warehouse/venv/lib/python3.12/site-packages/airflow/example_dags/example_setup_teardown_taskflow.py
[2025-11-12T21:30:53.900-0800] {processor.py:925} INFO - DAG(s) 'example_setup_teardown_taskflow' retrieved from /Users/dipinjassal/ml/tmdb_data_warehouse/venv/lib/python3.12/site-packages/airflow/example_dags/example_setup_teardown_taskflow.py
[2025-11-12T21:30:53.925-0800] {logging_mixin.py:190} INFO - [2025-11-12T21:30:53.925-0800] {dag.py:3239} INFO - Sync 1 DAGs
[2025-11-12T21:30:53.945-0800] {logging_mixin.py:190} INFO - [2025-11-12T21:30:53.945-0800] {dag.py:4180} INFO - Setting next_dagrun for example_setup_teardown_taskflow to None, run_after=None
[2025-11-12T21:30:53.950-0800] {processor.py:208} INFO - Processing /Users/dipinjassal/ml/tmdb_data_warehouse/venv/lib/python3.12/site-packages/airflow/example_dags/example_setup_teardown_taskflow.py took 0.062 seconds
[2025-11-12T21:34:28.248-0800] {processor.py:186} INFO - Started process (PID=2042) to work on /Users/dipinjassal/ml/tmdb_data_warehouse/venv/lib/python3.12/site-packages/airflow/example_dags/example_setup_teardown_taskflow.py
[2025-11-12T21:34:28.249-0800] {processor.py:914} INFO - Processing file /Users/dipinjassal/ml/tmdb_data_warehouse/venv/lib/python3.12/site-packages/airflow/example_dags/example_setup_teardown_taskflow.py for tasks to queue
[2025-11-12T21:34:28.249-0800] {logging_mixin.py:190} INFO - [2025-11-12T21:34:28.249-0800] {dagbag.py:588} INFO - Filling up the DagBag from /Users/dipinjassal/ml/tmdb_data_warehouse/venv/lib/python3.12/site-packages/airflow/example_dags/example_setup_teardown_taskflow.py
[2025-11-12T21:34:28.261-0800] {processor.py:925} INFO - DAG(s) 'example_setup_teardown_taskflow' retrieved from /Users/dipinjassal/ml/tmdb_data_warehouse/venv/lib/python3.12/site-packages/airflow/example_dags/example_setup_teardown_taskflow.py
[2025-11-12T21:34:28.285-0800] {logging_mixin.py:190} INFO - [2025-11-12T21:34:28.285-0800] {dag.py:3239} INFO - Sync 1 DAGs
[2025-11-12T21:34:28.305-0800] {logging_mixin.py:190} INFO - [2025-11-12T21:34:28.305-0800] {dag.py:4180} INFO - Setting next_dagrun for example_setup_teardown_taskflow to None, run_after=None
[2025-11-12T21:34:28.310-0800] {processor.py:208} INFO - Processing /Users/dipinjassal/ml/tmdb_data_warehouse/venv/lib/python3.12/site-packages/airflow/example_dags/example_setup_teardown_taskflow.py took 0.062 seconds
[2025-11-12T21:37:23.174-0800] {processor.py:186} INFO - Started process (PID=2133) to work on /Users/dipinjassal/ml/tmdb_data_warehouse/venv/lib/python3.12/site-packages/airflow/example_dags/example_setup_teardown_taskflow.py
[2025-11-12T21:37:23.174-0800] {processor.py:914} INFO - Processing file /Users/dipinjassal/ml/tmdb_data_warehouse/venv/lib/python3.12/site-packages/airflow/example_dags/example_setup_teardown_taskflow.py for tasks to queue
[2025-11-12T21:37:23.174-0800] {logging_mixin.py:190} INFO - [2025-11-12T21:37:23.174-0800] {dagbag.py:588} INFO - Filling up the DagBag from /Users/dipinjassal/ml/tmdb_data_warehouse/venv/lib/python3.12/site-packages/airflow/example_dags/example_setup_teardown_taskflow.py
[2025-11-12T21:37:23.186-0800] {processor.py:925} INFO - DAG(s) 'example_setup_teardown_taskflow' retrieved from /Users/dipinjassal/ml/tmdb_data_warehouse/venv/lib/python3.12/site-packages/airflow/example_dags/example_setup_teardown_taskflow.py
[2025-11-12T21:37:23.211-0800] {logging_mixin.py:190} INFO - [2025-11-12T21:37:23.211-0800] {dag.py:3239} INFO - Sync 1 DAGs
[2025-11-12T21:37:23.231-0800] {logging_mixin.py:190} INFO - [2025-11-12T21:37:23.231-0800] {dag.py:4180} INFO - Setting next_dagrun for example_setup_teardown_taskflow to None, run_after=None
[2025-11-12T21:37:23.236-0800] {processor.py:208} INFO - Processing /Users/dipinjassal/ml/tmdb_data_warehouse/venv/lib/python3.12/site-packages/airflow/example_dags/example_setup_teardown_taskflow.py took 0.063 seconds
[2025-11-12T21:50:27.076-0800] {processor.py:186} INFO - Started process (PID=2410) to work on /Users/dipinjassal/ml/tmdb_data_warehouse/venv/lib/python3.12/site-packages/airflow/example_dags/example_setup_teardown_taskflow.py
[2025-11-12T21:50:27.076-0800] {processor.py:914} INFO - Processing file /Users/dipinjassal/ml/tmdb_data_warehouse/venv/lib/python3.12/site-packages/airflow/example_dags/example_setup_teardown_taskflow.py for tasks to queue
[2025-11-12T21:50:27.077-0800] {logging_mixin.py:190} INFO - [2025-11-12T21:50:27.077-0800] {dagbag.py:588} INFO - Filling up the DagBag from /Users/dipinjassal/ml/tmdb_data_warehouse/venv/lib/python3.12/site-packages/airflow/example_dags/example_setup_teardown_taskflow.py
[2025-11-12T21:50:27.088-0800] {processor.py:925} INFO - DAG(s) 'example_setup_teardown_taskflow' retrieved from /Users/dipinjassal/ml/tmdb_data_warehouse/venv/lib/python3.12/site-packages/airflow/example_dags/example_setup_teardown_taskflow.py
[2025-11-12T21:50:27.113-0800] {logging_mixin.py:190} INFO - [2025-11-12T21:50:27.113-0800] {dag.py:3239} INFO - Sync 1 DAGs
[2025-11-12T21:50:27.133-0800] {logging_mixin.py:190} INFO - [2025-11-12T21:50:27.133-0800] {dag.py:4180} INFO - Setting next_dagrun for example_setup_teardown_taskflow to None, run_after=None
[2025-11-12T21:50:27.138-0800] {processor.py:208} INFO - Processing /Users/dipinjassal/ml/tmdb_data_warehouse/venv/lib/python3.12/site-packages/airflow/example_dags/example_setup_teardown_taskflow.py took 0.063 seconds
