[2025-11-12T21:29:42.071-0800] {processor.py:186} INFO - Started process (PID=1828) to work on /Users/dipinjassal/ml/tmdb_data_warehouse/venv/lib/python3.12/site-packages/airflow/example_dags/example_nested_branch_dag.py
[2025-11-12T21:29:42.071-0800] {processor.py:914} INFO - Processing file /Users/dipinjassal/ml/tmdb_data_warehouse/venv/lib/python3.12/site-packages/airflow/example_dags/example_nested_branch_dag.py for tasks to queue
[2025-11-12T21:29:42.072-0800] {logging_mixin.py:190} INFO - [2025-11-12T21:29:42.072-0800] {dagbag.py:588} INFO - Filling up the DagBag from /Users/dipinjassal/ml/tmdb_data_warehouse/venv/lib/python3.12/site-packages/airflow/example_dags/example_nested_branch_dag.py
[2025-11-12T21:29:42.083-0800] {processor.py:925} INFO - DAG(s) 'example_nested_branch_dag' retrieved from /Users/dipinjassal/ml/tmdb_data_warehouse/venv/lib/python3.12/site-packages/airflow/example_dags/example_nested_branch_dag.py
[2025-11-12T21:29:42.147-0800] {logging_mixin.py:190} INFO - [2025-11-12T21:29:42.147-0800] {override.py:1900} INFO - Created Permission View: can delete on DAG:example_nested_branch_dag
[2025-11-12T21:29:42.149-0800] {logging_mixin.py:190} INFO - [2025-11-12T21:29:42.149-0800] {override.py:1900} INFO - Created Permission View: can read on DAG:example_nested_branch_dag
[2025-11-12T21:29:42.150-0800] {logging_mixin.py:190} INFO - [2025-11-12T21:29:42.150-0800] {override.py:1900} INFO - Created Permission View: can edit on DAG:example_nested_branch_dag
[2025-11-12T21:29:42.152-0800] {logging_mixin.py:190} INFO - [2025-11-12T21:29:42.152-0800] {override.py:1900} INFO - Created Permission View: menu access on DAG Run:example_nested_branch_dag
[2025-11-12T21:29:42.153-0800] {logging_mixin.py:190} INFO - [2025-11-12T21:29:42.153-0800] {override.py:1900} INFO - Created Permission View: can create on DAG Run:example_nested_branch_dag
[2025-11-12T21:29:42.154-0800] {logging_mixin.py:190} INFO - [2025-11-12T21:29:42.154-0800] {override.py:1900} INFO - Created Permission View: can read on DAG Run:example_nested_branch_dag
[2025-11-12T21:29:42.155-0800] {logging_mixin.py:190} INFO - [2025-11-12T21:29:42.155-0800] {override.py:1900} INFO - Created Permission View: can delete on DAG Run:example_nested_branch_dag
[2025-11-12T21:29:42.155-0800] {logging_mixin.py:190} INFO - [2025-11-12T21:29:42.155-0800] {dag.py:3239} INFO - Sync 1 DAGs
[2025-11-12T21:29:42.158-0800] {logging_mixin.py:190} INFO - [2025-11-12T21:29:42.158-0800] {dag.py:3262} INFO - Creating ORM DAG for example_nested_branch_dag
[2025-11-12T21:29:42.160-0800] {logging_mixin.py:190} INFO - [2025-11-12T21:29:42.160-0800] {dag.py:4180} INFO - Setting next_dagrun for example_nested_branch_dag to 2025-11-12 00:00:00+00:00, run_after=2025-11-13 00:00:00+00:00
[2025-11-12T21:29:42.164-0800] {processor.py:208} INFO - Processing /Users/dipinjassal/ml/tmdb_data_warehouse/venv/lib/python3.12/site-packages/airflow/example_dags/example_nested_branch_dag.py took 0.094 seconds
[2025-11-12T21:31:08.982-0800] {processor.py:186} INFO - Started process (PID=1903) to work on /Users/dipinjassal/ml/tmdb_data_warehouse/venv/lib/python3.12/site-packages/airflow/example_dags/example_nested_branch_dag.py
[2025-11-12T21:31:08.982-0800] {processor.py:914} INFO - Processing file /Users/dipinjassal/ml/tmdb_data_warehouse/venv/lib/python3.12/site-packages/airflow/example_dags/example_nested_branch_dag.py for tasks to queue
[2025-11-12T21:31:08.982-0800] {logging_mixin.py:190} INFO - [2025-11-12T21:31:08.982-0800] {dagbag.py:588} INFO - Filling up the DagBag from /Users/dipinjassal/ml/tmdb_data_warehouse/venv/lib/python3.12/site-packages/airflow/example_dags/example_nested_branch_dag.py
[2025-11-12T21:31:08.996-0800] {processor.py:925} INFO - DAG(s) 'example_nested_branch_dag' retrieved from /Users/dipinjassal/ml/tmdb_data_warehouse/venv/lib/python3.12/site-packages/airflow/example_dags/example_nested_branch_dag.py
[2025-11-12T21:31:09.023-0800] {logging_mixin.py:190} INFO - [2025-11-12T21:31:09.023-0800] {dag.py:3239} INFO - Sync 1 DAGs
[2025-11-12T21:31:09.046-0800] {logging_mixin.py:190} INFO - [2025-11-12T21:31:09.046-0800] {dag.py:4180} INFO - Setting next_dagrun for example_nested_branch_dag to 2025-11-12 00:00:00+00:00, run_after=2025-11-13 00:00:00+00:00
[2025-11-12T21:31:09.051-0800] {processor.py:208} INFO - Processing /Users/dipinjassal/ml/tmdb_data_warehouse/venv/lib/python3.12/site-packages/airflow/example_dags/example_nested_branch_dag.py took 0.070 seconds
[2025-11-12T21:34:43.092-0800] {processor.py:186} INFO - Started process (PID=2054) to work on /Users/dipinjassal/ml/tmdb_data_warehouse/venv/lib/python3.12/site-packages/airflow/example_dags/example_nested_branch_dag.py
[2025-11-12T21:34:43.092-0800] {processor.py:914} INFO - Processing file /Users/dipinjassal/ml/tmdb_data_warehouse/venv/lib/python3.12/site-packages/airflow/example_dags/example_nested_branch_dag.py for tasks to queue
[2025-11-12T21:34:43.093-0800] {logging_mixin.py:190} INFO - [2025-11-12T21:34:43.092-0800] {dagbag.py:588} INFO - Filling up the DagBag from /Users/dipinjassal/ml/tmdb_data_warehouse/venv/lib/python3.12/site-packages/airflow/example_dags/example_nested_branch_dag.py
[2025-11-12T21:34:43.104-0800] {processor.py:925} INFO - DAG(s) 'example_nested_branch_dag' retrieved from /Users/dipinjassal/ml/tmdb_data_warehouse/venv/lib/python3.12/site-packages/airflow/example_dags/example_nested_branch_dag.py
[2025-11-12T21:34:43.129-0800] {logging_mixin.py:190} INFO - [2025-11-12T21:34:43.129-0800] {dag.py:3239} INFO - Sync 1 DAGs
[2025-11-12T21:34:43.152-0800] {logging_mixin.py:190} INFO - [2025-11-12T21:34:43.152-0800] {dag.py:4180} INFO - Setting next_dagrun for example_nested_branch_dag to 2025-11-12 00:00:00+00:00, run_after=2025-11-13 00:00:00+00:00
[2025-11-12T21:34:43.157-0800] {processor.py:208} INFO - Processing /Users/dipinjassal/ml/tmdb_data_warehouse/venv/lib/python3.12/site-packages/airflow/example_dags/example_nested_branch_dag.py took 0.066 seconds
[2025-11-12T21:37:39.037-0800] {processor.py:186} INFO - Started process (PID=2144) to work on /Users/dipinjassal/ml/tmdb_data_warehouse/venv/lib/python3.12/site-packages/airflow/example_dags/example_nested_branch_dag.py
[2025-11-12T21:37:39.037-0800] {processor.py:914} INFO - Processing file /Users/dipinjassal/ml/tmdb_data_warehouse/venv/lib/python3.12/site-packages/airflow/example_dags/example_nested_branch_dag.py for tasks to queue
[2025-11-12T21:37:39.037-0800] {logging_mixin.py:190} INFO - [2025-11-12T21:37:39.037-0800] {dagbag.py:588} INFO - Filling up the DagBag from /Users/dipinjassal/ml/tmdb_data_warehouse/venv/lib/python3.12/site-packages/airflow/example_dags/example_nested_branch_dag.py
[2025-11-12T21:37:39.049-0800] {processor.py:925} INFO - DAG(s) 'example_nested_branch_dag' retrieved from /Users/dipinjassal/ml/tmdb_data_warehouse/venv/lib/python3.12/site-packages/airflow/example_dags/example_nested_branch_dag.py
[2025-11-12T21:37:39.074-0800] {logging_mixin.py:190} INFO - [2025-11-12T21:37:39.074-0800] {dag.py:3239} INFO - Sync 1 DAGs
[2025-11-12T21:37:39.096-0800] {logging_mixin.py:190} INFO - [2025-11-12T21:37:39.096-0800] {dag.py:4180} INFO - Setting next_dagrun for example_nested_branch_dag to 2025-11-12 00:00:00+00:00, run_after=2025-11-13 00:00:00+00:00
[2025-11-12T21:37:39.100-0800] {processor.py:208} INFO - Processing /Users/dipinjassal/ml/tmdb_data_warehouse/venv/lib/python3.12/site-packages/airflow/example_dags/example_nested_branch_dag.py took 0.064 seconds
[2025-11-12T21:50:41.904-0800] {processor.py:186} INFO - Started process (PID=2423) to work on /Users/dipinjassal/ml/tmdb_data_warehouse/venv/lib/python3.12/site-packages/airflow/example_dags/example_nested_branch_dag.py
[2025-11-12T21:50:41.904-0800] {processor.py:914} INFO - Processing file /Users/dipinjassal/ml/tmdb_data_warehouse/venv/lib/python3.12/site-packages/airflow/example_dags/example_nested_branch_dag.py for tasks to queue
[2025-11-12T21:50:41.905-0800] {logging_mixin.py:190} INFO - [2025-11-12T21:50:41.905-0800] {dagbag.py:588} INFO - Filling up the DagBag from /Users/dipinjassal/ml/tmdb_data_warehouse/venv/lib/python3.12/site-packages/airflow/example_dags/example_nested_branch_dag.py
[2025-11-12T21:50:41.917-0800] {processor.py:925} INFO - DAG(s) 'example_nested_branch_dag' retrieved from /Users/dipinjassal/ml/tmdb_data_warehouse/venv/lib/python3.12/site-packages/airflow/example_dags/example_nested_branch_dag.py
[2025-11-12T21:50:41.943-0800] {logging_mixin.py:190} INFO - [2025-11-12T21:50:41.943-0800] {dag.py:3239} INFO - Sync 1 DAGs
[2025-11-12T21:50:41.966-0800] {logging_mixin.py:190} INFO - [2025-11-12T21:50:41.966-0800] {dag.py:4180} INFO - Setting next_dagrun for example_nested_branch_dag to 2025-11-12 00:00:00+00:00, run_after=2025-11-13 00:00:00+00:00
[2025-11-12T21:50:41.971-0800] {processor.py:208} INFO - Processing /Users/dipinjassal/ml/tmdb_data_warehouse/venv/lib/python3.12/site-packages/airflow/example_dags/example_nested_branch_dag.py took 0.068 seconds
