[2025-11-12T21:29:38.524-0800] {processor.py:186} INFO - Started process (PID=1825) to work on /Users/dipinjassal/ml/tmdb_data_warehouse/venv/lib/python3.12/site-packages/airflow/example_dags/example_params_trigger_ui.py
[2025-11-12T21:29:38.524-0800] {processor.py:914} INFO - Processing file /Users/dipinjassal/ml/tmdb_data_warehouse/venv/lib/python3.12/site-packages/airflow/example_dags/example_params_trigger_ui.py for tasks to queue
[2025-11-12T21:29:38.525-0800] {logging_mixin.py:190} INFO - [2025-11-12T21:29:38.525-0800] {dagbag.py:588} INFO - Filling up the DagBag from /Users/dipinjassal/ml/tmdb_data_warehouse/venv/lib/python3.12/site-packages/airflow/example_dags/example_params_trigger_ui.py
[2025-11-12T21:29:38.536-0800] {processor.py:925} INFO - DAG(s) 'example_params_trigger_ui' retrieved from /Users/dipinjassal/ml/tmdb_data_warehouse/venv/lib/python3.12/site-packages/airflow/example_dags/example_params_trigger_ui.py
[2025-11-12T21:29:38.606-0800] {logging_mixin.py:190} INFO - [2025-11-12T21:29:38.606-0800] {override.py:1900} INFO - Created Permission View: can edit on DAG:example_params_trigger_ui
[2025-11-12T21:29:38.608-0800] {logging_mixin.py:190} INFO - [2025-11-12T21:29:38.608-0800] {override.py:1900} INFO - Created Permission View: can read on DAG:example_params_trigger_ui
[2025-11-12T21:29:38.609-0800] {logging_mixin.py:190} INFO - [2025-11-12T21:29:38.609-0800] {override.py:1900} INFO - Created Permission View: can delete on DAG:example_params_trigger_ui
[2025-11-12T21:29:38.610-0800] {logging_mixin.py:190} INFO - [2025-11-12T21:29:38.610-0800] {override.py:1900} INFO - Created Permission View: menu access on DAG Run:example_params_trigger_ui
[2025-11-12T21:29:38.612-0800] {logging_mixin.py:190} INFO - [2025-11-12T21:29:38.611-0800] {override.py:1900} INFO - Created Permission View: can read on DAG Run:example_params_trigger_ui
[2025-11-12T21:29:38.613-0800] {logging_mixin.py:190} INFO - [2025-11-12T21:29:38.613-0800] {override.py:1900} INFO - Created Permission View: can create on DAG Run:example_params_trigger_ui
[2025-11-12T21:29:38.614-0800] {logging_mixin.py:190} INFO - [2025-11-12T21:29:38.614-0800] {override.py:1900} INFO - Created Permission View: can delete on DAG Run:example_params_trigger_ui
[2025-11-12T21:29:38.614-0800] {logging_mixin.py:190} INFO - [2025-11-12T21:29:38.614-0800] {dag.py:3239} INFO - Sync 1 DAGs
[2025-11-12T21:29:38.617-0800] {logging_mixin.py:190} INFO - [2025-11-12T21:29:38.617-0800] {dag.py:3262} INFO - Creating ORM DAG for example_params_trigger_ui
[2025-11-12T21:29:38.617-0800] {logging_mixin.py:190} INFO - [2025-11-12T21:29:38.617-0800] {dag.py:4180} INFO - Setting next_dagrun for example_params_trigger_ui to None, run_after=None
[2025-11-12T21:29:38.621-0800] {processor.py:208} INFO - Processing /Users/dipinjassal/ml/tmdb_data_warehouse/venv/lib/python3.12/site-packages/airflow/example_dags/example_params_trigger_ui.py took 0.097 seconds
[2025-11-12T21:31:05.617-0800] {processor.py:186} INFO - Started process (PID=1901) to work on /Users/dipinjassal/ml/tmdb_data_warehouse/venv/lib/python3.12/site-packages/airflow/example_dags/example_params_trigger_ui.py
[2025-11-12T21:31:05.618-0800] {processor.py:914} INFO - Processing file /Users/dipinjassal/ml/tmdb_data_warehouse/venv/lib/python3.12/site-packages/airflow/example_dags/example_params_trigger_ui.py for tasks to queue
[2025-11-12T21:31:05.618-0800] {logging_mixin.py:190} INFO - [2025-11-12T21:31:05.618-0800] {dagbag.py:588} INFO - Filling up the DagBag from /Users/dipinjassal/ml/tmdb_data_warehouse/venv/lib/python3.12/site-packages/airflow/example_dags/example_params_trigger_ui.py
[2025-11-12T21:31:05.630-0800] {processor.py:925} INFO - DAG(s) 'example_params_trigger_ui' retrieved from /Users/dipinjassal/ml/tmdb_data_warehouse/venv/lib/python3.12/site-packages/airflow/example_dags/example_params_trigger_ui.py
[2025-11-12T21:31:05.661-0800] {logging_mixin.py:190} INFO - [2025-11-12T21:31:05.661-0800] {dag.py:3239} INFO - Sync 1 DAGs
[2025-11-12T21:31:05.681-0800] {logging_mixin.py:190} INFO - [2025-11-12T21:31:05.681-0800] {dag.py:4180} INFO - Setting next_dagrun for example_params_trigger_ui to None, run_after=None
[2025-11-12T21:31:05.686-0800] {processor.py:208} INFO - Processing /Users/dipinjassal/ml/tmdb_data_warehouse/venv/lib/python3.12/site-packages/airflow/example_dags/example_params_trigger_ui.py took 0.070 seconds
[2025-11-12T21:34:40.087-0800] {processor.py:186} INFO - Started process (PID=2051) to work on /Users/dipinjassal/ml/tmdb_data_warehouse/venv/lib/python3.12/site-packages/airflow/example_dags/example_params_trigger_ui.py
[2025-11-12T21:34:40.087-0800] {processor.py:914} INFO - Processing file /Users/dipinjassal/ml/tmdb_data_warehouse/venv/lib/python3.12/site-packages/airflow/example_dags/example_params_trigger_ui.py for tasks to queue
[2025-11-12T21:34:40.087-0800] {logging_mixin.py:190} INFO - [2025-11-12T21:34:40.087-0800] {dagbag.py:588} INFO - Filling up the DagBag from /Users/dipinjassal/ml/tmdb_data_warehouse/venv/lib/python3.12/site-packages/airflow/example_dags/example_params_trigger_ui.py
[2025-11-12T21:34:40.099-0800] {processor.py:925} INFO - DAG(s) 'example_params_trigger_ui' retrieved from /Users/dipinjassal/ml/tmdb_data_warehouse/venv/lib/python3.12/site-packages/airflow/example_dags/example_params_trigger_ui.py
[2025-11-12T21:34:40.129-0800] {logging_mixin.py:190} INFO - [2025-11-12T21:34:40.129-0800] {dag.py:3239} INFO - Sync 1 DAGs
[2025-11-12T21:34:40.150-0800] {logging_mixin.py:190} INFO - [2025-11-12T21:34:40.150-0800] {dag.py:4180} INFO - Setting next_dagrun for example_params_trigger_ui to None, run_after=None
[2025-11-12T21:34:40.155-0800] {processor.py:208} INFO - Processing /Users/dipinjassal/ml/tmdb_data_warehouse/venv/lib/python3.12/site-packages/airflow/example_dags/example_params_trigger_ui.py took 0.069 seconds
[2025-11-12T21:37:36.761-0800] {processor.py:186} INFO - Started process (PID=2142) to work on /Users/dipinjassal/ml/tmdb_data_warehouse/venv/lib/python3.12/site-packages/airflow/example_dags/example_params_trigger_ui.py
[2025-11-12T21:37:36.761-0800] {processor.py:914} INFO - Processing file /Users/dipinjassal/ml/tmdb_data_warehouse/venv/lib/python3.12/site-packages/airflow/example_dags/example_params_trigger_ui.py for tasks to queue
[2025-11-12T21:37:36.761-0800] {logging_mixin.py:190} INFO - [2025-11-12T21:37:36.761-0800] {dagbag.py:588} INFO - Filling up the DagBag from /Users/dipinjassal/ml/tmdb_data_warehouse/venv/lib/python3.12/site-packages/airflow/example_dags/example_params_trigger_ui.py
[2025-11-12T21:37:36.773-0800] {processor.py:925} INFO - DAG(s) 'example_params_trigger_ui' retrieved from /Users/dipinjassal/ml/tmdb_data_warehouse/venv/lib/python3.12/site-packages/airflow/example_dags/example_params_trigger_ui.py
[2025-11-12T21:37:36.803-0800] {logging_mixin.py:190} INFO - [2025-11-12T21:37:36.803-0800] {dag.py:3239} INFO - Sync 1 DAGs
[2025-11-12T21:37:36.823-0800] {logging_mixin.py:190} INFO - [2025-11-12T21:37:36.823-0800] {dag.py:4180} INFO - Setting next_dagrun for example_params_trigger_ui to None, run_after=None
[2025-11-12T21:37:36.827-0800] {processor.py:208} INFO - Processing /Users/dipinjassal/ml/tmdb_data_warehouse/venv/lib/python3.12/site-packages/airflow/example_dags/example_params_trigger_ui.py took 0.067 seconds
[2025-11-12T21:50:38.490-0800] {processor.py:186} INFO - Started process (PID=2419) to work on /Users/dipinjassal/ml/tmdb_data_warehouse/venv/lib/python3.12/site-packages/airflow/example_dags/example_params_trigger_ui.py
[2025-11-12T21:50:38.490-0800] {processor.py:914} INFO - Processing file /Users/dipinjassal/ml/tmdb_data_warehouse/venv/lib/python3.12/site-packages/airflow/example_dags/example_params_trigger_ui.py for tasks to queue
[2025-11-12T21:50:38.490-0800] {logging_mixin.py:190} INFO - [2025-11-12T21:50:38.490-0800] {dagbag.py:588} INFO - Filling up the DagBag from /Users/dipinjassal/ml/tmdb_data_warehouse/venv/lib/python3.12/site-packages/airflow/example_dags/example_params_trigger_ui.py
[2025-11-12T21:50:38.502-0800] {processor.py:925} INFO - DAG(s) 'example_params_trigger_ui' retrieved from /Users/dipinjassal/ml/tmdb_data_warehouse/venv/lib/python3.12/site-packages/airflow/example_dags/example_params_trigger_ui.py
[2025-11-12T21:50:38.547-0800] {logging_mixin.py:190} INFO - [2025-11-12T21:50:38.547-0800] {dag.py:3239} INFO - Sync 1 DAGs
[2025-11-12T21:50:38.583-0800] {logging_mixin.py:190} INFO - [2025-11-12T21:50:38.582-0800] {dag.py:4180} INFO - Setting next_dagrun for example_params_trigger_ui to None, run_after=None
[2025-11-12T21:50:38.588-0800] {processor.py:208} INFO - Processing /Users/dipinjassal/ml/tmdb_data_warehouse/venv/lib/python3.12/site-packages/airflow/example_dags/example_params_trigger_ui.py took 0.100 seconds
