[2025-11-12T21:29:09.149-0800] {processor.py:186} INFO - Started process (PID=1804) to work on /Users/dipinjassal/ml/tmdb_data_warehouse/venv/lib/python3.12/site-packages/airflow/example_dags/example_trigger_controller_dag.py
[2025-11-12T21:29:09.150-0800] {processor.py:914} INFO - Processing file /Users/dipinjassal/ml/tmdb_data_warehouse/venv/lib/python3.12/site-packages/airflow/example_dags/example_trigger_controller_dag.py for tasks to queue
[2025-11-12T21:29:09.150-0800] {logging_mixin.py:190} INFO - [2025-11-12T21:29:09.150-0800] {dagbag.py:588} INFO - Filling up the DagBag from /Users/dipinjassal/ml/tmdb_data_warehouse/venv/lib/python3.12/site-packages/airflow/example_dags/example_trigger_controller_dag.py
[2025-11-12T21:29:09.153-0800] {processor.py:925} INFO - DAG(s) 'example_trigger_controller_dag' retrieved from /Users/dipinjassal/ml/tmdb_data_warehouse/venv/lib/python3.12/site-packages/airflow/example_dags/example_trigger_controller_dag.py
[2025-11-12T21:29:09.216-0800] {logging_mixin.py:190} INFO - [2025-11-12T21:29:09.216-0800] {override.py:1900} INFO - Created Permission View: can delete on DAG:example_trigger_controller_dag
[2025-11-12T21:29:09.218-0800] {logging_mixin.py:190} INFO - [2025-11-12T21:29:09.218-0800] {override.py:1900} INFO - Created Permission View: can read on DAG:example_trigger_controller_dag
[2025-11-12T21:29:09.220-0800] {logging_mixin.py:190} INFO - [2025-11-12T21:29:09.219-0800] {override.py:1900} INFO - Created Permission View: can edit on DAG:example_trigger_controller_dag
[2025-11-12T21:29:09.221-0800] {logging_mixin.py:190} INFO - [2025-11-12T21:29:09.221-0800] {override.py:1900} INFO - Created Permission View: can delete on DAG Run:example_trigger_controller_dag
[2025-11-12T21:29:09.222-0800] {logging_mixin.py:190} INFO - [2025-11-12T21:29:09.222-0800] {override.py:1900} INFO - Created Permission View: can read on DAG Run:example_trigger_controller_dag
[2025-11-12T21:29:09.223-0800] {logging_mixin.py:190} INFO - [2025-11-12T21:29:09.223-0800] {override.py:1900} INFO - Created Permission View: menu access on DAG Run:example_trigger_controller_dag
[2025-11-12T21:29:09.225-0800] {logging_mixin.py:190} INFO - [2025-11-12T21:29:09.224-0800] {override.py:1900} INFO - Created Permission View: can create on DAG Run:example_trigger_controller_dag
[2025-11-12T21:29:09.225-0800] {logging_mixin.py:190} INFO - [2025-11-12T21:29:09.225-0800] {dag.py:3239} INFO - Sync 1 DAGs
[2025-11-12T21:29:09.228-0800] {logging_mixin.py:190} INFO - [2025-11-12T21:29:09.228-0800] {dag.py:3262} INFO - Creating ORM DAG for example_trigger_controller_dag
[2025-11-12T21:29:09.230-0800] {logging_mixin.py:190} INFO - [2025-11-12T21:29:09.230-0800] {dag.py:4180} INFO - Setting next_dagrun for example_trigger_controller_dag to 2021-01-01 00:00:00+00:00, run_after=2021-01-01 00:00:00+00:00
[2025-11-12T21:29:09.234-0800] {processor.py:208} INFO - Processing /Users/dipinjassal/ml/tmdb_data_warehouse/venv/lib/python3.12/site-packages/airflow/example_dags/example_trigger_controller_dag.py took 0.085 seconds
[2025-11-12T21:30:39.946-0800] {processor.py:186} INFO - Started process (PID=1879) to work on /Users/dipinjassal/ml/tmdb_data_warehouse/venv/lib/python3.12/site-packages/airflow/example_dags/example_trigger_controller_dag.py
[2025-11-12T21:30:39.946-0800] {processor.py:914} INFO - Processing file /Users/dipinjassal/ml/tmdb_data_warehouse/venv/lib/python3.12/site-packages/airflow/example_dags/example_trigger_controller_dag.py for tasks to queue
[2025-11-12T21:30:39.946-0800] {logging_mixin.py:190} INFO - [2025-11-12T21:30:39.946-0800] {dagbag.py:588} INFO - Filling up the DagBag from /Users/dipinjassal/ml/tmdb_data_warehouse/venv/lib/python3.12/site-packages/airflow/example_dags/example_trigger_controller_dag.py
[2025-11-12T21:30:39.949-0800] {processor.py:925} INFO - DAG(s) 'example_trigger_controller_dag' retrieved from /Users/dipinjassal/ml/tmdb_data_warehouse/venv/lib/python3.12/site-packages/airflow/example_dags/example_trigger_controller_dag.py
[2025-11-12T21:30:39.973-0800] {logging_mixin.py:190} INFO - [2025-11-12T21:30:39.973-0800] {dag.py:3239} INFO - Sync 1 DAGs
[2025-11-12T21:30:39.977-0800] {logging_mixin.py:190} INFO - [2025-11-12T21:30:39.977-0800] {dag.py:4180} INFO - Setting next_dagrun for example_trigger_controller_dag to 2021-01-01 00:00:00+00:00, run_after=2021-01-01 00:00:00+00:00
[2025-11-12T21:30:39.982-0800] {processor.py:208} INFO - Processing /Users/dipinjassal/ml/tmdb_data_warehouse/venv/lib/python3.12/site-packages/airflow/example_dags/example_trigger_controller_dag.py took 0.037 seconds
[2025-11-12T21:34:14.293-0800] {processor.py:186} INFO - Started process (PID=2033) to work on /Users/dipinjassal/ml/tmdb_data_warehouse/venv/lib/python3.12/site-packages/airflow/example_dags/example_trigger_controller_dag.py
[2025-11-12T21:34:14.293-0800] {processor.py:914} INFO - Processing file /Users/dipinjassal/ml/tmdb_data_warehouse/venv/lib/python3.12/site-packages/airflow/example_dags/example_trigger_controller_dag.py for tasks to queue
[2025-11-12T21:34:14.294-0800] {logging_mixin.py:190} INFO - [2025-11-12T21:34:14.294-0800] {dagbag.py:588} INFO - Filling up the DagBag from /Users/dipinjassal/ml/tmdb_data_warehouse/venv/lib/python3.12/site-packages/airflow/example_dags/example_trigger_controller_dag.py
[2025-11-12T21:34:14.297-0800] {processor.py:925} INFO - DAG(s) 'example_trigger_controller_dag' retrieved from /Users/dipinjassal/ml/tmdb_data_warehouse/venv/lib/python3.12/site-packages/airflow/example_dags/example_trigger_controller_dag.py
[2025-11-12T21:34:14.320-0800] {logging_mixin.py:190} INFO - [2025-11-12T21:34:14.320-0800] {dag.py:3239} INFO - Sync 1 DAGs
[2025-11-12T21:34:14.324-0800] {logging_mixin.py:190} INFO - [2025-11-12T21:34:14.324-0800] {dag.py:4180} INFO - Setting next_dagrun for example_trigger_controller_dag to 2021-01-01 00:00:00+00:00, run_after=2021-01-01 00:00:00+00:00
[2025-11-12T21:34:14.329-0800] {processor.py:208} INFO - Processing /Users/dipinjassal/ml/tmdb_data_warehouse/venv/lib/python3.12/site-packages/airflow/example_dags/example_trigger_controller_dag.py took 0.037 seconds
[2025-11-12T21:37:08.934-0800] {processor.py:186} INFO - Started process (PID=2122) to work on /Users/dipinjassal/ml/tmdb_data_warehouse/venv/lib/python3.12/site-packages/airflow/example_dags/example_trigger_controller_dag.py
[2025-11-12T21:37:08.934-0800] {processor.py:914} INFO - Processing file /Users/dipinjassal/ml/tmdb_data_warehouse/venv/lib/python3.12/site-packages/airflow/example_dags/example_trigger_controller_dag.py for tasks to queue
[2025-11-12T21:37:08.934-0800] {logging_mixin.py:190} INFO - [2025-11-12T21:37:08.934-0800] {dagbag.py:588} INFO - Filling up the DagBag from /Users/dipinjassal/ml/tmdb_data_warehouse/venv/lib/python3.12/site-packages/airflow/example_dags/example_trigger_controller_dag.py
[2025-11-12T21:37:08.937-0800] {processor.py:925} INFO - DAG(s) 'example_trigger_controller_dag' retrieved from /Users/dipinjassal/ml/tmdb_data_warehouse/venv/lib/python3.12/site-packages/airflow/example_dags/example_trigger_controller_dag.py
[2025-11-12T21:37:08.961-0800] {logging_mixin.py:190} INFO - [2025-11-12T21:37:08.961-0800] {dag.py:3239} INFO - Sync 1 DAGs
[2025-11-12T21:37:08.965-0800] {logging_mixin.py:190} INFO - [2025-11-12T21:37:08.965-0800] {dag.py:4180} INFO - Setting next_dagrun for example_trigger_controller_dag to 2021-01-01 00:00:00+00:00, run_after=2021-01-01 00:00:00+00:00
[2025-11-12T21:37:08.970-0800] {processor.py:208} INFO - Processing /Users/dipinjassal/ml/tmdb_data_warehouse/venv/lib/python3.12/site-packages/airflow/example_dags/example_trigger_controller_dag.py took 0.037 seconds
[2025-11-12T21:50:13.108-0800] {processor.py:186} INFO - Started process (PID=2401) to work on /Users/dipinjassal/ml/tmdb_data_warehouse/venv/lib/python3.12/site-packages/airflow/example_dags/example_trigger_controller_dag.py
[2025-11-12T21:50:13.108-0800] {processor.py:914} INFO - Processing file /Users/dipinjassal/ml/tmdb_data_warehouse/venv/lib/python3.12/site-packages/airflow/example_dags/example_trigger_controller_dag.py for tasks to queue
[2025-11-12T21:50:13.108-0800] {logging_mixin.py:190} INFO - [2025-11-12T21:50:13.108-0800] {dagbag.py:588} INFO - Filling up the DagBag from /Users/dipinjassal/ml/tmdb_data_warehouse/venv/lib/python3.12/site-packages/airflow/example_dags/example_trigger_controller_dag.py
[2025-11-12T21:50:13.111-0800] {processor.py:925} INFO - DAG(s) 'example_trigger_controller_dag' retrieved from /Users/dipinjassal/ml/tmdb_data_warehouse/venv/lib/python3.12/site-packages/airflow/example_dags/example_trigger_controller_dag.py
[2025-11-12T21:50:13.134-0800] {logging_mixin.py:190} INFO - [2025-11-12T21:50:13.134-0800] {dag.py:3239} INFO - Sync 1 DAGs
[2025-11-12T21:50:13.139-0800] {logging_mixin.py:190} INFO - [2025-11-12T21:50:13.138-0800] {dag.py:4180} INFO - Setting next_dagrun for example_trigger_controller_dag to 2021-01-01 00:00:00+00:00, run_after=2021-01-01 00:00:00+00:00
[2025-11-12T21:50:13.143-0800] {processor.py:208} INFO - Processing /Users/dipinjassal/ml/tmdb_data_warehouse/venv/lib/python3.12/site-packages/airflow/example_dags/example_trigger_controller_dag.py took 0.036 seconds
[2025-11-12T21:51:38.198-0800] {processor.py:186} INFO - Started process (PID=2463) to work on /Users/dipinjassal/ml/tmdb_data_warehouse/venv/lib/python3.12/site-packages/airflow/example_dags/example_trigger_controller_dag.py
[2025-11-12T21:51:38.199-0800] {processor.py:914} INFO - Processing file /Users/dipinjassal/ml/tmdb_data_warehouse/venv/lib/python3.12/site-packages/airflow/example_dags/example_trigger_controller_dag.py for tasks to queue
[2025-11-12T21:51:38.199-0800] {logging_mixin.py:190} INFO - [2025-11-12T21:51:38.199-0800] {dagbag.py:588} INFO - Filling up the DagBag from /Users/dipinjassal/ml/tmdb_data_warehouse/venv/lib/python3.12/site-packages/airflow/example_dags/example_trigger_controller_dag.py
[2025-11-12T21:51:38.202-0800] {processor.py:925} INFO - DAG(s) 'example_trigger_controller_dag' retrieved from /Users/dipinjassal/ml/tmdb_data_warehouse/venv/lib/python3.12/site-packages/airflow/example_dags/example_trigger_controller_dag.py
[2025-11-12T21:51:38.226-0800] {logging_mixin.py:190} INFO - [2025-11-12T21:51:38.225-0800] {dag.py:3239} INFO - Sync 1 DAGs
[2025-11-12T21:51:38.230-0800] {logging_mixin.py:190} INFO - [2025-11-12T21:51:38.230-0800] {dag.py:4180} INFO - Setting next_dagrun for example_trigger_controller_dag to 2021-01-01 00:00:00+00:00, run_after=2021-01-01 00:00:00+00:00
[2025-11-12T21:51:38.234-0800] {processor.py:208} INFO - Processing /Users/dipinjassal/ml/tmdb_data_warehouse/venv/lib/python3.12/site-packages/airflow/example_dags/example_trigger_controller_dag.py took 0.037 seconds
[2025-11-12T21:57:15.570-0800] {processor.py:186} INFO - Started process (PID=2539) to work on /Users/dipinjassal/ml/tmdb_data_warehouse/venv/lib/python3.12/site-packages/airflow/example_dags/example_trigger_controller_dag.py
[2025-11-12T21:57:15.570-0800] {processor.py:914} INFO - Processing file /Users/dipinjassal/ml/tmdb_data_warehouse/venv/lib/python3.12/site-packages/airflow/example_dags/example_trigger_controller_dag.py for tasks to queue
[2025-11-12T21:57:15.571-0800] {logging_mixin.py:190} INFO - [2025-11-12T21:57:15.571-0800] {dagbag.py:588} INFO - Filling up the DagBag from /Users/dipinjassal/ml/tmdb_data_warehouse/venv/lib/python3.12/site-packages/airflow/example_dags/example_trigger_controller_dag.py
[2025-11-12T21:57:15.574-0800] {processor.py:925} INFO - DAG(s) 'example_trigger_controller_dag' retrieved from /Users/dipinjassal/ml/tmdb_data_warehouse/venv/lib/python3.12/site-packages/airflow/example_dags/example_trigger_controller_dag.py
[2025-11-12T21:57:15.597-0800] {logging_mixin.py:190} INFO - [2025-11-12T21:57:15.596-0800] {dag.py:3239} INFO - Sync 1 DAGs
[2025-11-12T21:57:15.601-0800] {logging_mixin.py:190} INFO - [2025-11-12T21:57:15.601-0800] {dag.py:4180} INFO - Setting next_dagrun for example_trigger_controller_dag to 2021-01-01 00:00:00+00:00, run_after=2021-01-01 00:00:00+00:00
[2025-11-12T21:57:15.605-0800] {processor.py:208} INFO - Processing /Users/dipinjassal/ml/tmdb_data_warehouse/venv/lib/python3.12/site-packages/airflow/example_dags/example_trigger_controller_dag.py took 0.036 seconds
[2025-11-12T21:58:28.999-0800] {processor.py:186} INFO - Started process (PID=2610) to work on /Users/dipinjassal/ml/tmdb_data_warehouse/venv/lib/python3.12/site-packages/airflow/example_dags/example_trigger_controller_dag.py
[2025-11-12T21:58:28.999-0800] {processor.py:914} INFO - Processing file /Users/dipinjassal/ml/tmdb_data_warehouse/venv/lib/python3.12/site-packages/airflow/example_dags/example_trigger_controller_dag.py for tasks to queue
[2025-11-12T21:58:29.000-0800] {logging_mixin.py:190} INFO - [2025-11-12T21:58:29.000-0800] {dagbag.py:588} INFO - Filling up the DagBag from /Users/dipinjassal/ml/tmdb_data_warehouse/venv/lib/python3.12/site-packages/airflow/example_dags/example_trigger_controller_dag.py
[2025-11-12T21:58:29.002-0800] {processor.py:925} INFO - DAG(s) 'example_trigger_controller_dag' retrieved from /Users/dipinjassal/ml/tmdb_data_warehouse/venv/lib/python3.12/site-packages/airflow/example_dags/example_trigger_controller_dag.py
[2025-11-12T21:58:29.025-0800] {logging_mixin.py:190} INFO - [2025-11-12T21:58:29.025-0800] {dag.py:3239} INFO - Sync 1 DAGs
[2025-11-12T21:58:29.030-0800] {logging_mixin.py:190} INFO - [2025-11-12T21:58:29.030-0800] {dag.py:4180} INFO - Setting next_dagrun for example_trigger_controller_dag to 2021-01-01 00:00:00+00:00, run_after=2021-01-01 00:00:00+00:00
[2025-11-12T21:58:29.034-0800] {processor.py:208} INFO - Processing /Users/dipinjassal/ml/tmdb_data_warehouse/venv/lib/python3.12/site-packages/airflow/example_dags/example_trigger_controller_dag.py took 0.036 seconds
