[2025-11-12T21:29:10.828-0800] {processor.py:186} INFO - Started process (PID=1806) to work on /Users/dipinjassal/ml/tmdb_data_warehouse/venv/lib/python3.12/site-packages/airflow/example_dags/example_time_delta_sensor_async.py
[2025-11-12T21:29:10.828-0800] {processor.py:914} INFO - Processing file /Users/dipinjassal/ml/tmdb_data_warehouse/venv/lib/python3.12/site-packages/airflow/example_dags/example_time_delta_sensor_async.py for tasks to queue
[2025-11-12T21:29:10.828-0800] {logging_mixin.py:190} INFO - [2025-11-12T21:29:10.828-0800] {dagbag.py:588} INFO - Filling up the DagBag from /Users/dipinjassal/ml/tmdb_data_warehouse/venv/lib/python3.12/site-packages/airflow/example_dags/example_time_delta_sensor_async.py
[2025-11-12T21:29:10.830-0800] {processor.py:925} INFO - DAG(s) 'example_time_delta_sensor_async' retrieved from /Users/dipinjassal/ml/tmdb_data_warehouse/venv/lib/python3.12/site-packages/airflow/example_dags/example_time_delta_sensor_async.py
[2025-11-12T21:29:11.032-0800] {logging_mixin.py:190} INFO - [2025-11-12T21:29:11.032-0800] {override.py:1900} INFO - Created Permission View: can read on DAG:example_time_delta_sensor_async
[2025-11-12T21:29:11.034-0800] {logging_mixin.py:190} INFO - [2025-11-12T21:29:11.034-0800] {override.py:1900} INFO - Created Permission View: can edit on DAG:example_time_delta_sensor_async
[2025-11-12T21:29:11.035-0800] {logging_mixin.py:190} INFO - [2025-11-12T21:29:11.035-0800] {override.py:1900} INFO - Created Permission View: can delete on DAG:example_time_delta_sensor_async
[2025-11-12T21:29:11.037-0800] {logging_mixin.py:190} INFO - [2025-11-12T21:29:11.037-0800] {override.py:1900} INFO - Created Permission View: can delete on DAG Run:example_time_delta_sensor_async
[2025-11-12T21:29:11.038-0800] {logging_mixin.py:190} INFO - [2025-11-12T21:29:11.038-0800] {override.py:1900} INFO - Created Permission View: can read on DAG Run:example_time_delta_sensor_async
[2025-11-12T21:29:11.039-0800] {logging_mixin.py:190} INFO - [2025-11-12T21:29:11.039-0800] {override.py:1900} INFO - Created Permission View: menu access on DAG Run:example_time_delta_sensor_async
[2025-11-12T21:29:11.041-0800] {logging_mixin.py:190} INFO - [2025-11-12T21:29:11.041-0800] {override.py:1900} INFO - Created Permission View: can create on DAG Run:example_time_delta_sensor_async
[2025-11-12T21:29:11.041-0800] {logging_mixin.py:190} INFO - [2025-11-12T21:29:11.041-0800] {dag.py:3239} INFO - Sync 1 DAGs
[2025-11-12T21:29:11.044-0800] {logging_mixin.py:190} INFO - [2025-11-12T21:29:11.043-0800] {dag.py:3262} INFO - Creating ORM DAG for example_time_delta_sensor_async
[2025-11-12T21:29:11.044-0800] {logging_mixin.py:190} INFO - [2025-11-12T21:29:11.044-0800] {dag.py:4180} INFO - Setting next_dagrun for example_time_delta_sensor_async to None, run_after=None
[2025-11-12T21:29:11.047-0800] {processor.py:208} INFO - Processing /Users/dipinjassal/ml/tmdb_data_warehouse/venv/lib/python3.12/site-packages/airflow/example_dags/example_time_delta_sensor_async.py took 0.220 seconds
[2025-11-12T21:30:41.584-0800] {processor.py:186} INFO - Started process (PID=1880) to work on /Users/dipinjassal/ml/tmdb_data_warehouse/venv/lib/python3.12/site-packages/airflow/example_dags/example_time_delta_sensor_async.py
[2025-11-12T21:30:41.585-0800] {processor.py:914} INFO - Processing file /Users/dipinjassal/ml/tmdb_data_warehouse/venv/lib/python3.12/site-packages/airflow/example_dags/example_time_delta_sensor_async.py for tasks to queue
[2025-11-12T21:30:41.585-0800] {logging_mixin.py:190} INFO - [2025-11-12T21:30:41.585-0800] {dagbag.py:588} INFO - Filling up the DagBag from /Users/dipinjassal/ml/tmdb_data_warehouse/venv/lib/python3.12/site-packages/airflow/example_dags/example_time_delta_sensor_async.py
[2025-11-12T21:30:41.587-0800] {processor.py:925} INFO - DAG(s) 'example_time_delta_sensor_async' retrieved from /Users/dipinjassal/ml/tmdb_data_warehouse/venv/lib/python3.12/site-packages/airflow/example_dags/example_time_delta_sensor_async.py
[2025-11-12T21:30:41.773-0800] {logging_mixin.py:190} INFO - [2025-11-12T21:30:41.773-0800] {dag.py:3239} INFO - Sync 1 DAGs
[2025-11-12T21:30:41.776-0800] {logging_mixin.py:190} INFO - [2025-11-12T21:30:41.776-0800] {dag.py:4180} INFO - Setting next_dagrun for example_time_delta_sensor_async to None, run_after=None
[2025-11-12T21:30:41.781-0800] {processor.py:208} INFO - Processing /Users/dipinjassal/ml/tmdb_data_warehouse/venv/lib/python3.12/site-packages/airflow/example_dags/example_time_delta_sensor_async.py took 0.197 seconds
[2025-11-12T21:34:15.890-0800] {processor.py:186} INFO - Started process (PID=2034) to work on /Users/dipinjassal/ml/tmdb_data_warehouse/venv/lib/python3.12/site-packages/airflow/example_dags/example_time_delta_sensor_async.py
[2025-11-12T21:34:15.890-0800] {processor.py:914} INFO - Processing file /Users/dipinjassal/ml/tmdb_data_warehouse/venv/lib/python3.12/site-packages/airflow/example_dags/example_time_delta_sensor_async.py for tasks to queue
[2025-11-12T21:34:15.890-0800] {logging_mixin.py:190} INFO - [2025-11-12T21:34:15.890-0800] {dagbag.py:588} INFO - Filling up the DagBag from /Users/dipinjassal/ml/tmdb_data_warehouse/venv/lib/python3.12/site-packages/airflow/example_dags/example_time_delta_sensor_async.py
[2025-11-12T21:34:15.892-0800] {processor.py:925} INFO - DAG(s) 'example_time_delta_sensor_async' retrieved from /Users/dipinjassal/ml/tmdb_data_warehouse/venv/lib/python3.12/site-packages/airflow/example_dags/example_time_delta_sensor_async.py
[2025-11-12T21:34:16.071-0800] {logging_mixin.py:190} INFO - [2025-11-12T21:34:16.071-0800] {dag.py:3239} INFO - Sync 1 DAGs
[2025-11-12T21:34:16.074-0800] {logging_mixin.py:190} INFO - [2025-11-12T21:34:16.074-0800] {dag.py:4180} INFO - Setting next_dagrun for example_time_delta_sensor_async to None, run_after=None
[2025-11-12T21:34:16.079-0800] {processor.py:208} INFO - Processing /Users/dipinjassal/ml/tmdb_data_warehouse/venv/lib/python3.12/site-packages/airflow/example_dags/example_time_delta_sensor_async.py took 0.190 seconds
[2025-11-12T21:37:10.550-0800] {processor.py:186} INFO - Started process (PID=2124) to work on /Users/dipinjassal/ml/tmdb_data_warehouse/venv/lib/python3.12/site-packages/airflow/example_dags/example_time_delta_sensor_async.py
[2025-11-12T21:37:10.550-0800] {processor.py:914} INFO - Processing file /Users/dipinjassal/ml/tmdb_data_warehouse/venv/lib/python3.12/site-packages/airflow/example_dags/example_time_delta_sensor_async.py for tasks to queue
[2025-11-12T21:37:10.550-0800] {logging_mixin.py:190} INFO - [2025-11-12T21:37:10.550-0800] {dagbag.py:588} INFO - Filling up the DagBag from /Users/dipinjassal/ml/tmdb_data_warehouse/venv/lib/python3.12/site-packages/airflow/example_dags/example_time_delta_sensor_async.py
[2025-11-12T21:37:10.552-0800] {processor.py:925} INFO - DAG(s) 'example_time_delta_sensor_async' retrieved from /Users/dipinjassal/ml/tmdb_data_warehouse/venv/lib/python3.12/site-packages/airflow/example_dags/example_time_delta_sensor_async.py
[2025-11-12T21:37:10.742-0800] {logging_mixin.py:190} INFO - [2025-11-12T21:37:10.742-0800] {dag.py:3239} INFO - Sync 1 DAGs
[2025-11-12T21:37:10.746-0800] {logging_mixin.py:190} INFO - [2025-11-12T21:37:10.745-0800] {dag.py:4180} INFO - Setting next_dagrun for example_time_delta_sensor_async to None, run_after=None
[2025-11-12T21:37:10.750-0800] {processor.py:208} INFO - Processing /Users/dipinjassal/ml/tmdb_data_warehouse/venv/lib/python3.12/site-packages/airflow/example_dags/example_time_delta_sensor_async.py took 0.201 seconds
[2025-11-12T21:50:14.729-0800] {processor.py:186} INFO - Started process (PID=2402) to work on /Users/dipinjassal/ml/tmdb_data_warehouse/venv/lib/python3.12/site-packages/airflow/example_dags/example_time_delta_sensor_async.py
[2025-11-12T21:50:14.729-0800] {processor.py:914} INFO - Processing file /Users/dipinjassal/ml/tmdb_data_warehouse/venv/lib/python3.12/site-packages/airflow/example_dags/example_time_delta_sensor_async.py for tasks to queue
[2025-11-12T21:50:14.729-0800] {logging_mixin.py:190} INFO - [2025-11-12T21:50:14.729-0800] {dagbag.py:588} INFO - Filling up the DagBag from /Users/dipinjassal/ml/tmdb_data_warehouse/venv/lib/python3.12/site-packages/airflow/example_dags/example_time_delta_sensor_async.py
[2025-11-12T21:50:14.731-0800] {processor.py:925} INFO - DAG(s) 'example_time_delta_sensor_async' retrieved from /Users/dipinjassal/ml/tmdb_data_warehouse/venv/lib/python3.12/site-packages/airflow/example_dags/example_time_delta_sensor_async.py
[2025-11-12T21:50:14.909-0800] {logging_mixin.py:190} INFO - [2025-11-12T21:50:14.909-0800] {dag.py:3239} INFO - Sync 1 DAGs
[2025-11-12T21:50:14.912-0800] {logging_mixin.py:190} INFO - [2025-11-12T21:50:14.912-0800] {dag.py:4180} INFO - Setting next_dagrun for example_time_delta_sensor_async to None, run_after=None
[2025-11-12T21:50:14.917-0800] {processor.py:208} INFO - Processing /Users/dipinjassal/ml/tmdb_data_warehouse/venv/lib/python3.12/site-packages/airflow/example_dags/example_time_delta_sensor_async.py took 0.189 seconds
[2025-11-12T21:51:39.175-0800] {processor.py:186} INFO - Started process (PID=2464) to work on /Users/dipinjassal/ml/tmdb_data_warehouse/venv/lib/python3.12/site-packages/airflow/example_dags/example_time_delta_sensor_async.py
[2025-11-12T21:51:39.175-0800] {processor.py:914} INFO - Processing file /Users/dipinjassal/ml/tmdb_data_warehouse/venv/lib/python3.12/site-packages/airflow/example_dags/example_time_delta_sensor_async.py for tasks to queue
[2025-11-12T21:51:39.175-0800] {logging_mixin.py:190} INFO - [2025-11-12T21:51:39.175-0800] {dagbag.py:588} INFO - Filling up the DagBag from /Users/dipinjassal/ml/tmdb_data_warehouse/venv/lib/python3.12/site-packages/airflow/example_dags/example_time_delta_sensor_async.py
[2025-11-12T21:51:39.178-0800] {processor.py:925} INFO - DAG(s) 'example_time_delta_sensor_async' retrieved from /Users/dipinjassal/ml/tmdb_data_warehouse/venv/lib/python3.12/site-packages/airflow/example_dags/example_time_delta_sensor_async.py
[2025-11-12T21:51:39.390-0800] {logging_mixin.py:190} INFO - [2025-11-12T21:51:39.390-0800] {dag.py:3239} INFO - Sync 1 DAGs
[2025-11-12T21:51:39.394-0800] {logging_mixin.py:190} INFO - [2025-11-12T21:51:39.394-0800] {dag.py:4180} INFO - Setting next_dagrun for example_time_delta_sensor_async to None, run_after=None
[2025-11-12T21:51:39.398-0800] {processor.py:208} INFO - Processing /Users/dipinjassal/ml/tmdb_data_warehouse/venv/lib/python3.12/site-packages/airflow/example_dags/example_time_delta_sensor_async.py took 0.224 seconds
[2025-11-12T21:58:30.635-0800] {processor.py:186} INFO - Started process (PID=2611) to work on /Users/dipinjassal/ml/tmdb_data_warehouse/venv/lib/python3.12/site-packages/airflow/example_dags/example_time_delta_sensor_async.py
[2025-11-12T21:58:30.636-0800] {processor.py:914} INFO - Processing file /Users/dipinjassal/ml/tmdb_data_warehouse/venv/lib/python3.12/site-packages/airflow/example_dags/example_time_delta_sensor_async.py for tasks to queue
[2025-11-12T21:58:30.636-0800] {logging_mixin.py:190} INFO - [2025-11-12T21:58:30.636-0800] {dagbag.py:588} INFO - Filling up the DagBag from /Users/dipinjassal/ml/tmdb_data_warehouse/venv/lib/python3.12/site-packages/airflow/example_dags/example_time_delta_sensor_async.py
[2025-11-12T21:58:30.638-0800] {processor.py:925} INFO - DAG(s) 'example_time_delta_sensor_async' retrieved from /Users/dipinjassal/ml/tmdb_data_warehouse/venv/lib/python3.12/site-packages/airflow/example_dags/example_time_delta_sensor_async.py
[2025-11-12T21:58:30.845-0800] {logging_mixin.py:190} INFO - [2025-11-12T21:58:30.845-0800] {dag.py:3239} INFO - Sync 1 DAGs
[2025-11-12T21:58:30.850-0800] {logging_mixin.py:190} INFO - [2025-11-12T21:58:30.849-0800] {dag.py:4180} INFO - Setting next_dagrun for example_time_delta_sensor_async to None, run_after=None
[2025-11-12T21:58:30.860-0800] {processor.py:208} INFO - Processing /Users/dipinjassal/ml/tmdb_data_warehouse/venv/lib/python3.12/site-packages/airflow/example_dags/example_time_delta_sensor_async.py took 0.226 seconds
