[2025-11-12T21:30:01.522-0800] {processor.py:186} INFO - Started process (PID=1846) to work on /Users/dipinjassal/ml/tmdb_data_warehouse/venv/lib/python3.12/site-packages/airflow/example_dags/example_dataset_alias.py
[2025-11-12T21:30:01.522-0800] {processor.py:914} INFO - Processing file /Users/dipinjassal/ml/tmdb_data_warehouse/venv/lib/python3.12/site-packages/airflow/example_dags/example_dataset_alias.py for tasks to queue
[2025-11-12T21:30:01.522-0800] {logging_mixin.py:190} INFO - [2025-11-12T21:30:01.522-0800] {dagbag.py:588} INFO - Filling up the DagBag from /Users/dipinjassal/ml/tmdb_data_warehouse/venv/lib/python3.12/site-packages/airflow/example_dags/example_dataset_alias.py
[2025-11-12T21:30:01.564-0800] {processor.py:925} INFO - DAG(s) 'dataset_alias_example_alias_producer', 'dataset_s3_bucket_producer', 'dataset_s3_bucket_consumer', 'dataset_alias_example_alias_consumer' retrieved from /Users/dipinjassal/ml/tmdb_data_warehouse/venv/lib/python3.12/site-packages/airflow/example_dags/example_dataset_alias.py
[2025-11-12T21:30:01.609-0800] {logging_mixin.py:190} INFO - [2025-11-12T21:30:01.609-0800] {override.py:1900} INFO - Created Permission View: can delete on DAG:dataset_alias_example_alias_producer
[2025-11-12T21:30:01.611-0800] {logging_mixin.py:190} INFO - [2025-11-12T21:30:01.611-0800] {override.py:1900} INFO - Created Permission View: can edit on DAG:dataset_alias_example_alias_producer
[2025-11-12T21:30:01.612-0800] {logging_mixin.py:190} INFO - [2025-11-12T21:30:01.612-0800] {override.py:1900} INFO - Created Permission View: can read on DAG:dataset_alias_example_alias_producer
[2025-11-12T21:30:01.614-0800] {logging_mixin.py:190} INFO - [2025-11-12T21:30:01.614-0800] {override.py:1900} INFO - Created Permission View: can delete on DAG Run:dataset_alias_example_alias_producer
[2025-11-12T21:30:01.615-0800] {logging_mixin.py:190} INFO - [2025-11-12T21:30:01.615-0800] {override.py:1900} INFO - Created Permission View: can read on DAG Run:dataset_alias_example_alias_producer
[2025-11-12T21:30:01.616-0800] {logging_mixin.py:190} INFO - [2025-11-12T21:30:01.616-0800] {override.py:1900} INFO - Created Permission View: menu access on DAG Run:dataset_alias_example_alias_producer
[2025-11-12T21:30:01.617-0800] {logging_mixin.py:190} INFO - [2025-11-12T21:30:01.617-0800] {override.py:1900} INFO - Created Permission View: can create on DAG Run:dataset_alias_example_alias_producer
[2025-11-12T21:30:01.620-0800] {logging_mixin.py:190} INFO - [2025-11-12T21:30:01.620-0800] {override.py:1900} INFO - Created Permission View: can delete on DAG:dataset_s3_bucket_producer
[2025-11-12T21:30:01.621-0800] {logging_mixin.py:190} INFO - [2025-11-12T21:30:01.621-0800] {override.py:1900} INFO - Created Permission View: can edit on DAG:dataset_s3_bucket_producer
[2025-11-12T21:30:01.622-0800] {logging_mixin.py:190} INFO - [2025-11-12T21:30:01.622-0800] {override.py:1900} INFO - Created Permission View: can read on DAG:dataset_s3_bucket_producer
[2025-11-12T21:30:01.624-0800] {logging_mixin.py:190} INFO - [2025-11-12T21:30:01.624-0800] {override.py:1900} INFO - Created Permission View: can delete on DAG Run:dataset_s3_bucket_producer
[2025-11-12T21:30:01.625-0800] {logging_mixin.py:190} INFO - [2025-11-12T21:30:01.625-0800] {override.py:1900} INFO - Created Permission View: can read on DAG Run:dataset_s3_bucket_producer
[2025-11-12T21:30:01.626-0800] {logging_mixin.py:190} INFO - [2025-11-12T21:30:01.626-0800] {override.py:1900} INFO - Created Permission View: menu access on DAG Run:dataset_s3_bucket_producer
[2025-11-12T21:30:01.627-0800] {logging_mixin.py:190} INFO - [2025-11-12T21:30:01.627-0800] {override.py:1900} INFO - Created Permission View: can create on DAG Run:dataset_s3_bucket_producer
[2025-11-12T21:30:01.630-0800] {logging_mixin.py:190} INFO - [2025-11-12T21:30:01.630-0800] {override.py:1900} INFO - Created Permission View: can delete on DAG:dataset_s3_bucket_consumer
[2025-11-12T21:30:01.631-0800] {logging_mixin.py:190} INFO - [2025-11-12T21:30:01.631-0800] {override.py:1900} INFO - Created Permission View: can edit on DAG:dataset_s3_bucket_consumer
[2025-11-12T21:30:01.632-0800] {logging_mixin.py:190} INFO - [2025-11-12T21:30:01.632-0800] {override.py:1900} INFO - Created Permission View: can read on DAG:dataset_s3_bucket_consumer
[2025-11-12T21:30:01.633-0800] {logging_mixin.py:190} INFO - [2025-11-12T21:30:01.633-0800] {override.py:1900} INFO - Created Permission View: can delete on DAG Run:dataset_s3_bucket_consumer
[2025-11-12T21:30:01.634-0800] {logging_mixin.py:190} INFO - [2025-11-12T21:30:01.634-0800] {override.py:1900} INFO - Created Permission View: can read on DAG Run:dataset_s3_bucket_consumer
[2025-11-12T21:30:01.635-0800] {logging_mixin.py:190} INFO - [2025-11-12T21:30:01.635-0800] {override.py:1900} INFO - Created Permission View: menu access on DAG Run:dataset_s3_bucket_consumer
[2025-11-12T21:30:01.636-0800] {logging_mixin.py:190} INFO - [2025-11-12T21:30:01.636-0800] {override.py:1900} INFO - Created Permission View: can create on DAG Run:dataset_s3_bucket_consumer
[2025-11-12T21:30:01.639-0800] {logging_mixin.py:190} INFO - [2025-11-12T21:30:01.639-0800] {override.py:1900} INFO - Created Permission View: can delete on DAG:dataset_alias_example_alias_consumer
[2025-11-12T21:30:01.640-0800] {logging_mixin.py:190} INFO - [2025-11-12T21:30:01.640-0800] {override.py:1900} INFO - Created Permission View: can edit on DAG:dataset_alias_example_alias_consumer
[2025-11-12T21:30:01.641-0800] {logging_mixin.py:190} INFO - [2025-11-12T21:30:01.641-0800] {override.py:1900} INFO - Created Permission View: can read on DAG:dataset_alias_example_alias_consumer
[2025-11-12T21:30:01.642-0800] {logging_mixin.py:190} INFO - [2025-11-12T21:30:01.642-0800] {override.py:1900} INFO - Created Permission View: can delete on DAG Run:dataset_alias_example_alias_consumer
[2025-11-12T21:30:01.644-0800] {logging_mixin.py:190} INFO - [2025-11-12T21:30:01.643-0800] {override.py:1900} INFO - Created Permission View: can read on DAG Run:dataset_alias_example_alias_consumer
[2025-11-12T21:30:01.645-0800] {logging_mixin.py:190} INFO - [2025-11-12T21:30:01.645-0800] {override.py:1900} INFO - Created Permission View: menu access on DAG Run:dataset_alias_example_alias_consumer
[2025-11-12T21:30:01.646-0800] {logging_mixin.py:190} INFO - [2025-11-12T21:30:01.646-0800] {override.py:1900} INFO - Created Permission View: can create on DAG Run:dataset_alias_example_alias_consumer
[2025-11-12T21:30:01.646-0800] {logging_mixin.py:190} INFO - [2025-11-12T21:30:01.646-0800] {dag.py:3239} INFO - Sync 4 DAGs
[2025-11-12T21:30:01.649-0800] {logging_mixin.py:190} INFO - [2025-11-12T21:30:01.649-0800] {dag.py:3262} INFO - Creating ORM DAG for dataset_alias_example_alias_producer
[2025-11-12T21:30:01.649-0800] {logging_mixin.py:190} INFO - [2025-11-12T21:30:01.649-0800] {dag.py:3262} INFO - Creating ORM DAG for dataset_s3_bucket_consumer
[2025-11-12T21:30:01.649-0800] {logging_mixin.py:190} INFO - [2025-11-12T21:30:01.649-0800] {dag.py:3262} INFO - Creating ORM DAG for dataset_alias_example_alias_consumer
[2025-11-12T21:30:01.649-0800] {logging_mixin.py:190} INFO - [2025-11-12T21:30:01.649-0800] {dag.py:3262} INFO - Creating ORM DAG for dataset_s3_bucket_producer
[2025-11-12T21:30:01.652-0800] {logging_mixin.py:190} INFO - [2025-11-12T21:30:01.652-0800] {dag.py:4180} INFO - Setting next_dagrun for dataset_alias_example_alias_consumer to None, run_after=None
[2025-11-12T21:30:01.652-0800] {logging_mixin.py:190} INFO - [2025-11-12T21:30:01.652-0800] {dag.py:4180} INFO - Setting next_dagrun for dataset_alias_example_alias_producer to None, run_after=None
[2025-11-12T21:30:01.652-0800] {logging_mixin.py:190} INFO - [2025-11-12T21:30:01.652-0800] {dag.py:4180} INFO - Setting next_dagrun for dataset_s3_bucket_consumer to None, run_after=None
[2025-11-12T21:30:01.652-0800] {logging_mixin.py:190} INFO - [2025-11-12T21:30:01.652-0800] {dag.py:4180} INFO - Setting next_dagrun for dataset_s3_bucket_producer to None, run_after=None
[2025-11-12T21:30:01.796-0800] {processor.py:208} INFO - Processing /Users/dipinjassal/ml/tmdb_data_warehouse/venv/lib/python3.12/site-packages/airflow/example_dags/example_dataset_alias.py took 0.275 seconds
[2025-11-12T21:37:56.995-0800] {processor.py:186} INFO - Started process (PID=2161) to work on /Users/dipinjassal/ml/tmdb_data_warehouse/venv/lib/python3.12/site-packages/airflow/example_dags/example_dataset_alias.py
[2025-11-12T21:37:56.995-0800] {processor.py:914} INFO - Processing file /Users/dipinjassal/ml/tmdb_data_warehouse/venv/lib/python3.12/site-packages/airflow/example_dags/example_dataset_alias.py for tasks to queue
[2025-11-12T21:37:56.996-0800] {logging_mixin.py:190} INFO - [2025-11-12T21:37:56.995-0800] {dagbag.py:588} INFO - Filling up the DagBag from /Users/dipinjassal/ml/tmdb_data_warehouse/venv/lib/python3.12/site-packages/airflow/example_dags/example_dataset_alias.py
[2025-11-12T21:37:57.047-0800] {processor.py:925} INFO - DAG(s) 'dataset_alias_example_alias_consumer', 'dataset_s3_bucket_producer', 'dataset_alias_example_alias_producer', 'dataset_s3_bucket_consumer' retrieved from /Users/dipinjassal/ml/tmdb_data_warehouse/venv/lib/python3.12/site-packages/airflow/example_dags/example_dataset_alias.py
[2025-11-12T21:37:57.075-0800] {logging_mixin.py:190} INFO - [2025-11-12T21:37:57.075-0800] {dag.py:3239} INFO - Sync 4 DAGs
[2025-11-12T21:37:57.079-0800] {logging_mixin.py:190} INFO - [2025-11-12T21:37:57.079-0800] {dag.py:4180} INFO - Setting next_dagrun for dataset_alias_example_alias_consumer to None, run_after=None
[2025-11-12T21:37:57.080-0800] {logging_mixin.py:190} INFO - [2025-11-12T21:37:57.080-0800] {dag.py:4180} INFO - Setting next_dagrun for dataset_alias_example_alias_producer to None, run_after=None
[2025-11-12T21:37:57.080-0800] {logging_mixin.py:190} INFO - [2025-11-12T21:37:57.080-0800] {dag.py:4180} INFO - Setting next_dagrun for dataset_s3_bucket_consumer to None, run_after=None
[2025-11-12T21:37:57.080-0800] {logging_mixin.py:190} INFO - [2025-11-12T21:37:57.080-0800] {dag.py:4180} INFO - Setting next_dagrun for dataset_s3_bucket_producer to None, run_after=None
[2025-11-12T21:37:57.085-0800] {processor.py:208} INFO - Processing /Users/dipinjassal/ml/tmdb_data_warehouse/venv/lib/python3.12/site-packages/airflow/example_dags/example_dataset_alias.py took 0.092 seconds
[2025-11-12T21:50:59.868-0800] {processor.py:186} INFO - Started process (PID=2436) to work on /Users/dipinjassal/ml/tmdb_data_warehouse/venv/lib/python3.12/site-packages/airflow/example_dags/example_dataset_alias.py
[2025-11-12T21:50:59.868-0800] {processor.py:914} INFO - Processing file /Users/dipinjassal/ml/tmdb_data_warehouse/venv/lib/python3.12/site-packages/airflow/example_dags/example_dataset_alias.py for tasks to queue
[2025-11-12T21:50:59.869-0800] {logging_mixin.py:190} INFO - [2025-11-12T21:50:59.869-0800] {dagbag.py:588} INFO - Filling up the DagBag from /Users/dipinjassal/ml/tmdb_data_warehouse/venv/lib/python3.12/site-packages/airflow/example_dags/example_dataset_alias.py
[2025-11-12T21:50:59.909-0800] {processor.py:925} INFO - DAG(s) 'dataset_s3_bucket_consumer', 'dataset_s3_bucket_producer', 'dataset_alias_example_alias_producer', 'dataset_alias_example_alias_consumer' retrieved from /Users/dipinjassal/ml/tmdb_data_warehouse/venv/lib/python3.12/site-packages/airflow/example_dags/example_dataset_alias.py
[2025-11-12T21:50:59.934-0800] {logging_mixin.py:190} INFO - [2025-11-12T21:50:59.934-0800] {dag.py:3239} INFO - Sync 4 DAGs
[2025-11-12T21:50:59.939-0800] {logging_mixin.py:190} INFO - [2025-11-12T21:50:59.939-0800] {dag.py:4180} INFO - Setting next_dagrun for dataset_alias_example_alias_consumer to None, run_after=None
[2025-11-12T21:50:59.939-0800] {logging_mixin.py:190} INFO - [2025-11-12T21:50:59.939-0800] {dag.py:4180} INFO - Setting next_dagrun for dataset_alias_example_alias_producer to None, run_after=None
[2025-11-12T21:50:59.939-0800] {logging_mixin.py:190} INFO - [2025-11-12T21:50:59.939-0800] {dag.py:4180} INFO - Setting next_dagrun for dataset_s3_bucket_consumer to None, run_after=None
[2025-11-12T21:50:59.939-0800] {logging_mixin.py:190} INFO - [2025-11-12T21:50:59.939-0800] {dag.py:4180} INFO - Setting next_dagrun for dataset_s3_bucket_producer to None, run_after=None
[2025-11-12T21:50:59.945-0800] {processor.py:208} INFO - Processing /Users/dipinjassal/ml/tmdb_data_warehouse/venv/lib/python3.12/site-packages/airflow/example_dags/example_dataset_alias.py took 0.077 seconds
