[2025-11-12T21:30:14.661-0800] {processor.py:186} INFO - Started process (PID=1861) to work on /Users/dipinjassal/ml/tmdb_data_warehouse/venv/lib/python3.12/site-packages/airflow/example_dags/example_bash_operator.py
[2025-11-12T21:30:14.662-0800] {processor.py:914} INFO - Processing file /Users/dipinjassal/ml/tmdb_data_warehouse/venv/lib/python3.12/site-packages/airflow/example_dags/example_bash_operator.py for tasks to queue
[2025-11-12T21:30:14.662-0800] {logging_mixin.py:190} INFO - [2025-11-12T21:30:14.662-0800] {dagbag.py:588} INFO - Filling up the DagBag from /Users/dipinjassal/ml/tmdb_data_warehouse/venv/lib/python3.12/site-packages/airflow/example_dags/example_bash_operator.py
[2025-11-12T21:30:14.665-0800] {processor.py:925} INFO - DAG(s) 'example_bash_operator' retrieved from /Users/dipinjassal/ml/tmdb_data_warehouse/venv/lib/python3.12/site-packages/airflow/example_dags/example_bash_operator.py
[2025-11-12T21:30:14.733-0800] {logging_mixin.py:190} INFO - [2025-11-12T21:30:14.733-0800] {override.py:1900} INFO - Created Permission View: can read on DAG:example_bash_operator
[2025-11-12T21:30:14.735-0800] {logging_mixin.py:190} INFO - [2025-11-12T21:30:14.735-0800] {override.py:1900} INFO - Created Permission View: can delete on DAG:example_bash_operator
[2025-11-12T21:30:14.737-0800] {logging_mixin.py:190} INFO - [2025-11-12T21:30:14.737-0800] {override.py:1900} INFO - Created Permission View: can edit on DAG:example_bash_operator
[2025-11-12T21:30:14.738-0800] {logging_mixin.py:190} INFO - [2025-11-12T21:30:14.738-0800] {override.py:1900} INFO - Created Permission View: can create on DAG Run:example_bash_operator
[2025-11-12T21:30:14.740-0800] {logging_mixin.py:190} INFO - [2025-11-12T21:30:14.740-0800] {override.py:1900} INFO - Created Permission View: can read on DAG Run:example_bash_operator
[2025-11-12T21:30:14.741-0800] {logging_mixin.py:190} INFO - [2025-11-12T21:30:14.741-0800] {override.py:1900} INFO - Created Permission View: can delete on DAG Run:example_bash_operator
[2025-11-12T21:30:14.742-0800] {logging_mixin.py:190} INFO - [2025-11-12T21:30:14.742-0800] {override.py:1900} INFO - Created Permission View: menu access on DAG Run:example_bash_operator
[2025-11-12T21:30:14.742-0800] {logging_mixin.py:190} INFO - [2025-11-12T21:30:14.742-0800] {dag.py:3239} INFO - Sync 1 DAGs
[2025-11-12T21:30:14.745-0800] {logging_mixin.py:190} INFO - [2025-11-12T21:30:14.745-0800] {dag.py:3262} INFO - Creating ORM DAG for example_bash_operator
[2025-11-12T21:30:14.748-0800] {logging_mixin.py:190} INFO - [2025-11-12T21:30:14.748-0800] {dag.py:4180} INFO - Setting next_dagrun for example_bash_operator to 2025-11-12 00:00:00+00:00, run_after=2025-11-13 00:00:00+00:00
[2025-11-12T21:30:14.752-0800] {processor.py:208} INFO - Processing /Users/dipinjassal/ml/tmdb_data_warehouse/venv/lib/python3.12/site-packages/airflow/example_dags/example_bash_operator.py took 0.091 seconds
[2025-11-12T21:38:10.024-0800] {processor.py:186} INFO - Started process (PID=2173) to work on /Users/dipinjassal/ml/tmdb_data_warehouse/venv/lib/python3.12/site-packages/airflow/example_dags/example_bash_operator.py
[2025-11-12T21:38:10.024-0800] {processor.py:914} INFO - Processing file /Users/dipinjassal/ml/tmdb_data_warehouse/venv/lib/python3.12/site-packages/airflow/example_dags/example_bash_operator.py for tasks to queue
[2025-11-12T21:38:10.024-0800] {logging_mixin.py:190} INFO - [2025-11-12T21:38:10.024-0800] {dagbag.py:588} INFO - Filling up the DagBag from /Users/dipinjassal/ml/tmdb_data_warehouse/venv/lib/python3.12/site-packages/airflow/example_dags/example_bash_operator.py
[2025-11-12T21:38:10.027-0800] {processor.py:925} INFO - DAG(s) 'example_bash_operator' retrieved from /Users/dipinjassal/ml/tmdb_data_warehouse/venv/lib/python3.12/site-packages/airflow/example_dags/example_bash_operator.py
[2025-11-12T21:38:10.056-0800] {logging_mixin.py:190} INFO - [2025-11-12T21:38:10.056-0800] {dag.py:3239} INFO - Sync 1 DAGs
[2025-11-12T21:38:10.061-0800] {logging_mixin.py:190} INFO - [2025-11-12T21:38:10.061-0800] {dag.py:4180} INFO - Setting next_dagrun for example_bash_operator to 2025-11-12 00:00:00+00:00, run_after=2025-11-13 00:00:00+00:00
[2025-11-12T21:38:10.066-0800] {processor.py:208} INFO - Processing /Users/dipinjassal/ml/tmdb_data_warehouse/venv/lib/python3.12/site-packages/airflow/example_dags/example_bash_operator.py took 0.043 seconds
[2025-11-12T21:51:12.834-0800] {processor.py:186} INFO - Started process (PID=2446) to work on /Users/dipinjassal/ml/tmdb_data_warehouse/venv/lib/python3.12/site-packages/airflow/example_dags/example_bash_operator.py
[2025-11-12T21:51:12.834-0800] {processor.py:914} INFO - Processing file /Users/dipinjassal/ml/tmdb_data_warehouse/venv/lib/python3.12/site-packages/airflow/example_dags/example_bash_operator.py for tasks to queue
[2025-11-12T21:51:12.835-0800] {logging_mixin.py:190} INFO - [2025-11-12T21:51:12.835-0800] {dagbag.py:588} INFO - Filling up the DagBag from /Users/dipinjassal/ml/tmdb_data_warehouse/venv/lib/python3.12/site-packages/airflow/example_dags/example_bash_operator.py
[2025-11-12T21:51:12.838-0800] {processor.py:925} INFO - DAG(s) 'example_bash_operator' retrieved from /Users/dipinjassal/ml/tmdb_data_warehouse/venv/lib/python3.12/site-packages/airflow/example_dags/example_bash_operator.py
[2025-11-12T21:51:12.864-0800] {logging_mixin.py:190} INFO - [2025-11-12T21:51:12.864-0800] {dag.py:3239} INFO - Sync 1 DAGs
[2025-11-12T21:51:12.869-0800] {logging_mixin.py:190} INFO - [2025-11-12T21:51:12.869-0800] {dag.py:4180} INFO - Setting next_dagrun for example_bash_operator to 2025-11-12 00:00:00+00:00, run_after=2025-11-13 00:00:00+00:00
[2025-11-12T21:51:12.874-0800] {processor.py:208} INFO - Processing /Users/dipinjassal/ml/tmdb_data_warehouse/venv/lib/python3.12/site-packages/airflow/example_dags/example_bash_operator.py took 0.040 seconds
