[2025-11-12T21:29:47.013-0800] {processor.py:186} INFO - Started process (PID=1831) to work on /Users/dipinjassal/ml/tmdb_data_warehouse/venv/lib/python3.12/site-packages/airflow/example_dags/example_latest_only.py
[2025-11-12T21:29:47.013-0800] {processor.py:914} INFO - Processing file /Users/dipinjassal/ml/tmdb_data_warehouse/venv/lib/python3.12/site-packages/airflow/example_dags/example_latest_only.py for tasks to queue
[2025-11-12T21:29:47.013-0800] {logging_mixin.py:190} INFO - [2025-11-12T21:29:47.013-0800] {dagbag.py:588} INFO - Filling up the DagBag from /Users/dipinjassal/ml/tmdb_data_warehouse/venv/lib/python3.12/site-packages/airflow/example_dags/example_latest_only.py
[2025-11-12T21:29:47.015-0800] {processor.py:925} INFO - DAG(s) 'latest_only' retrieved from /Users/dipinjassal/ml/tmdb_data_warehouse/venv/lib/python3.12/site-packages/airflow/example_dags/example_latest_only.py
[2025-11-12T21:29:47.080-0800] {logging_mixin.py:190} INFO - [2025-11-12T21:29:47.080-0800] {override.py:1900} INFO - Created Permission View: can read on DAG:latest_only
[2025-11-12T21:29:47.082-0800] {logging_mixin.py:190} INFO - [2025-11-12T21:29:47.082-0800] {override.py:1900} INFO - Created Permission View: can delete on DAG:latest_only
[2025-11-12T21:29:47.084-0800] {logging_mixin.py:190} INFO - [2025-11-12T21:29:47.084-0800] {override.py:1900} INFO - Created Permission View: can edit on DAG:latest_only
[2025-11-12T21:29:47.085-0800] {logging_mixin.py:190} INFO - [2025-11-12T21:29:47.085-0800] {override.py:1900} INFO - Created Permission View: can read on DAG Run:latest_only
[2025-11-12T21:29:47.086-0800] {logging_mixin.py:190} INFO - [2025-11-12T21:29:47.086-0800] {override.py:1900} INFO - Created Permission View: can delete on DAG Run:latest_only
[2025-11-12T21:29:47.088-0800] {logging_mixin.py:190} INFO - [2025-11-12T21:29:47.087-0800] {override.py:1900} INFO - Created Permission View: can create on DAG Run:latest_only
[2025-11-12T21:29:47.089-0800] {logging_mixin.py:190} INFO - [2025-11-12T21:29:47.089-0800] {override.py:1900} INFO - Created Permission View: menu access on DAG Run:latest_only
[2025-11-12T21:29:47.089-0800] {logging_mixin.py:190} INFO - [2025-11-12T21:29:47.089-0800] {dag.py:3239} INFO - Sync 1 DAGs
[2025-11-12T21:29:47.092-0800] {logging_mixin.py:190} INFO - [2025-11-12T21:29:47.092-0800] {dag.py:3262} INFO - Creating ORM DAG for latest_only
[2025-11-12T21:29:47.094-0800] {logging_mixin.py:190} INFO - [2025-11-12T21:29:47.094-0800] {dag.py:4180} INFO - Setting next_dagrun for latest_only to 2025-11-13 00:00:00+00:00, run_after=2025-11-13 04:00:00+00:00
[2025-11-12T21:29:47.098-0800] {processor.py:208} INFO - Processing /Users/dipinjassal/ml/tmdb_data_warehouse/venv/lib/python3.12/site-packages/airflow/example_dags/example_latest_only.py took 0.086 seconds
[2025-11-12T21:31:11.907-0800] {processor.py:186} INFO - Started process (PID=1907) to work on /Users/dipinjassal/ml/tmdb_data_warehouse/venv/lib/python3.12/site-packages/airflow/example_dags/example_latest_only.py
[2025-11-12T21:31:11.907-0800] {processor.py:914} INFO - Processing file /Users/dipinjassal/ml/tmdb_data_warehouse/venv/lib/python3.12/site-packages/airflow/example_dags/example_latest_only.py for tasks to queue
[2025-11-12T21:31:11.908-0800] {logging_mixin.py:190} INFO - [2025-11-12T21:31:11.907-0800] {dagbag.py:588} INFO - Filling up the DagBag from /Users/dipinjassal/ml/tmdb_data_warehouse/venv/lib/python3.12/site-packages/airflow/example_dags/example_latest_only.py
[2025-11-12T21:31:11.909-0800] {processor.py:925} INFO - DAG(s) 'latest_only' retrieved from /Users/dipinjassal/ml/tmdb_data_warehouse/venv/lib/python3.12/site-packages/airflow/example_dags/example_latest_only.py
[2025-11-12T21:31:11.935-0800] {logging_mixin.py:190} INFO - [2025-11-12T21:31:11.935-0800] {dag.py:3239} INFO - Sync 1 DAGs
[2025-11-12T21:31:11.940-0800] {logging_mixin.py:190} INFO - [2025-11-12T21:31:11.940-0800] {dag.py:4180} INFO - Setting next_dagrun for latest_only to 2025-11-13 00:00:00+00:00, run_after=2025-11-13 04:00:00+00:00
[2025-11-12T21:31:11.945-0800] {processor.py:208} INFO - Processing /Users/dipinjassal/ml/tmdb_data_warehouse/venv/lib/python3.12/site-packages/airflow/example_dags/example_latest_only.py took 0.039 seconds
[2025-11-12T21:34:47.050-0800] {processor.py:186} INFO - Started process (PID=2057) to work on /Users/dipinjassal/ml/tmdb_data_warehouse/venv/lib/python3.12/site-packages/airflow/example_dags/example_latest_only.py
[2025-11-12T21:34:47.051-0800] {processor.py:914} INFO - Processing file /Users/dipinjassal/ml/tmdb_data_warehouse/venv/lib/python3.12/site-packages/airflow/example_dags/example_latest_only.py for tasks to queue
[2025-11-12T21:34:47.051-0800] {logging_mixin.py:190} INFO - [2025-11-12T21:34:47.051-0800] {dagbag.py:588} INFO - Filling up the DagBag from /Users/dipinjassal/ml/tmdb_data_warehouse/venv/lib/python3.12/site-packages/airflow/example_dags/example_latest_only.py
[2025-11-12T21:34:47.053-0800] {processor.py:925} INFO - DAG(s) 'latest_only' retrieved from /Users/dipinjassal/ml/tmdb_data_warehouse/venv/lib/python3.12/site-packages/airflow/example_dags/example_latest_only.py
[2025-11-12T21:34:47.078-0800] {logging_mixin.py:190} INFO - [2025-11-12T21:34:47.077-0800] {dag.py:3239} INFO - Sync 1 DAGs
[2025-11-12T21:34:47.082-0800] {logging_mixin.py:190} INFO - [2025-11-12T21:34:47.082-0800] {dag.py:4180} INFO - Setting next_dagrun for latest_only to 2025-11-13 00:00:00+00:00, run_after=2025-11-13 04:00:00+00:00
[2025-11-12T21:34:47.087-0800] {processor.py:208} INFO - Processing /Users/dipinjassal/ml/tmdb_data_warehouse/venv/lib/python3.12/site-packages/airflow/example_dags/example_latest_only.py took 0.037 seconds
[2025-11-12T21:37:43.949-0800] {processor.py:186} INFO - Started process (PID=2150) to work on /Users/dipinjassal/ml/tmdb_data_warehouse/venv/lib/python3.12/site-packages/airflow/example_dags/example_latest_only.py
[2025-11-12T21:37:43.949-0800] {processor.py:914} INFO - Processing file /Users/dipinjassal/ml/tmdb_data_warehouse/venv/lib/python3.12/site-packages/airflow/example_dags/example_latest_only.py for tasks to queue
[2025-11-12T21:37:43.949-0800] {logging_mixin.py:190} INFO - [2025-11-12T21:37:43.949-0800] {dagbag.py:588} INFO - Filling up the DagBag from /Users/dipinjassal/ml/tmdb_data_warehouse/venv/lib/python3.12/site-packages/airflow/example_dags/example_latest_only.py
[2025-11-12T21:37:43.951-0800] {processor.py:925} INFO - DAG(s) 'latest_only' retrieved from /Users/dipinjassal/ml/tmdb_data_warehouse/venv/lib/python3.12/site-packages/airflow/example_dags/example_latest_only.py
[2025-11-12T21:37:43.979-0800] {logging_mixin.py:190} INFO - [2025-11-12T21:37:43.979-0800] {dag.py:3239} INFO - Sync 1 DAGs
[2025-11-12T21:37:43.984-0800] {logging_mixin.py:190} INFO - [2025-11-12T21:37:43.984-0800] {dag.py:4180} INFO - Setting next_dagrun for latest_only to 2025-11-13 00:00:00+00:00, run_after=2025-11-13 04:00:00+00:00
[2025-11-12T21:37:43.990-0800] {processor.py:208} INFO - Processing /Users/dipinjassal/ml/tmdb_data_warehouse/venv/lib/python3.12/site-packages/airflow/example_dags/example_latest_only.py took 0.042 seconds
[2025-11-12T21:50:45.884-0800] {processor.py:186} INFO - Started process (PID=2427) to work on /Users/dipinjassal/ml/tmdb_data_warehouse/venv/lib/python3.12/site-packages/airflow/example_dags/example_latest_only.py
[2025-11-12T21:50:45.884-0800] {processor.py:914} INFO - Processing file /Users/dipinjassal/ml/tmdb_data_warehouse/venv/lib/python3.12/site-packages/airflow/example_dags/example_latest_only.py for tasks to queue
[2025-11-12T21:50:45.884-0800] {logging_mixin.py:190} INFO - [2025-11-12T21:50:45.884-0800] {dagbag.py:588} INFO - Filling up the DagBag from /Users/dipinjassal/ml/tmdb_data_warehouse/venv/lib/python3.12/site-packages/airflow/example_dags/example_latest_only.py
[2025-11-12T21:50:45.886-0800] {processor.py:925} INFO - DAG(s) 'latest_only' retrieved from /Users/dipinjassal/ml/tmdb_data_warehouse/venv/lib/python3.12/site-packages/airflow/example_dags/example_latest_only.py
[2025-11-12T21:50:45.911-0800] {logging_mixin.py:190} INFO - [2025-11-12T21:50:45.911-0800] {dag.py:3239} INFO - Sync 1 DAGs
[2025-11-12T21:50:45.915-0800] {logging_mixin.py:190} INFO - [2025-11-12T21:50:45.915-0800] {dag.py:4180} INFO - Setting next_dagrun for latest_only to 2025-11-13 00:00:00+00:00, run_after=2025-11-13 04:00:00+00:00
[2025-11-12T21:50:45.920-0800] {processor.py:208} INFO - Processing /Users/dipinjassal/ml/tmdb_data_warehouse/venv/lib/python3.12/site-packages/airflow/example_dags/example_latest_only.py took 0.037 seconds
