[2025-11-12T21:30:05.540-0800] {processor.py:186} INFO - Started process (PID=1849) to work on /Users/dipinjassal/ml/tmdb_data_warehouse/venv/lib/python3.12/site-packages/airflow/example_dags/example_branch_python_dop_operator_3.py
[2025-11-12T21:30:05.540-0800] {processor.py:914} INFO - Processing file /Users/dipinjassal/ml/tmdb_data_warehouse/venv/lib/python3.12/site-packages/airflow/example_dags/example_branch_python_dop_operator_3.py for tasks to queue
[2025-11-12T21:30:05.540-0800] {logging_mixin.py:190} INFO - [2025-11-12T21:30:05.540-0800] {dagbag.py:588} INFO - Filling up the DagBag from /Users/dipinjassal/ml/tmdb_data_warehouse/venv/lib/python3.12/site-packages/airflow/example_dags/example_branch_python_dop_operator_3.py
[2025-11-12T21:30:05.554-0800] {processor.py:925} INFO - DAG(s) 'example_branch_dop_operator_v3' retrieved from /Users/dipinjassal/ml/tmdb_data_warehouse/venv/lib/python3.12/site-packages/airflow/example_dags/example_branch_python_dop_operator_3.py
[2025-11-12T21:30:05.636-0800] {logging_mixin.py:190} INFO - [2025-11-12T21:30:05.635-0800] {override.py:1900} INFO - Created Permission View: can delete on DAG:example_branch_dop_operator_v3
[2025-11-12T21:30:05.638-0800] {logging_mixin.py:190} INFO - [2025-11-12T21:30:05.638-0800] {override.py:1900} INFO - Created Permission View: can read on DAG:example_branch_dop_operator_v3
[2025-11-12T21:30:05.640-0800] {logging_mixin.py:190} INFO - [2025-11-12T21:30:05.639-0800] {override.py:1900} INFO - Created Permission View: can edit on DAG:example_branch_dop_operator_v3
[2025-11-12T21:30:05.641-0800] {logging_mixin.py:190} INFO - [2025-11-12T21:30:05.641-0800] {override.py:1900} INFO - Created Permission View: can create on DAG Run:example_branch_dop_operator_v3
[2025-11-12T21:30:05.643-0800] {logging_mixin.py:190} INFO - [2025-11-12T21:30:05.643-0800] {override.py:1900} INFO - Created Permission View: can read on DAG Run:example_branch_dop_operator_v3
[2025-11-12T21:30:05.644-0800] {logging_mixin.py:190} INFO - [2025-11-12T21:30:05.644-0800] {override.py:1900} INFO - Created Permission View: menu access on DAG Run:example_branch_dop_operator_v3
[2025-11-12T21:30:05.645-0800] {logging_mixin.py:190} INFO - [2025-11-12T21:30:05.645-0800] {override.py:1900} INFO - Created Permission View: can delete on DAG Run:example_branch_dop_operator_v3
[2025-11-12T21:30:05.646-0800] {logging_mixin.py:190} INFO - [2025-11-12T21:30:05.646-0800] {dag.py:3239} INFO - Sync 1 DAGs
[2025-11-12T21:30:05.649-0800] {logging_mixin.py:190} INFO - [2025-11-12T21:30:05.649-0800] {dag.py:3262} INFO - Creating ORM DAG for example_branch_dop_operator_v3
[2025-11-12T21:30:05.652-0800] {logging_mixin.py:190} INFO - [2025-11-12T21:30:05.652-0800] {dag.py:4180} INFO - Setting next_dagrun for example_branch_dop_operator_v3 to 2025-11-13 05:29:00+00:00, run_after=2025-11-13 05:30:00+00:00
[2025-11-12T21:30:05.657-0800] {processor.py:208} INFO - Processing /Users/dipinjassal/ml/tmdb_data_warehouse/venv/lib/python3.12/site-packages/airflow/example_dags/example_branch_python_dop_operator_3.py took 0.118 seconds
[2025-11-12T21:38:01.014-0800] {processor.py:186} INFO - Started process (PID=2164) to work on /Users/dipinjassal/ml/tmdb_data_warehouse/venv/lib/python3.12/site-packages/airflow/example_dags/example_branch_python_dop_operator_3.py
[2025-11-12T21:38:01.014-0800] {processor.py:914} INFO - Processing file /Users/dipinjassal/ml/tmdb_data_warehouse/venv/lib/python3.12/site-packages/airflow/example_dags/example_branch_python_dop_operator_3.py for tasks to queue
[2025-11-12T21:38:01.014-0800] {logging_mixin.py:190} INFO - [2025-11-12T21:38:01.014-0800] {dagbag.py:588} INFO - Filling up the DagBag from /Users/dipinjassal/ml/tmdb_data_warehouse/venv/lib/python3.12/site-packages/airflow/example_dags/example_branch_python_dop_operator_3.py
[2025-11-12T21:38:01.026-0800] {processor.py:925} INFO - DAG(s) 'example_branch_dop_operator_v3' retrieved from /Users/dipinjassal/ml/tmdb_data_warehouse/venv/lib/python3.12/site-packages/airflow/example_dags/example_branch_python_dop_operator_3.py
[2025-11-12T21:38:01.053-0800] {logging_mixin.py:190} INFO - [2025-11-12T21:38:01.052-0800] {dag.py:3239} INFO - Sync 1 DAGs
[2025-11-12T21:38:01.081-0800] {logging_mixin.py:190} INFO - [2025-11-12T21:38:01.081-0800] {dag.py:4180} INFO - Setting next_dagrun for example_branch_dop_operator_v3 to 2025-11-13 05:37:00+00:00, run_after=2025-11-13 05:38:00+00:00
[2025-11-12T21:38:01.086-0800] {processor.py:208} INFO - Processing /Users/dipinjassal/ml/tmdb_data_warehouse/venv/lib/python3.12/site-packages/airflow/example_dags/example_branch_python_dop_operator_3.py took 0.073 seconds
[2025-11-12T21:51:04.755-0800] {processor.py:186} INFO - Started process (PID=2439) to work on /Users/dipinjassal/ml/tmdb_data_warehouse/venv/lib/python3.12/site-packages/airflow/example_dags/example_branch_python_dop_operator_3.py
[2025-11-12T21:51:04.756-0800] {processor.py:914} INFO - Processing file /Users/dipinjassal/ml/tmdb_data_warehouse/venv/lib/python3.12/site-packages/airflow/example_dags/example_branch_python_dop_operator_3.py for tasks to queue
[2025-11-12T21:51:04.756-0800] {logging_mixin.py:190} INFO - [2025-11-12T21:51:04.756-0800] {dagbag.py:588} INFO - Filling up the DagBag from /Users/dipinjassal/ml/tmdb_data_warehouse/venv/lib/python3.12/site-packages/airflow/example_dags/example_branch_python_dop_operator_3.py
[2025-11-12T21:51:04.767-0800] {processor.py:925} INFO - DAG(s) 'example_branch_dop_operator_v3' retrieved from /Users/dipinjassal/ml/tmdb_data_warehouse/venv/lib/python3.12/site-packages/airflow/example_dags/example_branch_python_dop_operator_3.py
[2025-11-12T21:51:04.790-0800] {logging_mixin.py:190} INFO - [2025-11-12T21:51:04.790-0800] {dag.py:3239} INFO - Sync 1 DAGs
[2025-11-12T21:51:04.814-0800] {logging_mixin.py:190} INFO - [2025-11-12T21:51:04.814-0800] {dag.py:4180} INFO - Setting next_dagrun for example_branch_dop_operator_v3 to 2025-11-13 05:50:00+00:00, run_after=2025-11-13 05:51:00+00:00
[2025-11-12T21:51:04.818-0800] {processor.py:208} INFO - Processing /Users/dipinjassal/ml/tmdb_data_warehouse/venv/lib/python3.12/site-packages/airflow/example_dags/example_branch_python_dop_operator_3.py took 0.064 seconds
