[2025-11-12T21:29:57.688-0800] {processor.py:186} INFO - Started process (PID=1841) to work on /Users/dipinjassal/ml/tmdb_data_warehouse/venv/lib/python3.12/site-packages/airflow/example_dags/example_datasets.py
[2025-11-12T21:29:57.688-0800] {processor.py:914} INFO - Processing file /Users/dipinjassal/ml/tmdb_data_warehouse/venv/lib/python3.12/site-packages/airflow/example_dags/example_datasets.py for tasks to queue
[2025-11-12T21:29:57.689-0800] {logging_mixin.py:190} INFO - [2025-11-12T21:29:57.689-0800] {dagbag.py:588} INFO - Filling up the DagBag from /Users/dipinjassal/ml/tmdb_data_warehouse/venv/lib/python3.12/site-packages/airflow/example_dags/example_datasets.py
[2025-11-12T21:29:57.701-0800] {processor.py:925} INFO - DAG(s) 'dataset_produces_1', 'consume_1_or_both_2_and_3_with_dataset_expressions', 'conditional_dataset_and_time_based_timetable', 'dataset_produces_2', 'consume_1_or_2_with_dataset_expressions', 'dataset_consumes_1_never_scheduled', 'consume_1_and_2_with_dataset_expressions', 'dataset_consumes_1', 'dataset_consumes_1_and_2', 'dataset_consumes_unknown_never_scheduled' retrieved from /Users/dipinjassal/ml/tmdb_data_warehouse/venv/lib/python3.12/site-packages/airflow/example_dags/example_datasets.py
[2025-11-12T21:29:57.766-0800] {logging_mixin.py:190} INFO - [2025-11-12T21:29:57.765-0800] {override.py:1900} INFO - Created Permission View: can edit on DAG:dataset_produces_1
[2025-11-12T21:29:57.768-0800] {logging_mixin.py:190} INFO - [2025-11-12T21:29:57.768-0800] {override.py:1900} INFO - Created Permission View: can delete on DAG:dataset_produces_1
[2025-11-12T21:29:57.769-0800] {logging_mixin.py:190} INFO - [2025-11-12T21:29:57.769-0800] {override.py:1900} INFO - Created Permission View: can read on DAG:dataset_produces_1
[2025-11-12T21:29:57.771-0800] {logging_mixin.py:190} INFO - [2025-11-12T21:29:57.771-0800] {override.py:1900} INFO - Created Permission View: menu access on DAG Run:dataset_produces_1
[2025-11-12T21:29:57.772-0800] {logging_mixin.py:190} INFO - [2025-11-12T21:29:57.772-0800] {override.py:1900} INFO - Created Permission View: can create on DAG Run:dataset_produces_1
[2025-11-12T21:29:57.773-0800] {logging_mixin.py:190} INFO - [2025-11-12T21:29:57.773-0800] {override.py:1900} INFO - Created Permission View: can delete on DAG Run:dataset_produces_1
[2025-11-12T21:29:57.774-0800] {logging_mixin.py:190} INFO - [2025-11-12T21:29:57.774-0800] {override.py:1900} INFO - Created Permission View: can read on DAG Run:dataset_produces_1
[2025-11-12T21:29:57.777-0800] {logging_mixin.py:190} INFO - [2025-11-12T21:29:57.777-0800] {override.py:1900} INFO - Created Permission View: can edit on DAG:consume_1_or_both_2_and_3_with_dataset_expressions
[2025-11-12T21:29:57.778-0800] {logging_mixin.py:190} INFO - [2025-11-12T21:29:57.778-0800] {override.py:1900} INFO - Created Permission View: can delete on DAG:consume_1_or_both_2_and_3_with_dataset_expressions
[2025-11-12T21:29:57.780-0800] {logging_mixin.py:190} INFO - [2025-11-12T21:29:57.780-0800] {override.py:1900} INFO - Created Permission View: can read on DAG:consume_1_or_both_2_and_3_with_dataset_expressions
[2025-11-12T21:29:57.781-0800] {logging_mixin.py:190} INFO - [2025-11-12T21:29:57.781-0800] {override.py:1900} INFO - Created Permission View: menu access on DAG Run:consume_1_or_both_2_and_3_with_dataset_expressions
[2025-11-12T21:29:57.782-0800] {logging_mixin.py:190} INFO - [2025-11-12T21:29:57.782-0800] {override.py:1900} INFO - Created Permission View: can create on DAG Run:consume_1_or_both_2_and_3_with_dataset_expressions
[2025-11-12T21:29:57.784-0800] {logging_mixin.py:190} INFO - [2025-11-12T21:29:57.783-0800] {override.py:1900} INFO - Created Permission View: can delete on DAG Run:consume_1_or_both_2_and_3_with_dataset_expressions
[2025-11-12T21:29:57.785-0800] {logging_mixin.py:190} INFO - [2025-11-12T21:29:57.785-0800] {override.py:1900} INFO - Created Permission View: can read on DAG Run:consume_1_or_both_2_and_3_with_dataset_expressions
[2025-11-12T21:29:57.787-0800] {logging_mixin.py:190} INFO - [2025-11-12T21:29:57.787-0800] {override.py:1900} INFO - Created Permission View: can edit on DAG:conditional_dataset_and_time_based_timetable
[2025-11-12T21:29:57.788-0800] {logging_mixin.py:190} INFO - [2025-11-12T21:29:57.788-0800] {override.py:1900} INFO - Created Permission View: can delete on DAG:conditional_dataset_and_time_based_timetable
[2025-11-12T21:29:57.789-0800] {logging_mixin.py:190} INFO - [2025-11-12T21:29:57.789-0800] {override.py:1900} INFO - Created Permission View: can read on DAG:conditional_dataset_and_time_based_timetable
[2025-11-12T21:29:57.791-0800] {logging_mixin.py:190} INFO - [2025-11-12T21:29:57.791-0800] {override.py:1900} INFO - Created Permission View: menu access on DAG Run:conditional_dataset_and_time_based_timetable
[2025-11-12T21:29:57.792-0800] {logging_mixin.py:190} INFO - [2025-11-12T21:29:57.792-0800] {override.py:1900} INFO - Created Permission View: can create on DAG Run:conditional_dataset_and_time_based_timetable
[2025-11-12T21:29:57.793-0800] {logging_mixin.py:190} INFO - [2025-11-12T21:29:57.793-0800] {override.py:1900} INFO - Created Permission View: can delete on DAG Run:conditional_dataset_and_time_based_timetable
[2025-11-12T21:29:57.794-0800] {logging_mixin.py:190} INFO - [2025-11-12T21:29:57.794-0800] {override.py:1900} INFO - Created Permission View: can read on DAG Run:conditional_dataset_and_time_based_timetable
[2025-11-12T21:29:57.796-0800] {logging_mixin.py:190} INFO - [2025-11-12T21:29:57.796-0800] {override.py:1900} INFO - Created Permission View: can edit on DAG:dataset_produces_2
[2025-11-12T21:29:57.798-0800] {logging_mixin.py:190} INFO - [2025-11-12T21:29:57.797-0800] {override.py:1900} INFO - Created Permission View: can delete on DAG:dataset_produces_2
[2025-11-12T21:29:57.799-0800] {logging_mixin.py:190} INFO - [2025-11-12T21:29:57.799-0800] {override.py:1900} INFO - Created Permission View: can read on DAG:dataset_produces_2
[2025-11-12T21:29:57.800-0800] {logging_mixin.py:190} INFO - [2025-11-12T21:29:57.800-0800] {override.py:1900} INFO - Created Permission View: menu access on DAG Run:dataset_produces_2
[2025-11-12T21:29:57.801-0800] {logging_mixin.py:190} INFO - [2025-11-12T21:29:57.801-0800] {override.py:1900} INFO - Created Permission View: can create on DAG Run:dataset_produces_2
[2025-11-12T21:29:57.802-0800] {logging_mixin.py:190} INFO - [2025-11-12T21:29:57.802-0800] {override.py:1900} INFO - Created Permission View: can delete on DAG Run:dataset_produces_2
[2025-11-12T21:29:57.803-0800] {logging_mixin.py:190} INFO - [2025-11-12T21:29:57.803-0800] {override.py:1900} INFO - Created Permission View: can read on DAG Run:dataset_produces_2
[2025-11-12T21:29:57.805-0800] {logging_mixin.py:190} INFO - [2025-11-12T21:29:57.805-0800] {override.py:1900} INFO - Created Permission View: can edit on DAG:consume_1_or_2_with_dataset_expressions
[2025-11-12T21:29:57.806-0800] {logging_mixin.py:190} INFO - [2025-11-12T21:29:57.806-0800] {override.py:1900} INFO - Created Permission View: can delete on DAG:consume_1_or_2_with_dataset_expressions
[2025-11-12T21:29:57.808-0800] {logging_mixin.py:190} INFO - [2025-11-12T21:29:57.808-0800] {override.py:1900} INFO - Created Permission View: can read on DAG:consume_1_or_2_with_dataset_expressions
[2025-11-12T21:29:57.809-0800] {logging_mixin.py:190} INFO - [2025-11-12T21:29:57.809-0800] {override.py:1900} INFO - Created Permission View: menu access on DAG Run:consume_1_or_2_with_dataset_expressions
[2025-11-12T21:29:57.810-0800] {logging_mixin.py:190} INFO - [2025-11-12T21:29:57.810-0800] {override.py:1900} INFO - Created Permission View: can create on DAG Run:consume_1_or_2_with_dataset_expressions
[2025-11-12T21:29:57.811-0800] {logging_mixin.py:190} INFO - [2025-11-12T21:29:57.811-0800] {override.py:1900} INFO - Created Permission View: can delete on DAG Run:consume_1_or_2_with_dataset_expressions
[2025-11-12T21:29:57.812-0800] {logging_mixin.py:190} INFO - [2025-11-12T21:29:57.812-0800] {override.py:1900} INFO - Created Permission View: can read on DAG Run:consume_1_or_2_with_dataset_expressions
[2025-11-12T21:29:57.815-0800] {logging_mixin.py:190} INFO - [2025-11-12T21:29:57.815-0800] {override.py:1900} INFO - Created Permission View: can edit on DAG:dataset_consumes_1_never_scheduled
[2025-11-12T21:29:57.816-0800] {logging_mixin.py:190} INFO - [2025-11-12T21:29:57.816-0800] {override.py:1900} INFO - Created Permission View: can delete on DAG:dataset_consumes_1_never_scheduled
[2025-11-12T21:29:57.817-0800] {logging_mixin.py:190} INFO - [2025-11-12T21:29:57.817-0800] {override.py:1900} INFO - Created Permission View: can read on DAG:dataset_consumes_1_never_scheduled
[2025-11-12T21:29:57.818-0800] {logging_mixin.py:190} INFO - [2025-11-12T21:29:57.818-0800] {override.py:1900} INFO - Created Permission View: menu access on DAG Run:dataset_consumes_1_never_scheduled
[2025-11-12T21:29:57.819-0800] {logging_mixin.py:190} INFO - [2025-11-12T21:29:57.819-0800] {override.py:1900} INFO - Created Permission View: can create on DAG Run:dataset_consumes_1_never_scheduled
[2025-11-12T21:29:57.820-0800] {logging_mixin.py:190} INFO - [2025-11-12T21:29:57.820-0800] {override.py:1900} INFO - Created Permission View: can delete on DAG Run:dataset_consumes_1_never_scheduled
[2025-11-12T21:29:57.822-0800] {logging_mixin.py:190} INFO - [2025-11-12T21:29:57.822-0800] {override.py:1900} INFO - Created Permission View: can read on DAG Run:dataset_consumes_1_never_scheduled
[2025-11-12T21:29:57.824-0800] {logging_mixin.py:190} INFO - [2025-11-12T21:29:57.824-0800] {override.py:1900} INFO - Created Permission View: can edit on DAG:consume_1_and_2_with_dataset_expressions
[2025-11-12T21:29:57.825-0800] {logging_mixin.py:190} INFO - [2025-11-12T21:29:57.825-0800] {override.py:1900} INFO - Created Permission View: can delete on DAG:consume_1_and_2_with_dataset_expressions
[2025-11-12T21:29:57.826-0800] {logging_mixin.py:190} INFO - [2025-11-12T21:29:57.826-0800] {override.py:1900} INFO - Created Permission View: can read on DAG:consume_1_and_2_with_dataset_expressions
[2025-11-12T21:29:57.827-0800] {logging_mixin.py:190} INFO - [2025-11-12T21:29:57.827-0800] {override.py:1900} INFO - Created Permission View: menu access on DAG Run:consume_1_and_2_with_dataset_expressions
[2025-11-12T21:29:57.828-0800] {logging_mixin.py:190} INFO - [2025-11-12T21:29:57.828-0800] {override.py:1900} INFO - Created Permission View: can create on DAG Run:consume_1_and_2_with_dataset_expressions
[2025-11-12T21:29:57.829-0800] {logging_mixin.py:190} INFO - [2025-11-12T21:29:57.829-0800] {override.py:1900} INFO - Created Permission View: can delete on DAG Run:consume_1_and_2_with_dataset_expressions
[2025-11-12T21:29:57.831-0800] {logging_mixin.py:190} INFO - [2025-11-12T21:29:57.831-0800] {override.py:1900} INFO - Created Permission View: can read on DAG Run:consume_1_and_2_with_dataset_expressions
[2025-11-12T21:29:57.833-0800] {logging_mixin.py:190} INFO - [2025-11-12T21:29:57.833-0800] {override.py:1900} INFO - Created Permission View: can edit on DAG:dataset_consumes_1
[2025-11-12T21:29:57.834-0800] {logging_mixin.py:190} INFO - [2025-11-12T21:29:57.834-0800] {override.py:1900} INFO - Created Permission View: can delete on DAG:dataset_consumes_1
[2025-11-12T21:29:57.835-0800] {logging_mixin.py:190} INFO - [2025-11-12T21:29:57.835-0800] {override.py:1900} INFO - Created Permission View: can read on DAG:dataset_consumes_1
[2025-11-12T21:29:57.836-0800] {logging_mixin.py:190} INFO - [2025-11-12T21:29:57.836-0800] {override.py:1900} INFO - Created Permission View: menu access on DAG Run:dataset_consumes_1
[2025-11-12T21:29:57.837-0800] {logging_mixin.py:190} INFO - [2025-11-12T21:29:57.837-0800] {override.py:1900} INFO - Created Permission View: can create on DAG Run:dataset_consumes_1
[2025-11-12T21:29:57.838-0800] {logging_mixin.py:190} INFO - [2025-11-12T21:29:57.838-0800] {override.py:1900} INFO - Created Permission View: can delete on DAG Run:dataset_consumes_1
[2025-11-12T21:29:57.840-0800] {logging_mixin.py:190} INFO - [2025-11-12T21:29:57.839-0800] {override.py:1900} INFO - Created Permission View: can read on DAG Run:dataset_consumes_1
[2025-11-12T21:29:57.842-0800] {logging_mixin.py:190} INFO - [2025-11-12T21:29:57.842-0800] {override.py:1900} INFO - Created Permission View: can edit on DAG:dataset_consumes_1_and_2
[2025-11-12T21:29:57.843-0800] {logging_mixin.py:190} INFO - [2025-11-12T21:29:57.843-0800] {override.py:1900} INFO - Created Permission View: can delete on DAG:dataset_consumes_1_and_2
[2025-11-12T21:29:57.844-0800] {logging_mixin.py:190} INFO - [2025-11-12T21:29:57.844-0800] {override.py:1900} INFO - Created Permission View: can read on DAG:dataset_consumes_1_and_2
[2025-11-12T21:29:57.845-0800] {logging_mixin.py:190} INFO - [2025-11-12T21:29:57.845-0800] {override.py:1900} INFO - Created Permission View: menu access on DAG Run:dataset_consumes_1_and_2
[2025-11-12T21:29:57.847-0800] {logging_mixin.py:190} INFO - [2025-11-12T21:29:57.846-0800] {override.py:1900} INFO - Created Permission View: can create on DAG Run:dataset_consumes_1_and_2
[2025-11-12T21:29:57.848-0800] {logging_mixin.py:190} INFO - [2025-11-12T21:29:57.848-0800] {override.py:1900} INFO - Created Permission View: can delete on DAG Run:dataset_consumes_1_and_2
[2025-11-12T21:29:57.849-0800] {logging_mixin.py:190} INFO - [2025-11-12T21:29:57.849-0800] {override.py:1900} INFO - Created Permission View: can read on DAG Run:dataset_consumes_1_and_2
[2025-11-12T21:29:57.851-0800] {logging_mixin.py:190} INFO - [2025-11-12T21:29:57.851-0800] {override.py:1900} INFO - Created Permission View: can edit on DAG:dataset_consumes_unknown_never_scheduled
[2025-11-12T21:29:57.852-0800] {logging_mixin.py:190} INFO - [2025-11-12T21:29:57.852-0800] {override.py:1900} INFO - Created Permission View: can delete on DAG:dataset_consumes_unknown_never_scheduled
[2025-11-12T21:29:57.853-0800] {logging_mixin.py:190} INFO - [2025-11-12T21:29:57.853-0800] {override.py:1900} INFO - Created Permission View: can read on DAG:dataset_consumes_unknown_never_scheduled
[2025-11-12T21:29:57.855-0800] {logging_mixin.py:190} INFO - [2025-11-12T21:29:57.855-0800] {override.py:1900} INFO - Created Permission View: menu access on DAG Run:dataset_consumes_unknown_never_scheduled
[2025-11-12T21:29:57.856-0800] {logging_mixin.py:190} INFO - [2025-11-12T21:29:57.856-0800] {override.py:1900} INFO - Created Permission View: can create on DAG Run:dataset_consumes_unknown_never_scheduled
[2025-11-12T21:29:57.857-0800] {logging_mixin.py:190} INFO - [2025-11-12T21:29:57.857-0800] {override.py:1900} INFO - Created Permission View: can delete on DAG Run:dataset_consumes_unknown_never_scheduled
[2025-11-12T21:29:57.858-0800] {logging_mixin.py:190} INFO - [2025-11-12T21:29:57.858-0800] {override.py:1900} INFO - Created Permission View: can read on DAG Run:dataset_consumes_unknown_never_scheduled
[2025-11-12T21:29:57.858-0800] {logging_mixin.py:190} INFO - [2025-11-12T21:29:57.858-0800] {dag.py:3239} INFO - Sync 10 DAGs
[2025-11-12T21:29:57.861-0800] {logging_mixin.py:190} INFO - [2025-11-12T21:29:57.861-0800] {dag.py:3262} INFO - Creating ORM DAG for dataset_consumes_unknown_never_scheduled
[2025-11-12T21:29:57.861-0800] {logging_mixin.py:190} INFO - [2025-11-12T21:29:57.861-0800] {dag.py:3262} INFO - Creating ORM DAG for consume_1_and_2_with_dataset_expressions
[2025-11-12T21:29:57.861-0800] {logging_mixin.py:190} INFO - [2025-11-12T21:29:57.861-0800] {dag.py:3262} INFO - Creating ORM DAG for consume_1_or_both_2_and_3_with_dataset_expressions
[2025-11-12T21:29:57.861-0800] {logging_mixin.py:190} INFO - [2025-11-12T21:29:57.861-0800] {dag.py:3262} INFO - Creating ORM DAG for consume_1_or_2_with_dataset_expressions
[2025-11-12T21:29:57.861-0800] {logging_mixin.py:190} INFO - [2025-11-12T21:29:57.861-0800] {dag.py:3262} INFO - Creating ORM DAG for dataset_consumes_1_never_scheduled
[2025-11-12T21:29:57.862-0800] {logging_mixin.py:190} INFO - [2025-11-12T21:29:57.861-0800] {dag.py:3262} INFO - Creating ORM DAG for dataset_produces_1
[2025-11-12T21:29:57.862-0800] {logging_mixin.py:190} INFO - [2025-11-12T21:29:57.862-0800] {dag.py:3262} INFO - Creating ORM DAG for dataset_produces_2
[2025-11-12T21:29:57.862-0800] {logging_mixin.py:190} INFO - [2025-11-12T21:29:57.862-0800] {dag.py:3262} INFO - Creating ORM DAG for conditional_dataset_and_time_based_timetable
[2025-11-12T21:29:57.862-0800] {logging_mixin.py:190} INFO - [2025-11-12T21:29:57.862-0800] {dag.py:3262} INFO - Creating ORM DAG for dataset_consumes_1
[2025-11-12T21:29:57.862-0800] {logging_mixin.py:190} INFO - [2025-11-12T21:29:57.862-0800] {dag.py:3262} INFO - Creating ORM DAG for dataset_consumes_1_and_2
[2025-11-12T21:29:57.864-0800] {logging_mixin.py:190} INFO - [2025-11-12T21:29:57.864-0800] {dag.py:4180} INFO - Setting next_dagrun for conditional_dataset_and_time_based_timetable to 2025-11-12 01:00:00+00:00, run_after=2025-11-12 01:00:00+00:00
[2025-11-12T21:29:57.864-0800] {logging_mixin.py:190} INFO - [2025-11-12T21:29:57.864-0800] {dag.py:4180} INFO - Setting next_dagrun for consume_1_and_2_with_dataset_expressions to None, run_after=None
[2025-11-12T21:29:57.865-0800] {logging_mixin.py:190} INFO - [2025-11-12T21:29:57.864-0800] {dag.py:4180} INFO - Setting next_dagrun for consume_1_or_2_with_dataset_expressions to None, run_after=None
[2025-11-12T21:29:57.865-0800] {logging_mixin.py:190} INFO - [2025-11-12T21:29:57.865-0800] {dag.py:4180} INFO - Setting next_dagrun for consume_1_or_both_2_and_3_with_dataset_expressions to None, run_after=None
[2025-11-12T21:29:57.865-0800] {logging_mixin.py:190} INFO - [2025-11-12T21:29:57.865-0800] {dag.py:4180} INFO - Setting next_dagrun for dataset_consumes_1 to None, run_after=None
[2025-11-12T21:29:57.865-0800] {logging_mixin.py:190} INFO - [2025-11-12T21:29:57.865-0800] {dag.py:4180} INFO - Setting next_dagrun for dataset_consumes_1_and_2 to None, run_after=None
[2025-11-12T21:29:57.865-0800] {logging_mixin.py:190} INFO - [2025-11-12T21:29:57.865-0800] {dag.py:4180} INFO - Setting next_dagrun for dataset_consumes_1_never_scheduled to None, run_after=None
[2025-11-12T21:29:57.865-0800] {logging_mixin.py:190} INFO - [2025-11-12T21:29:57.865-0800] {dag.py:4180} INFO - Setting next_dagrun for dataset_consumes_unknown_never_scheduled to None, run_after=None
[2025-11-12T21:29:57.865-0800] {logging_mixin.py:190} INFO - [2025-11-12T21:29:57.865-0800] {dag.py:4180} INFO - Setting next_dagrun for dataset_produces_1 to 2025-11-12 00:00:00+00:00, run_after=2025-11-13 00:00:00+00:00
[2025-11-12T21:29:57.866-0800] {logging_mixin.py:190} INFO - [2025-11-12T21:29:57.866-0800] {dag.py:4180} INFO - Setting next_dagrun for dataset_produces_2 to None, run_after=None
[2025-11-12T21:29:58.012-0800] {processor.py:208} INFO - Processing /Users/dipinjassal/ml/tmdb_data_warehouse/venv/lib/python3.12/site-packages/airflow/example_dags/example_datasets.py took 0.325 seconds
[2025-11-12T21:37:53.645-0800] {processor.py:186} INFO - Started process (PID=2158) to work on /Users/dipinjassal/ml/tmdb_data_warehouse/venv/lib/python3.12/site-packages/airflow/example_dags/example_datasets.py
[2025-11-12T21:37:53.645-0800] {processor.py:914} INFO - Processing file /Users/dipinjassal/ml/tmdb_data_warehouse/venv/lib/python3.12/site-packages/airflow/example_dags/example_datasets.py for tasks to queue
[2025-11-12T21:37:53.645-0800] {logging_mixin.py:190} INFO - [2025-11-12T21:37:53.645-0800] {dagbag.py:588} INFO - Filling up the DagBag from /Users/dipinjassal/ml/tmdb_data_warehouse/venv/lib/python3.12/site-packages/airflow/example_dags/example_datasets.py
[2025-11-12T21:37:53.657-0800] {processor.py:925} INFO - DAG(s) 'conditional_dataset_and_time_based_timetable', 'dataset_produces_2', 'dataset_consumes_1_and_2', 'consume_1_or_both_2_and_3_with_dataset_expressions', 'dataset_consumes_1_never_scheduled', 'consume_1_and_2_with_dataset_expressions', 'consume_1_or_2_with_dataset_expressions', 'dataset_produces_1', 'dataset_consumes_unknown_never_scheduled', 'dataset_consumes_1' retrieved from /Users/dipinjassal/ml/tmdb_data_warehouse/venv/lib/python3.12/site-packages/airflow/example_dags/example_datasets.py
[2025-11-12T21:37:53.686-0800] {logging_mixin.py:190} INFO - [2025-11-12T21:37:53.686-0800] {dag.py:3239} INFO - Sync 10 DAGs
[2025-11-12T21:37:53.710-0800] {logging_mixin.py:190} INFO - [2025-11-12T21:37:53.710-0800] {dag.py:4180} INFO - Setting next_dagrun for conditional_dataset_and_time_based_timetable to 2025-11-12 01:00:00+00:00, run_after=2025-11-12 01:00:00+00:00
[2025-11-12T21:37:53.711-0800] {logging_mixin.py:190} INFO - [2025-11-12T21:37:53.710-0800] {dag.py:4180} INFO - Setting next_dagrun for consume_1_and_2_with_dataset_expressions to None, run_after=None
[2025-11-12T21:37:53.711-0800] {logging_mixin.py:190} INFO - [2025-11-12T21:37:53.711-0800] {dag.py:4180} INFO - Setting next_dagrun for consume_1_or_2_with_dataset_expressions to None, run_after=None
[2025-11-12T21:37:53.711-0800] {logging_mixin.py:190} INFO - [2025-11-12T21:37:53.711-0800] {dag.py:4180} INFO - Setting next_dagrun for consume_1_or_both_2_and_3_with_dataset_expressions to None, run_after=None
[2025-11-12T21:37:53.711-0800] {logging_mixin.py:190} INFO - [2025-11-12T21:37:53.711-0800] {dag.py:4180} INFO - Setting next_dagrun for dataset_consumes_1 to None, run_after=None
[2025-11-12T21:37:53.711-0800] {logging_mixin.py:190} INFO - [2025-11-12T21:37:53.711-0800] {dag.py:4180} INFO - Setting next_dagrun for dataset_consumes_1_and_2 to None, run_after=None
[2025-11-12T21:37:53.712-0800] {logging_mixin.py:190} INFO - [2025-11-12T21:37:53.711-0800] {dag.py:4180} INFO - Setting next_dagrun for dataset_consumes_1_never_scheduled to None, run_after=None
[2025-11-12T21:37:53.712-0800] {logging_mixin.py:190} INFO - [2025-11-12T21:37:53.712-0800] {dag.py:4180} INFO - Setting next_dagrun for dataset_consumes_unknown_never_scheduled to None, run_after=None
[2025-11-12T21:37:53.712-0800] {logging_mixin.py:190} INFO - [2025-11-12T21:37:53.712-0800] {dag.py:4180} INFO - Setting next_dagrun for dataset_produces_1 to 2025-11-12 00:00:00+00:00, run_after=2025-11-13 00:00:00+00:00
[2025-11-12T21:37:53.712-0800] {logging_mixin.py:190} INFO - [2025-11-12T21:37:53.712-0800] {dag.py:4180} INFO - Setting next_dagrun for dataset_produces_2 to None, run_after=None
[2025-11-12T21:37:53.719-0800] {processor.py:208} INFO - Processing /Users/dipinjassal/ml/tmdb_data_warehouse/venv/lib/python3.12/site-packages/airflow/example_dags/example_datasets.py took 0.075 seconds
[2025-11-12T21:50:56.560-0800] {processor.py:186} INFO - Started process (PID=2434) to work on /Users/dipinjassal/ml/tmdb_data_warehouse/venv/lib/python3.12/site-packages/airflow/example_dags/example_datasets.py
[2025-11-12T21:50:56.560-0800] {processor.py:914} INFO - Processing file /Users/dipinjassal/ml/tmdb_data_warehouse/venv/lib/python3.12/site-packages/airflow/example_dags/example_datasets.py for tasks to queue
[2025-11-12T21:50:56.561-0800] {logging_mixin.py:190} INFO - [2025-11-12T21:50:56.561-0800] {dagbag.py:588} INFO - Filling up the DagBag from /Users/dipinjassal/ml/tmdb_data_warehouse/venv/lib/python3.12/site-packages/airflow/example_dags/example_datasets.py
[2025-11-12T21:50:56.572-0800] {processor.py:925} INFO - DAG(s) 'consume_1_or_2_with_dataset_expressions', 'dataset_consumes_1_never_scheduled', 'dataset_consumes_1', 'dataset_produces_1', 'conditional_dataset_and_time_based_timetable', 'dataset_produces_2', 'consume_1_or_both_2_and_3_with_dataset_expressions', 'dataset_consumes_unknown_never_scheduled', 'consume_1_and_2_with_dataset_expressions', 'dataset_consumes_1_and_2' retrieved from /Users/dipinjassal/ml/tmdb_data_warehouse/venv/lib/python3.12/site-packages/airflow/example_dags/example_datasets.py
[2025-11-12T21:50:56.601-0800] {logging_mixin.py:190} INFO - [2025-11-12T21:50:56.601-0800] {dag.py:3239} INFO - Sync 10 DAGs
[2025-11-12T21:50:56.625-0800] {logging_mixin.py:190} INFO - [2025-11-12T21:50:56.625-0800] {dag.py:4180} INFO - Setting next_dagrun for conditional_dataset_and_time_based_timetable to 2025-11-12 01:00:00+00:00, run_after=2025-11-12 01:00:00+00:00
[2025-11-12T21:50:56.626-0800] {logging_mixin.py:190} INFO - [2025-11-12T21:50:56.626-0800] {dag.py:4180} INFO - Setting next_dagrun for consume_1_and_2_with_dataset_expressions to None, run_after=None
[2025-11-12T21:50:56.627-0800] {logging_mixin.py:190} INFO - [2025-11-12T21:50:56.627-0800] {dag.py:4180} INFO - Setting next_dagrun for consume_1_or_2_with_dataset_expressions to None, run_after=None
[2025-11-12T21:50:56.627-0800] {logging_mixin.py:190} INFO - [2025-11-12T21:50:56.627-0800] {dag.py:4180} INFO - Setting next_dagrun for consume_1_or_both_2_and_3_with_dataset_expressions to None, run_after=None
[2025-11-12T21:50:56.627-0800] {logging_mixin.py:190} INFO - [2025-11-12T21:50:56.627-0800] {dag.py:4180} INFO - Setting next_dagrun for dataset_consumes_1 to None, run_after=None
[2025-11-12T21:50:56.627-0800] {logging_mixin.py:190} INFO - [2025-11-12T21:50:56.627-0800] {dag.py:4180} INFO - Setting next_dagrun for dataset_consumes_1_and_2 to None, run_after=None
[2025-11-12T21:50:56.627-0800] {logging_mixin.py:190} INFO - [2025-11-12T21:50:56.627-0800] {dag.py:4180} INFO - Setting next_dagrun for dataset_consumes_1_never_scheduled to None, run_after=None
[2025-11-12T21:50:56.628-0800] {logging_mixin.py:190} INFO - [2025-11-12T21:50:56.628-0800] {dag.py:4180} INFO - Setting next_dagrun for dataset_consumes_unknown_never_scheduled to None, run_after=None
[2025-11-12T21:50:56.628-0800] {logging_mixin.py:190} INFO - [2025-11-12T21:50:56.628-0800] {dag.py:4180} INFO - Setting next_dagrun for dataset_produces_1 to 2025-11-12 00:00:00+00:00, run_after=2025-11-13 00:00:00+00:00
[2025-11-12T21:50:56.628-0800] {logging_mixin.py:190} INFO - [2025-11-12T21:50:56.628-0800] {dag.py:4180} INFO - Setting next_dagrun for dataset_produces_2 to None, run_after=None
[2025-11-12T21:50:56.635-0800] {processor.py:208} INFO - Processing /Users/dipinjassal/ml/tmdb_data_warehouse/venv/lib/python3.12/site-packages/airflow/example_dags/example_datasets.py took 0.076 seconds
