[2025-11-12T21:29:31.820-0800] {processor.py:186} INFO - Started process (PID=1821) to work on /Users/dipinjassal/ml/tmdb_data_warehouse/venv/lib/python3.12/site-packages/airflow/example_dags/example_python_operator.py
[2025-11-12T21:29:31.820-0800] {processor.py:914} INFO - Processing file /Users/dipinjassal/ml/tmdb_data_warehouse/venv/lib/python3.12/site-packages/airflow/example_dags/example_python_operator.py for tasks to queue
[2025-11-12T21:29:31.820-0800] {logging_mixin.py:190} INFO - [2025-11-12T21:29:31.820-0800] {dagbag.py:588} INFO - Filling up the DagBag from /Users/dipinjassal/ml/tmdb_data_warehouse/venv/lib/python3.12/site-packages/airflow/example_dags/example_python_operator.py
[2025-11-12T21:29:31.827-0800] {logging_mixin.py:190} INFO - [2025-11-12T21:29:31.827-0800] {example_python_operator.py:93} WARNING - The virtalenv_python example task requires virtualenv, please install it.
[2025-11-12T21:29:31.828-0800] {processor.py:925} INFO - DAG(s) 'example_python_operator' retrieved from /Users/dipinjassal/ml/tmdb_data_warehouse/venv/lib/python3.12/site-packages/airflow/example_dags/example_python_operator.py
[2025-11-12T21:29:31.894-0800] {logging_mixin.py:190} INFO - [2025-11-12T21:29:31.894-0800] {override.py:1900} INFO - Created Permission View: can delete on DAG:example_python_operator
[2025-11-12T21:29:31.896-0800] {logging_mixin.py:190} INFO - [2025-11-12T21:29:31.896-0800] {override.py:1900} INFO - Created Permission View: can edit on DAG:example_python_operator
[2025-11-12T21:29:31.897-0800] {logging_mixin.py:190} INFO - [2025-11-12T21:29:31.897-0800] {override.py:1900} INFO - Created Permission View: can read on DAG:example_python_operator
[2025-11-12T21:29:31.899-0800] {logging_mixin.py:190} INFO - [2025-11-12T21:29:31.899-0800] {override.py:1900} INFO - Created Permission View: can delete on DAG Run:example_python_operator
[2025-11-12T21:29:31.900-0800] {logging_mixin.py:190} INFO - [2025-11-12T21:29:31.900-0800] {override.py:1900} INFO - Created Permission View: menu access on DAG Run:example_python_operator
[2025-11-12T21:29:31.901-0800] {logging_mixin.py:190} INFO - [2025-11-12T21:29:31.901-0800] {override.py:1900} INFO - Created Permission View: can create on DAG Run:example_python_operator
[2025-11-12T21:29:31.902-0800] {logging_mixin.py:190} INFO - [2025-11-12T21:29:31.902-0800] {override.py:1900} INFO - Created Permission View: can read on DAG Run:example_python_operator
[2025-11-12T21:29:31.902-0800] {logging_mixin.py:190} INFO - [2025-11-12T21:29:31.902-0800] {dag.py:3239} INFO - Sync 1 DAGs
[2025-11-12T21:29:31.905-0800] {logging_mixin.py:190} INFO - [2025-11-12T21:29:31.905-0800] {dag.py:3262} INFO - Creating ORM DAG for example_python_operator
[2025-11-12T21:29:31.905-0800] {logging_mixin.py:190} INFO - [2025-11-12T21:29:31.905-0800] {dag.py:4180} INFO - Setting next_dagrun for example_python_operator to None, run_after=None
[2025-11-12T21:29:31.909-0800] {processor.py:208} INFO - Processing /Users/dipinjassal/ml/tmdb_data_warehouse/venv/lib/python3.12/site-packages/airflow/example_dags/example_python_operator.py took 0.090 seconds
[2025-11-12T21:30:59.956-0800] {processor.py:186} INFO - Started process (PID=1896) to work on /Users/dipinjassal/ml/tmdb_data_warehouse/venv/lib/python3.12/site-packages/airflow/example_dags/example_python_operator.py
[2025-11-12T21:30:59.957-0800] {processor.py:914} INFO - Processing file /Users/dipinjassal/ml/tmdb_data_warehouse/venv/lib/python3.12/site-packages/airflow/example_dags/example_python_operator.py for tasks to queue
[2025-11-12T21:30:59.957-0800] {logging_mixin.py:190} INFO - [2025-11-12T21:30:59.957-0800] {dagbag.py:588} INFO - Filling up the DagBag from /Users/dipinjassal/ml/tmdb_data_warehouse/venv/lib/python3.12/site-packages/airflow/example_dags/example_python_operator.py
[2025-11-12T21:30:59.964-0800] {logging_mixin.py:190} INFO - [2025-11-12T21:30:59.964-0800] {example_python_operator.py:93} WARNING - The virtalenv_python example task requires virtualenv, please install it.
[2025-11-12T21:30:59.965-0800] {processor.py:925} INFO - DAG(s) 'example_python_operator' retrieved from /Users/dipinjassal/ml/tmdb_data_warehouse/venv/lib/python3.12/site-packages/airflow/example_dags/example_python_operator.py
[2025-11-12T21:30:59.990-0800] {logging_mixin.py:190} INFO - [2025-11-12T21:30:59.990-0800] {dag.py:3239} INFO - Sync 1 DAGs
[2025-11-12T21:31:00.012-0800] {logging_mixin.py:190} INFO - [2025-11-12T21:31:00.012-0800] {dag.py:4180} INFO - Setting next_dagrun for example_python_operator to None, run_after=None
[2025-11-12T21:31:00.017-0800] {processor.py:208} INFO - Processing /Users/dipinjassal/ml/tmdb_data_warehouse/venv/lib/python3.12/site-packages/airflow/example_dags/example_python_operator.py took 0.061 seconds
[2025-11-12T21:34:34.097-0800] {processor.py:186} INFO - Started process (PID=2046) to work on /Users/dipinjassal/ml/tmdb_data_warehouse/venv/lib/python3.12/site-packages/airflow/example_dags/example_python_operator.py
[2025-11-12T21:34:34.097-0800] {processor.py:914} INFO - Processing file /Users/dipinjassal/ml/tmdb_data_warehouse/venv/lib/python3.12/site-packages/airflow/example_dags/example_python_operator.py for tasks to queue
[2025-11-12T21:34:34.098-0800] {logging_mixin.py:190} INFO - [2025-11-12T21:34:34.098-0800] {dagbag.py:588} INFO - Filling up the DagBag from /Users/dipinjassal/ml/tmdb_data_warehouse/venv/lib/python3.12/site-packages/airflow/example_dags/example_python_operator.py
[2025-11-12T21:34:34.105-0800] {logging_mixin.py:190} INFO - [2025-11-12T21:34:34.105-0800] {example_python_operator.py:93} WARNING - The virtalenv_python example task requires virtualenv, please install it.
[2025-11-12T21:34:34.106-0800] {processor.py:925} INFO - DAG(s) 'example_python_operator' retrieved from /Users/dipinjassal/ml/tmdb_data_warehouse/venv/lib/python3.12/site-packages/airflow/example_dags/example_python_operator.py
[2025-11-12T21:34:34.131-0800] {logging_mixin.py:190} INFO - [2025-11-12T21:34:34.130-0800] {dag.py:3239} INFO - Sync 1 DAGs
[2025-11-12T21:34:34.151-0800] {logging_mixin.py:190} INFO - [2025-11-12T21:34:34.151-0800] {dag.py:4180} INFO - Setting next_dagrun for example_python_operator to None, run_after=None
[2025-11-12T21:34:34.156-0800] {processor.py:208} INFO - Processing /Users/dipinjassal/ml/tmdb_data_warehouse/venv/lib/python3.12/site-packages/airflow/example_dags/example_python_operator.py took 0.060 seconds
[2025-11-12T21:37:30.062-0800] {processor.py:186} INFO - Started process (PID=2137) to work on /Users/dipinjassal/ml/tmdb_data_warehouse/venv/lib/python3.12/site-packages/airflow/example_dags/example_python_operator.py
[2025-11-12T21:37:30.062-0800] {processor.py:914} INFO - Processing file /Users/dipinjassal/ml/tmdb_data_warehouse/venv/lib/python3.12/site-packages/airflow/example_dags/example_python_operator.py for tasks to queue
[2025-11-12T21:37:30.062-0800] {logging_mixin.py:190} INFO - [2025-11-12T21:37:30.062-0800] {dagbag.py:588} INFO - Filling up the DagBag from /Users/dipinjassal/ml/tmdb_data_warehouse/venv/lib/python3.12/site-packages/airflow/example_dags/example_python_operator.py
[2025-11-12T21:37:30.069-0800] {logging_mixin.py:190} INFO - [2025-11-12T21:37:30.069-0800] {example_python_operator.py:93} WARNING - The virtalenv_python example task requires virtualenv, please install it.
[2025-11-12T21:37:30.070-0800] {processor.py:925} INFO - DAG(s) 'example_python_operator' retrieved from /Users/dipinjassal/ml/tmdb_data_warehouse/venv/lib/python3.12/site-packages/airflow/example_dags/example_python_operator.py
[2025-11-12T21:37:30.095-0800] {logging_mixin.py:190} INFO - [2025-11-12T21:37:30.095-0800] {dag.py:3239} INFO - Sync 1 DAGs
[2025-11-12T21:37:30.115-0800] {logging_mixin.py:190} INFO - [2025-11-12T21:37:30.115-0800] {dag.py:4180} INFO - Setting next_dagrun for example_python_operator to None, run_after=None
[2025-11-12T21:37:30.121-0800] {processor.py:208} INFO - Processing /Users/dipinjassal/ml/tmdb_data_warehouse/venv/lib/python3.12/site-packages/airflow/example_dags/example_python_operator.py took 0.060 seconds
[2025-11-12T21:50:32.851-0800] {processor.py:186} INFO - Started process (PID=2414) to work on /Users/dipinjassal/ml/tmdb_data_warehouse/venv/lib/python3.12/site-packages/airflow/example_dags/example_python_operator.py
[2025-11-12T21:50:32.851-0800] {processor.py:914} INFO - Processing file /Users/dipinjassal/ml/tmdb_data_warehouse/venv/lib/python3.12/site-packages/airflow/example_dags/example_python_operator.py for tasks to queue
[2025-11-12T21:50:32.852-0800] {logging_mixin.py:190} INFO - [2025-11-12T21:50:32.851-0800] {dagbag.py:588} INFO - Filling up the DagBag from /Users/dipinjassal/ml/tmdb_data_warehouse/venv/lib/python3.12/site-packages/airflow/example_dags/example_python_operator.py
[2025-11-12T21:50:32.858-0800] {logging_mixin.py:190} INFO - [2025-11-12T21:50:32.858-0800] {example_python_operator.py:93} WARNING - The virtalenv_python example task requires virtualenv, please install it.
[2025-11-12T21:50:32.859-0800] {processor.py:925} INFO - DAG(s) 'example_python_operator' retrieved from /Users/dipinjassal/ml/tmdb_data_warehouse/venv/lib/python3.12/site-packages/airflow/example_dags/example_python_operator.py
[2025-11-12T21:50:32.884-0800] {logging_mixin.py:190} INFO - [2025-11-12T21:50:32.883-0800] {dag.py:3239} INFO - Sync 1 DAGs
[2025-11-12T21:50:32.904-0800] {logging_mixin.py:190} INFO - [2025-11-12T21:50:32.904-0800] {dag.py:4180} INFO - Setting next_dagrun for example_python_operator to None, run_after=None
[2025-11-12T21:50:32.909-0800] {processor.py:208} INFO - Processing /Users/dipinjassal/ml/tmdb_data_warehouse/venv/lib/python3.12/site-packages/airflow/example_dags/example_python_operator.py took 0.059 seconds
