[2025-11-12T21:29:54.547-0800] {processor.py:186} INFO - Started process (PID=1838) to work on /Users/dipinjassal/ml/tmdb_data_warehouse/venv/lib/python3.12/site-packages/airflow/example_dags/example_dynamic_task_mapping.py
[2025-11-12T21:29:54.547-0800] {processor.py:914} INFO - Processing file /Users/dipinjassal/ml/tmdb_data_warehouse/venv/lib/python3.12/site-packages/airflow/example_dags/example_dynamic_task_mapping.py for tasks to queue
[2025-11-12T21:29:54.548-0800] {logging_mixin.py:190} INFO - [2025-11-12T21:29:54.548-0800] {dagbag.py:588} INFO - Filling up the DagBag from /Users/dipinjassal/ml/tmdb_data_warehouse/venv/lib/python3.12/site-packages/airflow/example_dags/example_dynamic_task_mapping.py
[2025-11-12T21:29:54.560-0800] {processor.py:925} INFO - DAG(s) 'example_dynamic_task_mapping' retrieved from /Users/dipinjassal/ml/tmdb_data_warehouse/venv/lib/python3.12/site-packages/airflow/example_dags/example_dynamic_task_mapping.py
[2025-11-12T21:29:54.639-0800] {logging_mixin.py:190} INFO - [2025-11-12T21:29:54.638-0800] {override.py:1900} INFO - Created Permission View: can delete on DAG:example_dynamic_task_mapping
[2025-11-12T21:29:54.641-0800] {logging_mixin.py:190} INFO - [2025-11-12T21:29:54.641-0800] {override.py:1900} INFO - Created Permission View: can read on DAG:example_dynamic_task_mapping
[2025-11-12T21:29:54.643-0800] {logging_mixin.py:190} INFO - [2025-11-12T21:29:54.643-0800] {override.py:1900} INFO - Created Permission View: can edit on DAG:example_dynamic_task_mapping
[2025-11-12T21:29:54.645-0800] {logging_mixin.py:190} INFO - [2025-11-12T21:29:54.645-0800] {override.py:1900} INFO - Created Permission View: can create on DAG Run:example_dynamic_task_mapping
[2025-11-12T21:29:54.647-0800] {logging_mixin.py:190} INFO - [2025-11-12T21:29:54.647-0800] {override.py:1900} INFO - Created Permission View: can read on DAG Run:example_dynamic_task_mapping
[2025-11-12T21:29:54.649-0800] {logging_mixin.py:190} INFO - [2025-11-12T21:29:54.648-0800] {override.py:1900} INFO - Created Permission View: can delete on DAG Run:example_dynamic_task_mapping
[2025-11-12T21:29:54.650-0800] {logging_mixin.py:190} INFO - [2025-11-12T21:29:54.650-0800] {override.py:1900} INFO - Created Permission View: menu access on DAG Run:example_dynamic_task_mapping
[2025-11-12T21:29:54.650-0800] {logging_mixin.py:190} INFO - [2025-11-12T21:29:54.650-0800] {dag.py:3239} INFO - Sync 1 DAGs
[2025-11-12T21:29:54.654-0800] {logging_mixin.py:190} INFO - [2025-11-12T21:29:54.654-0800] {dag.py:3262} INFO - Creating ORM DAG for example_dynamic_task_mapping
[2025-11-12T21:29:54.654-0800] {logging_mixin.py:190} INFO - [2025-11-12T21:29:54.654-0800] {dag.py:4180} INFO - Setting next_dagrun for example_dynamic_task_mapping to None, run_after=None
[2025-11-12T21:29:54.658-0800] {processor.py:208} INFO - Processing /Users/dipinjassal/ml/tmdb_data_warehouse/venv/lib/python3.12/site-packages/airflow/example_dags/example_dynamic_task_mapping.py took 0.113 seconds
[2025-11-12T21:34:59.551-0800] {processor.py:186} INFO - Started process (PID=2070) to work on /Users/dipinjassal/ml/tmdb_data_warehouse/venv/lib/python3.12/site-packages/airflow/example_dags/example_dynamic_task_mapping.py
[2025-11-12T21:34:59.551-0800] {processor.py:914} INFO - Processing file /Users/dipinjassal/ml/tmdb_data_warehouse/venv/lib/python3.12/site-packages/airflow/example_dags/example_dynamic_task_mapping.py for tasks to queue
[2025-11-12T21:34:59.551-0800] {logging_mixin.py:190} INFO - [2025-11-12T21:34:59.551-0800] {dagbag.py:588} INFO - Filling up the DagBag from /Users/dipinjassal/ml/tmdb_data_warehouse/venv/lib/python3.12/site-packages/airflow/example_dags/example_dynamic_task_mapping.py
[2025-11-12T21:34:59.562-0800] {processor.py:925} INFO - DAG(s) 'example_dynamic_task_mapping' retrieved from /Users/dipinjassal/ml/tmdb_data_warehouse/venv/lib/python3.12/site-packages/airflow/example_dags/example_dynamic_task_mapping.py
[2025-11-12T21:34:59.587-0800] {logging_mixin.py:190} INFO - [2025-11-12T21:34:59.586-0800] {dag.py:3239} INFO - Sync 1 DAGs
[2025-11-12T21:34:59.607-0800] {logging_mixin.py:190} INFO - [2025-11-12T21:34:59.607-0800] {dag.py:4180} INFO - Setting next_dagrun for example_dynamic_task_mapping to None, run_after=None
[2025-11-12T21:34:59.612-0800] {processor.py:208} INFO - Processing /Users/dipinjassal/ml/tmdb_data_warehouse/venv/lib/python3.12/site-packages/airflow/example_dags/example_dynamic_task_mapping.py took 0.062 seconds
[2025-11-12T21:37:50.311-0800] {processor.py:186} INFO - Started process (PID=2155) to work on /Users/dipinjassal/ml/tmdb_data_warehouse/venv/lib/python3.12/site-packages/airflow/example_dags/example_dynamic_task_mapping.py
[2025-11-12T21:37:50.312-0800] {processor.py:914} INFO - Processing file /Users/dipinjassal/ml/tmdb_data_warehouse/venv/lib/python3.12/site-packages/airflow/example_dags/example_dynamic_task_mapping.py for tasks to queue
[2025-11-12T21:37:50.312-0800] {logging_mixin.py:190} INFO - [2025-11-12T21:37:50.312-0800] {dagbag.py:588} INFO - Filling up the DagBag from /Users/dipinjassal/ml/tmdb_data_warehouse/venv/lib/python3.12/site-packages/airflow/example_dags/example_dynamic_task_mapping.py
[2025-11-12T21:37:50.323-0800] {processor.py:925} INFO - DAG(s) 'example_dynamic_task_mapping' retrieved from /Users/dipinjassal/ml/tmdb_data_warehouse/venv/lib/python3.12/site-packages/airflow/example_dags/example_dynamic_task_mapping.py
[2025-11-12T21:37:50.348-0800] {logging_mixin.py:190} INFO - [2025-11-12T21:37:50.348-0800] {dag.py:3239} INFO - Sync 1 DAGs
[2025-11-12T21:37:50.368-0800] {logging_mixin.py:190} INFO - [2025-11-12T21:37:50.368-0800] {dag.py:4180} INFO - Setting next_dagrun for example_dynamic_task_mapping to None, run_after=None
[2025-11-12T21:37:50.373-0800] {processor.py:208} INFO - Processing /Users/dipinjassal/ml/tmdb_data_warehouse/venv/lib/python3.12/site-packages/airflow/example_dags/example_dynamic_task_mapping.py took 0.062 seconds
[2025-11-12T21:50:54.104-0800] {processor.py:186} INFO - Started process (PID=2432) to work on /Users/dipinjassal/ml/tmdb_data_warehouse/venv/lib/python3.12/site-packages/airflow/example_dags/example_dynamic_task_mapping.py
[2025-11-12T21:50:54.104-0800] {processor.py:914} INFO - Processing file /Users/dipinjassal/ml/tmdb_data_warehouse/venv/lib/python3.12/site-packages/airflow/example_dags/example_dynamic_task_mapping.py for tasks to queue
[2025-11-12T21:50:54.104-0800] {logging_mixin.py:190} INFO - [2025-11-12T21:50:54.104-0800] {dagbag.py:588} INFO - Filling up the DagBag from /Users/dipinjassal/ml/tmdb_data_warehouse/venv/lib/python3.12/site-packages/airflow/example_dags/example_dynamic_task_mapping.py
[2025-11-12T21:50:54.115-0800] {processor.py:925} INFO - DAG(s) 'example_dynamic_task_mapping' retrieved from /Users/dipinjassal/ml/tmdb_data_warehouse/venv/lib/python3.12/site-packages/airflow/example_dags/example_dynamic_task_mapping.py
[2025-11-12T21:50:54.139-0800] {logging_mixin.py:190} INFO - [2025-11-12T21:50:54.139-0800] {dag.py:3239} INFO - Sync 1 DAGs
[2025-11-12T21:50:54.159-0800] {logging_mixin.py:190} INFO - [2025-11-12T21:50:54.159-0800] {dag.py:4180} INFO - Setting next_dagrun for example_dynamic_task_mapping to None, run_after=None
[2025-11-12T21:50:54.164-0800] {processor.py:208} INFO - Processing /Users/dipinjassal/ml/tmdb_data_warehouse/venv/lib/python3.12/site-packages/airflow/example_dags/example_dynamic_task_mapping.py took 0.061 seconds
