[2025-11-12T21:29:51.001-0800] {processor.py:186} INFO - Started process (PID=1834) to work on /Users/dipinjassal/ml/tmdb_data_warehouse/venv/lib/python3.12/site-packages/airflow/example_dags/example_external_task_marker_dag.py
[2025-11-12T21:29:51.001-0800] {processor.py:914} INFO - Processing file /Users/dipinjassal/ml/tmdb_data_warehouse/venv/lib/python3.12/site-packages/airflow/example_dags/example_external_task_marker_dag.py for tasks to queue
[2025-11-12T21:29:51.001-0800] {logging_mixin.py:190} INFO - [2025-11-12T21:29:51.001-0800] {dagbag.py:588} INFO - Filling up the DagBag from /Users/dipinjassal/ml/tmdb_data_warehouse/venv/lib/python3.12/site-packages/airflow/example_dags/example_external_task_marker_dag.py
[2025-11-12T21:29:51.005-0800] {processor.py:925} INFO - DAG(s) 'example_external_task_marker_parent', 'example_external_task_marker_child' retrieved from /Users/dipinjassal/ml/tmdb_data_warehouse/venv/lib/python3.12/site-packages/airflow/example_dags/example_external_task_marker_dag.py
[2025-11-12T21:29:51.068-0800] {logging_mixin.py:190} INFO - [2025-11-12T21:29:51.068-0800] {override.py:1900} INFO - Created Permission View: can edit on DAG:example_external_task_marker_parent
[2025-11-12T21:29:51.070-0800] {logging_mixin.py:190} INFO - [2025-11-12T21:29:51.070-0800] {override.py:1900} INFO - Created Permission View: can delete on DAG:example_external_task_marker_parent
[2025-11-12T21:29:51.071-0800] {logging_mixin.py:190} INFO - [2025-11-12T21:29:51.071-0800] {override.py:1900} INFO - Created Permission View: can read on DAG:example_external_task_marker_parent
[2025-11-12T21:29:51.073-0800] {logging_mixin.py:190} INFO - [2025-11-12T21:29:51.073-0800] {override.py:1900} INFO - Created Permission View: can create on DAG Run:example_external_task_marker_parent
[2025-11-12T21:29:51.074-0800] {logging_mixin.py:190} INFO - [2025-11-12T21:29:51.074-0800] {override.py:1900} INFO - Created Permission View: menu access on DAG Run:example_external_task_marker_parent
[2025-11-12T21:29:51.075-0800] {logging_mixin.py:190} INFO - [2025-11-12T21:29:51.075-0800] {override.py:1900} INFO - Created Permission View: can delete on DAG Run:example_external_task_marker_parent
[2025-11-12T21:29:51.076-0800] {logging_mixin.py:190} INFO - [2025-11-12T21:29:51.076-0800] {override.py:1900} INFO - Created Permission View: can read on DAG Run:example_external_task_marker_parent
[2025-11-12T21:29:51.217-0800] {logging_mixin.py:190} INFO - [2025-11-12T21:29:51.217-0800] {override.py:1900} INFO - Created Permission View: can edit on DAG:example_external_task_marker_child
[2025-11-12T21:29:51.218-0800] {logging_mixin.py:190} INFO - [2025-11-12T21:29:51.218-0800] {override.py:1900} INFO - Created Permission View: can delete on DAG:example_external_task_marker_child
[2025-11-12T21:29:51.220-0800] {logging_mixin.py:190} INFO - [2025-11-12T21:29:51.220-0800] {override.py:1900} INFO - Created Permission View: can read on DAG:example_external_task_marker_child
[2025-11-12T21:29:51.222-0800] {logging_mixin.py:190} INFO - [2025-11-12T21:29:51.222-0800] {override.py:1900} INFO - Created Permission View: can create on DAG Run:example_external_task_marker_child
[2025-11-12T21:29:51.223-0800] {logging_mixin.py:190} INFO - [2025-11-12T21:29:51.223-0800] {override.py:1900} INFO - Created Permission View: menu access on DAG Run:example_external_task_marker_child
[2025-11-12T21:29:51.224-0800] {logging_mixin.py:190} INFO - [2025-11-12T21:29:51.224-0800] {override.py:1900} INFO - Created Permission View: can delete on DAG Run:example_external_task_marker_child
[2025-11-12T21:29:51.225-0800] {logging_mixin.py:190} INFO - [2025-11-12T21:29:51.225-0800] {override.py:1900} INFO - Created Permission View: can read on DAG Run:example_external_task_marker_child
[2025-11-12T21:29:51.225-0800] {logging_mixin.py:190} INFO - [2025-11-12T21:29:51.225-0800] {dag.py:3239} INFO - Sync 2 DAGs
[2025-11-12T21:29:51.228-0800] {logging_mixin.py:190} INFO - [2025-11-12T21:29:51.228-0800] {dag.py:3262} INFO - Creating ORM DAG for example_external_task_marker_parent
[2025-11-12T21:29:51.228-0800] {logging_mixin.py:190} INFO - [2025-11-12T21:29:51.228-0800] {dag.py:3262} INFO - Creating ORM DAG for example_external_task_marker_child
[2025-11-12T21:29:51.229-0800] {logging_mixin.py:190} INFO - [2025-11-12T21:29:51.229-0800] {dag.py:4180} INFO - Setting next_dagrun for example_external_task_marker_child to None, run_after=None
[2025-11-12T21:29:51.229-0800] {logging_mixin.py:190} INFO - [2025-11-12T21:29:51.229-0800] {dag.py:4180} INFO - Setting next_dagrun for example_external_task_marker_parent to None, run_after=None
[2025-11-12T21:29:51.232-0800] {processor.py:208} INFO - Processing /Users/dipinjassal/ml/tmdb_data_warehouse/venv/lib/python3.12/site-packages/airflow/example_dags/example_external_task_marker_dag.py took 0.233 seconds
[2025-11-12T21:34:51.970-0800] {processor.py:186} INFO - Started process (PID=2060) to work on /Users/dipinjassal/ml/tmdb_data_warehouse/venv/lib/python3.12/site-packages/airflow/example_dags/example_external_task_marker_dag.py
[2025-11-12T21:34:51.970-0800] {processor.py:914} INFO - Processing file /Users/dipinjassal/ml/tmdb_data_warehouse/venv/lib/python3.12/site-packages/airflow/example_dags/example_external_task_marker_dag.py for tasks to queue
[2025-11-12T21:34:51.970-0800] {logging_mixin.py:190} INFO - [2025-11-12T21:34:51.970-0800] {dagbag.py:588} INFO - Filling up the DagBag from /Users/dipinjassal/ml/tmdb_data_warehouse/venv/lib/python3.12/site-packages/airflow/example_dags/example_external_task_marker_dag.py
[2025-11-12T21:34:51.974-0800] {processor.py:925} INFO - DAG(s) 'example_external_task_marker_child', 'example_external_task_marker_parent' retrieved from /Users/dipinjassal/ml/tmdb_data_warehouse/venv/lib/python3.12/site-packages/airflow/example_dags/example_external_task_marker_dag.py
[2025-11-12T21:34:52.155-0800] {logging_mixin.py:190} INFO - [2025-11-12T21:34:52.155-0800] {dag.py:3239} INFO - Sync 2 DAGs
[2025-11-12T21:34:52.159-0800] {logging_mixin.py:190} INFO - [2025-11-12T21:34:52.159-0800] {dag.py:4180} INFO - Setting next_dagrun for example_external_task_marker_child to None, run_after=None
[2025-11-12T21:34:52.159-0800] {logging_mixin.py:190} INFO - [2025-11-12T21:34:52.159-0800] {dag.py:4180} INFO - Setting next_dagrun for example_external_task_marker_parent to None, run_after=None
[2025-11-12T21:34:52.164-0800] {processor.py:208} INFO - Processing /Users/dipinjassal/ml/tmdb_data_warehouse/venv/lib/python3.12/site-packages/airflow/example_dags/example_external_task_marker_dag.py took 0.195 seconds
[2025-11-12T21:37:47.401-0800] {processor.py:186} INFO - Started process (PID=2153) to work on /Users/dipinjassal/ml/tmdb_data_warehouse/venv/lib/python3.12/site-packages/airflow/example_dags/example_external_task_marker_dag.py
[2025-11-12T21:37:47.401-0800] {processor.py:914} INFO - Processing file /Users/dipinjassal/ml/tmdb_data_warehouse/venv/lib/python3.12/site-packages/airflow/example_dags/example_external_task_marker_dag.py for tasks to queue
[2025-11-12T21:37:47.401-0800] {logging_mixin.py:190} INFO - [2025-11-12T21:37:47.401-0800] {dagbag.py:588} INFO - Filling up the DagBag from /Users/dipinjassal/ml/tmdb_data_warehouse/venv/lib/python3.12/site-packages/airflow/example_dags/example_external_task_marker_dag.py
[2025-11-12T21:37:47.405-0800] {processor.py:925} INFO - DAG(s) 'example_external_task_marker_parent', 'example_external_task_marker_child' retrieved from /Users/dipinjassal/ml/tmdb_data_warehouse/venv/lib/python3.12/site-packages/airflow/example_dags/example_external_task_marker_dag.py
[2025-11-12T21:37:47.588-0800] {logging_mixin.py:190} INFO - [2025-11-12T21:37:47.588-0800] {dag.py:3239} INFO - Sync 2 DAGs
[2025-11-12T21:37:47.591-0800] {logging_mixin.py:190} INFO - [2025-11-12T21:37:47.591-0800] {dag.py:4180} INFO - Setting next_dagrun for example_external_task_marker_child to None, run_after=None
[2025-11-12T21:37:47.592-0800] {logging_mixin.py:190} INFO - [2025-11-12T21:37:47.592-0800] {dag.py:4180} INFO - Setting next_dagrun for example_external_task_marker_parent to None, run_after=None
[2025-11-12T21:37:47.596-0800] {processor.py:208} INFO - Processing /Users/dipinjassal/ml/tmdb_data_warehouse/venv/lib/python3.12/site-packages/airflow/example_dags/example_external_task_marker_dag.py took 0.197 seconds
[2025-11-12T21:50:50.769-0800] {processor.py:186} INFO - Started process (PID=2430) to work on /Users/dipinjassal/ml/tmdb_data_warehouse/venv/lib/python3.12/site-packages/airflow/example_dags/example_external_task_marker_dag.py
[2025-11-12T21:50:50.769-0800] {processor.py:914} INFO - Processing file /Users/dipinjassal/ml/tmdb_data_warehouse/venv/lib/python3.12/site-packages/airflow/example_dags/example_external_task_marker_dag.py for tasks to queue
[2025-11-12T21:50:50.770-0800] {logging_mixin.py:190} INFO - [2025-11-12T21:50:50.770-0800] {dagbag.py:588} INFO - Filling up the DagBag from /Users/dipinjassal/ml/tmdb_data_warehouse/venv/lib/python3.12/site-packages/airflow/example_dags/example_external_task_marker_dag.py
[2025-11-12T21:50:50.773-0800] {processor.py:925} INFO - DAG(s) 'example_external_task_marker_child', 'example_external_task_marker_parent' retrieved from /Users/dipinjassal/ml/tmdb_data_warehouse/venv/lib/python3.12/site-packages/airflow/example_dags/example_external_task_marker_dag.py
[2025-11-12T21:50:50.950-0800] {logging_mixin.py:190} INFO - [2025-11-12T21:50:50.950-0800] {dag.py:3239} INFO - Sync 2 DAGs
[2025-11-12T21:50:50.953-0800] {logging_mixin.py:190} INFO - [2025-11-12T21:50:50.953-0800] {dag.py:4180} INFO - Setting next_dagrun for example_external_task_marker_child to None, run_after=None
[2025-11-12T21:50:50.954-0800] {logging_mixin.py:190} INFO - [2025-11-12T21:50:50.954-0800] {dag.py:4180} INFO - Setting next_dagrun for example_external_task_marker_parent to None, run_after=None
[2025-11-12T21:50:50.958-0800] {processor.py:208} INFO - Processing /Users/dipinjassal/ml/tmdb_data_warehouse/venv/lib/python3.12/site-packages/airflow/example_dags/example_external_task_marker_dag.py took 0.190 seconds
