[2025-11-12T21:29:16.116-0800] {processor.py:186} INFO - Started process (PID=1812) to work on /Users/dipinjassal/ml/tmdb_data_warehouse/venv/lib/python3.12/site-packages/airflow/example_dags/example_subdag_operator.py
[2025-11-12T21:29:16.116-0800] {processor.py:914} INFO - Processing file /Users/dipinjassal/ml/tmdb_data_warehouse/venv/lib/python3.12/site-packages/airflow/example_dags/example_subdag_operator.py for tasks to queue
[2025-11-12T21:29:16.116-0800] {logging_mixin.py:190} INFO - [2025-11-12T21:29:16.116-0800] {dagbag.py:588} INFO - Filling up the DagBag from /Users/dipinjassal/ml/tmdb_data_warehouse/venv/lib/python3.12/site-packages/airflow/example_dags/example_subdag_operator.py
[2025-11-12T21:29:16.142-0800] {processor.py:925} INFO - DAG(s) 'example_subdag_operator.section-1', 'example_subdag_operator.section-2', 'example_subdag_operator' retrieved from /Users/dipinjassal/ml/tmdb_data_warehouse/venv/lib/python3.12/site-packages/airflow/example_dags/example_subdag_operator.py
[2025-11-12T21:29:16.327-0800] {logging_mixin.py:190} INFO - [2025-11-12T21:29:16.327-0800] {override.py:1900} INFO - Created Permission View: can delete on DAG:example_subdag_operator
[2025-11-12T21:29:16.329-0800] {logging_mixin.py:190} INFO - [2025-11-12T21:29:16.329-0800] {override.py:1900} INFO - Created Permission View: can read on DAG:example_subdag_operator
[2025-11-12T21:29:16.331-0800] {logging_mixin.py:190} INFO - [2025-11-12T21:29:16.331-0800] {override.py:1900} INFO - Created Permission View: can edit on DAG:example_subdag_operator
[2025-11-12T21:29:16.333-0800] {logging_mixin.py:190} INFO - [2025-11-12T21:29:16.333-0800] {override.py:1900} INFO - Created Permission View: can create on DAG Run:example_subdag_operator
[2025-11-12T21:29:16.334-0800] {logging_mixin.py:190} INFO - [2025-11-12T21:29:16.334-0800] {override.py:1900} INFO - Created Permission View: can delete on DAG Run:example_subdag_operator
[2025-11-12T21:29:16.335-0800] {logging_mixin.py:190} INFO - [2025-11-12T21:29:16.335-0800] {override.py:1900} INFO - Created Permission View: can read on DAG Run:example_subdag_operator
[2025-11-12T21:29:16.336-0800] {logging_mixin.py:190} INFO - [2025-11-12T21:29:16.336-0800] {override.py:1900} INFO - Created Permission View: menu access on DAG Run:example_subdag_operator
[2025-11-12T21:29:16.336-0800] {logging_mixin.py:190} INFO - [2025-11-12T21:29:16.336-0800] {dag.py:3239} INFO - Sync 3 DAGs
[2025-11-12T21:29:16.339-0800] {logging_mixin.py:190} INFO - [2025-11-12T21:29:16.339-0800] {dag.py:3262} INFO - Creating ORM DAG for example_subdag_operator.section-2
[2025-11-12T21:29:16.339-0800] {logging_mixin.py:190} INFO - [2025-11-12T21:29:16.339-0800] {dag.py:3262} INFO - Creating ORM DAG for example_subdag_operator
[2025-11-12T21:29:16.339-0800] {logging_mixin.py:190} INFO - [2025-11-12T21:29:16.339-0800] {dag.py:3262} INFO - Creating ORM DAG for example_subdag_operator.section-1
[2025-11-12T21:29:16.341-0800] {logging_mixin.py:190} INFO - [2025-11-12T21:29:16.341-0800] {dag.py:4180} INFO - Setting next_dagrun for example_subdag_operator to 2022-01-01 00:00:00+00:00, run_after=2022-01-01 00:00:00+00:00
[2025-11-12T21:29:16.341-0800] {logging_mixin.py:190} INFO - [2025-11-12T21:29:16.341-0800] {dag.py:4180} INFO - Setting next_dagrun for example_subdag_operator.section-1 to None, run_after=None
[2025-11-12T21:29:16.341-0800] {logging_mixin.py:190} INFO - [2025-11-12T21:29:16.341-0800] {dag.py:4180} INFO - Setting next_dagrun for example_subdag_operator.section-2 to None, run_after=None
[2025-11-12T21:29:16.343-0800] {logging_mixin.py:190} INFO - [2025-11-12T21:29:16.343-0800] {dag.py:3239} INFO - Sync 2 DAGs
[2025-11-12T21:29:16.344-0800] {logging_mixin.py:190} INFO - [2025-11-12T21:29:16.344-0800] {dag.py:4180} INFO - Setting next_dagrun for example_subdag_operator.section-1 to None, run_after=None
[2025-11-12T21:29:16.344-0800] {logging_mixin.py:190} INFO - [2025-11-12T21:29:16.344-0800] {dag.py:4180} INFO - Setting next_dagrun for example_subdag_operator.section-2 to None, run_after=None
[2025-11-12T21:29:16.347-0800] {processor.py:208} INFO - Processing /Users/dipinjassal/ml/tmdb_data_warehouse/venv/lib/python3.12/site-packages/airflow/example_dags/example_subdag_operator.py took 0.233 seconds
[2025-11-12T21:30:45.773-0800] {processor.py:186} INFO - Started process (PID=1884) to work on /Users/dipinjassal/ml/tmdb_data_warehouse/venv/lib/python3.12/site-packages/airflow/example_dags/example_subdag_operator.py
[2025-11-12T21:30:45.773-0800] {processor.py:914} INFO - Processing file /Users/dipinjassal/ml/tmdb_data_warehouse/venv/lib/python3.12/site-packages/airflow/example_dags/example_subdag_operator.py for tasks to queue
[2025-11-12T21:30:45.773-0800] {logging_mixin.py:190} INFO - [2025-11-12T21:30:45.773-0800] {dagbag.py:588} INFO - Filling up the DagBag from /Users/dipinjassal/ml/tmdb_data_warehouse/venv/lib/python3.12/site-packages/airflow/example_dags/example_subdag_operator.py
[2025-11-12T21:30:45.799-0800] {processor.py:925} INFO - DAG(s) 'example_subdag_operator.section-1', 'example_subdag_operator.section-2', 'example_subdag_operator' retrieved from /Users/dipinjassal/ml/tmdb_data_warehouse/venv/lib/python3.12/site-packages/airflow/example_dags/example_subdag_operator.py
[2025-11-12T21:30:45.964-0800] {logging_mixin.py:190} INFO - [2025-11-12T21:30:45.964-0800] {dag.py:3239} INFO - Sync 3 DAGs
[2025-11-12T21:30:45.969-0800] {logging_mixin.py:190} INFO - [2025-11-12T21:30:45.969-0800] {dag.py:4180} INFO - Setting next_dagrun for example_subdag_operator to 2022-01-01 00:00:00+00:00, run_after=2022-01-01 00:00:00+00:00
[2025-11-12T21:30:45.970-0800] {logging_mixin.py:190} INFO - [2025-11-12T21:30:45.970-0800] {dag.py:4180} INFO - Setting next_dagrun for example_subdag_operator.section-1 to None, run_after=None
[2025-11-12T21:30:45.970-0800] {logging_mixin.py:190} INFO - [2025-11-12T21:30:45.970-0800] {dag.py:4180} INFO - Setting next_dagrun for example_subdag_operator.section-2 to None, run_after=None
[2025-11-12T21:30:45.972-0800] {logging_mixin.py:190} INFO - [2025-11-12T21:30:45.972-0800] {dag.py:3239} INFO - Sync 2 DAGs
[2025-11-12T21:30:45.973-0800] {logging_mixin.py:190} INFO - [2025-11-12T21:30:45.973-0800] {dag.py:4180} INFO - Setting next_dagrun for example_subdag_operator.section-1 to None, run_after=None
[2025-11-12T21:30:45.973-0800] {logging_mixin.py:190} INFO - [2025-11-12T21:30:45.973-0800] {dag.py:4180} INFO - Setting next_dagrun for example_subdag_operator.section-2 to None, run_after=None
[2025-11-12T21:30:45.976-0800] {processor.py:208} INFO - Processing /Users/dipinjassal/ml/tmdb_data_warehouse/venv/lib/python3.12/site-packages/airflow/example_dags/example_subdag_operator.py took 0.204 seconds
[2025-11-12T21:34:20.927-0800] {processor.py:186} INFO - Started process (PID=2037) to work on /Users/dipinjassal/ml/tmdb_data_warehouse/venv/lib/python3.12/site-packages/airflow/example_dags/example_subdag_operator.py
[2025-11-12T21:34:20.927-0800] {processor.py:914} INFO - Processing file /Users/dipinjassal/ml/tmdb_data_warehouse/venv/lib/python3.12/site-packages/airflow/example_dags/example_subdag_operator.py for tasks to queue
[2025-11-12T21:34:20.927-0800] {logging_mixin.py:190} INFO - [2025-11-12T21:34:20.927-0800] {dagbag.py:588} INFO - Filling up the DagBag from /Users/dipinjassal/ml/tmdb_data_warehouse/venv/lib/python3.12/site-packages/airflow/example_dags/example_subdag_operator.py
[2025-11-12T21:34:20.952-0800] {processor.py:925} INFO - DAG(s) 'example_subdag_operator.section-1', 'example_subdag_operator.section-2', 'example_subdag_operator' retrieved from /Users/dipinjassal/ml/tmdb_data_warehouse/venv/lib/python3.12/site-packages/airflow/example_dags/example_subdag_operator.py
[2025-11-12T21:34:21.116-0800] {logging_mixin.py:190} INFO - [2025-11-12T21:34:21.116-0800] {dag.py:3239} INFO - Sync 3 DAGs
[2025-11-12T21:34:21.121-0800] {logging_mixin.py:190} INFO - [2025-11-12T21:34:21.121-0800] {dag.py:4180} INFO - Setting next_dagrun for example_subdag_operator to 2022-01-01 00:00:00+00:00, run_after=2022-01-01 00:00:00+00:00
[2025-11-12T21:34:21.122-0800] {logging_mixin.py:190} INFO - [2025-11-12T21:34:21.122-0800] {dag.py:4180} INFO - Setting next_dagrun for example_subdag_operator.section-1 to None, run_after=None
[2025-11-12T21:34:21.122-0800] {logging_mixin.py:190} INFO - [2025-11-12T21:34:21.122-0800] {dag.py:4180} INFO - Setting next_dagrun for example_subdag_operator.section-2 to None, run_after=None
[2025-11-12T21:34:21.124-0800] {logging_mixin.py:190} INFO - [2025-11-12T21:34:21.124-0800] {dag.py:3239} INFO - Sync 2 DAGs
[2025-11-12T21:34:21.125-0800] {logging_mixin.py:190} INFO - [2025-11-12T21:34:21.125-0800] {dag.py:4180} INFO - Setting next_dagrun for example_subdag_operator.section-1 to None, run_after=None
[2025-11-12T21:34:21.125-0800] {logging_mixin.py:190} INFO - [2025-11-12T21:34:21.125-0800] {dag.py:4180} INFO - Setting next_dagrun for example_subdag_operator.section-2 to None, run_after=None
[2025-11-12T21:34:21.128-0800] {processor.py:208} INFO - Processing /Users/dipinjassal/ml/tmdb_data_warehouse/venv/lib/python3.12/site-packages/airflow/example_dags/example_subdag_operator.py took 0.202 seconds
[2025-11-12T21:37:15.582-0800] {processor.py:186} INFO - Started process (PID=2127) to work on /Users/dipinjassal/ml/tmdb_data_warehouse/venv/lib/python3.12/site-packages/airflow/example_dags/example_subdag_operator.py
[2025-11-12T21:37:15.582-0800] {processor.py:914} INFO - Processing file /Users/dipinjassal/ml/tmdb_data_warehouse/venv/lib/python3.12/site-packages/airflow/example_dags/example_subdag_operator.py for tasks to queue
[2025-11-12T21:37:15.582-0800] {logging_mixin.py:190} INFO - [2025-11-12T21:37:15.582-0800] {dagbag.py:588} INFO - Filling up the DagBag from /Users/dipinjassal/ml/tmdb_data_warehouse/venv/lib/python3.12/site-packages/airflow/example_dags/example_subdag_operator.py
[2025-11-12T21:37:15.608-0800] {processor.py:925} INFO - DAG(s) 'example_subdag_operator.section-1', 'example_subdag_operator.section-2', 'example_subdag_operator' retrieved from /Users/dipinjassal/ml/tmdb_data_warehouse/venv/lib/python3.12/site-packages/airflow/example_dags/example_subdag_operator.py
[2025-11-12T21:37:15.766-0800] {logging_mixin.py:190} INFO - [2025-11-12T21:37:15.766-0800] {dag.py:3239} INFO - Sync 3 DAGs
[2025-11-12T21:37:15.771-0800] {logging_mixin.py:190} INFO - [2025-11-12T21:37:15.771-0800] {dag.py:4180} INFO - Setting next_dagrun for example_subdag_operator to 2022-01-01 00:00:00+00:00, run_after=2022-01-01 00:00:00+00:00
[2025-11-12T21:37:15.772-0800] {logging_mixin.py:190} INFO - [2025-11-12T21:37:15.772-0800] {dag.py:4180} INFO - Setting next_dagrun for example_subdag_operator.section-1 to None, run_after=None
[2025-11-12T21:37:15.772-0800] {logging_mixin.py:190} INFO - [2025-11-12T21:37:15.772-0800] {dag.py:4180} INFO - Setting next_dagrun for example_subdag_operator.section-2 to None, run_after=None
[2025-11-12T21:37:15.774-0800] {logging_mixin.py:190} INFO - [2025-11-12T21:37:15.774-0800] {dag.py:3239} INFO - Sync 2 DAGs
[2025-11-12T21:37:15.775-0800] {logging_mixin.py:190} INFO - [2025-11-12T21:37:15.775-0800] {dag.py:4180} INFO - Setting next_dagrun for example_subdag_operator.section-1 to None, run_after=None
[2025-11-12T21:37:15.775-0800] {logging_mixin.py:190} INFO - [2025-11-12T21:37:15.775-0800] {dag.py:4180} INFO - Setting next_dagrun for example_subdag_operator.section-2 to None, run_after=None
[2025-11-12T21:37:15.778-0800] {processor.py:208} INFO - Processing /Users/dipinjassal/ml/tmdb_data_warehouse/venv/lib/python3.12/site-packages/airflow/example_dags/example_subdag_operator.py took 0.197 seconds
[2025-11-12T21:50:19.772-0800] {processor.py:186} INFO - Started process (PID=2405) to work on /Users/dipinjassal/ml/tmdb_data_warehouse/venv/lib/python3.12/site-packages/airflow/example_dags/example_subdag_operator.py
[2025-11-12T21:50:19.772-0800] {processor.py:914} INFO - Processing file /Users/dipinjassal/ml/tmdb_data_warehouse/venv/lib/python3.12/site-packages/airflow/example_dags/example_subdag_operator.py for tasks to queue
[2025-11-12T21:50:19.772-0800] {logging_mixin.py:190} INFO - [2025-11-12T21:50:19.772-0800] {dagbag.py:588} INFO - Filling up the DagBag from /Users/dipinjassal/ml/tmdb_data_warehouse/venv/lib/python3.12/site-packages/airflow/example_dags/example_subdag_operator.py
[2025-11-12T21:50:19.797-0800] {processor.py:925} INFO - DAG(s) 'example_subdag_operator.section-1', 'example_subdag_operator.section-2', 'example_subdag_operator' retrieved from /Users/dipinjassal/ml/tmdb_data_warehouse/venv/lib/python3.12/site-packages/airflow/example_dags/example_subdag_operator.py
[2025-11-12T21:50:19.955-0800] {logging_mixin.py:190} INFO - [2025-11-12T21:50:19.955-0800] {dag.py:3239} INFO - Sync 3 DAGs
[2025-11-12T21:50:19.960-0800] {logging_mixin.py:190} INFO - [2025-11-12T21:50:19.960-0800] {dag.py:4180} INFO - Setting next_dagrun for example_subdag_operator to 2022-01-01 00:00:00+00:00, run_after=2022-01-01 00:00:00+00:00
[2025-11-12T21:50:19.961-0800] {logging_mixin.py:190} INFO - [2025-11-12T21:50:19.961-0800] {dag.py:4180} INFO - Setting next_dagrun for example_subdag_operator.section-1 to None, run_after=None
[2025-11-12T21:50:19.961-0800] {logging_mixin.py:190} INFO - [2025-11-12T21:50:19.961-0800] {dag.py:4180} INFO - Setting next_dagrun for example_subdag_operator.section-2 to None, run_after=None
[2025-11-12T21:50:19.963-0800] {logging_mixin.py:190} INFO - [2025-11-12T21:50:19.963-0800] {dag.py:3239} INFO - Sync 2 DAGs
[2025-11-12T21:50:19.964-0800] {logging_mixin.py:190} INFO - [2025-11-12T21:50:19.964-0800] {dag.py:4180} INFO - Setting next_dagrun for example_subdag_operator.section-1 to None, run_after=None
[2025-11-12T21:50:19.964-0800] {logging_mixin.py:190} INFO - [2025-11-12T21:50:19.964-0800] {dag.py:4180} INFO - Setting next_dagrun for example_subdag_operator.section-2 to None, run_after=None
[2025-11-12T21:50:19.967-0800] {processor.py:208} INFO - Processing /Users/dipinjassal/ml/tmdb_data_warehouse/venv/lib/python3.12/site-packages/airflow/example_dags/example_subdag_operator.py took 0.196 seconds
[2025-11-12T21:51:44.199-0800] {processor.py:186} INFO - Started process (PID=2468) to work on /Users/dipinjassal/ml/tmdb_data_warehouse/venv/lib/python3.12/site-packages/airflow/example_dags/example_subdag_operator.py
[2025-11-12T21:51:44.200-0800] {processor.py:914} INFO - Processing file /Users/dipinjassal/ml/tmdb_data_warehouse/venv/lib/python3.12/site-packages/airflow/example_dags/example_subdag_operator.py for tasks to queue
[2025-11-12T21:51:44.200-0800] {logging_mixin.py:190} INFO - [2025-11-12T21:51:44.200-0800] {dagbag.py:588} INFO - Filling up the DagBag from /Users/dipinjassal/ml/tmdb_data_warehouse/venv/lib/python3.12/site-packages/airflow/example_dags/example_subdag_operator.py
[2025-11-12T21:51:44.226-0800] {processor.py:925} INFO - DAG(s) 'example_subdag_operator.section-1', 'example_subdag_operator.section-2', 'example_subdag_operator' retrieved from /Users/dipinjassal/ml/tmdb_data_warehouse/venv/lib/python3.12/site-packages/airflow/example_dags/example_subdag_operator.py
[2025-11-12T21:51:44.389-0800] {logging_mixin.py:190} INFO - [2025-11-12T21:51:44.389-0800] {dag.py:3239} INFO - Sync 3 DAGs
[2025-11-12T21:51:44.395-0800] {logging_mixin.py:190} INFO - [2025-11-12T21:51:44.395-0800] {dag.py:4180} INFO - Setting next_dagrun for example_subdag_operator to 2022-01-01 00:00:00+00:00, run_after=2022-01-01 00:00:00+00:00
[2025-11-12T21:51:44.395-0800] {logging_mixin.py:190} INFO - [2025-11-12T21:51:44.395-0800] {dag.py:4180} INFO - Setting next_dagrun for example_subdag_operator.section-1 to None, run_after=None
[2025-11-12T21:51:44.396-0800] {logging_mixin.py:190} INFO - [2025-11-12T21:51:44.396-0800] {dag.py:4180} INFO - Setting next_dagrun for example_subdag_operator.section-2 to None, run_after=None
[2025-11-12T21:51:44.397-0800] {logging_mixin.py:190} INFO - [2025-11-12T21:51:44.397-0800] {dag.py:3239} INFO - Sync 2 DAGs
[2025-11-12T21:51:44.398-0800] {logging_mixin.py:190} INFO - [2025-11-12T21:51:44.398-0800] {dag.py:4180} INFO - Setting next_dagrun for example_subdag_operator.section-1 to None, run_after=None
[2025-11-12T21:51:44.398-0800] {logging_mixin.py:190} INFO - [2025-11-12T21:51:44.398-0800] {dag.py:4180} INFO - Setting next_dagrun for example_subdag_operator.section-2 to None, run_after=None
[2025-11-12T21:51:44.401-0800] {processor.py:208} INFO - Processing /Users/dipinjassal/ml/tmdb_data_warehouse/venv/lib/python3.12/site-packages/airflow/example_dags/example_subdag_operator.py took 0.203 seconds
[2025-11-12T21:58:35.772-0800] {processor.py:186} INFO - Started process (PID=2614) to work on /Users/dipinjassal/ml/tmdb_data_warehouse/venv/lib/python3.12/site-packages/airflow/example_dags/example_subdag_operator.py
[2025-11-12T21:58:35.772-0800] {processor.py:914} INFO - Processing file /Users/dipinjassal/ml/tmdb_data_warehouse/venv/lib/python3.12/site-packages/airflow/example_dags/example_subdag_operator.py for tasks to queue
[2025-11-12T21:58:35.773-0800] {logging_mixin.py:190} INFO - [2025-11-12T21:58:35.773-0800] {dagbag.py:588} INFO - Filling up the DagBag from /Users/dipinjassal/ml/tmdb_data_warehouse/venv/lib/python3.12/site-packages/airflow/example_dags/example_subdag_operator.py
[2025-11-12T21:58:35.801-0800] {processor.py:925} INFO - DAG(s) 'example_subdag_operator.section-1', 'example_subdag_operator.section-2', 'example_subdag_operator' retrieved from /Users/dipinjassal/ml/tmdb_data_warehouse/venv/lib/python3.12/site-packages/airflow/example_dags/example_subdag_operator.py
[2025-11-12T21:58:35.979-0800] {logging_mixin.py:190} INFO - [2025-11-12T21:58:35.978-0800] {dag.py:3239} INFO - Sync 3 DAGs
[2025-11-12T21:58:35.985-0800] {logging_mixin.py:190} INFO - [2025-11-12T21:58:35.984-0800] {dag.py:4180} INFO - Setting next_dagrun for example_subdag_operator to 2022-01-01 00:00:00+00:00, run_after=2022-01-01 00:00:00+00:00
[2025-11-12T21:58:35.986-0800] {logging_mixin.py:190} INFO - [2025-11-12T21:58:35.986-0800] {dag.py:4180} INFO - Setting next_dagrun for example_subdag_operator.section-1 to None, run_after=None
[2025-11-12T21:58:35.986-0800] {logging_mixin.py:190} INFO - [2025-11-12T21:58:35.986-0800] {dag.py:4180} INFO - Setting next_dagrun for example_subdag_operator.section-2 to None, run_after=None
[2025-11-12T21:58:35.987-0800] {logging_mixin.py:190} INFO - [2025-11-12T21:58:35.987-0800] {dag.py:3239} INFO - Sync 2 DAGs
[2025-11-12T21:58:35.988-0800] {logging_mixin.py:190} INFO - [2025-11-12T21:58:35.988-0800] {dag.py:4180} INFO - Setting next_dagrun for example_subdag_operator.section-1 to None, run_after=None
[2025-11-12T21:58:35.988-0800] {logging_mixin.py:190} INFO - [2025-11-12T21:58:35.988-0800] {dag.py:4180} INFO - Setting next_dagrun for example_subdag_operator.section-2 to None, run_after=None
[2025-11-12T21:58:35.992-0800] {processor.py:208} INFO - Processing /Users/dipinjassal/ml/tmdb_data_warehouse/venv/lib/python3.12/site-packages/airflow/example_dags/example_subdag_operator.py took 0.220 seconds
