[2025-11-12T21:29:03.769-0800] {processor.py:186} INFO - Started process (PID=1801) to work on /Users/dipinjassal/ml/tmdb_data_warehouse/venv/lib/python3.12/site-packages/airflow/example_dags/example_xcom.py
[2025-11-12T21:29:03.769-0800] {processor.py:914} INFO - Processing file /Users/dipinjassal/ml/tmdb_data_warehouse/venv/lib/python3.12/site-packages/airflow/example_dags/example_xcom.py for tasks to queue
[2025-11-12T21:29:03.769-0800] {logging_mixin.py:190} INFO - [2025-11-12T21:29:03.769-0800] {dagbag.py:588} INFO - Filling up the DagBag from /Users/dipinjassal/ml/tmdb_data_warehouse/venv/lib/python3.12/site-packages/airflow/example_dags/example_xcom.py
[2025-11-12T21:29:03.781-0800] {processor.py:925} INFO - DAG(s) 'example_xcom' retrieved from /Users/dipinjassal/ml/tmdb_data_warehouse/venv/lib/python3.12/site-packages/airflow/example_dags/example_xcom.py
[2025-11-12T21:29:03.805-0800] {logging_mixin.py:190} INFO - [2025-11-12T21:29:03.805-0800] {dag.py:3239} INFO - Sync 1 DAGs
[2025-11-12T21:29:03.827-0800] {logging_mixin.py:190} INFO - [2025-11-12T21:29:03.827-0800] {dag.py:4180} INFO - Setting next_dagrun for example_xcom to 2021-01-01 00:00:00+00:00, run_after=2021-01-01 00:00:00+00:00
[2025-11-12T21:29:03.832-0800] {processor.py:208} INFO - Processing /Users/dipinjassal/ml/tmdb_data_warehouse/venv/lib/python3.12/site-packages/airflow/example_dags/example_xcom.py took 0.064 seconds
[2025-11-12T21:30:34.889-0800] {processor.py:186} INFO - Started process (PID=1875) to work on /Users/dipinjassal/ml/tmdb_data_warehouse/venv/lib/python3.12/site-packages/airflow/example_dags/example_xcom.py
[2025-11-12T21:30:34.889-0800] {processor.py:914} INFO - Processing file /Users/dipinjassal/ml/tmdb_data_warehouse/venv/lib/python3.12/site-packages/airflow/example_dags/example_xcom.py for tasks to queue
[2025-11-12T21:30:34.889-0800] {logging_mixin.py:190} INFO - [2025-11-12T21:30:34.889-0800] {dagbag.py:588} INFO - Filling up the DagBag from /Users/dipinjassal/ml/tmdb_data_warehouse/venv/lib/python3.12/site-packages/airflow/example_dags/example_xcom.py
[2025-11-12T21:30:34.901-0800] {processor.py:925} INFO - DAG(s) 'example_xcom' retrieved from /Users/dipinjassal/ml/tmdb_data_warehouse/venv/lib/python3.12/site-packages/airflow/example_dags/example_xcom.py
[2025-11-12T21:30:34.925-0800] {logging_mixin.py:190} INFO - [2025-11-12T21:30:34.925-0800] {dag.py:3239} INFO - Sync 1 DAGs
[2025-11-12T21:30:34.947-0800] {logging_mixin.py:190} INFO - [2025-11-12T21:30:34.946-0800] {dag.py:4180} INFO - Setting next_dagrun for example_xcom to 2021-01-01 00:00:00+00:00, run_after=2021-01-01 00:00:00+00:00
[2025-11-12T21:30:34.951-0800] {processor.py:208} INFO - Processing /Users/dipinjassal/ml/tmdb_data_warehouse/venv/lib/python3.12/site-packages/airflow/example_dags/example_xcom.py took 0.063 seconds
[2025-11-12T21:31:41.523-0800] {processor.py:186} INFO - Started process (PID=1935) to work on /Users/dipinjassal/ml/tmdb_data_warehouse/venv/lib/python3.12/site-packages/airflow/example_dags/example_xcom.py
[2025-11-12T21:31:41.523-0800] {processor.py:914} INFO - Processing file /Users/dipinjassal/ml/tmdb_data_warehouse/venv/lib/python3.12/site-packages/airflow/example_dags/example_xcom.py for tasks to queue
[2025-11-12T21:31:41.523-0800] {logging_mixin.py:190} INFO - [2025-11-12T21:31:41.523-0800] {dagbag.py:588} INFO - Filling up the DagBag from /Users/dipinjassal/ml/tmdb_data_warehouse/venv/lib/python3.12/site-packages/airflow/example_dags/example_xcom.py
[2025-11-12T21:31:41.535-0800] {processor.py:925} INFO - DAG(s) 'example_xcom' retrieved from /Users/dipinjassal/ml/tmdb_data_warehouse/venv/lib/python3.12/site-packages/airflow/example_dags/example_xcom.py
[2025-11-12T21:31:41.560-0800] {logging_mixin.py:190} INFO - [2025-11-12T21:31:41.560-0800] {dag.py:3239} INFO - Sync 1 DAGs
[2025-11-12T21:31:41.582-0800] {logging_mixin.py:190} INFO - [2025-11-12T21:31:41.582-0800] {dag.py:4180} INFO - Setting next_dagrun for example_xcom to 2021-01-01 00:00:00+00:00, run_after=2021-01-01 00:00:00+00:00
[2025-11-12T21:31:41.587-0800] {processor.py:208} INFO - Processing /Users/dipinjassal/ml/tmdb_data_warehouse/venv/lib/python3.12/site-packages/airflow/example_dags/example_xcom.py took 0.065 seconds
[2025-11-12T21:34:10.302-0800] {processor.py:186} INFO - Started process (PID=2030) to work on /Users/dipinjassal/ml/tmdb_data_warehouse/venv/lib/python3.12/site-packages/airflow/example_dags/example_xcom.py
[2025-11-12T21:34:10.302-0800] {processor.py:914} INFO - Processing file /Users/dipinjassal/ml/tmdb_data_warehouse/venv/lib/python3.12/site-packages/airflow/example_dags/example_xcom.py for tasks to queue
[2025-11-12T21:34:10.302-0800] {logging_mixin.py:190} INFO - [2025-11-12T21:34:10.302-0800] {dagbag.py:588} INFO - Filling up the DagBag from /Users/dipinjassal/ml/tmdb_data_warehouse/venv/lib/python3.12/site-packages/airflow/example_dags/example_xcom.py
[2025-11-12T21:34:10.313-0800] {processor.py:925} INFO - DAG(s) 'example_xcom' retrieved from /Users/dipinjassal/ml/tmdb_data_warehouse/venv/lib/python3.12/site-packages/airflow/example_dags/example_xcom.py
[2025-11-12T21:34:10.338-0800] {logging_mixin.py:190} INFO - [2025-11-12T21:34:10.337-0800] {dag.py:3239} INFO - Sync 1 DAGs
[2025-11-12T21:34:10.359-0800] {logging_mixin.py:190} INFO - [2025-11-12T21:34:10.359-0800] {dag.py:4180} INFO - Setting next_dagrun for example_xcom to 2021-01-01 00:00:00+00:00, run_after=2021-01-01 00:00:00+00:00
[2025-11-12T21:34:10.364-0800] {processor.py:208} INFO - Processing /Users/dipinjassal/ml/tmdb_data_warehouse/venv/lib/python3.12/site-packages/airflow/example_dags/example_xcom.py took 0.063 seconds
[2025-11-12T21:37:03.678-0800] {processor.py:186} INFO - Started process (PID=2118) to work on /Users/dipinjassal/ml/tmdb_data_warehouse/venv/lib/python3.12/site-packages/airflow/example_dags/example_xcom.py
[2025-11-12T21:37:03.679-0800] {processor.py:914} INFO - Processing file /Users/dipinjassal/ml/tmdb_data_warehouse/venv/lib/python3.12/site-packages/airflow/example_dags/example_xcom.py for tasks to queue
[2025-11-12T21:37:03.679-0800] {logging_mixin.py:190} INFO - [2025-11-12T21:37:03.679-0800] {dagbag.py:588} INFO - Filling up the DagBag from /Users/dipinjassal/ml/tmdb_data_warehouse/venv/lib/python3.12/site-packages/airflow/example_dags/example_xcom.py
[2025-11-12T21:37:03.690-0800] {processor.py:925} INFO - DAG(s) 'example_xcom' retrieved from /Users/dipinjassal/ml/tmdb_data_warehouse/venv/lib/python3.12/site-packages/airflow/example_dags/example_xcom.py
[2025-11-12T21:37:03.714-0800] {logging_mixin.py:190} INFO - [2025-11-12T21:37:03.714-0800] {dag.py:3239} INFO - Sync 1 DAGs
[2025-11-12T21:37:03.736-0800] {logging_mixin.py:190} INFO - [2025-11-12T21:37:03.736-0800] {dag.py:4180} INFO - Setting next_dagrun for example_xcom to 2021-01-01 00:00:00+00:00, run_after=2021-01-01 00:00:00+00:00
[2025-11-12T21:37:03.741-0800] {processor.py:208} INFO - Processing /Users/dipinjassal/ml/tmdb_data_warehouse/venv/lib/python3.12/site-packages/airflow/example_dags/example_xcom.py took 0.063 seconds
[2025-11-12T21:38:29.625-0800] {processor.py:186} INFO - Started process (PID=2187) to work on /Users/dipinjassal/ml/tmdb_data_warehouse/venv/lib/python3.12/site-packages/airflow/example_dags/example_xcom.py
[2025-11-12T21:38:29.625-0800] {processor.py:914} INFO - Processing file /Users/dipinjassal/ml/tmdb_data_warehouse/venv/lib/python3.12/site-packages/airflow/example_dags/example_xcom.py for tasks to queue
[2025-11-12T21:38:29.625-0800] {logging_mixin.py:190} INFO - [2025-11-12T21:38:29.625-0800] {dagbag.py:588} INFO - Filling up the DagBag from /Users/dipinjassal/ml/tmdb_data_warehouse/venv/lib/python3.12/site-packages/airflow/example_dags/example_xcom.py
[2025-11-12T21:38:29.637-0800] {processor.py:925} INFO - DAG(s) 'example_xcom' retrieved from /Users/dipinjassal/ml/tmdb_data_warehouse/venv/lib/python3.12/site-packages/airflow/example_dags/example_xcom.py
[2025-11-12T21:38:29.662-0800] {logging_mixin.py:190} INFO - [2025-11-12T21:38:29.662-0800] {dag.py:3239} INFO - Sync 1 DAGs
[2025-11-12T21:38:29.685-0800] {logging_mixin.py:190} INFO - [2025-11-12T21:38:29.684-0800] {dag.py:4180} INFO - Setting next_dagrun for example_xcom to 2021-01-01 00:00:00+00:00, run_after=2021-01-01 00:00:00+00:00
[2025-11-12T21:38:29.689-0800] {processor.py:208} INFO - Processing /Users/dipinjassal/ml/tmdb_data_warehouse/venv/lib/python3.12/site-packages/airflow/example_dags/example_xcom.py took 0.065 seconds
[2025-11-12T21:50:09.097-0800] {processor.py:186} INFO - Started process (PID=2397) to work on /Users/dipinjassal/ml/tmdb_data_warehouse/venv/lib/python3.12/site-packages/airflow/example_dags/example_xcom.py
[2025-11-12T21:50:09.097-0800] {processor.py:914} INFO - Processing file /Users/dipinjassal/ml/tmdb_data_warehouse/venv/lib/python3.12/site-packages/airflow/example_dags/example_xcom.py for tasks to queue
[2025-11-12T21:50:09.097-0800] {logging_mixin.py:190} INFO - [2025-11-12T21:50:09.097-0800] {dagbag.py:588} INFO - Filling up the DagBag from /Users/dipinjassal/ml/tmdb_data_warehouse/venv/lib/python3.12/site-packages/airflow/example_dags/example_xcom.py
[2025-11-12T21:50:09.109-0800] {processor.py:925} INFO - DAG(s) 'example_xcom' retrieved from /Users/dipinjassal/ml/tmdb_data_warehouse/venv/lib/python3.12/site-packages/airflow/example_dags/example_xcom.py
[2025-11-12T21:50:09.133-0800] {logging_mixin.py:190} INFO - [2025-11-12T21:50:09.133-0800] {dag.py:3239} INFO - Sync 1 DAGs
[2025-11-12T21:50:09.155-0800] {logging_mixin.py:190} INFO - [2025-11-12T21:50:09.155-0800] {dag.py:4180} INFO - Setting next_dagrun for example_xcom to 2021-01-01 00:00:00+00:00, run_after=2021-01-01 00:00:00+00:00
[2025-11-12T21:50:09.160-0800] {processor.py:208} INFO - Processing /Users/dipinjassal/ml/tmdb_data_warehouse/venv/lib/python3.12/site-packages/airflow/example_dags/example_xcom.py took 0.064 seconds
[2025-11-12T21:51:33.281-0800] {processor.py:186} INFO - Started process (PID=2460) to work on /Users/dipinjassal/ml/tmdb_data_warehouse/venv/lib/python3.12/site-packages/airflow/example_dags/example_xcom.py
[2025-11-12T21:51:33.281-0800] {processor.py:914} INFO - Processing file /Users/dipinjassal/ml/tmdb_data_warehouse/venv/lib/python3.12/site-packages/airflow/example_dags/example_xcom.py for tasks to queue
[2025-11-12T21:51:33.281-0800] {logging_mixin.py:190} INFO - [2025-11-12T21:51:33.281-0800] {dagbag.py:588} INFO - Filling up the DagBag from /Users/dipinjassal/ml/tmdb_data_warehouse/venv/lib/python3.12/site-packages/airflow/example_dags/example_xcom.py
[2025-11-12T21:51:33.294-0800] {processor.py:925} INFO - DAG(s) 'example_xcom' retrieved from /Users/dipinjassal/ml/tmdb_data_warehouse/venv/lib/python3.12/site-packages/airflow/example_dags/example_xcom.py
[2025-11-12T21:51:33.323-0800] {logging_mixin.py:190} INFO - [2025-11-12T21:51:33.323-0800] {dag.py:3239} INFO - Sync 1 DAGs
[2025-11-12T21:51:33.361-0800] {logging_mixin.py:190} INFO - [2025-11-12T21:51:33.361-0800] {dag.py:4180} INFO - Setting next_dagrun for example_xcom to 2021-01-01 00:00:00+00:00, run_after=2021-01-01 00:00:00+00:00
[2025-11-12T21:51:33.368-0800] {processor.py:208} INFO - Processing /Users/dipinjassal/ml/tmdb_data_warehouse/venv/lib/python3.12/site-packages/airflow/example_dags/example_xcom.py took 0.088 seconds
[2025-11-12T21:57:10.314-0800] {processor.py:186} INFO - Started process (PID=2535) to work on /Users/dipinjassal/ml/tmdb_data_warehouse/venv/lib/python3.12/site-packages/airflow/example_dags/example_xcom.py
[2025-11-12T21:57:10.314-0800] {processor.py:914} INFO - Processing file /Users/dipinjassal/ml/tmdb_data_warehouse/venv/lib/python3.12/site-packages/airflow/example_dags/example_xcom.py for tasks to queue
[2025-11-12T21:57:10.314-0800] {logging_mixin.py:190} INFO - [2025-11-12T21:57:10.314-0800] {dagbag.py:588} INFO - Filling up the DagBag from /Users/dipinjassal/ml/tmdb_data_warehouse/venv/lib/python3.12/site-packages/airflow/example_dags/example_xcom.py
[2025-11-12T21:57:10.326-0800] {processor.py:925} INFO - DAG(s) 'example_xcom' retrieved from /Users/dipinjassal/ml/tmdb_data_warehouse/venv/lib/python3.12/site-packages/airflow/example_dags/example_xcom.py
[2025-11-12T21:57:10.350-0800] {logging_mixin.py:190} INFO - [2025-11-12T21:57:10.350-0800] {dag.py:3239} INFO - Sync 1 DAGs
[2025-11-12T21:57:10.373-0800] {logging_mixin.py:190} INFO - [2025-11-12T21:57:10.373-0800] {dag.py:4180} INFO - Setting next_dagrun for example_xcom to 2021-01-01 00:00:00+00:00, run_after=2021-01-01 00:00:00+00:00
[2025-11-12T21:57:10.378-0800] {processor.py:208} INFO - Processing /Users/dipinjassal/ml/tmdb_data_warehouse/venv/lib/python3.12/site-packages/airflow/example_dags/example_xcom.py took 0.065 seconds
[2025-11-12T21:58:25.004-0800] {processor.py:186} INFO - Started process (PID=2606) to work on /Users/dipinjassal/ml/tmdb_data_warehouse/venv/lib/python3.12/site-packages/airflow/example_dags/example_xcom.py
[2025-11-12T21:58:25.004-0800] {processor.py:914} INFO - Processing file /Users/dipinjassal/ml/tmdb_data_warehouse/venv/lib/python3.12/site-packages/airflow/example_dags/example_xcom.py for tasks to queue
[2025-11-12T21:58:25.005-0800] {logging_mixin.py:190} INFO - [2025-11-12T21:58:25.004-0800] {dagbag.py:588} INFO - Filling up the DagBag from /Users/dipinjassal/ml/tmdb_data_warehouse/venv/lib/python3.12/site-packages/airflow/example_dags/example_xcom.py
[2025-11-12T21:58:25.016-0800] {processor.py:925} INFO - DAG(s) 'example_xcom' retrieved from /Users/dipinjassal/ml/tmdb_data_warehouse/venv/lib/python3.12/site-packages/airflow/example_dags/example_xcom.py
[2025-11-12T21:58:25.042-0800] {logging_mixin.py:190} INFO - [2025-11-12T21:58:25.042-0800] {dag.py:3239} INFO - Sync 1 DAGs
[2025-11-12T21:58:25.065-0800] {logging_mixin.py:190} INFO - [2025-11-12T21:58:25.065-0800] {dag.py:4180} INFO - Setting next_dagrun for example_xcom to 2021-01-01 00:00:00+00:00, run_after=2021-01-01 00:00:00+00:00
[2025-11-12T21:58:25.069-0800] {processor.py:208} INFO - Processing /Users/dipinjassal/ml/tmdb_data_warehouse/venv/lib/python3.12/site-packages/airflow/example_dags/example_xcom.py took 0.066 seconds
