[2025-11-12T21:29:21.319-0800] {processor.py:186} INFO - Started process (PID=1815) to work on /Users/dipinjassal/ml/tmdb_data_warehouse/venv/lib/python3.12/site-packages/airflow/example_dags/example_short_circuit_operator.py
[2025-11-12T21:29:21.319-0800] {processor.py:914} INFO - Processing file /Users/dipinjassal/ml/tmdb_data_warehouse/venv/lib/python3.12/site-packages/airflow/example_dags/example_short_circuit_operator.py for tasks to queue
[2025-11-12T21:29:21.320-0800] {logging_mixin.py:190} INFO - [2025-11-12T21:29:21.319-0800] {dagbag.py:588} INFO - Filling up the DagBag from /Users/dipinjassal/ml/tmdb_data_warehouse/venv/lib/python3.12/site-packages/airflow/example_dags/example_short_circuit_operator.py
[2025-11-12T21:29:21.327-0800] {processor.py:925} INFO - DAG(s) 'example_short_circuit_operator' retrieved from /Users/dipinjassal/ml/tmdb_data_warehouse/venv/lib/python3.12/site-packages/airflow/example_dags/example_short_circuit_operator.py
[2025-11-12T21:29:21.393-0800] {logging_mixin.py:190} INFO - [2025-11-12T21:29:21.392-0800] {override.py:1900} INFO - Created Permission View: can delete on DAG:example_short_circuit_operator
[2025-11-12T21:29:21.395-0800] {logging_mixin.py:190} INFO - [2025-11-12T21:29:21.395-0800] {override.py:1900} INFO - Created Permission View: can edit on DAG:example_short_circuit_operator
[2025-11-12T21:29:21.396-0800] {logging_mixin.py:190} INFO - [2025-11-12T21:29:21.396-0800] {override.py:1900} INFO - Created Permission View: can read on DAG:example_short_circuit_operator
[2025-11-12T21:29:21.398-0800] {logging_mixin.py:190} INFO - [2025-11-12T21:29:21.398-0800] {override.py:1900} INFO - Created Permission View: can create on DAG Run:example_short_circuit_operator
[2025-11-12T21:29:21.399-0800] {logging_mixin.py:190} INFO - [2025-11-12T21:29:21.399-0800] {override.py:1900} INFO - Created Permission View: can delete on DAG Run:example_short_circuit_operator
[2025-11-12T21:29:21.400-0800] {logging_mixin.py:190} INFO - [2025-11-12T21:29:21.400-0800] {override.py:1900} INFO - Created Permission View: can read on DAG Run:example_short_circuit_operator
[2025-11-12T21:29:21.401-0800] {logging_mixin.py:190} INFO - [2025-11-12T21:29:21.401-0800] {override.py:1900} INFO - Created Permission View: menu access on DAG Run:example_short_circuit_operator
[2025-11-12T21:29:21.401-0800] {logging_mixin.py:190} INFO - [2025-11-12T21:29:21.401-0800] {dag.py:3239} INFO - Sync 1 DAGs
[2025-11-12T21:29:21.404-0800] {logging_mixin.py:190} INFO - [2025-11-12T21:29:21.404-0800] {dag.py:3262} INFO - Creating ORM DAG for example_short_circuit_operator
[2025-11-12T21:29:21.404-0800] {logging_mixin.py:190} INFO - [2025-11-12T21:29:21.404-0800] {dag.py:4180} INFO - Setting next_dagrun for example_short_circuit_operator to None, run_after=None
[2025-11-12T21:29:21.408-0800] {processor.py:208} INFO - Processing /Users/dipinjassal/ml/tmdb_data_warehouse/venv/lib/python3.12/site-packages/airflow/example_dags/example_short_circuit_operator.py took 0.090 seconds
[2025-11-12T21:30:50.582-0800] {processor.py:186} INFO - Started process (PID=1888) to work on /Users/dipinjassal/ml/tmdb_data_warehouse/venv/lib/python3.12/site-packages/airflow/example_dags/example_short_circuit_operator.py
[2025-11-12T21:30:50.582-0800] {processor.py:914} INFO - Processing file /Users/dipinjassal/ml/tmdb_data_warehouse/venv/lib/python3.12/site-packages/airflow/example_dags/example_short_circuit_operator.py for tasks to queue
[2025-11-12T21:30:50.583-0800] {logging_mixin.py:190} INFO - [2025-11-12T21:30:50.583-0800] {dagbag.py:588} INFO - Filling up the DagBag from /Users/dipinjassal/ml/tmdb_data_warehouse/venv/lib/python3.12/site-packages/airflow/example_dags/example_short_circuit_operator.py
[2025-11-12T21:30:50.591-0800] {processor.py:925} INFO - DAG(s) 'example_short_circuit_operator' retrieved from /Users/dipinjassal/ml/tmdb_data_warehouse/venv/lib/python3.12/site-packages/airflow/example_dags/example_short_circuit_operator.py
[2025-11-12T21:30:50.616-0800] {logging_mixin.py:190} INFO - [2025-11-12T21:30:50.615-0800] {dag.py:3239} INFO - Sync 1 DAGs
[2025-11-12T21:30:50.636-0800] {logging_mixin.py:190} INFO - [2025-11-12T21:30:50.635-0800] {dag.py:4180} INFO - Setting next_dagrun for example_short_circuit_operator to None, run_after=None
[2025-11-12T21:30:50.641-0800] {processor.py:208} INFO - Processing /Users/dipinjassal/ml/tmdb_data_warehouse/venv/lib/python3.12/site-packages/airflow/example_dags/example_short_circuit_operator.py took 0.059 seconds
[2025-11-12T21:34:24.929-0800] {processor.py:186} INFO - Started process (PID=2040) to work on /Users/dipinjassal/ml/tmdb_data_warehouse/venv/lib/python3.12/site-packages/airflow/example_dags/example_short_circuit_operator.py
[2025-11-12T21:34:24.929-0800] {processor.py:914} INFO - Processing file /Users/dipinjassal/ml/tmdb_data_warehouse/venv/lib/python3.12/site-packages/airflow/example_dags/example_short_circuit_operator.py for tasks to queue
[2025-11-12T21:34:24.930-0800] {logging_mixin.py:190} INFO - [2025-11-12T21:34:24.930-0800] {dagbag.py:588} INFO - Filling up the DagBag from /Users/dipinjassal/ml/tmdb_data_warehouse/venv/lib/python3.12/site-packages/airflow/example_dags/example_short_circuit_operator.py
[2025-11-12T21:34:24.939-0800] {processor.py:925} INFO - DAG(s) 'example_short_circuit_operator' retrieved from /Users/dipinjassal/ml/tmdb_data_warehouse/venv/lib/python3.12/site-packages/airflow/example_dags/example_short_circuit_operator.py
[2025-11-12T21:34:24.965-0800] {logging_mixin.py:190} INFO - [2025-11-12T21:34:24.965-0800] {dag.py:3239} INFO - Sync 1 DAGs
[2025-11-12T21:34:24.985-0800] {logging_mixin.py:190} INFO - [2025-11-12T21:34:24.985-0800] {dag.py:4180} INFO - Setting next_dagrun for example_short_circuit_operator to None, run_after=None
[2025-11-12T21:34:24.990-0800] {processor.py:208} INFO - Processing /Users/dipinjassal/ml/tmdb_data_warehouse/venv/lib/python3.12/site-packages/airflow/example_dags/example_short_circuit_operator.py took 0.062 seconds
[2025-11-12T21:37:19.720-0800] {processor.py:186} INFO - Started process (PID=2131) to work on /Users/dipinjassal/ml/tmdb_data_warehouse/venv/lib/python3.12/site-packages/airflow/example_dags/example_short_circuit_operator.py
[2025-11-12T21:37:19.721-0800] {processor.py:914} INFO - Processing file /Users/dipinjassal/ml/tmdb_data_warehouse/venv/lib/python3.12/site-packages/airflow/example_dags/example_short_circuit_operator.py for tasks to queue
[2025-11-12T21:37:19.721-0800] {logging_mixin.py:190} INFO - [2025-11-12T21:37:19.721-0800] {dagbag.py:588} INFO - Filling up the DagBag from /Users/dipinjassal/ml/tmdb_data_warehouse/venv/lib/python3.12/site-packages/airflow/example_dags/example_short_circuit_operator.py
[2025-11-12T21:37:19.730-0800] {processor.py:925} INFO - DAG(s) 'example_short_circuit_operator' retrieved from /Users/dipinjassal/ml/tmdb_data_warehouse/venv/lib/python3.12/site-packages/airflow/example_dags/example_short_circuit_operator.py
[2025-11-12T21:37:19.757-0800] {logging_mixin.py:190} INFO - [2025-11-12T21:37:19.757-0800] {dag.py:3239} INFO - Sync 1 DAGs
[2025-11-12T21:37:19.780-0800] {logging_mixin.py:190} INFO - [2025-11-12T21:37:19.780-0800] {dag.py:4180} INFO - Setting next_dagrun for example_short_circuit_operator to None, run_after=None
[2025-11-12T21:37:19.786-0800] {processor.py:208} INFO - Processing /Users/dipinjassal/ml/tmdb_data_warehouse/venv/lib/python3.12/site-packages/airflow/example_dags/example_short_circuit_operator.py took 0.066 seconds
[2025-11-12T21:50:23.770-0800] {processor.py:186} INFO - Started process (PID=2408) to work on /Users/dipinjassal/ml/tmdb_data_warehouse/venv/lib/python3.12/site-packages/airflow/example_dags/example_short_circuit_operator.py
[2025-11-12T21:50:23.770-0800] {processor.py:914} INFO - Processing file /Users/dipinjassal/ml/tmdb_data_warehouse/venv/lib/python3.12/site-packages/airflow/example_dags/example_short_circuit_operator.py for tasks to queue
[2025-11-12T21:50:23.770-0800] {logging_mixin.py:190} INFO - [2025-11-12T21:50:23.770-0800] {dagbag.py:588} INFO - Filling up the DagBag from /Users/dipinjassal/ml/tmdb_data_warehouse/venv/lib/python3.12/site-packages/airflow/example_dags/example_short_circuit_operator.py
[2025-11-12T21:50:23.778-0800] {processor.py:925} INFO - DAG(s) 'example_short_circuit_operator' retrieved from /Users/dipinjassal/ml/tmdb_data_warehouse/venv/lib/python3.12/site-packages/airflow/example_dags/example_short_circuit_operator.py
[2025-11-12T21:50:23.803-0800] {logging_mixin.py:190} INFO - [2025-11-12T21:50:23.803-0800] {dag.py:3239} INFO - Sync 1 DAGs
[2025-11-12T21:50:23.824-0800] {logging_mixin.py:190} INFO - [2025-11-12T21:50:23.824-0800] {dag.py:4180} INFO - Setting next_dagrun for example_short_circuit_operator to None, run_after=None
[2025-11-12T21:50:23.829-0800] {processor.py:208} INFO - Processing /Users/dipinjassal/ml/tmdb_data_warehouse/venv/lib/python3.12/site-packages/airflow/example_dags/example_short_circuit_operator.py took 0.060 seconds
[2025-11-12T21:51:48.854-0800] {processor.py:186} INFO - Started process (PID=2471) to work on /Users/dipinjassal/ml/tmdb_data_warehouse/venv/lib/python3.12/site-packages/airflow/example_dags/example_short_circuit_operator.py
[2025-11-12T21:51:48.854-0800] {processor.py:914} INFO - Processing file /Users/dipinjassal/ml/tmdb_data_warehouse/venv/lib/python3.12/site-packages/airflow/example_dags/example_short_circuit_operator.py for tasks to queue
[2025-11-12T21:51:48.855-0800] {logging_mixin.py:190} INFO - [2025-11-12T21:51:48.855-0800] {dagbag.py:588} INFO - Filling up the DagBag from /Users/dipinjassal/ml/tmdb_data_warehouse/venv/lib/python3.12/site-packages/airflow/example_dags/example_short_circuit_operator.py
[2025-11-12T21:51:48.864-0800] {processor.py:925} INFO - DAG(s) 'example_short_circuit_operator' retrieved from /Users/dipinjassal/ml/tmdb_data_warehouse/venv/lib/python3.12/site-packages/airflow/example_dags/example_short_circuit_operator.py
[2025-11-12T21:51:48.891-0800] {logging_mixin.py:190} INFO - [2025-11-12T21:51:48.891-0800] {dag.py:3239} INFO - Sync 1 DAGs
[2025-11-12T21:51:48.913-0800] {logging_mixin.py:190} INFO - [2025-11-12T21:51:48.913-0800] {dag.py:4180} INFO - Setting next_dagrun for example_short_circuit_operator to None, run_after=None
[2025-11-12T21:51:48.918-0800] {processor.py:208} INFO - Processing /Users/dipinjassal/ml/tmdb_data_warehouse/venv/lib/python3.12/site-packages/airflow/example_dags/example_short_circuit_operator.py took 0.065 seconds
