[2025-11-12T21:29:07.472-0800] {processor.py:186} INFO - Started process (PID=1803) to work on /Users/dipinjassal/ml/tmdb_data_warehouse/venv/lib/python3.12/site-packages/airflow/example_dags/example_trigger_target_dag.py
[2025-11-12T21:29:07.473-0800] {processor.py:914} INFO - Processing file /Users/dipinjassal/ml/tmdb_data_warehouse/venv/lib/python3.12/site-packages/airflow/example_dags/example_trigger_target_dag.py for tasks to queue
[2025-11-12T21:29:07.473-0800] {logging_mixin.py:190} INFO - [2025-11-12T21:29:07.473-0800] {dagbag.py:588} INFO - Filling up the DagBag from /Users/dipinjassal/ml/tmdb_data_warehouse/venv/lib/python3.12/site-packages/airflow/example_dags/example_trigger_target_dag.py
[2025-11-12T21:29:07.484-0800] {processor.py:925} INFO - DAG(s) 'example_trigger_target_dag' retrieved from /Users/dipinjassal/ml/tmdb_data_warehouse/venv/lib/python3.12/site-packages/airflow/example_dags/example_trigger_target_dag.py
[2025-11-12T21:29:07.549-0800] {logging_mixin.py:190} INFO - [2025-11-12T21:29:07.549-0800] {override.py:1900} INFO - Created Permission View: can edit on DAG:example_trigger_target_dag
[2025-11-12T21:29:07.551-0800] {logging_mixin.py:190} INFO - [2025-11-12T21:29:07.551-0800] {override.py:1900} INFO - Created Permission View: can delete on DAG:example_trigger_target_dag
[2025-11-12T21:29:07.552-0800] {logging_mixin.py:190} INFO - [2025-11-12T21:29:07.552-0800] {override.py:1900} INFO - Created Permission View: can read on DAG:example_trigger_target_dag
[2025-11-12T21:29:07.553-0800] {logging_mixin.py:190} INFO - [2025-11-12T21:29:07.553-0800] {override.py:1900} INFO - Created Permission View: can delete on DAG Run:example_trigger_target_dag
[2025-11-12T21:29:07.555-0800] {logging_mixin.py:190} INFO - [2025-11-12T21:29:07.555-0800] {override.py:1900} INFO - Created Permission View: menu access on DAG Run:example_trigger_target_dag
[2025-11-12T21:29:07.556-0800] {logging_mixin.py:190} INFO - [2025-11-12T21:29:07.556-0800] {override.py:1900} INFO - Created Permission View: can create on DAG Run:example_trigger_target_dag
[2025-11-12T21:29:07.557-0800] {logging_mixin.py:190} INFO - [2025-11-12T21:29:07.557-0800] {override.py:1900} INFO - Created Permission View: can read on DAG Run:example_trigger_target_dag
[2025-11-12T21:29:07.557-0800] {logging_mixin.py:190} INFO - [2025-11-12T21:29:07.557-0800] {dag.py:3239} INFO - Sync 1 DAGs
[2025-11-12T21:29:07.560-0800] {logging_mixin.py:190} INFO - [2025-11-12T21:29:07.560-0800] {dag.py:3262} INFO - Creating ORM DAG for example_trigger_target_dag
[2025-11-12T21:29:07.560-0800] {logging_mixin.py:190} INFO - [2025-11-12T21:29:07.560-0800] {dag.py:4180} INFO - Setting next_dagrun for example_trigger_target_dag to None, run_after=None
[2025-11-12T21:29:07.564-0800] {processor.py:208} INFO - Processing /Users/dipinjassal/ml/tmdb_data_warehouse/venv/lib/python3.12/site-packages/airflow/example_dags/example_trigger_target_dag.py took 0.092 seconds
[2025-11-12T21:30:38.341-0800] {processor.py:186} INFO - Started process (PID=1877) to work on /Users/dipinjassal/ml/tmdb_data_warehouse/venv/lib/python3.12/site-packages/airflow/example_dags/example_trigger_target_dag.py
[2025-11-12T21:30:38.341-0800] {processor.py:914} INFO - Processing file /Users/dipinjassal/ml/tmdb_data_warehouse/venv/lib/python3.12/site-packages/airflow/example_dags/example_trigger_target_dag.py for tasks to queue
[2025-11-12T21:30:38.341-0800] {logging_mixin.py:190} INFO - [2025-11-12T21:30:38.341-0800] {dagbag.py:588} INFO - Filling up the DagBag from /Users/dipinjassal/ml/tmdb_data_warehouse/venv/lib/python3.12/site-packages/airflow/example_dags/example_trigger_target_dag.py
[2025-11-12T21:30:38.352-0800] {processor.py:925} INFO - DAG(s) 'example_trigger_target_dag' retrieved from /Users/dipinjassal/ml/tmdb_data_warehouse/venv/lib/python3.12/site-packages/airflow/example_dags/example_trigger_target_dag.py
[2025-11-12T21:30:38.376-0800] {logging_mixin.py:190} INFO - [2025-11-12T21:30:38.376-0800] {dag.py:3239} INFO - Sync 1 DAGs
[2025-11-12T21:30:38.396-0800] {logging_mixin.py:190} INFO - [2025-11-12T21:30:38.396-0800] {dag.py:4180} INFO - Setting next_dagrun for example_trigger_target_dag to None, run_after=None
[2025-11-12T21:30:38.401-0800] {processor.py:208} INFO - Processing /Users/dipinjassal/ml/tmdb_data_warehouse/venv/lib/python3.12/site-packages/airflow/example_dags/example_trigger_target_dag.py took 0.061 seconds
[2025-11-12T21:34:12.844-0800] {processor.py:186} INFO - Started process (PID=2032) to work on /Users/dipinjassal/ml/tmdb_data_warehouse/venv/lib/python3.12/site-packages/airflow/example_dags/example_trigger_target_dag.py
[2025-11-12T21:34:12.844-0800] {processor.py:914} INFO - Processing file /Users/dipinjassal/ml/tmdb_data_warehouse/venv/lib/python3.12/site-packages/airflow/example_dags/example_trigger_target_dag.py for tasks to queue
[2025-11-12T21:34:12.844-0800] {logging_mixin.py:190} INFO - [2025-11-12T21:34:12.844-0800] {dagbag.py:588} INFO - Filling up the DagBag from /Users/dipinjassal/ml/tmdb_data_warehouse/venv/lib/python3.12/site-packages/airflow/example_dags/example_trigger_target_dag.py
[2025-11-12T21:34:12.855-0800] {processor.py:925} INFO - DAG(s) 'example_trigger_target_dag' retrieved from /Users/dipinjassal/ml/tmdb_data_warehouse/venv/lib/python3.12/site-packages/airflow/example_dags/example_trigger_target_dag.py
[2025-11-12T21:34:12.880-0800] {logging_mixin.py:190} INFO - [2025-11-12T21:34:12.879-0800] {dag.py:3239} INFO - Sync 1 DAGs
[2025-11-12T21:34:12.899-0800] {logging_mixin.py:190} INFO - [2025-11-12T21:34:12.899-0800] {dag.py:4180} INFO - Setting next_dagrun for example_trigger_target_dag to None, run_after=None
[2025-11-12T21:34:12.904-0800] {processor.py:208} INFO - Processing /Users/dipinjassal/ml/tmdb_data_warehouse/venv/lib/python3.12/site-packages/airflow/example_dags/example_trigger_target_dag.py took 0.061 seconds
[2025-11-12T21:37:07.265-0800] {processor.py:186} INFO - Started process (PID=2121) to work on /Users/dipinjassal/ml/tmdb_data_warehouse/venv/lib/python3.12/site-packages/airflow/example_dags/example_trigger_target_dag.py
[2025-11-12T21:37:07.266-0800] {processor.py:914} INFO - Processing file /Users/dipinjassal/ml/tmdb_data_warehouse/venv/lib/python3.12/site-packages/airflow/example_dags/example_trigger_target_dag.py for tasks to queue
[2025-11-12T21:37:07.266-0800] {logging_mixin.py:190} INFO - [2025-11-12T21:37:07.266-0800] {dagbag.py:588} INFO - Filling up the DagBag from /Users/dipinjassal/ml/tmdb_data_warehouse/venv/lib/python3.12/site-packages/airflow/example_dags/example_trigger_target_dag.py
[2025-11-12T21:37:07.277-0800] {processor.py:925} INFO - DAG(s) 'example_trigger_target_dag' retrieved from /Users/dipinjassal/ml/tmdb_data_warehouse/venv/lib/python3.12/site-packages/airflow/example_dags/example_trigger_target_dag.py
[2025-11-12T21:37:07.301-0800] {logging_mixin.py:190} INFO - [2025-11-12T21:37:07.301-0800] {dag.py:3239} INFO - Sync 1 DAGs
[2025-11-12T21:37:07.322-0800] {logging_mixin.py:190} INFO - [2025-11-12T21:37:07.322-0800] {dag.py:4180} INFO - Setting next_dagrun for example_trigger_target_dag to None, run_after=None
[2025-11-12T21:37:07.327-0800] {processor.py:208} INFO - Processing /Users/dipinjassal/ml/tmdb_data_warehouse/venv/lib/python3.12/site-packages/airflow/example_dags/example_trigger_target_dag.py took 0.062 seconds
[2025-11-12T21:50:11.634-0800] {processor.py:186} INFO - Started process (PID=2400) to work on /Users/dipinjassal/ml/tmdb_data_warehouse/venv/lib/python3.12/site-packages/airflow/example_dags/example_trigger_target_dag.py
[2025-11-12T21:50:11.634-0800] {processor.py:914} INFO - Processing file /Users/dipinjassal/ml/tmdb_data_warehouse/venv/lib/python3.12/site-packages/airflow/example_dags/example_trigger_target_dag.py for tasks to queue
[2025-11-12T21:50:11.634-0800] {logging_mixin.py:190} INFO - [2025-11-12T21:50:11.634-0800] {dagbag.py:588} INFO - Filling up the DagBag from /Users/dipinjassal/ml/tmdb_data_warehouse/venv/lib/python3.12/site-packages/airflow/example_dags/example_trigger_target_dag.py
[2025-11-12T21:50:11.645-0800] {processor.py:925} INFO - DAG(s) 'example_trigger_target_dag' retrieved from /Users/dipinjassal/ml/tmdb_data_warehouse/venv/lib/python3.12/site-packages/airflow/example_dags/example_trigger_target_dag.py
[2025-11-12T21:50:11.669-0800] {logging_mixin.py:190} INFO - [2025-11-12T21:50:11.669-0800] {dag.py:3239} INFO - Sync 1 DAGs
[2025-11-12T21:50:11.690-0800] {logging_mixin.py:190} INFO - [2025-11-12T21:50:11.689-0800] {dag.py:4180} INFO - Setting next_dagrun for example_trigger_target_dag to None, run_after=None
[2025-11-12T21:50:11.694-0800] {processor.py:208} INFO - Processing /Users/dipinjassal/ml/tmdb_data_warehouse/venv/lib/python3.12/site-packages/airflow/example_dags/example_trigger_target_dag.py took 0.061 seconds
[2025-11-12T21:51:36.526-0800] {processor.py:186} INFO - Started process (PID=2462) to work on /Users/dipinjassal/ml/tmdb_data_warehouse/venv/lib/python3.12/site-packages/airflow/example_dags/example_trigger_target_dag.py
[2025-11-12T21:51:36.527-0800] {processor.py:914} INFO - Processing file /Users/dipinjassal/ml/tmdb_data_warehouse/venv/lib/python3.12/site-packages/airflow/example_dags/example_trigger_target_dag.py for tasks to queue
[2025-11-12T21:51:36.527-0800] {logging_mixin.py:190} INFO - [2025-11-12T21:51:36.527-0800] {dagbag.py:588} INFO - Filling up the DagBag from /Users/dipinjassal/ml/tmdb_data_warehouse/venv/lib/python3.12/site-packages/airflow/example_dags/example_trigger_target_dag.py
[2025-11-12T21:51:36.539-0800] {processor.py:925} INFO - DAG(s) 'example_trigger_target_dag' retrieved from /Users/dipinjassal/ml/tmdb_data_warehouse/venv/lib/python3.12/site-packages/airflow/example_dags/example_trigger_target_dag.py
[2025-11-12T21:51:36.564-0800] {logging_mixin.py:190} INFO - [2025-11-12T21:51:36.564-0800] {dag.py:3239} INFO - Sync 1 DAGs
[2025-11-12T21:51:36.587-0800] {logging_mixin.py:190} INFO - [2025-11-12T21:51:36.587-0800] {dag.py:4180} INFO - Setting next_dagrun for example_trigger_target_dag to None, run_after=None
[2025-11-12T21:51:36.593-0800] {processor.py:208} INFO - Processing /Users/dipinjassal/ml/tmdb_data_warehouse/venv/lib/python3.12/site-packages/airflow/example_dags/example_trigger_target_dag.py took 0.067 seconds
[2025-11-12T21:57:13.929-0800] {processor.py:186} INFO - Started process (PID=2538) to work on /Users/dipinjassal/ml/tmdb_data_warehouse/venv/lib/python3.12/site-packages/airflow/example_dags/example_trigger_target_dag.py
[2025-11-12T21:57:13.930-0800] {processor.py:914} INFO - Processing file /Users/dipinjassal/ml/tmdb_data_warehouse/venv/lib/python3.12/site-packages/airflow/example_dags/example_trigger_target_dag.py for tasks to queue
[2025-11-12T21:57:13.930-0800] {logging_mixin.py:190} INFO - [2025-11-12T21:57:13.930-0800] {dagbag.py:588} INFO - Filling up the DagBag from /Users/dipinjassal/ml/tmdb_data_warehouse/venv/lib/python3.12/site-packages/airflow/example_dags/example_trigger_target_dag.py
[2025-11-12T21:57:13.942-0800] {processor.py:925} INFO - DAG(s) 'example_trigger_target_dag' retrieved from /Users/dipinjassal/ml/tmdb_data_warehouse/venv/lib/python3.12/site-packages/airflow/example_dags/example_trigger_target_dag.py
[2025-11-12T21:57:13.969-0800] {logging_mixin.py:190} INFO - [2025-11-12T21:57:13.969-0800] {dag.py:3239} INFO - Sync 1 DAGs
[2025-11-12T21:57:13.991-0800] {logging_mixin.py:190} INFO - [2025-11-12T21:57:13.991-0800] {dag.py:4180} INFO - Setting next_dagrun for example_trigger_target_dag to None, run_after=None
[2025-11-12T21:57:13.996-0800] {processor.py:208} INFO - Processing /Users/dipinjassal/ml/tmdb_data_warehouse/venv/lib/python3.12/site-packages/airflow/example_dags/example_trigger_target_dag.py took 0.068 seconds
[2025-11-12T21:58:27.608-0800] {processor.py:186} INFO - Started process (PID=2608) to work on /Users/dipinjassal/ml/tmdb_data_warehouse/venv/lib/python3.12/site-packages/airflow/example_dags/example_trigger_target_dag.py
[2025-11-12T21:58:27.609-0800] {processor.py:914} INFO - Processing file /Users/dipinjassal/ml/tmdb_data_warehouse/venv/lib/python3.12/site-packages/airflow/example_dags/example_trigger_target_dag.py for tasks to queue
[2025-11-12T21:58:27.609-0800] {logging_mixin.py:190} INFO - [2025-11-12T21:58:27.609-0800] {dagbag.py:588} INFO - Filling up the DagBag from /Users/dipinjassal/ml/tmdb_data_warehouse/venv/lib/python3.12/site-packages/airflow/example_dags/example_trigger_target_dag.py
[2025-11-12T21:58:27.620-0800] {processor.py:925} INFO - DAG(s) 'example_trigger_target_dag' retrieved from /Users/dipinjassal/ml/tmdb_data_warehouse/venv/lib/python3.12/site-packages/airflow/example_dags/example_trigger_target_dag.py
[2025-11-12T21:58:27.645-0800] {logging_mixin.py:190} INFO - [2025-11-12T21:58:27.645-0800] {dag.py:3239} INFO - Sync 1 DAGs
[2025-11-12T21:58:27.666-0800] {logging_mixin.py:190} INFO - [2025-11-12T21:58:27.666-0800] {dag.py:4180} INFO - Setting next_dagrun for example_trigger_target_dag to None, run_after=None
[2025-11-12T21:58:27.671-0800] {processor.py:208} INFO - Processing /Users/dipinjassal/ml/tmdb_data_warehouse/venv/lib/python3.12/site-packages/airflow/example_dags/example_trigger_target_dag.py took 0.063 seconds
