[2025-11-12T21:29:02.085-0800] {processor.py:186} INFO - Started process (PID=1800) to work on /Users/dipinjassal/ml/tmdb_data_warehouse/venv/lib/python3.12/site-packages/airflow/example_dags/example_xcomargs.py
[2025-11-12T21:29:02.085-0800] {processor.py:914} INFO - Processing file /Users/dipinjassal/ml/tmdb_data_warehouse/venv/lib/python3.12/site-packages/airflow/example_dags/example_xcomargs.py for tasks to queue
[2025-11-12T21:29:02.086-0800] {logging_mixin.py:190} INFO - [2025-11-12T21:29:02.086-0800] {dagbag.py:588} INFO - Filling up the DagBag from /Users/dipinjassal/ml/tmdb_data_warehouse/venv/lib/python3.12/site-packages/airflow/example_dags/example_xcomargs.py
[2025-11-12T21:29:02.098-0800] {processor.py:925} INFO - DAG(s) 'example_xcom_args_with_operators', 'example_xcom_args' retrieved from /Users/dipinjassal/ml/tmdb_data_warehouse/venv/lib/python3.12/site-packages/airflow/example_dags/example_xcomargs.py
[2025-11-12T21:29:02.126-0800] {logging_mixin.py:190} INFO - [2025-11-12T21:29:02.126-0800] {dag.py:3239} INFO - Sync 2 DAGs
[2025-11-12T21:29:02.152-0800] {logging_mixin.py:190} INFO - [2025-11-12T21:29:02.152-0800] {dag.py:4180} INFO - Setting next_dagrun for example_xcom_args to None, run_after=None
[2025-11-12T21:29:02.153-0800] {logging_mixin.py:190} INFO - [2025-11-12T21:29:02.153-0800] {dag.py:4180} INFO - Setting next_dagrun for example_xcom_args_with_operators to None, run_after=None
[2025-11-12T21:29:02.158-0800] {processor.py:208} INFO - Processing /Users/dipinjassal/ml/tmdb_data_warehouse/venv/lib/python3.12/site-packages/airflow/example_dags/example_xcomargs.py took 0.074 seconds
[2025-11-12T21:30:33.245-0800] {processor.py:186} INFO - Started process (PID=1874) to work on /Users/dipinjassal/ml/tmdb_data_warehouse/venv/lib/python3.12/site-packages/airflow/example_dags/example_xcomargs.py
[2025-11-12T21:30:33.245-0800] {processor.py:914} INFO - Processing file /Users/dipinjassal/ml/tmdb_data_warehouse/venv/lib/python3.12/site-packages/airflow/example_dags/example_xcomargs.py for tasks to queue
[2025-11-12T21:30:33.245-0800] {logging_mixin.py:190} INFO - [2025-11-12T21:30:33.245-0800] {dagbag.py:588} INFO - Filling up the DagBag from /Users/dipinjassal/ml/tmdb_data_warehouse/venv/lib/python3.12/site-packages/airflow/example_dags/example_xcomargs.py
[2025-11-12T21:30:33.257-0800] {processor.py:925} INFO - DAG(s) 'example_xcom_args_with_operators', 'example_xcom_args' retrieved from /Users/dipinjassal/ml/tmdb_data_warehouse/venv/lib/python3.12/site-packages/airflow/example_dags/example_xcomargs.py
[2025-11-12T21:30:33.282-0800] {logging_mixin.py:190} INFO - [2025-11-12T21:30:33.282-0800] {dag.py:3239} INFO - Sync 2 DAGs
[2025-11-12T21:30:33.301-0800] {logging_mixin.py:190} INFO - [2025-11-12T21:30:33.301-0800] {dag.py:4180} INFO - Setting next_dagrun for example_xcom_args to None, run_after=None
[2025-11-12T21:30:33.302-0800] {logging_mixin.py:190} INFO - [2025-11-12T21:30:33.302-0800] {dag.py:4180} INFO - Setting next_dagrun for example_xcom_args_with_operators to None, run_after=None
[2025-11-12T21:30:33.307-0800] {processor.py:208} INFO - Processing /Users/dipinjassal/ml/tmdb_data_warehouse/venv/lib/python3.12/site-packages/airflow/example_dags/example_xcomargs.py took 0.063 seconds
[2025-11-12T21:31:35.038-0800] {processor.py:186} INFO - Started process (PID=1929) to work on /Users/dipinjassal/ml/tmdb_data_warehouse/venv/lib/python3.12/site-packages/airflow/example_dags/example_xcomargs.py
[2025-11-12T21:31:35.038-0800] {processor.py:914} INFO - Processing file /Users/dipinjassal/ml/tmdb_data_warehouse/venv/lib/python3.12/site-packages/airflow/example_dags/example_xcomargs.py for tasks to queue
[2025-11-12T21:31:35.038-0800] {logging_mixin.py:190} INFO - [2025-11-12T21:31:35.038-0800] {dagbag.py:588} INFO - Filling up the DagBag from /Users/dipinjassal/ml/tmdb_data_warehouse/venv/lib/python3.12/site-packages/airflow/example_dags/example_xcomargs.py
[2025-11-12T21:31:35.050-0800] {processor.py:925} INFO - DAG(s) 'example_xcom_args', 'example_xcom_args_with_operators' retrieved from /Users/dipinjassal/ml/tmdb_data_warehouse/venv/lib/python3.12/site-packages/airflow/example_dags/example_xcomargs.py
[2025-11-12T21:31:35.076-0800] {logging_mixin.py:190} INFO - [2025-11-12T21:31:35.076-0800] {dag.py:3239} INFO - Sync 2 DAGs
[2025-11-12T21:31:35.096-0800] {logging_mixin.py:190} INFO - [2025-11-12T21:31:35.096-0800] {dag.py:4180} INFO - Setting next_dagrun for example_xcom_args to None, run_after=None
[2025-11-12T21:31:35.097-0800] {logging_mixin.py:190} INFO - [2025-11-12T21:31:35.097-0800] {dag.py:4180} INFO - Setting next_dagrun for example_xcom_args_with_operators to None, run_after=None
[2025-11-12T21:31:35.101-0800] {processor.py:208} INFO - Processing /Users/dipinjassal/ml/tmdb_data_warehouse/venv/lib/python3.12/site-packages/airflow/example_dags/example_xcomargs.py took 0.065 seconds
[2025-11-12T21:34:08.665-0800] {processor.py:186} INFO - Started process (PID=2028) to work on /Users/dipinjassal/ml/tmdb_data_warehouse/venv/lib/python3.12/site-packages/airflow/example_dags/example_xcomargs.py
[2025-11-12T21:34:08.665-0800] {processor.py:914} INFO - Processing file /Users/dipinjassal/ml/tmdb_data_warehouse/venv/lib/python3.12/site-packages/airflow/example_dags/example_xcomargs.py for tasks to queue
[2025-11-12T21:34:08.665-0800] {logging_mixin.py:190} INFO - [2025-11-12T21:34:08.665-0800] {dagbag.py:588} INFO - Filling up the DagBag from /Users/dipinjassal/ml/tmdb_data_warehouse/venv/lib/python3.12/site-packages/airflow/example_dags/example_xcomargs.py
[2025-11-12T21:34:08.677-0800] {processor.py:925} INFO - DAG(s) 'example_xcom_args', 'example_xcom_args_with_operators' retrieved from /Users/dipinjassal/ml/tmdb_data_warehouse/venv/lib/python3.12/site-packages/airflow/example_dags/example_xcomargs.py
[2025-11-12T21:34:08.702-0800] {logging_mixin.py:190} INFO - [2025-11-12T21:34:08.702-0800] {dag.py:3239} INFO - Sync 2 DAGs
[2025-11-12T21:34:08.722-0800] {logging_mixin.py:190} INFO - [2025-11-12T21:34:08.721-0800] {dag.py:4180} INFO - Setting next_dagrun for example_xcom_args to None, run_after=None
[2025-11-12T21:34:08.722-0800] {logging_mixin.py:190} INFO - [2025-11-12T21:34:08.722-0800] {dag.py:4180} INFO - Setting next_dagrun for example_xcom_args_with_operators to None, run_after=None
[2025-11-12T21:34:08.727-0800] {processor.py:208} INFO - Processing /Users/dipinjassal/ml/tmdb_data_warehouse/venv/lib/python3.12/site-packages/airflow/example_dags/example_xcomargs.py took 0.063 seconds
[2025-11-12T21:37:02.030-0800] {processor.py:186} INFO - Started process (PID=2117) to work on /Users/dipinjassal/ml/tmdb_data_warehouse/venv/lib/python3.12/site-packages/airflow/example_dags/example_xcomargs.py
[2025-11-12T21:37:02.031-0800] {processor.py:914} INFO - Processing file /Users/dipinjassal/ml/tmdb_data_warehouse/venv/lib/python3.12/site-packages/airflow/example_dags/example_xcomargs.py for tasks to queue
[2025-11-12T21:37:02.031-0800] {logging_mixin.py:190} INFO - [2025-11-12T21:37:02.031-0800] {dagbag.py:588} INFO - Filling up the DagBag from /Users/dipinjassal/ml/tmdb_data_warehouse/venv/lib/python3.12/site-packages/airflow/example_dags/example_xcomargs.py
[2025-11-12T21:37:02.043-0800] {processor.py:925} INFO - DAG(s) 'example_xcom_args_with_operators', 'example_xcom_args' retrieved from /Users/dipinjassal/ml/tmdb_data_warehouse/venv/lib/python3.12/site-packages/airflow/example_dags/example_xcomargs.py
[2025-11-12T21:37:02.068-0800] {logging_mixin.py:190} INFO - [2025-11-12T21:37:02.068-0800] {dag.py:3239} INFO - Sync 2 DAGs
[2025-11-12T21:37:02.088-0800] {logging_mixin.py:190} INFO - [2025-11-12T21:37:02.088-0800] {dag.py:4180} INFO - Setting next_dagrun for example_xcom_args to None, run_after=None
[2025-11-12T21:37:02.089-0800] {logging_mixin.py:190} INFO - [2025-11-12T21:37:02.089-0800] {dag.py:4180} INFO - Setting next_dagrun for example_xcom_args_with_operators to None, run_after=None
[2025-11-12T21:37:02.094-0800] {processor.py:208} INFO - Processing /Users/dipinjassal/ml/tmdb_data_warehouse/venv/lib/python3.12/site-packages/airflow/example_dags/example_xcomargs.py took 0.064 seconds
[2025-11-12T21:38:27.972-0800] {processor.py:186} INFO - Started process (PID=2186) to work on /Users/dipinjassal/ml/tmdb_data_warehouse/venv/lib/python3.12/site-packages/airflow/example_dags/example_xcomargs.py
[2025-11-12T21:38:27.973-0800] {processor.py:914} INFO - Processing file /Users/dipinjassal/ml/tmdb_data_warehouse/venv/lib/python3.12/site-packages/airflow/example_dags/example_xcomargs.py for tasks to queue
[2025-11-12T21:38:27.973-0800] {logging_mixin.py:190} INFO - [2025-11-12T21:38:27.973-0800] {dagbag.py:588} INFO - Filling up the DagBag from /Users/dipinjassal/ml/tmdb_data_warehouse/venv/lib/python3.12/site-packages/airflow/example_dags/example_xcomargs.py
[2025-11-12T21:38:27.984-0800] {processor.py:925} INFO - DAG(s) 'example_xcom_args', 'example_xcom_args_with_operators' retrieved from /Users/dipinjassal/ml/tmdb_data_warehouse/venv/lib/python3.12/site-packages/airflow/example_dags/example_xcomargs.py
[2025-11-12T21:38:28.010-0800] {logging_mixin.py:190} INFO - [2025-11-12T21:38:28.009-0800] {dag.py:3239} INFO - Sync 2 DAGs
[2025-11-12T21:38:28.030-0800] {logging_mixin.py:190} INFO - [2025-11-12T21:38:28.030-0800] {dag.py:4180} INFO - Setting next_dagrun for example_xcom_args to None, run_after=None
[2025-11-12T21:38:28.031-0800] {logging_mixin.py:190} INFO - [2025-11-12T21:38:28.031-0800] {dag.py:4180} INFO - Setting next_dagrun for example_xcom_args_with_operators to None, run_after=None
[2025-11-12T21:38:28.035-0800] {processor.py:208} INFO - Processing /Users/dipinjassal/ml/tmdb_data_warehouse/venv/lib/python3.12/site-packages/airflow/example_dags/example_xcomargs.py took 0.064 seconds
[2025-11-12T21:50:07.460-0800] {processor.py:186} INFO - Started process (PID=2396) to work on /Users/dipinjassal/ml/tmdb_data_warehouse/venv/lib/python3.12/site-packages/airflow/example_dags/example_xcomargs.py
[2025-11-12T21:50:07.460-0800] {processor.py:914} INFO - Processing file /Users/dipinjassal/ml/tmdb_data_warehouse/venv/lib/python3.12/site-packages/airflow/example_dags/example_xcomargs.py for tasks to queue
[2025-11-12T21:50:07.461-0800] {logging_mixin.py:190} INFO - [2025-11-12T21:50:07.461-0800] {dagbag.py:588} INFO - Filling up the DagBag from /Users/dipinjassal/ml/tmdb_data_warehouse/venv/lib/python3.12/site-packages/airflow/example_dags/example_xcomargs.py
[2025-11-12T21:50:07.472-0800] {processor.py:925} INFO - DAG(s) 'example_xcom_args', 'example_xcom_args_with_operators' retrieved from /Users/dipinjassal/ml/tmdb_data_warehouse/venv/lib/python3.12/site-packages/airflow/example_dags/example_xcomargs.py
[2025-11-12T21:50:07.497-0800] {logging_mixin.py:190} INFO - [2025-11-12T21:50:07.497-0800] {dag.py:3239} INFO - Sync 2 DAGs
[2025-11-12T21:50:07.517-0800] {logging_mixin.py:190} INFO - [2025-11-12T21:50:07.517-0800] {dag.py:4180} INFO - Setting next_dagrun for example_xcom_args to None, run_after=None
[2025-11-12T21:50:07.518-0800] {logging_mixin.py:190} INFO - [2025-11-12T21:50:07.518-0800] {dag.py:4180} INFO - Setting next_dagrun for example_xcom_args_with_operators to None, run_after=None
[2025-11-12T21:50:07.523-0800] {processor.py:208} INFO - Processing /Users/dipinjassal/ml/tmdb_data_warehouse/venv/lib/python3.12/site-packages/airflow/example_dags/example_xcomargs.py took 0.063 seconds
[2025-11-12T21:51:31.528-0800] {processor.py:186} INFO - Started process (PID=2459) to work on /Users/dipinjassal/ml/tmdb_data_warehouse/venv/lib/python3.12/site-packages/airflow/example_dags/example_xcomargs.py
[2025-11-12T21:51:31.528-0800] {processor.py:914} INFO - Processing file /Users/dipinjassal/ml/tmdb_data_warehouse/venv/lib/python3.12/site-packages/airflow/example_dags/example_xcomargs.py for tasks to queue
[2025-11-12T21:51:31.528-0800] {logging_mixin.py:190} INFO - [2025-11-12T21:51:31.528-0800] {dagbag.py:588} INFO - Filling up the DagBag from /Users/dipinjassal/ml/tmdb_data_warehouse/venv/lib/python3.12/site-packages/airflow/example_dags/example_xcomargs.py
[2025-11-12T21:51:31.541-0800] {processor.py:925} INFO - DAG(s) 'example_xcom_args_with_operators', 'example_xcom_args' retrieved from /Users/dipinjassal/ml/tmdb_data_warehouse/venv/lib/python3.12/site-packages/airflow/example_dags/example_xcomargs.py
[2025-11-12T21:51:31.568-0800] {logging_mixin.py:190} INFO - [2025-11-12T21:51:31.568-0800] {dag.py:3239} INFO - Sync 2 DAGs
[2025-11-12T21:51:31.593-0800] {logging_mixin.py:190} INFO - [2025-11-12T21:51:31.592-0800] {dag.py:4180} INFO - Setting next_dagrun for example_xcom_args to None, run_after=None
[2025-11-12T21:51:31.594-0800] {logging_mixin.py:190} INFO - [2025-11-12T21:51:31.593-0800] {dag.py:4180} INFO - Setting next_dagrun for example_xcom_args_with_operators to None, run_after=None
[2025-11-12T21:51:31.599-0800] {processor.py:208} INFO - Processing /Users/dipinjassal/ml/tmdb_data_warehouse/venv/lib/python3.12/site-packages/airflow/example_dags/example_xcomargs.py took 0.072 seconds
[2025-11-12T21:57:08.660-0800] {processor.py:186} INFO - Started process (PID=2532) to work on /Users/dipinjassal/ml/tmdb_data_warehouse/venv/lib/python3.12/site-packages/airflow/example_dags/example_xcomargs.py
[2025-11-12T21:57:08.660-0800] {processor.py:914} INFO - Processing file /Users/dipinjassal/ml/tmdb_data_warehouse/venv/lib/python3.12/site-packages/airflow/example_dags/example_xcomargs.py for tasks to queue
[2025-11-12T21:57:08.661-0800] {logging_mixin.py:190} INFO - [2025-11-12T21:57:08.661-0800] {dagbag.py:588} INFO - Filling up the DagBag from /Users/dipinjassal/ml/tmdb_data_warehouse/venv/lib/python3.12/site-packages/airflow/example_dags/example_xcomargs.py
[2025-11-12T21:57:08.672-0800] {processor.py:925} INFO - DAG(s) 'example_xcom_args_with_operators', 'example_xcom_args' retrieved from /Users/dipinjassal/ml/tmdb_data_warehouse/venv/lib/python3.12/site-packages/airflow/example_dags/example_xcomargs.py
[2025-11-12T21:57:08.697-0800] {logging_mixin.py:190} INFO - [2025-11-12T21:57:08.697-0800] {dag.py:3239} INFO - Sync 2 DAGs
[2025-11-12T21:57:08.717-0800] {logging_mixin.py:190} INFO - [2025-11-12T21:57:08.717-0800] {dag.py:4180} INFO - Setting next_dagrun for example_xcom_args to None, run_after=None
[2025-11-12T21:57:08.718-0800] {logging_mixin.py:190} INFO - [2025-11-12T21:57:08.718-0800] {dag.py:4180} INFO - Setting next_dagrun for example_xcom_args_with_operators to None, run_after=None
[2025-11-12T21:57:08.722-0800] {processor.py:208} INFO - Processing /Users/dipinjassal/ml/tmdb_data_warehouse/venv/lib/python3.12/site-packages/airflow/example_dags/example_xcomargs.py took 0.063 seconds
[2025-11-12T21:58:23.367-0800] {processor.py:186} INFO - Started process (PID=2605) to work on /Users/dipinjassal/ml/tmdb_data_warehouse/venv/lib/python3.12/site-packages/airflow/example_dags/example_xcomargs.py
[2025-11-12T21:58:23.367-0800] {processor.py:914} INFO - Processing file /Users/dipinjassal/ml/tmdb_data_warehouse/venv/lib/python3.12/site-packages/airflow/example_dags/example_xcomargs.py for tasks to queue
[2025-11-12T21:58:23.368-0800] {logging_mixin.py:190} INFO - [2025-11-12T21:58:23.368-0800] {dagbag.py:588} INFO - Filling up the DagBag from /Users/dipinjassal/ml/tmdb_data_warehouse/venv/lib/python3.12/site-packages/airflow/example_dags/example_xcomargs.py
[2025-11-12T21:58:23.379-0800] {processor.py:925} INFO - DAG(s) 'example_xcom_args', 'example_xcom_args_with_operators' retrieved from /Users/dipinjassal/ml/tmdb_data_warehouse/venv/lib/python3.12/site-packages/airflow/example_dags/example_xcomargs.py
[2025-11-12T21:58:23.404-0800] {logging_mixin.py:190} INFO - [2025-11-12T21:58:23.404-0800] {dag.py:3239} INFO - Sync 2 DAGs
[2025-11-12T21:58:23.424-0800] {logging_mixin.py:190} INFO - [2025-11-12T21:58:23.424-0800] {dag.py:4180} INFO - Setting next_dagrun for example_xcom_args to None, run_after=None
[2025-11-12T21:58:23.425-0800] {logging_mixin.py:190} INFO - [2025-11-12T21:58:23.425-0800] {dag.py:4180} INFO - Setting next_dagrun for example_xcom_args_with_operators to None, run_after=None
[2025-11-12T21:58:23.430-0800] {processor.py:208} INFO - Processing /Users/dipinjassal/ml/tmdb_data_warehouse/venv/lib/python3.12/site-packages/airflow/example_dags/example_xcomargs.py took 0.063 seconds
