[2025-11-12T21:29:33.487-0800] {processor.py:186} INFO - Started process (PID=1822) to work on /Users/dipinjassal/ml/tmdb_data_warehouse/venv/lib/python3.12/site-packages/airflow/example_dags/example_python_decorator.py
[2025-11-12T21:29:33.488-0800] {processor.py:914} INFO - Processing file /Users/dipinjassal/ml/tmdb_data_warehouse/venv/lib/python3.12/site-packages/airflow/example_dags/example_python_decorator.py for tasks to queue
[2025-11-12T21:29:33.488-0800] {logging_mixin.py:190} INFO - [2025-11-12T21:29:33.488-0800] {dagbag.py:588} INFO - Filling up the DagBag from /Users/dipinjassal/ml/tmdb_data_warehouse/venv/lib/python3.12/site-packages/airflow/example_dags/example_python_decorator.py
[2025-11-12T21:29:33.499-0800] {logging_mixin.py:190} INFO - [2025-11-12T21:29:33.499-0800] {example_python_decorator.py:80} WARNING - The virtalenv_python example task requires virtualenv, please install it.
[2025-11-12T21:29:33.500-0800] {processor.py:925} INFO - DAG(s) 'example_python_decorator' retrieved from /Users/dipinjassal/ml/tmdb_data_warehouse/venv/lib/python3.12/site-packages/airflow/example_dags/example_python_decorator.py
[2025-11-12T21:29:33.564-0800] {logging_mixin.py:190} INFO - [2025-11-12T21:29:33.564-0800] {override.py:1900} INFO - Created Permission View: can edit on DAG:example_python_decorator
[2025-11-12T21:29:33.566-0800] {logging_mixin.py:190} INFO - [2025-11-12T21:29:33.566-0800] {override.py:1900} INFO - Created Permission View: can read on DAG:example_python_decorator
[2025-11-12T21:29:33.567-0800] {logging_mixin.py:190} INFO - [2025-11-12T21:29:33.567-0800] {override.py:1900} INFO - Created Permission View: can delete on DAG:example_python_decorator
[2025-11-12T21:29:33.569-0800] {logging_mixin.py:190} INFO - [2025-11-12T21:29:33.569-0800] {override.py:1900} INFO - Created Permission View: can create on DAG Run:example_python_decorator
[2025-11-12T21:29:33.570-0800] {logging_mixin.py:190} INFO - [2025-11-12T21:29:33.570-0800] {override.py:1900} INFO - Created Permission View: menu access on DAG Run:example_python_decorator
[2025-11-12T21:29:33.571-0800] {logging_mixin.py:190} INFO - [2025-11-12T21:29:33.571-0800] {override.py:1900} INFO - Created Permission View: can delete on DAG Run:example_python_decorator
[2025-11-12T21:29:33.572-0800] {logging_mixin.py:190} INFO - [2025-11-12T21:29:33.572-0800] {override.py:1900} INFO - Created Permission View: can read on DAG Run:example_python_decorator
[2025-11-12T21:29:33.572-0800] {logging_mixin.py:190} INFO - [2025-11-12T21:29:33.572-0800] {dag.py:3239} INFO - Sync 1 DAGs
[2025-11-12T21:29:33.575-0800] {logging_mixin.py:190} INFO - [2025-11-12T21:29:33.575-0800] {dag.py:3262} INFO - Creating ORM DAG for example_python_decorator
[2025-11-12T21:29:33.575-0800] {logging_mixin.py:190} INFO - [2025-11-12T21:29:33.575-0800] {dag.py:4180} INFO - Setting next_dagrun for example_python_decorator to None, run_after=None
[2025-11-12T21:29:33.579-0800] {processor.py:208} INFO - Processing /Users/dipinjassal/ml/tmdb_data_warehouse/venv/lib/python3.12/site-packages/airflow/example_dags/example_python_decorator.py took 0.092 seconds
[2025-11-12T21:31:01.251-0800] {processor.py:186} INFO - Started process (PID=1897) to work on /Users/dipinjassal/ml/tmdb_data_warehouse/venv/lib/python3.12/site-packages/airflow/example_dags/example_python_decorator.py
[2025-11-12T21:31:01.251-0800] {processor.py:914} INFO - Processing file /Users/dipinjassal/ml/tmdb_data_warehouse/venv/lib/python3.12/site-packages/airflow/example_dags/example_python_decorator.py for tasks to queue
[2025-11-12T21:31:01.251-0800] {logging_mixin.py:190} INFO - [2025-11-12T21:31:01.251-0800] {dagbag.py:588} INFO - Filling up the DagBag from /Users/dipinjassal/ml/tmdb_data_warehouse/venv/lib/python3.12/site-packages/airflow/example_dags/example_python_decorator.py
[2025-11-12T21:31:01.262-0800] {logging_mixin.py:190} INFO - [2025-11-12T21:31:01.262-0800] {example_python_decorator.py:80} WARNING - The virtalenv_python example task requires virtualenv, please install it.
[2025-11-12T21:31:01.263-0800] {processor.py:925} INFO - DAG(s) 'example_python_decorator' retrieved from /Users/dipinjassal/ml/tmdb_data_warehouse/venv/lib/python3.12/site-packages/airflow/example_dags/example_python_decorator.py
[2025-11-12T21:31:01.288-0800] {logging_mixin.py:190} INFO - [2025-11-12T21:31:01.288-0800] {dag.py:3239} INFO - Sync 1 DAGs
[2025-11-12T21:31:01.312-0800] {logging_mixin.py:190} INFO - [2025-11-12T21:31:01.312-0800] {dag.py:4180} INFO - Setting next_dagrun for example_python_decorator to None, run_after=None
[2025-11-12T21:31:01.319-0800] {processor.py:208} INFO - Processing /Users/dipinjassal/ml/tmdb_data_warehouse/venv/lib/python3.12/site-packages/airflow/example_dags/example_python_decorator.py took 0.069 seconds
[2025-11-12T21:34:35.746-0800] {processor.py:186} INFO - Started process (PID=2047) to work on /Users/dipinjassal/ml/tmdb_data_warehouse/venv/lib/python3.12/site-packages/airflow/example_dags/example_python_decorator.py
[2025-11-12T21:34:35.747-0800] {processor.py:914} INFO - Processing file /Users/dipinjassal/ml/tmdb_data_warehouse/venv/lib/python3.12/site-packages/airflow/example_dags/example_python_decorator.py for tasks to queue
[2025-11-12T21:34:35.747-0800] {logging_mixin.py:190} INFO - [2025-11-12T21:34:35.747-0800] {dagbag.py:588} INFO - Filling up the DagBag from /Users/dipinjassal/ml/tmdb_data_warehouse/venv/lib/python3.12/site-packages/airflow/example_dags/example_python_decorator.py
[2025-11-12T21:34:35.759-0800] {logging_mixin.py:190} INFO - [2025-11-12T21:34:35.759-0800] {example_python_decorator.py:80} WARNING - The virtalenv_python example task requires virtualenv, please install it.
[2025-11-12T21:34:35.760-0800] {processor.py:925} INFO - DAG(s) 'example_python_decorator' retrieved from /Users/dipinjassal/ml/tmdb_data_warehouse/venv/lib/python3.12/site-packages/airflow/example_dags/example_python_decorator.py
[2025-11-12T21:34:35.787-0800] {logging_mixin.py:190} INFO - [2025-11-12T21:34:35.787-0800] {dag.py:3239} INFO - Sync 1 DAGs
[2025-11-12T21:34:35.808-0800] {logging_mixin.py:190} INFO - [2025-11-12T21:34:35.808-0800] {dag.py:4180} INFO - Setting next_dagrun for example_python_decorator to None, run_after=None
[2025-11-12T21:34:35.814-0800] {processor.py:208} INFO - Processing /Users/dipinjassal/ml/tmdb_data_warehouse/venv/lib/python3.12/site-packages/airflow/example_dags/example_python_decorator.py took 0.068 seconds
[2025-11-12T21:37:31.747-0800] {processor.py:186} INFO - Started process (PID=2138) to work on /Users/dipinjassal/ml/tmdb_data_warehouse/venv/lib/python3.12/site-packages/airflow/example_dags/example_python_decorator.py
[2025-11-12T21:37:31.747-0800] {processor.py:914} INFO - Processing file /Users/dipinjassal/ml/tmdb_data_warehouse/venv/lib/python3.12/site-packages/airflow/example_dags/example_python_decorator.py for tasks to queue
[2025-11-12T21:37:31.748-0800] {logging_mixin.py:190} INFO - [2025-11-12T21:37:31.747-0800] {dagbag.py:588} INFO - Filling up the DagBag from /Users/dipinjassal/ml/tmdb_data_warehouse/venv/lib/python3.12/site-packages/airflow/example_dags/example_python_decorator.py
[2025-11-12T21:37:31.760-0800] {logging_mixin.py:190} INFO - [2025-11-12T21:37:31.760-0800] {example_python_decorator.py:80} WARNING - The virtalenv_python example task requires virtualenv, please install it.
[2025-11-12T21:37:31.760-0800] {processor.py:925} INFO - DAG(s) 'example_python_decorator' retrieved from /Users/dipinjassal/ml/tmdb_data_warehouse/venv/lib/python3.12/site-packages/airflow/example_dags/example_python_decorator.py
[2025-11-12T21:37:31.787-0800] {logging_mixin.py:190} INFO - [2025-11-12T21:37:31.787-0800] {dag.py:3239} INFO - Sync 1 DAGs
[2025-11-12T21:37:31.810-0800] {logging_mixin.py:190} INFO - [2025-11-12T21:37:31.810-0800] {dag.py:4180} INFO - Setting next_dagrun for example_python_decorator to None, run_after=None
[2025-11-12T21:37:31.815-0800] {processor.py:208} INFO - Processing /Users/dipinjassal/ml/tmdb_data_warehouse/venv/lib/python3.12/site-packages/airflow/example_dags/example_python_decorator.py took 0.069 seconds
[2025-11-12T21:50:34.489-0800] {processor.py:186} INFO - Started process (PID=2415) to work on /Users/dipinjassal/ml/tmdb_data_warehouse/venv/lib/python3.12/site-packages/airflow/example_dags/example_python_decorator.py
[2025-11-12T21:50:34.489-0800] {processor.py:914} INFO - Processing file /Users/dipinjassal/ml/tmdb_data_warehouse/venv/lib/python3.12/site-packages/airflow/example_dags/example_python_decorator.py for tasks to queue
[2025-11-12T21:50:34.489-0800] {logging_mixin.py:190} INFO - [2025-11-12T21:50:34.489-0800] {dagbag.py:588} INFO - Filling up the DagBag from /Users/dipinjassal/ml/tmdb_data_warehouse/venv/lib/python3.12/site-packages/airflow/example_dags/example_python_decorator.py
[2025-11-12T21:50:34.500-0800] {logging_mixin.py:190} INFO - [2025-11-12T21:50:34.500-0800] {example_python_decorator.py:80} WARNING - The virtalenv_python example task requires virtualenv, please install it.
[2025-11-12T21:50:34.501-0800] {processor.py:925} INFO - DAG(s) 'example_python_decorator' retrieved from /Users/dipinjassal/ml/tmdb_data_warehouse/venv/lib/python3.12/site-packages/airflow/example_dags/example_python_decorator.py
[2025-11-12T21:50:34.525-0800] {logging_mixin.py:190} INFO - [2025-11-12T21:50:34.525-0800] {dag.py:3239} INFO - Sync 1 DAGs
[2025-11-12T21:50:34.546-0800] {logging_mixin.py:190} INFO - [2025-11-12T21:50:34.546-0800] {dag.py:4180} INFO - Setting next_dagrun for example_python_decorator to None, run_after=None
[2025-11-12T21:50:34.551-0800] {processor.py:208} INFO - Processing /Users/dipinjassal/ml/tmdb_data_warehouse/venv/lib/python3.12/site-packages/airflow/example_dags/example_python_decorator.py took 0.063 seconds
