[2025-11-12T21:29:40.203-0800] {processor.py:186} INFO - Started process (PID=1827) to work on /Users/dipinjassal/ml/tmdb_data_warehouse/venv/lib/python3.12/site-packages/airflow/example_dags/example_outlet_event_extra.py
[2025-11-12T21:29:40.203-0800] {processor.py:914} INFO - Processing file /Users/dipinjassal/ml/tmdb_data_warehouse/venv/lib/python3.12/site-packages/airflow/example_dags/example_outlet_event_extra.py for tasks to queue
[2025-11-12T21:29:40.203-0800] {logging_mixin.py:190} INFO - [2025-11-12T21:29:40.203-0800] {dagbag.py:588} INFO - Filling up the DagBag from /Users/dipinjassal/ml/tmdb_data_warehouse/venv/lib/python3.12/site-packages/airflow/example_dags/example_outlet_event_extra.py
[2025-11-12T21:29:40.225-0800] {processor.py:925} INFO - DAG(s) 'dataset_with_extra_by_context', 'dataset_with_extra_by_yield', 'dataset_with_extra_from_classic_operator' retrieved from /Users/dipinjassal/ml/tmdb_data_warehouse/venv/lib/python3.12/site-packages/airflow/example_dags/example_outlet_event_extra.py
[2025-11-12T21:29:40.289-0800] {logging_mixin.py:190} INFO - [2025-11-12T21:29:40.289-0800] {override.py:1900} INFO - Created Permission View: can delete on DAG:dataset_with_extra_by_context
[2025-11-12T21:29:40.291-0800] {logging_mixin.py:190} INFO - [2025-11-12T21:29:40.291-0800] {override.py:1900} INFO - Created Permission View: can read on DAG:dataset_with_extra_by_context
[2025-11-12T21:29:40.292-0800] {logging_mixin.py:190} INFO - [2025-11-12T21:29:40.292-0800] {override.py:1900} INFO - Created Permission View: can edit on DAG:dataset_with_extra_by_context
[2025-11-12T21:29:40.294-0800] {logging_mixin.py:190} INFO - [2025-11-12T21:29:40.294-0800] {override.py:1900} INFO - Created Permission View: can delete on DAG Run:dataset_with_extra_by_context
[2025-11-12T21:29:40.295-0800] {logging_mixin.py:190} INFO - [2025-11-12T21:29:40.295-0800] {override.py:1900} INFO - Created Permission View: can read on DAG Run:dataset_with_extra_by_context
[2025-11-12T21:29:40.296-0800] {logging_mixin.py:190} INFO - [2025-11-12T21:29:40.296-0800] {override.py:1900} INFO - Created Permission View: menu access on DAG Run:dataset_with_extra_by_context
[2025-11-12T21:29:40.297-0800] {logging_mixin.py:190} INFO - [2025-11-12T21:29:40.297-0800] {override.py:1900} INFO - Created Permission View: can create on DAG Run:dataset_with_extra_by_context
[2025-11-12T21:29:40.300-0800] {logging_mixin.py:190} INFO - [2025-11-12T21:29:40.300-0800] {override.py:1900} INFO - Created Permission View: can delete on DAG:dataset_with_extra_by_yield
[2025-11-12T21:29:40.301-0800] {logging_mixin.py:190} INFO - [2025-11-12T21:29:40.301-0800] {override.py:1900} INFO - Created Permission View: can read on DAG:dataset_with_extra_by_yield
[2025-11-12T21:29:40.302-0800] {logging_mixin.py:190} INFO - [2025-11-12T21:29:40.302-0800] {override.py:1900} INFO - Created Permission View: can edit on DAG:dataset_with_extra_by_yield
[2025-11-12T21:29:40.304-0800] {logging_mixin.py:190} INFO - [2025-11-12T21:29:40.304-0800] {override.py:1900} INFO - Created Permission View: can delete on DAG Run:dataset_with_extra_by_yield
[2025-11-12T21:29:40.305-0800] {logging_mixin.py:190} INFO - [2025-11-12T21:29:40.305-0800] {override.py:1900} INFO - Created Permission View: can read on DAG Run:dataset_with_extra_by_yield
[2025-11-12T21:29:40.306-0800] {logging_mixin.py:190} INFO - [2025-11-12T21:29:40.306-0800] {override.py:1900} INFO - Created Permission View: menu access on DAG Run:dataset_with_extra_by_yield
[2025-11-12T21:29:40.308-0800] {logging_mixin.py:190} INFO - [2025-11-12T21:29:40.308-0800] {override.py:1900} INFO - Created Permission View: can create on DAG Run:dataset_with_extra_by_yield
[2025-11-12T21:29:40.310-0800] {logging_mixin.py:190} INFO - [2025-11-12T21:29:40.310-0800] {override.py:1900} INFO - Created Permission View: can delete on DAG:dataset_with_extra_from_classic_operator
[2025-11-12T21:29:40.312-0800] {logging_mixin.py:190} INFO - [2025-11-12T21:29:40.312-0800] {override.py:1900} INFO - Created Permission View: can read on DAG:dataset_with_extra_from_classic_operator
[2025-11-12T21:29:40.313-0800] {logging_mixin.py:190} INFO - [2025-11-12T21:29:40.313-0800] {override.py:1900} INFO - Created Permission View: can edit on DAG:dataset_with_extra_from_classic_operator
[2025-11-12T21:29:40.314-0800] {logging_mixin.py:190} INFO - [2025-11-12T21:29:40.314-0800] {override.py:1900} INFO - Created Permission View: can delete on DAG Run:dataset_with_extra_from_classic_operator
[2025-11-12T21:29:40.315-0800] {logging_mixin.py:190} INFO - [2025-11-12T21:29:40.315-0800] {override.py:1900} INFO - Created Permission View: can read on DAG Run:dataset_with_extra_from_classic_operator
[2025-11-12T21:29:40.317-0800] {logging_mixin.py:190} INFO - [2025-11-12T21:29:40.317-0800] {override.py:1900} INFO - Created Permission View: menu access on DAG Run:dataset_with_extra_from_classic_operator
[2025-11-12T21:29:40.318-0800] {logging_mixin.py:190} INFO - [2025-11-12T21:29:40.318-0800] {override.py:1900} INFO - Created Permission View: can create on DAG Run:dataset_with_extra_from_classic_operator
[2025-11-12T21:29:40.318-0800] {logging_mixin.py:190} INFO - [2025-11-12T21:29:40.318-0800] {dag.py:3239} INFO - Sync 3 DAGs
[2025-11-12T21:29:40.321-0800] {logging_mixin.py:190} INFO - [2025-11-12T21:29:40.321-0800] {dag.py:3262} INFO - Creating ORM DAG for dataset_with_extra_from_classic_operator
[2025-11-12T21:29:40.321-0800] {logging_mixin.py:190} INFO - [2025-11-12T21:29:40.321-0800] {dag.py:3262} INFO - Creating ORM DAG for dataset_with_extra_by_yield
[2025-11-12T21:29:40.321-0800] {logging_mixin.py:190} INFO - [2025-11-12T21:29:40.321-0800] {dag.py:3262} INFO - Creating ORM DAG for dataset_with_extra_by_context
[2025-11-12T21:29:40.324-0800] {logging_mixin.py:190} INFO - [2025-11-12T21:29:40.324-0800] {dag.py:4180} INFO - Setting next_dagrun for dataset_with_extra_by_context to 2025-11-12 00:00:00+00:00, run_after=2025-11-13 00:00:00+00:00
[2025-11-12T21:29:40.324-0800] {logging_mixin.py:190} INFO - [2025-11-12T21:29:40.324-0800] {dag.py:4180} INFO - Setting next_dagrun for dataset_with_extra_by_yield to 2025-11-12 00:00:00+00:00, run_after=2025-11-13 00:00:00+00:00
[2025-11-12T21:29:40.325-0800] {logging_mixin.py:190} INFO - [2025-11-12T21:29:40.325-0800] {dag.py:4180} INFO - Setting next_dagrun for dataset_with_extra_from_classic_operator to 2025-11-12 00:00:00+00:00, run_after=2025-11-13 00:00:00+00:00
[2025-11-12T21:29:40.464-0800] {processor.py:208} INFO - Processing /Users/dipinjassal/ml/tmdb_data_warehouse/venv/lib/python3.12/site-packages/airflow/example_dags/example_outlet_event_extra.py took 0.263 seconds
[2025-11-12T21:31:07.290-0800] {processor.py:186} INFO - Started process (PID=1902) to work on /Users/dipinjassal/ml/tmdb_data_warehouse/venv/lib/python3.12/site-packages/airflow/example_dags/example_outlet_event_extra.py
[2025-11-12T21:31:07.291-0800] {processor.py:914} INFO - Processing file /Users/dipinjassal/ml/tmdb_data_warehouse/venv/lib/python3.12/site-packages/airflow/example_dags/example_outlet_event_extra.py for tasks to queue
[2025-11-12T21:31:07.291-0800] {logging_mixin.py:190} INFO - [2025-11-12T21:31:07.291-0800] {dagbag.py:588} INFO - Filling up the DagBag from /Users/dipinjassal/ml/tmdb_data_warehouse/venv/lib/python3.12/site-packages/airflow/example_dags/example_outlet_event_extra.py
[2025-11-12T21:31:07.312-0800] {processor.py:925} INFO - DAG(s) 'dataset_with_extra_by_yield', 'dataset_with_extra_by_context', 'dataset_with_extra_from_classic_operator' retrieved from /Users/dipinjassal/ml/tmdb_data_warehouse/venv/lib/python3.12/site-packages/airflow/example_dags/example_outlet_event_extra.py
[2025-11-12T21:31:07.356-0800] {logging_mixin.py:190} INFO - [2025-11-12T21:31:07.356-0800] {dag.py:3239} INFO - Sync 3 DAGs
[2025-11-12T21:31:07.361-0800] {logging_mixin.py:190} INFO - [2025-11-12T21:31:07.361-0800] {dag.py:4180} INFO - Setting next_dagrun for dataset_with_extra_by_context to 2025-11-12 00:00:00+00:00, run_after=2025-11-13 00:00:00+00:00
[2025-11-12T21:31:07.362-0800] {logging_mixin.py:190} INFO - [2025-11-12T21:31:07.362-0800] {dag.py:4180} INFO - Setting next_dagrun for dataset_with_extra_by_yield to 2025-11-12 00:00:00+00:00, run_after=2025-11-13 00:00:00+00:00
[2025-11-12T21:31:07.362-0800] {logging_mixin.py:190} INFO - [2025-11-12T21:31:07.362-0800] {dag.py:4180} INFO - Setting next_dagrun for dataset_with_extra_from_classic_operator to 2025-11-12 00:00:00+00:00, run_after=2025-11-13 00:00:00+00:00
[2025-11-12T21:31:07.368-0800] {processor.py:208} INFO - Processing /Users/dipinjassal/ml/tmdb_data_warehouse/venv/lib/python3.12/site-packages/airflow/example_dags/example_outlet_event_extra.py took 0.078 seconds
[2025-11-12T21:34:41.404-0800] {processor.py:186} INFO - Started process (PID=2053) to work on /Users/dipinjassal/ml/tmdb_data_warehouse/venv/lib/python3.12/site-packages/airflow/example_dags/example_outlet_event_extra.py
[2025-11-12T21:34:41.405-0800] {processor.py:914} INFO - Processing file /Users/dipinjassal/ml/tmdb_data_warehouse/venv/lib/python3.12/site-packages/airflow/example_dags/example_outlet_event_extra.py for tasks to queue
[2025-11-12T21:34:41.405-0800] {logging_mixin.py:190} INFO - [2025-11-12T21:34:41.405-0800] {dagbag.py:588} INFO - Filling up the DagBag from /Users/dipinjassal/ml/tmdb_data_warehouse/venv/lib/python3.12/site-packages/airflow/example_dags/example_outlet_event_extra.py
[2025-11-12T21:34:41.426-0800] {processor.py:925} INFO - DAG(s) 'dataset_with_extra_by_context', 'dataset_with_extra_from_classic_operator', 'dataset_with_extra_by_yield' retrieved from /Users/dipinjassal/ml/tmdb_data_warehouse/venv/lib/python3.12/site-packages/airflow/example_dags/example_outlet_event_extra.py
[2025-11-12T21:34:41.469-0800] {logging_mixin.py:190} INFO - [2025-11-12T21:34:41.469-0800] {dag.py:3239} INFO - Sync 3 DAGs
[2025-11-12T21:34:41.474-0800] {logging_mixin.py:190} INFO - [2025-11-12T21:34:41.474-0800] {dag.py:4180} INFO - Setting next_dagrun for dataset_with_extra_by_context to 2025-11-12 00:00:00+00:00, run_after=2025-11-13 00:00:00+00:00
[2025-11-12T21:34:41.475-0800] {logging_mixin.py:190} INFO - [2025-11-12T21:34:41.475-0800] {dag.py:4180} INFO - Setting next_dagrun for dataset_with_extra_by_yield to 2025-11-12 00:00:00+00:00, run_after=2025-11-13 00:00:00+00:00
[2025-11-12T21:34:41.476-0800] {logging_mixin.py:190} INFO - [2025-11-12T21:34:41.476-0800] {dag.py:4180} INFO - Setting next_dagrun for dataset_with_extra_from_classic_operator to 2025-11-12 00:00:00+00:00, run_after=2025-11-13 00:00:00+00:00
[2025-11-12T21:34:41.481-0800] {processor.py:208} INFO - Processing /Users/dipinjassal/ml/tmdb_data_warehouse/venv/lib/python3.12/site-packages/airflow/example_dags/example_outlet_event_extra.py took 0.078 seconds
[2025-11-12T21:37:38.404-0800] {processor.py:186} INFO - Started process (PID=2143) to work on /Users/dipinjassal/ml/tmdb_data_warehouse/venv/lib/python3.12/site-packages/airflow/example_dags/example_outlet_event_extra.py
[2025-11-12T21:37:38.404-0800] {processor.py:914} INFO - Processing file /Users/dipinjassal/ml/tmdb_data_warehouse/venv/lib/python3.12/site-packages/airflow/example_dags/example_outlet_event_extra.py for tasks to queue
[2025-11-12T21:37:38.405-0800] {logging_mixin.py:190} INFO - [2025-11-12T21:37:38.405-0800] {dagbag.py:588} INFO - Filling up the DagBag from /Users/dipinjassal/ml/tmdb_data_warehouse/venv/lib/python3.12/site-packages/airflow/example_dags/example_outlet_event_extra.py
[2025-11-12T21:37:38.426-0800] {processor.py:925} INFO - DAG(s) 'dataset_with_extra_by_context', 'dataset_with_extra_from_classic_operator', 'dataset_with_extra_by_yield' retrieved from /Users/dipinjassal/ml/tmdb_data_warehouse/venv/lib/python3.12/site-packages/airflow/example_dags/example_outlet_event_extra.py
[2025-11-12T21:37:38.469-0800] {logging_mixin.py:190} INFO - [2025-11-12T21:37:38.469-0800] {dag.py:3239} INFO - Sync 3 DAGs
[2025-11-12T21:37:38.474-0800] {logging_mixin.py:190} INFO - [2025-11-12T21:37:38.474-0800] {dag.py:4180} INFO - Setting next_dagrun for dataset_with_extra_by_context to 2025-11-12 00:00:00+00:00, run_after=2025-11-13 00:00:00+00:00
[2025-11-12T21:37:38.475-0800] {logging_mixin.py:190} INFO - [2025-11-12T21:37:38.475-0800] {dag.py:4180} INFO - Setting next_dagrun for dataset_with_extra_by_yield to 2025-11-12 00:00:00+00:00, run_after=2025-11-13 00:00:00+00:00
[2025-11-12T21:37:38.475-0800] {logging_mixin.py:190} INFO - [2025-11-12T21:37:38.475-0800] {dag.py:4180} INFO - Setting next_dagrun for dataset_with_extra_from_classic_operator to 2025-11-12 00:00:00+00:00, run_after=2025-11-13 00:00:00+00:00
[2025-11-12T21:37:38.480-0800] {processor.py:208} INFO - Processing /Users/dipinjassal/ml/tmdb_data_warehouse/venv/lib/python3.12/site-packages/airflow/example_dags/example_outlet_event_extra.py took 0.077 seconds
[2025-11-12T21:50:40.221-0800] {processor.py:186} INFO - Started process (PID=2422) to work on /Users/dipinjassal/ml/tmdb_data_warehouse/venv/lib/python3.12/site-packages/airflow/example_dags/example_outlet_event_extra.py
[2025-11-12T21:50:40.221-0800] {processor.py:914} INFO - Processing file /Users/dipinjassal/ml/tmdb_data_warehouse/venv/lib/python3.12/site-packages/airflow/example_dags/example_outlet_event_extra.py for tasks to queue
[2025-11-12T21:50:40.221-0800] {logging_mixin.py:190} INFO - [2025-11-12T21:50:40.221-0800] {dagbag.py:588} INFO - Filling up the DagBag from /Users/dipinjassal/ml/tmdb_data_warehouse/venv/lib/python3.12/site-packages/airflow/example_dags/example_outlet_event_extra.py
[2025-11-12T21:50:40.243-0800] {processor.py:925} INFO - DAG(s) 'dataset_with_extra_by_context', 'dataset_with_extra_by_yield', 'dataset_with_extra_from_classic_operator' retrieved from /Users/dipinjassal/ml/tmdb_data_warehouse/venv/lib/python3.12/site-packages/airflow/example_dags/example_outlet_event_extra.py
[2025-11-12T21:50:40.286-0800] {logging_mixin.py:190} INFO - [2025-11-12T21:50:40.286-0800] {dag.py:3239} INFO - Sync 3 DAGs
[2025-11-12T21:50:40.292-0800] {logging_mixin.py:190} INFO - [2025-11-12T21:50:40.291-0800] {dag.py:4180} INFO - Setting next_dagrun for dataset_with_extra_by_context to 2025-11-12 00:00:00+00:00, run_after=2025-11-13 00:00:00+00:00
[2025-11-12T21:50:40.293-0800] {logging_mixin.py:190} INFO - [2025-11-12T21:50:40.293-0800] {dag.py:4180} INFO - Setting next_dagrun for dataset_with_extra_by_yield to 2025-11-12 00:00:00+00:00, run_after=2025-11-13 00:00:00+00:00
[2025-11-12T21:50:40.293-0800] {logging_mixin.py:190} INFO - [2025-11-12T21:50:40.293-0800] {dag.py:4180} INFO - Setting next_dagrun for dataset_with_extra_from_classic_operator to 2025-11-12 00:00:00+00:00, run_after=2025-11-13 00:00:00+00:00
[2025-11-12T21:50:40.298-0800] {processor.py:208} INFO - Processing /Users/dipinjassal/ml/tmdb_data_warehouse/venv/lib/python3.12/site-packages/airflow/example_dags/example_outlet_event_extra.py took 0.078 seconds
