[2025-11-12T21:30:11.255-0800] {processor.py:186} INFO - Started process (PID=1859) to work on /Users/dipinjassal/ml/tmdb_data_warehouse/venv/lib/python3.12/site-packages/airflow/example_dags/example_branch_day_of_week_operator.py
[2025-11-12T21:30:11.255-0800] {processor.py:914} INFO - Processing file /Users/dipinjassal/ml/tmdb_data_warehouse/venv/lib/python3.12/site-packages/airflow/example_dags/example_branch_day_of_week_operator.py for tasks to queue
[2025-11-12T21:30:11.255-0800] {logging_mixin.py:190} INFO - [2025-11-12T21:30:11.255-0800] {dagbag.py:588} INFO - Filling up the DagBag from /Users/dipinjassal/ml/tmdb_data_warehouse/venv/lib/python3.12/site-packages/airflow/example_dags/example_branch_day_of_week_operator.py
[2025-11-12T21:30:11.258-0800] {processor.py:925} INFO - DAG(s) 'example_weekday_branch_operator' retrieved from /Users/dipinjassal/ml/tmdb_data_warehouse/venv/lib/python3.12/site-packages/airflow/example_dags/example_branch_day_of_week_operator.py
[2025-11-12T21:30:11.324-0800] {logging_mixin.py:190} INFO - [2025-11-12T21:30:11.324-0800] {override.py:1900} INFO - Created Permission View: can edit on DAG:example_weekday_branch_operator
[2025-11-12T21:30:11.326-0800] {logging_mixin.py:190} INFO - [2025-11-12T21:30:11.326-0800] {override.py:1900} INFO - Created Permission View: can delete on DAG:example_weekday_branch_operator
[2025-11-12T21:30:11.327-0800] {logging_mixin.py:190} INFO - [2025-11-12T21:30:11.327-0800] {override.py:1900} INFO - Created Permission View: can read on DAG:example_weekday_branch_operator
[2025-11-12T21:30:11.329-0800] {logging_mixin.py:190} INFO - [2025-11-12T21:30:11.329-0800] {override.py:1900} INFO - Created Permission View: menu access on DAG Run:example_weekday_branch_operator
[2025-11-12T21:30:11.330-0800] {logging_mixin.py:190} INFO - [2025-11-12T21:30:11.330-0800] {override.py:1900} INFO - Created Permission View: can delete on DAG Run:example_weekday_branch_operator
[2025-11-12T21:30:11.331-0800] {logging_mixin.py:190} INFO - [2025-11-12T21:30:11.331-0800] {override.py:1900} INFO - Created Permission View: can read on DAG Run:example_weekday_branch_operator
[2025-11-12T21:30:11.332-0800] {logging_mixin.py:190} INFO - [2025-11-12T21:30:11.332-0800] {override.py:1900} INFO - Created Permission View: can create on DAG Run:example_weekday_branch_operator
[2025-11-12T21:30:11.333-0800] {logging_mixin.py:190} INFO - [2025-11-12T21:30:11.333-0800] {dag.py:3239} INFO - Sync 1 DAGs
[2025-11-12T21:30:11.336-0800] {logging_mixin.py:190} INFO - [2025-11-12T21:30:11.336-0800] {dag.py:3262} INFO - Creating ORM DAG for example_weekday_branch_operator
[2025-11-12T21:30:11.338-0800] {logging_mixin.py:190} INFO - [2025-11-12T21:30:11.338-0800] {dag.py:4180} INFO - Setting next_dagrun for example_weekday_branch_operator to 2025-11-12 00:00:00+00:00, run_after=2025-11-13 00:00:00+00:00
[2025-11-12T21:30:11.342-0800] {processor.py:208} INFO - Processing /Users/dipinjassal/ml/tmdb_data_warehouse/venv/lib/python3.12/site-packages/airflow/example_dags/example_branch_day_of_week_operator.py took 0.088 seconds
[2025-11-12T21:38:06.696-0800] {processor.py:186} INFO - Started process (PID=2170) to work on /Users/dipinjassal/ml/tmdb_data_warehouse/venv/lib/python3.12/site-packages/airflow/example_dags/example_branch_day_of_week_operator.py
[2025-11-12T21:38:06.696-0800] {processor.py:914} INFO - Processing file /Users/dipinjassal/ml/tmdb_data_warehouse/venv/lib/python3.12/site-packages/airflow/example_dags/example_branch_day_of_week_operator.py for tasks to queue
[2025-11-12T21:38:06.697-0800] {logging_mixin.py:190} INFO - [2025-11-12T21:38:06.697-0800] {dagbag.py:588} INFO - Filling up the DagBag from /Users/dipinjassal/ml/tmdb_data_warehouse/venv/lib/python3.12/site-packages/airflow/example_dags/example_branch_day_of_week_operator.py
[2025-11-12T21:38:06.700-0800] {processor.py:925} INFO - DAG(s) 'example_weekday_branch_operator' retrieved from /Users/dipinjassal/ml/tmdb_data_warehouse/venv/lib/python3.12/site-packages/airflow/example_dags/example_branch_day_of_week_operator.py
[2025-11-12T21:38:06.725-0800] {logging_mixin.py:190} INFO - [2025-11-12T21:38:06.724-0800] {dag.py:3239} INFO - Sync 1 DAGs
[2025-11-12T21:38:06.729-0800] {logging_mixin.py:190} INFO - [2025-11-12T21:38:06.729-0800] {dag.py:4180} INFO - Setting next_dagrun for example_weekday_branch_operator to 2025-11-12 00:00:00+00:00, run_after=2025-11-13 00:00:00+00:00
[2025-11-12T21:38:06.734-0800] {processor.py:208} INFO - Processing /Users/dipinjassal/ml/tmdb_data_warehouse/venv/lib/python3.12/site-packages/airflow/example_dags/example_branch_day_of_week_operator.py took 0.039 seconds
[2025-11-12T21:51:09.790-0800] {processor.py:186} INFO - Started process (PID=2443) to work on /Users/dipinjassal/ml/tmdb_data_warehouse/venv/lib/python3.12/site-packages/airflow/example_dags/example_branch_day_of_week_operator.py
[2025-11-12T21:51:09.790-0800] {processor.py:914} INFO - Processing file /Users/dipinjassal/ml/tmdb_data_warehouse/venv/lib/python3.12/site-packages/airflow/example_dags/example_branch_day_of_week_operator.py for tasks to queue
[2025-11-12T21:51:09.791-0800] {logging_mixin.py:190} INFO - [2025-11-12T21:51:09.791-0800] {dagbag.py:588} INFO - Filling up the DagBag from /Users/dipinjassal/ml/tmdb_data_warehouse/venv/lib/python3.12/site-packages/airflow/example_dags/example_branch_day_of_week_operator.py
[2025-11-12T21:51:09.793-0800] {processor.py:925} INFO - DAG(s) 'example_weekday_branch_operator' retrieved from /Users/dipinjassal/ml/tmdb_data_warehouse/venv/lib/python3.12/site-packages/airflow/example_dags/example_branch_day_of_week_operator.py
[2025-11-12T21:51:09.820-0800] {logging_mixin.py:190} INFO - [2025-11-12T21:51:09.819-0800] {dag.py:3239} INFO - Sync 1 DAGs
[2025-11-12T21:51:09.824-0800] {logging_mixin.py:190} INFO - [2025-11-12T21:51:09.824-0800] {dag.py:4180} INFO - Setting next_dagrun for example_weekday_branch_operator to 2025-11-12 00:00:00+00:00, run_after=2025-11-13 00:00:00+00:00
[2025-11-12T21:51:09.830-0800] {processor.py:208} INFO - Processing /Users/dipinjassal/ml/tmdb_data_warehouse/venv/lib/python3.12/site-packages/airflow/example_dags/example_branch_day_of_week_operator.py took 0.041 seconds
