[2025-11-12T21:29:52.831-0800] {processor.py:186} INFO - Started process (PID=1837) to work on /Users/dipinjassal/ml/tmdb_data_warehouse/venv/lib/python3.12/site-packages/airflow/example_dags/example_dynamic_task_mapping_with_no_taskflow_operators.py
[2025-11-12T21:29:52.832-0800] {processor.py:914} INFO - Processing file /Users/dipinjassal/ml/tmdb_data_warehouse/venv/lib/python3.12/site-packages/airflow/example_dags/example_dynamic_task_mapping_with_no_taskflow_operators.py for tasks to queue
[2025-11-12T21:29:52.832-0800] {logging_mixin.py:190} INFO - [2025-11-12T21:29:52.832-0800] {dagbag.py:588} INFO - Filling up the DagBag from /Users/dipinjassal/ml/tmdb_data_warehouse/venv/lib/python3.12/site-packages/airflow/example_dags/example_dynamic_task_mapping_with_no_taskflow_operators.py
[2025-11-12T21:29:52.834-0800] {processor.py:925} INFO - DAG(s) 'example_dynamic_task_mapping_with_no_taskflow_operators' retrieved from /Users/dipinjassal/ml/tmdb_data_warehouse/venv/lib/python3.12/site-packages/airflow/example_dags/example_dynamic_task_mapping_with_no_taskflow_operators.py
[2025-11-12T21:29:52.898-0800] {logging_mixin.py:190} INFO - [2025-11-12T21:29:52.898-0800] {override.py:1900} INFO - Created Permission View: can delete on DAG:example_dynamic_task_mapping_with_no_taskflow_operators
[2025-11-12T21:29:52.900-0800] {logging_mixin.py:190} INFO - [2025-11-12T21:29:52.900-0800] {override.py:1900} INFO - Created Permission View: can read on DAG:example_dynamic_task_mapping_with_no_taskflow_operators
[2025-11-12T21:29:52.902-0800] {logging_mixin.py:190} INFO - [2025-11-12T21:29:52.902-0800] {override.py:1900} INFO - Created Permission View: can edit on DAG:example_dynamic_task_mapping_with_no_taskflow_operators
[2025-11-12T21:29:52.903-0800] {logging_mixin.py:190} INFO - [2025-11-12T21:29:52.903-0800] {override.py:1900} INFO - Created Permission View: can create on DAG Run:example_dynamic_task_mapping_with_no_taskflow_operators
[2025-11-12T21:29:52.904-0800] {logging_mixin.py:190} INFO - [2025-11-12T21:29:52.904-0800] {override.py:1900} INFO - Created Permission View: menu access on DAG Run:example_dynamic_task_mapping_with_no_taskflow_operators
[2025-11-12T21:29:52.905-0800] {logging_mixin.py:190} INFO - [2025-11-12T21:29:52.905-0800] {override.py:1900} INFO - Created Permission View: can delete on DAG Run:example_dynamic_task_mapping_with_no_taskflow_operators
[2025-11-12T21:29:52.906-0800] {logging_mixin.py:190} INFO - [2025-11-12T21:29:52.906-0800] {override.py:1900} INFO - Created Permission View: can read on DAG Run:example_dynamic_task_mapping_with_no_taskflow_operators
[2025-11-12T21:29:52.907-0800] {logging_mixin.py:190} INFO - [2025-11-12T21:29:52.907-0800] {dag.py:3239} INFO - Sync 1 DAGs
[2025-11-12T21:29:52.910-0800] {logging_mixin.py:190} INFO - [2025-11-12T21:29:52.910-0800] {dag.py:3262} INFO - Creating ORM DAG for example_dynamic_task_mapping_with_no_taskflow_operators
[2025-11-12T21:29:52.910-0800] {logging_mixin.py:190} INFO - [2025-11-12T21:29:52.910-0800] {dag.py:4180} INFO - Setting next_dagrun for example_dynamic_task_mapping_with_no_taskflow_operators to None, run_after=None
[2025-11-12T21:29:52.913-0800] {processor.py:208} INFO - Processing /Users/dipinjassal/ml/tmdb_data_warehouse/venv/lib/python3.12/site-packages/airflow/example_dags/example_dynamic_task_mapping_with_no_taskflow_operators.py took 0.083 seconds
[2025-11-12T21:34:55.631-0800] {processor.py:186} INFO - Started process (PID=2065) to work on /Users/dipinjassal/ml/tmdb_data_warehouse/venv/lib/python3.12/site-packages/airflow/example_dags/example_dynamic_task_mapping_with_no_taskflow_operators.py
[2025-11-12T21:34:55.631-0800] {processor.py:914} INFO - Processing file /Users/dipinjassal/ml/tmdb_data_warehouse/venv/lib/python3.12/site-packages/airflow/example_dags/example_dynamic_task_mapping_with_no_taskflow_operators.py for tasks to queue
[2025-11-12T21:34:55.631-0800] {logging_mixin.py:190} INFO - [2025-11-12T21:34:55.631-0800] {dagbag.py:588} INFO - Filling up the DagBag from /Users/dipinjassal/ml/tmdb_data_warehouse/venv/lib/python3.12/site-packages/airflow/example_dags/example_dynamic_task_mapping_with_no_taskflow_operators.py
[2025-11-12T21:34:55.633-0800] {processor.py:925} INFO - DAG(s) 'example_dynamic_task_mapping_with_no_taskflow_operators' retrieved from /Users/dipinjassal/ml/tmdb_data_warehouse/venv/lib/python3.12/site-packages/airflow/example_dags/example_dynamic_task_mapping_with_no_taskflow_operators.py
[2025-11-12T21:34:55.659-0800] {logging_mixin.py:190} INFO - [2025-11-12T21:34:55.658-0800] {dag.py:3239} INFO - Sync 1 DAGs
[2025-11-12T21:34:55.661-0800] {logging_mixin.py:190} INFO - [2025-11-12T21:34:55.661-0800] {dag.py:4180} INFO - Setting next_dagrun for example_dynamic_task_mapping_with_no_taskflow_operators to None, run_after=None
[2025-11-12T21:34:55.666-0800] {processor.py:208} INFO - Processing /Users/dipinjassal/ml/tmdb_data_warehouse/venv/lib/python3.12/site-packages/airflow/example_dags/example_dynamic_task_mapping_with_no_taskflow_operators.py took 0.036 seconds
[2025-11-12T21:37:49.195-0800] {processor.py:186} INFO - Started process (PID=2154) to work on /Users/dipinjassal/ml/tmdb_data_warehouse/venv/lib/python3.12/site-packages/airflow/example_dags/example_dynamic_task_mapping_with_no_taskflow_operators.py
[2025-11-12T21:37:49.195-0800] {processor.py:914} INFO - Processing file /Users/dipinjassal/ml/tmdb_data_warehouse/venv/lib/python3.12/site-packages/airflow/example_dags/example_dynamic_task_mapping_with_no_taskflow_operators.py for tasks to queue
[2025-11-12T21:37:49.195-0800] {logging_mixin.py:190} INFO - [2025-11-12T21:37:49.195-0800] {dagbag.py:588} INFO - Filling up the DagBag from /Users/dipinjassal/ml/tmdb_data_warehouse/venv/lib/python3.12/site-packages/airflow/example_dags/example_dynamic_task_mapping_with_no_taskflow_operators.py
[2025-11-12T21:37:49.197-0800] {processor.py:925} INFO - DAG(s) 'example_dynamic_task_mapping_with_no_taskflow_operators' retrieved from /Users/dipinjassal/ml/tmdb_data_warehouse/venv/lib/python3.12/site-packages/airflow/example_dags/example_dynamic_task_mapping_with_no_taskflow_operators.py
[2025-11-12T21:37:49.222-0800] {logging_mixin.py:190} INFO - [2025-11-12T21:37:49.222-0800] {dag.py:3239} INFO - Sync 1 DAGs
[2025-11-12T21:37:49.225-0800] {logging_mixin.py:190} INFO - [2025-11-12T21:37:49.225-0800] {dag.py:4180} INFO - Setting next_dagrun for example_dynamic_task_mapping_with_no_taskflow_operators to None, run_after=None
[2025-11-12T21:37:49.229-0800] {processor.py:208} INFO - Processing /Users/dipinjassal/ml/tmdb_data_warehouse/venv/lib/python3.12/site-packages/airflow/example_dags/example_dynamic_task_mapping_with_no_taskflow_operators.py took 0.035 seconds
[2025-11-12T21:50:52.494-0800] {processor.py:186} INFO - Started process (PID=2431) to work on /Users/dipinjassal/ml/tmdb_data_warehouse/venv/lib/python3.12/site-packages/airflow/example_dags/example_dynamic_task_mapping_with_no_taskflow_operators.py
[2025-11-12T21:50:52.494-0800] {processor.py:914} INFO - Processing file /Users/dipinjassal/ml/tmdb_data_warehouse/venv/lib/python3.12/site-packages/airflow/example_dags/example_dynamic_task_mapping_with_no_taskflow_operators.py for tasks to queue
[2025-11-12T21:50:52.495-0800] {logging_mixin.py:190} INFO - [2025-11-12T21:50:52.494-0800] {dagbag.py:588} INFO - Filling up the DagBag from /Users/dipinjassal/ml/tmdb_data_warehouse/venv/lib/python3.12/site-packages/airflow/example_dags/example_dynamic_task_mapping_with_no_taskflow_operators.py
[2025-11-12T21:50:52.496-0800] {processor.py:925} INFO - DAG(s) 'example_dynamic_task_mapping_with_no_taskflow_operators' retrieved from /Users/dipinjassal/ml/tmdb_data_warehouse/venv/lib/python3.12/site-packages/airflow/example_dags/example_dynamic_task_mapping_with_no_taskflow_operators.py
[2025-11-12T21:50:52.521-0800] {logging_mixin.py:190} INFO - [2025-11-12T21:50:52.521-0800] {dag.py:3239} INFO - Sync 1 DAGs
[2025-11-12T21:50:52.524-0800] {logging_mixin.py:190} INFO - [2025-11-12T21:50:52.524-0800] {dag.py:4180} INFO - Setting next_dagrun for example_dynamic_task_mapping_with_no_taskflow_operators to None, run_after=None
[2025-11-12T21:50:52.528-0800] {processor.py:208} INFO - Processing /Users/dipinjassal/ml/tmdb_data_warehouse/venv/lib/python3.12/site-packages/airflow/example_dags/example_dynamic_task_mapping_with_no_taskflow_operators.py took 0.035 seconds
