[2025-11-12T21:29:45.345-0800] {processor.py:186} INFO - Started process (PID=1830) to work on /Users/dipinjassal/ml/tmdb_data_warehouse/venv/lib/python3.12/site-packages/airflow/example_dags/example_latest_only_with_trigger.py
[2025-11-12T21:29:45.345-0800] {processor.py:914} INFO - Processing file /Users/dipinjassal/ml/tmdb_data_warehouse/venv/lib/python3.12/site-packages/airflow/example_dags/example_latest_only_with_trigger.py for tasks to queue
[2025-11-12T21:29:45.345-0800] {logging_mixin.py:190} INFO - [2025-11-12T21:29:45.345-0800] {dagbag.py:588} INFO - Filling up the DagBag from /Users/dipinjassal/ml/tmdb_data_warehouse/venv/lib/python3.12/site-packages/airflow/example_dags/example_latest_only_with_trigger.py
[2025-11-12T21:29:45.347-0800] {processor.py:925} INFO - DAG(s) 'latest_only_with_trigger' retrieved from /Users/dipinjassal/ml/tmdb_data_warehouse/venv/lib/python3.12/site-packages/airflow/example_dags/example_latest_only_with_trigger.py
[2025-11-12T21:29:45.412-0800] {logging_mixin.py:190} INFO - [2025-11-12T21:29:45.412-0800] {override.py:1900} INFO - Created Permission View: can edit on DAG:latest_only_with_trigger
[2025-11-12T21:29:45.415-0800] {logging_mixin.py:190} INFO - [2025-11-12T21:29:45.414-0800] {override.py:1900} INFO - Created Permission View: can delete on DAG:latest_only_with_trigger
[2025-11-12T21:29:45.416-0800] {logging_mixin.py:190} INFO - [2025-11-12T21:29:45.416-0800] {override.py:1900} INFO - Created Permission View: can read on DAG:latest_only_with_trigger
[2025-11-12T21:29:45.418-0800] {logging_mixin.py:190} INFO - [2025-11-12T21:29:45.417-0800] {override.py:1900} INFO - Created Permission View: can delete on DAG Run:latest_only_with_trigger
[2025-11-12T21:29:45.419-0800] {logging_mixin.py:190} INFO - [2025-11-12T21:29:45.419-0800] {override.py:1900} INFO - Created Permission View: can read on DAG Run:latest_only_with_trigger
[2025-11-12T21:29:45.420-0800] {logging_mixin.py:190} INFO - [2025-11-12T21:29:45.420-0800] {override.py:1900} INFO - Created Permission View: menu access on DAG Run:latest_only_with_trigger
[2025-11-12T21:29:45.421-0800] {logging_mixin.py:190} INFO - [2025-11-12T21:29:45.421-0800] {override.py:1900} INFO - Created Permission View: can create on DAG Run:latest_only_with_trigger
[2025-11-12T21:29:45.421-0800] {logging_mixin.py:190} INFO - [2025-11-12T21:29:45.421-0800] {dag.py:3239} INFO - Sync 1 DAGs
[2025-11-12T21:29:45.424-0800] {logging_mixin.py:190} INFO - [2025-11-12T21:29:45.424-0800] {dag.py:3262} INFO - Creating ORM DAG for latest_only_with_trigger
[2025-11-12T21:29:45.426-0800] {logging_mixin.py:190} INFO - [2025-11-12T21:29:45.426-0800] {dag.py:4180} INFO - Setting next_dagrun for latest_only_with_trigger to 2025-11-13 00:00:00+00:00, run_after=2025-11-13 04:00:00+00:00
[2025-11-12T21:29:45.430-0800] {processor.py:208} INFO - Processing /Users/dipinjassal/ml/tmdb_data_warehouse/venv/lib/python3.12/site-packages/airflow/example_dags/example_latest_only_with_trigger.py took 0.086 seconds
[2025-11-12T21:31:11.248-0800] {processor.py:186} INFO - Started process (PID=1906) to work on /Users/dipinjassal/ml/tmdb_data_warehouse/venv/lib/python3.12/site-packages/airflow/example_dags/example_latest_only_with_trigger.py
[2025-11-12T21:31:11.249-0800] {processor.py:914} INFO - Processing file /Users/dipinjassal/ml/tmdb_data_warehouse/venv/lib/python3.12/site-packages/airflow/example_dags/example_latest_only_with_trigger.py for tasks to queue
[2025-11-12T21:31:11.249-0800] {logging_mixin.py:190} INFO - [2025-11-12T21:31:11.249-0800] {dagbag.py:588} INFO - Filling up the DagBag from /Users/dipinjassal/ml/tmdb_data_warehouse/venv/lib/python3.12/site-packages/airflow/example_dags/example_latest_only_with_trigger.py
[2025-11-12T21:31:11.251-0800] {processor.py:925} INFO - DAG(s) 'latest_only_with_trigger' retrieved from /Users/dipinjassal/ml/tmdb_data_warehouse/venv/lib/python3.12/site-packages/airflow/example_dags/example_latest_only_with_trigger.py
[2025-11-12T21:31:11.278-0800] {logging_mixin.py:190} INFO - [2025-11-12T21:31:11.278-0800] {dag.py:3239} INFO - Sync 1 DAGs
[2025-11-12T21:31:11.284-0800] {logging_mixin.py:190} INFO - [2025-11-12T21:31:11.284-0800] {dag.py:4180} INFO - Setting next_dagrun for latest_only_with_trigger to 2025-11-13 00:00:00+00:00, run_after=2025-11-13 04:00:00+00:00
[2025-11-12T21:31:11.290-0800] {processor.py:208} INFO - Processing /Users/dipinjassal/ml/tmdb_data_warehouse/venv/lib/python3.12/site-packages/airflow/example_dags/example_latest_only_with_trigger.py took 0.043 seconds
[2025-11-12T21:34:46.354-0800] {processor.py:186} INFO - Started process (PID=2056) to work on /Users/dipinjassal/ml/tmdb_data_warehouse/venv/lib/python3.12/site-packages/airflow/example_dags/example_latest_only_with_trigger.py
[2025-11-12T21:34:46.354-0800] {processor.py:914} INFO - Processing file /Users/dipinjassal/ml/tmdb_data_warehouse/venv/lib/python3.12/site-packages/airflow/example_dags/example_latest_only_with_trigger.py for tasks to queue
[2025-11-12T21:34:46.354-0800] {logging_mixin.py:190} INFO - [2025-11-12T21:34:46.354-0800] {dagbag.py:588} INFO - Filling up the DagBag from /Users/dipinjassal/ml/tmdb_data_warehouse/venv/lib/python3.12/site-packages/airflow/example_dags/example_latest_only_with_trigger.py
[2025-11-12T21:34:46.356-0800] {processor.py:925} INFO - DAG(s) 'latest_only_with_trigger' retrieved from /Users/dipinjassal/ml/tmdb_data_warehouse/venv/lib/python3.12/site-packages/airflow/example_dags/example_latest_only_with_trigger.py
[2025-11-12T21:34:46.381-0800] {logging_mixin.py:190} INFO - [2025-11-12T21:34:46.381-0800] {dag.py:3239} INFO - Sync 1 DAGs
[2025-11-12T21:34:46.385-0800] {logging_mixin.py:190} INFO - [2025-11-12T21:34:46.385-0800] {dag.py:4180} INFO - Setting next_dagrun for latest_only_with_trigger to 2025-11-13 00:00:00+00:00, run_after=2025-11-13 04:00:00+00:00
[2025-11-12T21:34:46.390-0800] {processor.py:208} INFO - Processing /Users/dipinjassal/ml/tmdb_data_warehouse/venv/lib/python3.12/site-packages/airflow/example_dags/example_latest_only_with_trigger.py took 0.037 seconds
[2025-11-12T21:37:42.345-0800] {processor.py:186} INFO - Started process (PID=2148) to work on /Users/dipinjassal/ml/tmdb_data_warehouse/venv/lib/python3.12/site-packages/airflow/example_dags/example_latest_only_with_trigger.py
[2025-11-12T21:37:42.345-0800] {processor.py:914} INFO - Processing file /Users/dipinjassal/ml/tmdb_data_warehouse/venv/lib/python3.12/site-packages/airflow/example_dags/example_latest_only_with_trigger.py for tasks to queue
[2025-11-12T21:37:42.345-0800] {logging_mixin.py:190} INFO - [2025-11-12T21:37:42.345-0800] {dagbag.py:588} INFO - Filling up the DagBag from /Users/dipinjassal/ml/tmdb_data_warehouse/venv/lib/python3.12/site-packages/airflow/example_dags/example_latest_only_with_trigger.py
[2025-11-12T21:37:42.347-0800] {processor.py:925} INFO - DAG(s) 'latest_only_with_trigger' retrieved from /Users/dipinjassal/ml/tmdb_data_warehouse/venv/lib/python3.12/site-packages/airflow/example_dags/example_latest_only_with_trigger.py
[2025-11-12T21:37:42.372-0800] {logging_mixin.py:190} INFO - [2025-11-12T21:37:42.372-0800] {dag.py:3239} INFO - Sync 1 DAGs
[2025-11-12T21:37:42.377-0800] {logging_mixin.py:190} INFO - [2025-11-12T21:37:42.377-0800] {dag.py:4180} INFO - Setting next_dagrun for latest_only_with_trigger to 2025-11-13 00:00:00+00:00, run_after=2025-11-13 04:00:00+00:00
[2025-11-12T21:37:42.382-0800] {processor.py:208} INFO - Processing /Users/dipinjassal/ml/tmdb_data_warehouse/venv/lib/python3.12/site-packages/airflow/example_dags/example_latest_only_with_trigger.py took 0.038 seconds
[2025-11-12T21:50:45.108-0800] {processor.py:186} INFO - Started process (PID=2426) to work on /Users/dipinjassal/ml/tmdb_data_warehouse/venv/lib/python3.12/site-packages/airflow/example_dags/example_latest_only_with_trigger.py
[2025-11-12T21:50:45.108-0800] {processor.py:914} INFO - Processing file /Users/dipinjassal/ml/tmdb_data_warehouse/venv/lib/python3.12/site-packages/airflow/example_dags/example_latest_only_with_trigger.py for tasks to queue
[2025-11-12T21:50:45.108-0800] {logging_mixin.py:190} INFO - [2025-11-12T21:50:45.108-0800] {dagbag.py:588} INFO - Filling up the DagBag from /Users/dipinjassal/ml/tmdb_data_warehouse/venv/lib/python3.12/site-packages/airflow/example_dags/example_latest_only_with_trigger.py
[2025-11-12T21:50:45.110-0800] {processor.py:925} INFO - DAG(s) 'latest_only_with_trigger' retrieved from /Users/dipinjassal/ml/tmdb_data_warehouse/venv/lib/python3.12/site-packages/airflow/example_dags/example_latest_only_with_trigger.py
[2025-11-12T21:50:45.135-0800] {logging_mixin.py:190} INFO - [2025-11-12T21:50:45.135-0800] {dag.py:3239} INFO - Sync 1 DAGs
[2025-11-12T21:50:45.139-0800] {logging_mixin.py:190} INFO - [2025-11-12T21:50:45.139-0800] {dag.py:4180} INFO - Setting next_dagrun for latest_only_with_trigger to 2025-11-13 00:00:00+00:00, run_after=2025-11-13 04:00:00+00:00
[2025-11-12T21:50:45.146-0800] {processor.py:208} INFO - Processing /Users/dipinjassal/ml/tmdb_data_warehouse/venv/lib/python3.12/site-packages/airflow/example_dags/example_latest_only_with_trigger.py took 0.039 seconds
