[2025-11-12T21:29:36.848-0800] {processor.py:186} INFO - Started process (PID=1824) to work on /Users/dipinjassal/ml/tmdb_data_warehouse/venv/lib/python3.12/site-packages/airflow/example_dags/example_params_ui_tutorial.py
[2025-11-12T21:29:36.848-0800] {processor.py:914} INFO - Processing file /Users/dipinjassal/ml/tmdb_data_warehouse/venv/lib/python3.12/site-packages/airflow/example_dags/example_params_ui_tutorial.py for tasks to queue
[2025-11-12T21:29:36.848-0800] {logging_mixin.py:190} INFO - [2025-11-12T21:29:36.848-0800] {dagbag.py:588} INFO - Filling up the DagBag from /Users/dipinjassal/ml/tmdb_data_warehouse/venv/lib/python3.12/site-packages/airflow/example_dags/example_params_ui_tutorial.py
[2025-11-12T21:29:36.860-0800] {processor.py:925} INFO - DAG(s) 'example_params_ui_tutorial' retrieved from /Users/dipinjassal/ml/tmdb_data_warehouse/venv/lib/python3.12/site-packages/airflow/example_dags/example_params_ui_tutorial.py
[2025-11-12T21:29:36.930-0800] {logging_mixin.py:190} INFO - [2025-11-12T21:29:36.930-0800] {override.py:1900} INFO - Created Permission View: can read on DAG:example_params_ui_tutorial
[2025-11-12T21:29:36.932-0800] {logging_mixin.py:190} INFO - [2025-11-12T21:29:36.932-0800] {override.py:1900} INFO - Created Permission View: can delete on DAG:example_params_ui_tutorial
[2025-11-12T21:29:36.933-0800] {logging_mixin.py:190} INFO - [2025-11-12T21:29:36.933-0800] {override.py:1900} INFO - Created Permission View: can edit on DAG:example_params_ui_tutorial
[2025-11-12T21:29:36.935-0800] {logging_mixin.py:190} INFO - [2025-11-12T21:29:36.935-0800] {override.py:1900} INFO - Created Permission View: can create on DAG Run:example_params_ui_tutorial
[2025-11-12T21:29:36.937-0800] {logging_mixin.py:190} INFO - [2025-11-12T21:29:36.937-0800] {override.py:1900} INFO - Created Permission View: can read on DAG Run:example_params_ui_tutorial
[2025-11-12T21:29:36.938-0800] {logging_mixin.py:190} INFO - [2025-11-12T21:29:36.938-0800] {override.py:1900} INFO - Created Permission View: menu access on DAG Run:example_params_ui_tutorial
[2025-11-12T21:29:36.939-0800] {logging_mixin.py:190} INFO - [2025-11-12T21:29:36.939-0800] {override.py:1900} INFO - Created Permission View: can delete on DAG Run:example_params_ui_tutorial
[2025-11-12T21:29:36.939-0800] {logging_mixin.py:190} INFO - [2025-11-12T21:29:36.939-0800] {dag.py:3239} INFO - Sync 1 DAGs
[2025-11-12T21:29:36.942-0800] {logging_mixin.py:190} INFO - [2025-11-12T21:29:36.942-0800] {dag.py:3262} INFO - Creating ORM DAG for example_params_ui_tutorial
[2025-11-12T21:29:36.942-0800] {logging_mixin.py:190} INFO - [2025-11-12T21:29:36.942-0800] {dag.py:4180} INFO - Setting next_dagrun for example_params_ui_tutorial to None, run_after=None
[2025-11-12T21:29:36.946-0800] {processor.py:208} INFO - Processing /Users/dipinjassal/ml/tmdb_data_warehouse/venv/lib/python3.12/site-packages/airflow/example_dags/example_params_ui_tutorial.py took 0.099 seconds
[2025-11-12T21:31:04.625-0800] {processor.py:186} INFO - Started process (PID=1900) to work on /Users/dipinjassal/ml/tmdb_data_warehouse/venv/lib/python3.12/site-packages/airflow/example_dags/example_params_ui_tutorial.py
[2025-11-12T21:31:04.626-0800] {processor.py:914} INFO - Processing file /Users/dipinjassal/ml/tmdb_data_warehouse/venv/lib/python3.12/site-packages/airflow/example_dags/example_params_ui_tutorial.py for tasks to queue
[2025-11-12T21:31:04.626-0800] {logging_mixin.py:190} INFO - [2025-11-12T21:31:04.626-0800] {dagbag.py:588} INFO - Filling up the DagBag from /Users/dipinjassal/ml/tmdb_data_warehouse/venv/lib/python3.12/site-packages/airflow/example_dags/example_params_ui_tutorial.py
[2025-11-12T21:31:04.638-0800] {processor.py:925} INFO - DAG(s) 'example_params_ui_tutorial' retrieved from /Users/dipinjassal/ml/tmdb_data_warehouse/venv/lib/python3.12/site-packages/airflow/example_dags/example_params_ui_tutorial.py
[2025-11-12T21:31:04.669-0800] {logging_mixin.py:190} INFO - [2025-11-12T21:31:04.669-0800] {dag.py:3239} INFO - Sync 1 DAGs
[2025-11-12T21:31:04.690-0800] {logging_mixin.py:190} INFO - [2025-11-12T21:31:04.689-0800] {dag.py:4180} INFO - Setting next_dagrun for example_params_ui_tutorial to None, run_after=None
[2025-11-12T21:31:04.695-0800] {processor.py:208} INFO - Processing /Users/dipinjassal/ml/tmdb_data_warehouse/venv/lib/python3.12/site-packages/airflow/example_dags/example_params_ui_tutorial.py took 0.070 seconds
[2025-11-12T21:34:38.412-0800] {processor.py:186} INFO - Started process (PID=2049) to work on /Users/dipinjassal/ml/tmdb_data_warehouse/venv/lib/python3.12/site-packages/airflow/example_dags/example_params_ui_tutorial.py
[2025-11-12T21:34:38.413-0800] {processor.py:914} INFO - Processing file /Users/dipinjassal/ml/tmdb_data_warehouse/venv/lib/python3.12/site-packages/airflow/example_dags/example_params_ui_tutorial.py for tasks to queue
[2025-11-12T21:34:38.413-0800] {logging_mixin.py:190} INFO - [2025-11-12T21:34:38.413-0800] {dagbag.py:588} INFO - Filling up the DagBag from /Users/dipinjassal/ml/tmdb_data_warehouse/venv/lib/python3.12/site-packages/airflow/example_dags/example_params_ui_tutorial.py
[2025-11-12T21:34:38.424-0800] {processor.py:925} INFO - DAG(s) 'example_params_ui_tutorial' retrieved from /Users/dipinjassal/ml/tmdb_data_warehouse/venv/lib/python3.12/site-packages/airflow/example_dags/example_params_ui_tutorial.py
[2025-11-12T21:34:38.454-0800] {logging_mixin.py:190} INFO - [2025-11-12T21:34:38.454-0800] {dag.py:3239} INFO - Sync 1 DAGs
[2025-11-12T21:34:38.475-0800] {logging_mixin.py:190} INFO - [2025-11-12T21:34:38.475-0800] {dag.py:4180} INFO - Setting next_dagrun for example_params_ui_tutorial to None, run_after=None
[2025-11-12T21:34:38.480-0800] {processor.py:208} INFO - Processing /Users/dipinjassal/ml/tmdb_data_warehouse/venv/lib/python3.12/site-packages/airflow/example_dags/example_params_ui_tutorial.py took 0.068 seconds
[2025-11-12T21:37:35.116-0800] {processor.py:186} INFO - Started process (PID=2140) to work on /Users/dipinjassal/ml/tmdb_data_warehouse/venv/lib/python3.12/site-packages/airflow/example_dags/example_params_ui_tutorial.py
[2025-11-12T21:37:35.117-0800] {processor.py:914} INFO - Processing file /Users/dipinjassal/ml/tmdb_data_warehouse/venv/lib/python3.12/site-packages/airflow/example_dags/example_params_ui_tutorial.py for tasks to queue
[2025-11-12T21:37:35.117-0800] {logging_mixin.py:190} INFO - [2025-11-12T21:37:35.117-0800] {dagbag.py:588} INFO - Filling up the DagBag from /Users/dipinjassal/ml/tmdb_data_warehouse/venv/lib/python3.12/site-packages/airflow/example_dags/example_params_ui_tutorial.py
[2025-11-12T21:37:35.130-0800] {processor.py:925} INFO - DAG(s) 'example_params_ui_tutorial' retrieved from /Users/dipinjassal/ml/tmdb_data_warehouse/venv/lib/python3.12/site-packages/airflow/example_dags/example_params_ui_tutorial.py
[2025-11-12T21:37:35.164-0800] {logging_mixin.py:190} INFO - [2025-11-12T21:37:35.164-0800] {dag.py:3239} INFO - Sync 1 DAGs
[2025-11-12T21:37:35.188-0800] {logging_mixin.py:190} INFO - [2025-11-12T21:37:35.188-0800] {dag.py:4180} INFO - Setting next_dagrun for example_params_ui_tutorial to None, run_after=None
[2025-11-12T21:37:35.193-0800] {processor.py:208} INFO - Processing /Users/dipinjassal/ml/tmdb_data_warehouse/venv/lib/python3.12/site-packages/airflow/example_dags/example_params_ui_tutorial.py took 0.078 seconds
[2025-11-12T21:50:36.817-0800] {processor.py:186} INFO - Started process (PID=2417) to work on /Users/dipinjassal/ml/tmdb_data_warehouse/venv/lib/python3.12/site-packages/airflow/example_dags/example_params_ui_tutorial.py
[2025-11-12T21:50:36.818-0800] {processor.py:914} INFO - Processing file /Users/dipinjassal/ml/tmdb_data_warehouse/venv/lib/python3.12/site-packages/airflow/example_dags/example_params_ui_tutorial.py for tasks to queue
[2025-11-12T21:50:36.818-0800] {logging_mixin.py:190} INFO - [2025-11-12T21:50:36.818-0800] {dagbag.py:588} INFO - Filling up the DagBag from /Users/dipinjassal/ml/tmdb_data_warehouse/venv/lib/python3.12/site-packages/airflow/example_dags/example_params_ui_tutorial.py
[2025-11-12T21:50:36.830-0800] {processor.py:925} INFO - DAG(s) 'example_params_ui_tutorial' retrieved from /Users/dipinjassal/ml/tmdb_data_warehouse/venv/lib/python3.12/site-packages/airflow/example_dags/example_params_ui_tutorial.py
[2025-11-12T21:50:36.863-0800] {logging_mixin.py:190} INFO - [2025-11-12T21:50:36.863-0800] {dag.py:3239} INFO - Sync 1 DAGs
[2025-11-12T21:50:36.886-0800] {logging_mixin.py:190} INFO - [2025-11-12T21:50:36.886-0800] {dag.py:4180} INFO - Setting next_dagrun for example_params_ui_tutorial to None, run_after=None
[2025-11-12T21:50:36.892-0800] {processor.py:208} INFO - Processing /Users/dipinjassal/ml/tmdb_data_warehouse/venv/lib/python3.12/site-packages/airflow/example_dags/example_params_ui_tutorial.py took 0.075 seconds
