[2025-11-12T21:30:12.933-0800] {processor.py:186} INFO - Started process (PID=1860) to work on /Users/dipinjassal/ml/tmdb_data_warehouse/venv/lib/python3.12/site-packages/airflow/example_dags/example_branch_datetime_operator.py
[2025-11-12T21:30:12.933-0800] {processor.py:914} INFO - Processing file /Users/dipinjassal/ml/tmdb_data_warehouse/venv/lib/python3.12/site-packages/airflow/example_dags/example_branch_datetime_operator.py for tasks to queue
[2025-11-12T21:30:12.934-0800] {logging_mixin.py:190} INFO - [2025-11-12T21:30:12.934-0800] {dagbag.py:588} INFO - Filling up the DagBag from /Users/dipinjassal/ml/tmdb_data_warehouse/venv/lib/python3.12/site-packages/airflow/example_dags/example_branch_datetime_operator.py
[2025-11-12T21:30:12.937-0800] {processor.py:925} INFO - DAG(s) 'example_branch_datetime_operator', 'example_branch_datetime_operator_2', 'example_branch_datetime_operator_3' retrieved from /Users/dipinjassal/ml/tmdb_data_warehouse/venv/lib/python3.12/site-packages/airflow/example_dags/example_branch_datetime_operator.py
[2025-11-12T21:30:13.003-0800] {logging_mixin.py:190} INFO - [2025-11-12T21:30:13.003-0800] {override.py:1900} INFO - Created Permission View: can delete on DAG:example_branch_datetime_operator
[2025-11-12T21:30:13.005-0800] {logging_mixin.py:190} INFO - [2025-11-12T21:30:13.005-0800] {override.py:1900} INFO - Created Permission View: can edit on DAG:example_branch_datetime_operator
[2025-11-12T21:30:13.006-0800] {logging_mixin.py:190} INFO - [2025-11-12T21:30:13.006-0800] {override.py:1900} INFO - Created Permission View: can read on DAG:example_branch_datetime_operator
[2025-11-12T21:30:13.008-0800] {logging_mixin.py:190} INFO - [2025-11-12T21:30:13.008-0800] {override.py:1900} INFO - Created Permission View: can delete on DAG Run:example_branch_datetime_operator
[2025-11-12T21:30:13.009-0800] {logging_mixin.py:190} INFO - [2025-11-12T21:30:13.009-0800] {override.py:1900} INFO - Created Permission View: menu access on DAG Run:example_branch_datetime_operator
[2025-11-12T21:30:13.010-0800] {logging_mixin.py:190} INFO - [2025-11-12T21:30:13.010-0800] {override.py:1900} INFO - Created Permission View: can create on DAG Run:example_branch_datetime_operator
[2025-11-12T21:30:13.011-0800] {logging_mixin.py:190} INFO - [2025-11-12T21:30:13.011-0800] {override.py:1900} INFO - Created Permission View: can read on DAG Run:example_branch_datetime_operator
[2025-11-12T21:30:13.014-0800] {logging_mixin.py:190} INFO - [2025-11-12T21:30:13.014-0800] {override.py:1900} INFO - Created Permission View: can delete on DAG:example_branch_datetime_operator_2
[2025-11-12T21:30:13.015-0800] {logging_mixin.py:190} INFO - [2025-11-12T21:30:13.015-0800] {override.py:1900} INFO - Created Permission View: can edit on DAG:example_branch_datetime_operator_2
[2025-11-12T21:30:13.017-0800] {logging_mixin.py:190} INFO - [2025-11-12T21:30:13.017-0800] {override.py:1900} INFO - Created Permission View: can read on DAG:example_branch_datetime_operator_2
[2025-11-12T21:30:13.018-0800] {logging_mixin.py:190} INFO - [2025-11-12T21:30:13.018-0800] {override.py:1900} INFO - Created Permission View: can delete on DAG Run:example_branch_datetime_operator_2
[2025-11-12T21:30:13.019-0800] {logging_mixin.py:190} INFO - [2025-11-12T21:30:13.019-0800] {override.py:1900} INFO - Created Permission View: menu access on DAG Run:example_branch_datetime_operator_2
[2025-11-12T21:30:13.020-0800] {logging_mixin.py:190} INFO - [2025-11-12T21:30:13.020-0800] {override.py:1900} INFO - Created Permission View: can create on DAG Run:example_branch_datetime_operator_2
[2025-11-12T21:30:13.021-0800] {logging_mixin.py:190} INFO - [2025-11-12T21:30:13.021-0800] {override.py:1900} INFO - Created Permission View: can read on DAG Run:example_branch_datetime_operator_2
[2025-11-12T21:30:13.024-0800] {logging_mixin.py:190} INFO - [2025-11-12T21:30:13.024-0800] {override.py:1900} INFO - Created Permission View: can delete on DAG:example_branch_datetime_operator_3
[2025-11-12T21:30:13.025-0800] {logging_mixin.py:190} INFO - [2025-11-12T21:30:13.025-0800] {override.py:1900} INFO - Created Permission View: can edit on DAG:example_branch_datetime_operator_3
[2025-11-12T21:30:13.026-0800] {logging_mixin.py:190} INFO - [2025-11-12T21:30:13.026-0800] {override.py:1900} INFO - Created Permission View: can read on DAG:example_branch_datetime_operator_3
[2025-11-12T21:30:13.028-0800] {logging_mixin.py:190} INFO - [2025-11-12T21:30:13.028-0800] {override.py:1900} INFO - Created Permission View: can delete on DAG Run:example_branch_datetime_operator_3
[2025-11-12T21:30:13.029-0800] {logging_mixin.py:190} INFO - [2025-11-12T21:30:13.029-0800] {override.py:1900} INFO - Created Permission View: menu access on DAG Run:example_branch_datetime_operator_3
[2025-11-12T21:30:13.030-0800] {logging_mixin.py:190} INFO - [2025-11-12T21:30:13.030-0800] {override.py:1900} INFO - Created Permission View: can create on DAG Run:example_branch_datetime_operator_3
[2025-11-12T21:30:13.031-0800] {logging_mixin.py:190} INFO - [2025-11-12T21:30:13.031-0800] {override.py:1900} INFO - Created Permission View: can read on DAG Run:example_branch_datetime_operator_3
[2025-11-12T21:30:13.031-0800] {logging_mixin.py:190} INFO - [2025-11-12T21:30:13.031-0800] {dag.py:3239} INFO - Sync 3 DAGs
[2025-11-12T21:30:13.034-0800] {logging_mixin.py:190} INFO - [2025-11-12T21:30:13.034-0800] {dag.py:3262} INFO - Creating ORM DAG for example_branch_datetime_operator_3
[2025-11-12T21:30:13.035-0800] {logging_mixin.py:190} INFO - [2025-11-12T21:30:13.035-0800] {dag.py:3262} INFO - Creating ORM DAG for example_branch_datetime_operator_2
[2025-11-12T21:30:13.035-0800] {logging_mixin.py:190} INFO - [2025-11-12T21:30:13.035-0800] {dag.py:3262} INFO - Creating ORM DAG for example_branch_datetime_operator
[2025-11-12T21:30:13.037-0800] {logging_mixin.py:190} INFO - [2025-11-12T21:30:13.037-0800] {dag.py:4180} INFO - Setting next_dagrun for example_branch_datetime_operator to 2025-11-12 00:00:00+00:00, run_after=2025-11-13 00:00:00+00:00
[2025-11-12T21:30:13.037-0800] {logging_mixin.py:190} INFO - [2025-11-12T21:30:13.037-0800] {dag.py:4180} INFO - Setting next_dagrun for example_branch_datetime_operator_2 to 2025-11-12 00:00:00+00:00, run_after=2025-11-13 00:00:00+00:00
[2025-11-12T21:30:13.038-0800] {logging_mixin.py:190} INFO - [2025-11-12T21:30:13.038-0800] {dag.py:4180} INFO - Setting next_dagrun for example_branch_datetime_operator_3 to 2025-11-12 00:00:00+00:00, run_after=2025-11-13 00:00:00+00:00
[2025-11-12T21:30:13.043-0800] {processor.py:208} INFO - Processing /Users/dipinjassal/ml/tmdb_data_warehouse/venv/lib/python3.12/site-packages/airflow/example_dags/example_branch_datetime_operator.py took 0.111 seconds
[2025-11-12T21:38:08.347-0800] {processor.py:186} INFO - Started process (PID=2171) to work on /Users/dipinjassal/ml/tmdb_data_warehouse/venv/lib/python3.12/site-packages/airflow/example_dags/example_branch_datetime_operator.py
[2025-11-12T21:38:08.347-0800] {processor.py:914} INFO - Processing file /Users/dipinjassal/ml/tmdb_data_warehouse/venv/lib/python3.12/site-packages/airflow/example_dags/example_branch_datetime_operator.py for tasks to queue
[2025-11-12T21:38:08.347-0800] {logging_mixin.py:190} INFO - [2025-11-12T21:38:08.347-0800] {dagbag.py:588} INFO - Filling up the DagBag from /Users/dipinjassal/ml/tmdb_data_warehouse/venv/lib/python3.12/site-packages/airflow/example_dags/example_branch_datetime_operator.py
[2025-11-12T21:38:08.350-0800] {processor.py:925} INFO - DAG(s) 'example_branch_datetime_operator_2', 'example_branch_datetime_operator_3', 'example_branch_datetime_operator' retrieved from /Users/dipinjassal/ml/tmdb_data_warehouse/venv/lib/python3.12/site-packages/airflow/example_dags/example_branch_datetime_operator.py
[2025-11-12T21:38:08.377-0800] {logging_mixin.py:190} INFO - [2025-11-12T21:38:08.377-0800] {dag.py:3239} INFO - Sync 3 DAGs
[2025-11-12T21:38:08.382-0800] {logging_mixin.py:190} INFO - [2025-11-12T21:38:08.382-0800] {dag.py:4180} INFO - Setting next_dagrun for example_branch_datetime_operator to 2025-11-12 00:00:00+00:00, run_after=2025-11-13 00:00:00+00:00
[2025-11-12T21:38:08.383-0800] {logging_mixin.py:190} INFO - [2025-11-12T21:38:08.383-0800] {dag.py:4180} INFO - Setting next_dagrun for example_branch_datetime_operator_2 to 2025-11-12 00:00:00+00:00, run_after=2025-11-13 00:00:00+00:00
[2025-11-12T21:38:08.383-0800] {logging_mixin.py:190} INFO - [2025-11-12T21:38:08.383-0800] {dag.py:4180} INFO - Setting next_dagrun for example_branch_datetime_operator_3 to 2025-11-12 00:00:00+00:00, run_after=2025-11-13 00:00:00+00:00
[2025-11-12T21:38:08.388-0800] {processor.py:208} INFO - Processing /Users/dipinjassal/ml/tmdb_data_warehouse/venv/lib/python3.12/site-packages/airflow/example_dags/example_branch_datetime_operator.py took 0.042 seconds
[2025-11-12T21:51:11.415-0800] {processor.py:186} INFO - Started process (PID=2445) to work on /Users/dipinjassal/ml/tmdb_data_warehouse/venv/lib/python3.12/site-packages/airflow/example_dags/example_branch_datetime_operator.py
[2025-11-12T21:51:11.415-0800] {processor.py:914} INFO - Processing file /Users/dipinjassal/ml/tmdb_data_warehouse/venv/lib/python3.12/site-packages/airflow/example_dags/example_branch_datetime_operator.py for tasks to queue
[2025-11-12T21:51:11.415-0800] {logging_mixin.py:190} INFO - [2025-11-12T21:51:11.415-0800] {dagbag.py:588} INFO - Filling up the DagBag from /Users/dipinjassal/ml/tmdb_data_warehouse/venv/lib/python3.12/site-packages/airflow/example_dags/example_branch_datetime_operator.py
[2025-11-12T21:51:11.419-0800] {processor.py:925} INFO - DAG(s) 'example_branch_datetime_operator_3', 'example_branch_datetime_operator_2', 'example_branch_datetime_operator' retrieved from /Users/dipinjassal/ml/tmdb_data_warehouse/venv/lib/python3.12/site-packages/airflow/example_dags/example_branch_datetime_operator.py
[2025-11-12T21:51:11.444-0800] {logging_mixin.py:190} INFO - [2025-11-12T21:51:11.444-0800] {dag.py:3239} INFO - Sync 3 DAGs
[2025-11-12T21:51:11.449-0800] {logging_mixin.py:190} INFO - [2025-11-12T21:51:11.449-0800] {dag.py:4180} INFO - Setting next_dagrun for example_branch_datetime_operator to 2025-11-12 00:00:00+00:00, run_after=2025-11-13 00:00:00+00:00
[2025-11-12T21:51:11.450-0800] {logging_mixin.py:190} INFO - [2025-11-12T21:51:11.450-0800] {dag.py:4180} INFO - Setting next_dagrun for example_branch_datetime_operator_2 to 2025-11-12 00:00:00+00:00, run_after=2025-11-13 00:00:00+00:00
[2025-11-12T21:51:11.451-0800] {logging_mixin.py:190} INFO - [2025-11-12T21:51:11.451-0800] {dag.py:4180} INFO - Setting next_dagrun for example_branch_datetime_operator_3 to 2025-11-12 00:00:00+00:00, run_after=2025-11-13 00:00:00+00:00
[2025-11-12T21:51:11.455-0800] {processor.py:208} INFO - Processing /Users/dipinjassal/ml/tmdb_data_warehouse/venv/lib/python3.12/site-packages/airflow/example_dags/example_branch_datetime_operator.py took 0.041 seconds
