[2025-11-12T21:29:00.824-0800] {processor.py:186} INFO - Started process (PID=1799) to work on /Users/dipinjassal/ml/tmdb_data_warehouse/venv/lib/python3.12/site-packages/airflow/example_dags/tutorial.py
[2025-11-12T21:29:00.825-0800] {processor.py:914} INFO - Processing file /Users/dipinjassal/ml/tmdb_data_warehouse/venv/lib/python3.12/site-packages/airflow/example_dags/tutorial.py for tasks to queue
[2025-11-12T21:29:00.825-0800] {logging_mixin.py:190} INFO - [2025-11-12T21:29:00.825-0800] {dagbag.py:588} INFO - Filling up the DagBag from /Users/dipinjassal/ml/tmdb_data_warehouse/venv/lib/python3.12/site-packages/airflow/example_dags/tutorial.py
[2025-11-12T21:29:00.827-0800] {processor.py:925} INFO - DAG(s) 'tutorial' retrieved from /Users/dipinjassal/ml/tmdb_data_warehouse/venv/lib/python3.12/site-packages/airflow/example_dags/tutorial.py
[2025-11-12T21:29:00.855-0800] {logging_mixin.py:190} INFO - [2025-11-12T21:29:00.855-0800] {dag.py:3239} INFO - Sync 1 DAGs
[2025-11-12T21:29:00.860-0800] {logging_mixin.py:190} INFO - [2025-11-12T21:29:00.860-0800] {dag.py:4180} INFO - Setting next_dagrun for tutorial to 2025-11-12 00:00:00+00:00, run_after=2025-11-13 00:00:00+00:00
[2025-11-12T21:29:00.866-0800] {processor.py:208} INFO - Processing /Users/dipinjassal/ml/tmdb_data_warehouse/venv/lib/python3.12/site-packages/airflow/example_dags/tutorial.py took 0.042 seconds
[2025-11-12T21:30:32.573-0800] {processor.py:186} INFO - Started process (PID=1873) to work on /Users/dipinjassal/ml/tmdb_data_warehouse/venv/lib/python3.12/site-packages/airflow/example_dags/tutorial.py
[2025-11-12T21:30:32.573-0800] {processor.py:914} INFO - Processing file /Users/dipinjassal/ml/tmdb_data_warehouse/venv/lib/python3.12/site-packages/airflow/example_dags/tutorial.py for tasks to queue
[2025-11-12T21:30:32.574-0800] {logging_mixin.py:190} INFO - [2025-11-12T21:30:32.574-0800] {dagbag.py:588} INFO - Filling up the DagBag from /Users/dipinjassal/ml/tmdb_data_warehouse/venv/lib/python3.12/site-packages/airflow/example_dags/tutorial.py
[2025-11-12T21:30:32.576-0800] {processor.py:925} INFO - DAG(s) 'tutorial' retrieved from /Users/dipinjassal/ml/tmdb_data_warehouse/venv/lib/python3.12/site-packages/airflow/example_dags/tutorial.py
[2025-11-12T21:30:32.601-0800] {logging_mixin.py:190} INFO - [2025-11-12T21:30:32.600-0800] {dag.py:3239} INFO - Sync 1 DAGs
[2025-11-12T21:30:32.605-0800] {logging_mixin.py:190} INFO - [2025-11-12T21:30:32.605-0800] {dag.py:4180} INFO - Setting next_dagrun for tutorial to 2025-11-12 00:00:00+00:00, run_after=2025-11-13 00:00:00+00:00
[2025-11-12T21:30:32.610-0800] {processor.py:208} INFO - Processing /Users/dipinjassal/ml/tmdb_data_warehouse/venv/lib/python3.12/site-packages/airflow/example_dags/tutorial.py took 0.038 seconds
[2025-11-12T21:31:31.016-0800] {processor.py:186} INFO - Started process (PID=1924) to work on /Users/dipinjassal/ml/tmdb_data_warehouse/venv/lib/python3.12/site-packages/airflow/example_dags/tutorial.py
[2025-11-12T21:31:31.016-0800] {processor.py:914} INFO - Processing file /Users/dipinjassal/ml/tmdb_data_warehouse/venv/lib/python3.12/site-packages/airflow/example_dags/tutorial.py for tasks to queue
[2025-11-12T21:31:31.016-0800] {logging_mixin.py:190} INFO - [2025-11-12T21:31:31.016-0800] {dagbag.py:588} INFO - Filling up the DagBag from /Users/dipinjassal/ml/tmdb_data_warehouse/venv/lib/python3.12/site-packages/airflow/example_dags/tutorial.py
[2025-11-12T21:31:31.019-0800] {processor.py:925} INFO - DAG(s) 'tutorial' retrieved from /Users/dipinjassal/ml/tmdb_data_warehouse/venv/lib/python3.12/site-packages/airflow/example_dags/tutorial.py
[2025-11-12T21:31:31.044-0800] {logging_mixin.py:190} INFO - [2025-11-12T21:31:31.044-0800] {dag.py:3239} INFO - Sync 1 DAGs
[2025-11-12T21:31:31.048-0800] {logging_mixin.py:190} INFO - [2025-11-12T21:31:31.048-0800] {dag.py:4180} INFO - Setting next_dagrun for tutorial to 2025-11-12 00:00:00+00:00, run_after=2025-11-13 00:00:00+00:00
[2025-11-12T21:31:31.053-0800] {processor.py:208} INFO - Processing /Users/dipinjassal/ml/tmdb_data_warehouse/venv/lib/python3.12/site-packages/airflow/example_dags/tutorial.py took 0.038 seconds
[2025-11-12T21:34:07.419-0800] {processor.py:186} INFO - Started process (PID=2027) to work on /Users/dipinjassal/ml/tmdb_data_warehouse/venv/lib/python3.12/site-packages/airflow/example_dags/tutorial.py
[2025-11-12T21:34:07.419-0800] {processor.py:914} INFO - Processing file /Users/dipinjassal/ml/tmdb_data_warehouse/venv/lib/python3.12/site-packages/airflow/example_dags/tutorial.py for tasks to queue
[2025-11-12T21:34:07.419-0800] {logging_mixin.py:190} INFO - [2025-11-12T21:34:07.419-0800] {dagbag.py:588} INFO - Filling up the DagBag from /Users/dipinjassal/ml/tmdb_data_warehouse/venv/lib/python3.12/site-packages/airflow/example_dags/tutorial.py
[2025-11-12T21:34:07.421-0800] {processor.py:925} INFO - DAG(s) 'tutorial' retrieved from /Users/dipinjassal/ml/tmdb_data_warehouse/venv/lib/python3.12/site-packages/airflow/example_dags/tutorial.py
[2025-11-12T21:34:07.446-0800] {logging_mixin.py:190} INFO - [2025-11-12T21:34:07.446-0800] {dag.py:3239} INFO - Sync 1 DAGs
[2025-11-12T21:34:07.451-0800] {logging_mixin.py:190} INFO - [2025-11-12T21:34:07.451-0800] {dag.py:4180} INFO - Setting next_dagrun for tutorial to 2025-11-12 00:00:00+00:00, run_after=2025-11-13 00:00:00+00:00
[2025-11-12T21:34:07.456-0800] {processor.py:208} INFO - Processing /Users/dipinjassal/ml/tmdb_data_warehouse/venv/lib/python3.12/site-packages/airflow/example_dags/tutorial.py took 0.038 seconds
[2025-11-12T21:37:00.763-0800] {processor.py:186} INFO - Started process (PID=2116) to work on /Users/dipinjassal/ml/tmdb_data_warehouse/venv/lib/python3.12/site-packages/airflow/example_dags/tutorial.py
[2025-11-12T21:37:00.763-0800] {processor.py:914} INFO - Processing file /Users/dipinjassal/ml/tmdb_data_warehouse/venv/lib/python3.12/site-packages/airflow/example_dags/tutorial.py for tasks to queue
[2025-11-12T21:37:00.764-0800] {logging_mixin.py:190} INFO - [2025-11-12T21:37:00.764-0800] {dagbag.py:588} INFO - Filling up the DagBag from /Users/dipinjassal/ml/tmdb_data_warehouse/venv/lib/python3.12/site-packages/airflow/example_dags/tutorial.py
[2025-11-12T21:37:00.766-0800] {processor.py:925} INFO - DAG(s) 'tutorial' retrieved from /Users/dipinjassal/ml/tmdb_data_warehouse/venv/lib/python3.12/site-packages/airflow/example_dags/tutorial.py
[2025-11-12T21:37:00.791-0800] {logging_mixin.py:190} INFO - [2025-11-12T21:37:00.791-0800] {dag.py:3239} INFO - Sync 1 DAGs
[2025-11-12T21:37:00.795-0800] {logging_mixin.py:190} INFO - [2025-11-12T21:37:00.795-0800] {dag.py:4180} INFO - Setting next_dagrun for tutorial to 2025-11-12 00:00:00+00:00, run_after=2025-11-13 00:00:00+00:00
[2025-11-12T21:37:00.800-0800] {processor.py:208} INFO - Processing /Users/dipinjassal/ml/tmdb_data_warehouse/venv/lib/python3.12/site-packages/airflow/example_dags/tutorial.py took 0.038 seconds
[2025-11-12T21:38:27.265-0800] {processor.py:186} INFO - Started process (PID=2185) to work on /Users/dipinjassal/ml/tmdb_data_warehouse/venv/lib/python3.12/site-packages/airflow/example_dags/tutorial.py
[2025-11-12T21:38:27.266-0800] {processor.py:914} INFO - Processing file /Users/dipinjassal/ml/tmdb_data_warehouse/venv/lib/python3.12/site-packages/airflow/example_dags/tutorial.py for tasks to queue
[2025-11-12T21:38:27.266-0800] {logging_mixin.py:190} INFO - [2025-11-12T21:38:27.266-0800] {dagbag.py:588} INFO - Filling up the DagBag from /Users/dipinjassal/ml/tmdb_data_warehouse/venv/lib/python3.12/site-packages/airflow/example_dags/tutorial.py
[2025-11-12T21:38:27.268-0800] {processor.py:925} INFO - DAG(s) 'tutorial' retrieved from /Users/dipinjassal/ml/tmdb_data_warehouse/venv/lib/python3.12/site-packages/airflow/example_dags/tutorial.py
[2025-11-12T21:38:27.293-0800] {logging_mixin.py:190} INFO - [2025-11-12T21:38:27.293-0800] {dag.py:3239} INFO - Sync 1 DAGs
[2025-11-12T21:38:27.297-0800] {logging_mixin.py:190} INFO - [2025-11-12T21:38:27.297-0800] {dag.py:4180} INFO - Setting next_dagrun for tutorial to 2025-11-12 00:00:00+00:00, run_after=2025-11-13 00:00:00+00:00
[2025-11-12T21:38:27.302-0800] {processor.py:208} INFO - Processing /Users/dipinjassal/ml/tmdb_data_warehouse/venv/lib/python3.12/site-packages/airflow/example_dags/tutorial.py took 0.038 seconds
[2025-11-12T21:39:59.767-0800] {processor.py:186} INFO - Started process (PID=2274) to work on /Users/dipinjassal/ml/tmdb_data_warehouse/venv/lib/python3.12/site-packages/airflow/example_dags/tutorial.py
[2025-11-12T21:39:59.767-0800] {processor.py:914} INFO - Processing file /Users/dipinjassal/ml/tmdb_data_warehouse/venv/lib/python3.12/site-packages/airflow/example_dags/tutorial.py for tasks to queue
[2025-11-12T21:39:59.767-0800] {logging_mixin.py:190} INFO - [2025-11-12T21:39:59.767-0800] {dagbag.py:588} INFO - Filling up the DagBag from /Users/dipinjassal/ml/tmdb_data_warehouse/venv/lib/python3.12/site-packages/airflow/example_dags/tutorial.py
[2025-11-12T21:39:59.770-0800] {processor.py:925} INFO - DAG(s) 'tutorial' retrieved from /Users/dipinjassal/ml/tmdb_data_warehouse/venv/lib/python3.12/site-packages/airflow/example_dags/tutorial.py
[2025-11-12T21:39:59.795-0800] {logging_mixin.py:190} INFO - [2025-11-12T21:39:59.795-0800] {dag.py:3239} INFO - Sync 1 DAGs
[2025-11-12T21:39:59.799-0800] {logging_mixin.py:190} INFO - [2025-11-12T21:39:59.799-0800] {dag.py:4180} INFO - Setting next_dagrun for tutorial to 2025-11-12 00:00:00+00:00, run_after=2025-11-13 00:00:00+00:00
[2025-11-12T21:39:59.804-0800] {processor.py:208} INFO - Processing /Users/dipinjassal/ml/tmdb_data_warehouse/venv/lib/python3.12/site-packages/airflow/example_dags/tutorial.py took 0.038 seconds
[2025-11-12T21:50:06.231-0800] {processor.py:186} INFO - Started process (PID=2395) to work on /Users/dipinjassal/ml/tmdb_data_warehouse/venv/lib/python3.12/site-packages/airflow/example_dags/tutorial.py
[2025-11-12T21:50:06.231-0800] {processor.py:914} INFO - Processing file /Users/dipinjassal/ml/tmdb_data_warehouse/venv/lib/python3.12/site-packages/airflow/example_dags/tutorial.py for tasks to queue
[2025-11-12T21:50:06.231-0800] {logging_mixin.py:190} INFO - [2025-11-12T21:50:06.231-0800] {dagbag.py:588} INFO - Filling up the DagBag from /Users/dipinjassal/ml/tmdb_data_warehouse/venv/lib/python3.12/site-packages/airflow/example_dags/tutorial.py
[2025-11-12T21:50:06.233-0800] {processor.py:925} INFO - DAG(s) 'tutorial' retrieved from /Users/dipinjassal/ml/tmdb_data_warehouse/venv/lib/python3.12/site-packages/airflow/example_dags/tutorial.py
[2025-11-12T21:50:06.258-0800] {logging_mixin.py:190} INFO - [2025-11-12T21:50:06.257-0800] {dag.py:3239} INFO - Sync 1 DAGs
[2025-11-12T21:50:06.262-0800] {logging_mixin.py:190} INFO - [2025-11-12T21:50:06.262-0800] {dag.py:4180} INFO - Setting next_dagrun for tutorial to 2025-11-12 00:00:00+00:00, run_after=2025-11-13 00:00:00+00:00
[2025-11-12T21:50:06.267-0800] {processor.py:208} INFO - Processing /Users/dipinjassal/ml/tmdb_data_warehouse/venv/lib/python3.12/site-packages/airflow/example_dags/tutorial.py took 0.037 seconds
[2025-11-12T21:51:29.819-0800] {processor.py:186} INFO - Started process (PID=2458) to work on /Users/dipinjassal/ml/tmdb_data_warehouse/venv/lib/python3.12/site-packages/airflow/example_dags/tutorial.py
[2025-11-12T21:51:29.819-0800] {processor.py:914} INFO - Processing file /Users/dipinjassal/ml/tmdb_data_warehouse/venv/lib/python3.12/site-packages/airflow/example_dags/tutorial.py for tasks to queue
[2025-11-12T21:51:29.820-0800] {logging_mixin.py:190} INFO - [2025-11-12T21:51:29.819-0800] {dagbag.py:588} INFO - Filling up the DagBag from /Users/dipinjassal/ml/tmdb_data_warehouse/venv/lib/python3.12/site-packages/airflow/example_dags/tutorial.py
[2025-11-12T21:51:29.822-0800] {processor.py:925} INFO - DAG(s) 'tutorial' retrieved from /Users/dipinjassal/ml/tmdb_data_warehouse/venv/lib/python3.12/site-packages/airflow/example_dags/tutorial.py
[2025-11-12T21:51:29.848-0800] {logging_mixin.py:190} INFO - [2025-11-12T21:51:29.848-0800] {dag.py:3239} INFO - Sync 1 DAGs
[2025-11-12T21:51:29.852-0800] {logging_mixin.py:190} INFO - [2025-11-12T21:51:29.852-0800] {dag.py:4180} INFO - Setting next_dagrun for tutorial to 2025-11-12 00:00:00+00:00, run_after=2025-11-13 00:00:00+00:00
[2025-11-12T21:51:29.857-0800] {processor.py:208} INFO - Processing /Users/dipinjassal/ml/tmdb_data_warehouse/venv/lib/python3.12/site-packages/airflow/example_dags/tutorial.py took 0.039 seconds
[2025-11-12T21:57:07.409-0800] {processor.py:186} INFO - Started process (PID=2531) to work on /Users/dipinjassal/ml/tmdb_data_warehouse/venv/lib/python3.12/site-packages/airflow/example_dags/tutorial.py
[2025-11-12T21:57:07.409-0800] {processor.py:914} INFO - Processing file /Users/dipinjassal/ml/tmdb_data_warehouse/venv/lib/python3.12/site-packages/airflow/example_dags/tutorial.py for tasks to queue
[2025-11-12T21:57:07.409-0800] {logging_mixin.py:190} INFO - [2025-11-12T21:57:07.409-0800] {dagbag.py:588} INFO - Filling up the DagBag from /Users/dipinjassal/ml/tmdb_data_warehouse/venv/lib/python3.12/site-packages/airflow/example_dags/tutorial.py
[2025-11-12T21:57:07.411-0800] {processor.py:925} INFO - DAG(s) 'tutorial' retrieved from /Users/dipinjassal/ml/tmdb_data_warehouse/venv/lib/python3.12/site-packages/airflow/example_dags/tutorial.py
[2025-11-12T21:57:07.436-0800] {logging_mixin.py:190} INFO - [2025-11-12T21:57:07.436-0800] {dag.py:3239} INFO - Sync 1 DAGs
[2025-11-12T21:57:07.440-0800] {logging_mixin.py:190} INFO - [2025-11-12T21:57:07.440-0800] {dag.py:4180} INFO - Setting next_dagrun for tutorial to 2025-11-12 00:00:00+00:00, run_after=2025-11-13 00:00:00+00:00
[2025-11-12T21:57:07.445-0800] {processor.py:208} INFO - Processing /Users/dipinjassal/ml/tmdb_data_warehouse/venv/lib/python3.12/site-packages/airflow/example_dags/tutorial.py took 0.037 seconds
[2025-11-12T21:58:22.172-0800] {processor.py:186} INFO - Started process (PID=2604) to work on /Users/dipinjassal/ml/tmdb_data_warehouse/venv/lib/python3.12/site-packages/airflow/example_dags/tutorial.py
[2025-11-12T21:58:22.173-0800] {processor.py:914} INFO - Processing file /Users/dipinjassal/ml/tmdb_data_warehouse/venv/lib/python3.12/site-packages/airflow/example_dags/tutorial.py for tasks to queue
[2025-11-12T21:58:22.173-0800] {logging_mixin.py:190} INFO - [2025-11-12T21:58:22.173-0800] {dagbag.py:588} INFO - Filling up the DagBag from /Users/dipinjassal/ml/tmdb_data_warehouse/venv/lib/python3.12/site-packages/airflow/example_dags/tutorial.py
[2025-11-12T21:58:22.175-0800] {processor.py:925} INFO - DAG(s) 'tutorial' retrieved from /Users/dipinjassal/ml/tmdb_data_warehouse/venv/lib/python3.12/site-packages/airflow/example_dags/tutorial.py
[2025-11-12T21:58:22.203-0800] {logging_mixin.py:190} INFO - [2025-11-12T21:58:22.202-0800] {dag.py:3239} INFO - Sync 1 DAGs
[2025-11-12T21:58:22.207-0800] {logging_mixin.py:190} INFO - [2025-11-12T21:58:22.207-0800] {dag.py:4180} INFO - Setting next_dagrun for tutorial to 2025-11-12 00:00:00+00:00, run_after=2025-11-13 00:00:00+00:00
[2025-11-12T21:58:22.212-0800] {processor.py:208} INFO - Processing /Users/dipinjassal/ml/tmdb_data_warehouse/venv/lib/python3.12/site-packages/airflow/example_dags/tutorial.py took 0.041 seconds
