[2025-11-12T21:28:58.059-0800] {processor.py:186} INFO - Started process (PID=1796) to work on /Users/dipinjassal/ml/tmdb_data_warehouse/venv/lib/python3.12/site-packages/airflow/example_dags/tutorial_objectstorage.py
[2025-11-12T21:28:58.059-0800] {processor.py:914} INFO - Processing file /Users/dipinjassal/ml/tmdb_data_warehouse/venv/lib/python3.12/site-packages/airflow/example_dags/tutorial_objectstorage.py for tasks to queue
[2025-11-12T21:28:58.059-0800] {logging_mixin.py:190} INFO - [2025-11-12T21:28:58.059-0800] {dagbag.py:588} INFO - Filling up the DagBag from /Users/dipinjassal/ml/tmdb_data_warehouse/venv/lib/python3.12/site-packages/airflow/example_dags/tutorial_objectstorage.py
[2025-11-12T21:28:58.072-0800] {processor.py:925} INFO - DAG(s) 'tutorial_objectstorage' retrieved from /Users/dipinjassal/ml/tmdb_data_warehouse/venv/lib/python3.12/site-packages/airflow/example_dags/tutorial_objectstorage.py
[2025-11-12T21:28:58.098-0800] {logging_mixin.py:190} INFO - [2025-11-12T21:28:58.097-0800] {dag.py:3239} INFO - Sync 1 DAGs
[2025-11-12T21:28:58.119-0800] {logging_mixin.py:190} INFO - [2025-11-12T21:28:58.119-0800] {dag.py:4180} INFO - Setting next_dagrun for tutorial_objectstorage to None, run_after=None
[2025-11-12T21:28:58.125-0800] {processor.py:208} INFO - Processing /Users/dipinjassal/ml/tmdb_data_warehouse/venv/lib/python3.12/site-packages/airflow/example_dags/tutorial_objectstorage.py took 0.067 seconds
[2025-11-12T21:30:29.282-0800] {processor.py:186} INFO - Started process (PID=1871) to work on /Users/dipinjassal/ml/tmdb_data_warehouse/venv/lib/python3.12/site-packages/airflow/example_dags/tutorial_objectstorage.py
[2025-11-12T21:30:29.283-0800] {processor.py:914} INFO - Processing file /Users/dipinjassal/ml/tmdb_data_warehouse/venv/lib/python3.12/site-packages/airflow/example_dags/tutorial_objectstorage.py for tasks to queue
[2025-11-12T21:30:29.283-0800] {logging_mixin.py:190} INFO - [2025-11-12T21:30:29.283-0800] {dagbag.py:588} INFO - Filling up the DagBag from /Users/dipinjassal/ml/tmdb_data_warehouse/venv/lib/python3.12/site-packages/airflow/example_dags/tutorial_objectstorage.py
[2025-11-12T21:30:29.294-0800] {processor.py:925} INFO - DAG(s) 'tutorial_objectstorage' retrieved from /Users/dipinjassal/ml/tmdb_data_warehouse/venv/lib/python3.12/site-packages/airflow/example_dags/tutorial_objectstorage.py
[2025-11-12T21:30:29.318-0800] {logging_mixin.py:190} INFO - [2025-11-12T21:30:29.318-0800] {dag.py:3239} INFO - Sync 1 DAGs
[2025-11-12T21:30:29.338-0800] {logging_mixin.py:190} INFO - [2025-11-12T21:30:29.338-0800] {dag.py:4180} INFO - Setting next_dagrun for tutorial_objectstorage to None, run_after=None
[2025-11-12T21:30:29.343-0800] {processor.py:208} INFO - Processing /Users/dipinjassal/ml/tmdb_data_warehouse/venv/lib/python3.12/site-packages/airflow/example_dags/tutorial_objectstorage.py took 0.061 seconds
[2025-11-12T21:31:25.792-0800] {processor.py:186} INFO - Started process (PID=1917) to work on /Users/dipinjassal/ml/tmdb_data_warehouse/venv/lib/python3.12/site-packages/airflow/example_dags/tutorial_objectstorage.py
[2025-11-12T21:31:25.792-0800] {processor.py:914} INFO - Processing file /Users/dipinjassal/ml/tmdb_data_warehouse/venv/lib/python3.12/site-packages/airflow/example_dags/tutorial_objectstorage.py for tasks to queue
[2025-11-12T21:31:25.792-0800] {logging_mixin.py:190} INFO - [2025-11-12T21:31:25.792-0800] {dagbag.py:588} INFO - Filling up the DagBag from /Users/dipinjassal/ml/tmdb_data_warehouse/venv/lib/python3.12/site-packages/airflow/example_dags/tutorial_objectstorage.py
[2025-11-12T21:31:25.806-0800] {processor.py:925} INFO - DAG(s) 'tutorial_objectstorage' retrieved from /Users/dipinjassal/ml/tmdb_data_warehouse/venv/lib/python3.12/site-packages/airflow/example_dags/tutorial_objectstorage.py
[2025-11-12T21:31:25.833-0800] {logging_mixin.py:190} INFO - [2025-11-12T21:31:25.833-0800] {dag.py:3239} INFO - Sync 1 DAGs
[2025-11-12T21:31:25.860-0800] {logging_mixin.py:190} INFO - [2025-11-12T21:31:25.860-0800] {dag.py:4180} INFO - Setting next_dagrun for tutorial_objectstorage to None, run_after=None
[2025-11-12T21:31:25.865-0800] {processor.py:208} INFO - Processing /Users/dipinjassal/ml/tmdb_data_warehouse/venv/lib/python3.12/site-packages/airflow/example_dags/tutorial_objectstorage.py took 0.075 seconds
[2025-11-12T21:34:04.655-0800] {processor.py:186} INFO - Started process (PID=2024) to work on /Users/dipinjassal/ml/tmdb_data_warehouse/venv/lib/python3.12/site-packages/airflow/example_dags/tutorial_objectstorage.py
[2025-11-12T21:34:04.656-0800] {processor.py:914} INFO - Processing file /Users/dipinjassal/ml/tmdb_data_warehouse/venv/lib/python3.12/site-packages/airflow/example_dags/tutorial_objectstorage.py for tasks to queue
[2025-11-12T21:34:04.656-0800] {logging_mixin.py:190} INFO - [2025-11-12T21:34:04.656-0800] {dagbag.py:588} INFO - Filling up the DagBag from /Users/dipinjassal/ml/tmdb_data_warehouse/venv/lib/python3.12/site-packages/airflow/example_dags/tutorial_objectstorage.py
[2025-11-12T21:34:04.667-0800] {processor.py:925} INFO - DAG(s) 'tutorial_objectstorage' retrieved from /Users/dipinjassal/ml/tmdb_data_warehouse/venv/lib/python3.12/site-packages/airflow/example_dags/tutorial_objectstorage.py
[2025-11-12T21:34:04.691-0800] {logging_mixin.py:190} INFO - [2025-11-12T21:34:04.691-0800] {dag.py:3239} INFO - Sync 1 DAGs
[2025-11-12T21:34:04.711-0800] {logging_mixin.py:190} INFO - [2025-11-12T21:34:04.711-0800] {dag.py:4180} INFO - Setting next_dagrun for tutorial_objectstorage to None, run_after=None
[2025-11-12T21:34:04.716-0800] {processor.py:208} INFO - Processing /Users/dipinjassal/ml/tmdb_data_warehouse/venv/lib/python3.12/site-packages/airflow/example_dags/tutorial_objectstorage.py took 0.061 seconds
[2025-11-12T21:36:58.076-0800] {processor.py:186} INFO - Started process (PID=2114) to work on /Users/dipinjassal/ml/tmdb_data_warehouse/venv/lib/python3.12/site-packages/airflow/example_dags/tutorial_objectstorage.py
[2025-11-12T21:36:58.076-0800] {processor.py:914} INFO - Processing file /Users/dipinjassal/ml/tmdb_data_warehouse/venv/lib/python3.12/site-packages/airflow/example_dags/tutorial_objectstorage.py for tasks to queue
[2025-11-12T21:36:58.077-0800] {logging_mixin.py:190} INFO - [2025-11-12T21:36:58.077-0800] {dagbag.py:588} INFO - Filling up the DagBag from /Users/dipinjassal/ml/tmdb_data_warehouse/venv/lib/python3.12/site-packages/airflow/example_dags/tutorial_objectstorage.py
[2025-11-12T21:36:58.088-0800] {processor.py:925} INFO - DAG(s) 'tutorial_objectstorage' retrieved from /Users/dipinjassal/ml/tmdb_data_warehouse/venv/lib/python3.12/site-packages/airflow/example_dags/tutorial_objectstorage.py
[2025-11-12T21:36:58.111-0800] {logging_mixin.py:190} INFO - [2025-11-12T21:36:58.111-0800] {dag.py:3239} INFO - Sync 1 DAGs
[2025-11-12T21:36:58.132-0800] {logging_mixin.py:190} INFO - [2025-11-12T21:36:58.132-0800] {dag.py:4180} INFO - Setting next_dagrun for tutorial_objectstorage to None, run_after=None
[2025-11-12T21:36:58.137-0800] {processor.py:208} INFO - Processing /Users/dipinjassal/ml/tmdb_data_warehouse/venv/lib/python3.12/site-packages/airflow/example_dags/tutorial_objectstorage.py took 0.061 seconds
[2025-11-12T21:38:24.009-0800] {processor.py:186} INFO - Started process (PID=2183) to work on /Users/dipinjassal/ml/tmdb_data_warehouse/venv/lib/python3.12/site-packages/airflow/example_dags/tutorial_objectstorage.py
[2025-11-12T21:38:24.009-0800] {processor.py:914} INFO - Processing file /Users/dipinjassal/ml/tmdb_data_warehouse/venv/lib/python3.12/site-packages/airflow/example_dags/tutorial_objectstorage.py for tasks to queue
[2025-11-12T21:38:24.009-0800] {logging_mixin.py:190} INFO - [2025-11-12T21:38:24.009-0800] {dagbag.py:588} INFO - Filling up the DagBag from /Users/dipinjassal/ml/tmdb_data_warehouse/venv/lib/python3.12/site-packages/airflow/example_dags/tutorial_objectstorage.py
[2025-11-12T21:38:24.020-0800] {processor.py:925} INFO - DAG(s) 'tutorial_objectstorage' retrieved from /Users/dipinjassal/ml/tmdb_data_warehouse/venv/lib/python3.12/site-packages/airflow/example_dags/tutorial_objectstorage.py
[2025-11-12T21:38:24.045-0800] {logging_mixin.py:190} INFO - [2025-11-12T21:38:24.045-0800] {dag.py:3239} INFO - Sync 1 DAGs
[2025-11-12T21:38:24.067-0800] {logging_mixin.py:190} INFO - [2025-11-12T21:38:24.067-0800] {dag.py:4180} INFO - Setting next_dagrun for tutorial_objectstorage to None, run_after=None
[2025-11-12T21:38:24.072-0800] {processor.py:208} INFO - Processing /Users/dipinjassal/ml/tmdb_data_warehouse/venv/lib/python3.12/site-packages/airflow/example_dags/tutorial_objectstorage.py took 0.064 seconds
[2025-11-12T21:39:29.450-0800] {processor.py:186} INFO - Started process (PID=2259) to work on /Users/dipinjassal/ml/tmdb_data_warehouse/venv/lib/python3.12/site-packages/airflow/example_dags/tutorial_objectstorage.py
[2025-11-12T21:39:29.450-0800] {processor.py:914} INFO - Processing file /Users/dipinjassal/ml/tmdb_data_warehouse/venv/lib/python3.12/site-packages/airflow/example_dags/tutorial_objectstorage.py for tasks to queue
[2025-11-12T21:39:29.450-0800] {logging_mixin.py:190} INFO - [2025-11-12T21:39:29.450-0800] {dagbag.py:588} INFO - Filling up the DagBag from /Users/dipinjassal/ml/tmdb_data_warehouse/venv/lib/python3.12/site-packages/airflow/example_dags/tutorial_objectstorage.py
[2025-11-12T21:39:29.462-0800] {processor.py:925} INFO - DAG(s) 'tutorial_objectstorage' retrieved from /Users/dipinjassal/ml/tmdb_data_warehouse/venv/lib/python3.12/site-packages/airflow/example_dags/tutorial_objectstorage.py
[2025-11-12T21:39:29.485-0800] {logging_mixin.py:190} INFO - [2025-11-12T21:39:29.485-0800] {dag.py:3239} INFO - Sync 1 DAGs
[2025-11-12T21:39:29.506-0800] {logging_mixin.py:190} INFO - [2025-11-12T21:39:29.506-0800] {dag.py:4180} INFO - Setting next_dagrun for tutorial_objectstorage to None, run_after=None
[2025-11-12T21:39:29.511-0800] {processor.py:208} INFO - Processing /Users/dipinjassal/ml/tmdb_data_warehouse/venv/lib/python3.12/site-packages/airflow/example_dags/tutorial_objectstorage.py took 0.062 seconds
[2025-11-12T21:50:03.461-0800] {processor.py:186} INFO - Started process (PID=2392) to work on /Users/dipinjassal/ml/tmdb_data_warehouse/venv/lib/python3.12/site-packages/airflow/example_dags/tutorial_objectstorage.py
[2025-11-12T21:50:03.461-0800] {processor.py:914} INFO - Processing file /Users/dipinjassal/ml/tmdb_data_warehouse/venv/lib/python3.12/site-packages/airflow/example_dags/tutorial_objectstorage.py for tasks to queue
[2025-11-12T21:50:03.461-0800] {logging_mixin.py:190} INFO - [2025-11-12T21:50:03.461-0800] {dagbag.py:588} INFO - Filling up the DagBag from /Users/dipinjassal/ml/tmdb_data_warehouse/venv/lib/python3.12/site-packages/airflow/example_dags/tutorial_objectstorage.py
[2025-11-12T21:50:03.472-0800] {processor.py:925} INFO - DAG(s) 'tutorial_objectstorage' retrieved from /Users/dipinjassal/ml/tmdb_data_warehouse/venv/lib/python3.12/site-packages/airflow/example_dags/tutorial_objectstorage.py
[2025-11-12T21:50:03.496-0800] {logging_mixin.py:190} INFO - [2025-11-12T21:50:03.496-0800] {dag.py:3239} INFO - Sync 1 DAGs
[2025-11-12T21:50:03.517-0800] {logging_mixin.py:190} INFO - [2025-11-12T21:50:03.516-0800] {dag.py:4180} INFO - Setting next_dagrun for tutorial_objectstorage to None, run_after=None
[2025-11-12T21:50:03.521-0800] {processor.py:208} INFO - Processing /Users/dipinjassal/ml/tmdb_data_warehouse/venv/lib/python3.12/site-packages/airflow/example_dags/tutorial_objectstorage.py took 0.062 seconds
[2025-11-12T21:51:27.484-0800] {processor.py:186} INFO - Started process (PID=2456) to work on /Users/dipinjassal/ml/tmdb_data_warehouse/venv/lib/python3.12/site-packages/airflow/example_dags/tutorial_objectstorage.py
[2025-11-12T21:51:27.484-0800] {processor.py:914} INFO - Processing file /Users/dipinjassal/ml/tmdb_data_warehouse/venv/lib/python3.12/site-packages/airflow/example_dags/tutorial_objectstorage.py for tasks to queue
[2025-11-12T21:51:27.485-0800] {logging_mixin.py:190} INFO - [2025-11-12T21:51:27.485-0800] {dagbag.py:588} INFO - Filling up the DagBag from /Users/dipinjassal/ml/tmdb_data_warehouse/venv/lib/python3.12/site-packages/airflow/example_dags/tutorial_objectstorage.py
[2025-11-12T21:51:27.496-0800] {processor.py:925} INFO - DAG(s) 'tutorial_objectstorage' retrieved from /Users/dipinjassal/ml/tmdb_data_warehouse/venv/lib/python3.12/site-packages/airflow/example_dags/tutorial_objectstorage.py
[2025-11-12T21:51:27.520-0800] {logging_mixin.py:190} INFO - [2025-11-12T21:51:27.520-0800] {dag.py:3239} INFO - Sync 1 DAGs
[2025-11-12T21:51:27.540-0800] {logging_mixin.py:190} INFO - [2025-11-12T21:51:27.540-0800] {dag.py:4180} INFO - Setting next_dagrun for tutorial_objectstorage to None, run_after=None
[2025-11-12T21:51:27.545-0800] {processor.py:208} INFO - Processing /Users/dipinjassal/ml/tmdb_data_warehouse/venv/lib/python3.12/site-packages/airflow/example_dags/tutorial_objectstorage.py took 0.061 seconds
[2025-11-12T21:57:04.668-0800] {processor.py:186} INFO - Started process (PID=2529) to work on /Users/dipinjassal/ml/tmdb_data_warehouse/venv/lib/python3.12/site-packages/airflow/example_dags/tutorial_objectstorage.py
[2025-11-12T21:57:04.668-0800] {processor.py:914} INFO - Processing file /Users/dipinjassal/ml/tmdb_data_warehouse/venv/lib/python3.12/site-packages/airflow/example_dags/tutorial_objectstorage.py for tasks to queue
[2025-11-12T21:57:04.669-0800] {logging_mixin.py:190} INFO - [2025-11-12T21:57:04.669-0800] {dagbag.py:588} INFO - Filling up the DagBag from /Users/dipinjassal/ml/tmdb_data_warehouse/venv/lib/python3.12/site-packages/airflow/example_dags/tutorial_objectstorage.py
[2025-11-12T21:57:04.680-0800] {processor.py:925} INFO - DAG(s) 'tutorial_objectstorage' retrieved from /Users/dipinjassal/ml/tmdb_data_warehouse/venv/lib/python3.12/site-packages/airflow/example_dags/tutorial_objectstorage.py
[2025-11-12T21:57:04.703-0800] {logging_mixin.py:190} INFO - [2025-11-12T21:57:04.703-0800] {dag.py:3239} INFO - Sync 1 DAGs
[2025-11-12T21:57:04.723-0800] {logging_mixin.py:190} INFO - [2025-11-12T21:57:04.723-0800] {dag.py:4180} INFO - Setting next_dagrun for tutorial_objectstorage to None, run_after=None
[2025-11-12T21:57:04.728-0800] {processor.py:208} INFO - Processing /Users/dipinjassal/ml/tmdb_data_warehouse/venv/lib/python3.12/site-packages/airflow/example_dags/tutorial_objectstorage.py took 0.061 seconds
[2025-11-12T21:58:19.392-0800] {processor.py:186} INFO - Started process (PID=2600) to work on /Users/dipinjassal/ml/tmdb_data_warehouse/venv/lib/python3.12/site-packages/airflow/example_dags/tutorial_objectstorage.py
[2025-11-12T21:58:19.392-0800] {processor.py:914} INFO - Processing file /Users/dipinjassal/ml/tmdb_data_warehouse/venv/lib/python3.12/site-packages/airflow/example_dags/tutorial_objectstorage.py for tasks to queue
[2025-11-12T21:58:19.393-0800] {logging_mixin.py:190} INFO - [2025-11-12T21:58:19.393-0800] {dagbag.py:588} INFO - Filling up the DagBag from /Users/dipinjassal/ml/tmdb_data_warehouse/venv/lib/python3.12/site-packages/airflow/example_dags/tutorial_objectstorage.py
[2025-11-12T21:58:19.404-0800] {processor.py:925} INFO - DAG(s) 'tutorial_objectstorage' retrieved from /Users/dipinjassal/ml/tmdb_data_warehouse/venv/lib/python3.12/site-packages/airflow/example_dags/tutorial_objectstorage.py
[2025-11-12T21:58:19.427-0800] {logging_mixin.py:190} INFO - [2025-11-12T21:58:19.427-0800] {dag.py:3239} INFO - Sync 1 DAGs
[2025-11-12T21:58:19.447-0800] {logging_mixin.py:190} INFO - [2025-11-12T21:58:19.447-0800] {dag.py:4180} INFO - Setting next_dagrun for tutorial_objectstorage to None, run_after=None
[2025-11-12T21:58:19.452-0800] {processor.py:208} INFO - Processing /Users/dipinjassal/ml/tmdb_data_warehouse/venv/lib/python3.12/site-packages/airflow/example_dags/tutorial_objectstorage.py took 0.061 seconds
