[2025-11-12T21:28:56.390-0800] {processor.py:186} INFO - Started process (PID=1795) to work on /Users/dipinjassal/ml/tmdb_data_warehouse/venv/lib/python3.12/site-packages/airflow/example_dags/tutorial_taskflow_api.py
[2025-11-12T21:28:56.390-0800] {processor.py:914} INFO - Processing file /Users/dipinjassal/ml/tmdb_data_warehouse/venv/lib/python3.12/site-packages/airflow/example_dags/tutorial_taskflow_api.py for tasks to queue
[2025-11-12T21:28:56.391-0800] {logging_mixin.py:190} INFO - [2025-11-12T21:28:56.390-0800] {dagbag.py:588} INFO - Filling up the DagBag from /Users/dipinjassal/ml/tmdb_data_warehouse/venv/lib/python3.12/site-packages/airflow/example_dags/tutorial_taskflow_api.py
[2025-11-12T21:28:56.403-0800] {processor.py:925} INFO - DAG(s) 'tutorial_taskflow_api' retrieved from /Users/dipinjassal/ml/tmdb_data_warehouse/venv/lib/python3.12/site-packages/airflow/example_dags/tutorial_taskflow_api.py
[2025-11-12T21:28:56.430-0800] {logging_mixin.py:190} INFO - [2025-11-12T21:28:56.430-0800] {dag.py:3239} INFO - Sync 1 DAGs
[2025-11-12T21:28:56.452-0800] {logging_mixin.py:190} INFO - [2025-11-12T21:28:56.452-0800] {dag.py:4180} INFO - Setting next_dagrun for tutorial_taskflow_api to None, run_after=None
[2025-11-12T21:28:56.457-0800] {processor.py:208} INFO - Processing /Users/dipinjassal/ml/tmdb_data_warehouse/venv/lib/python3.12/site-packages/airflow/example_dags/tutorial_taskflow_api.py took 0.068 seconds
[2025-11-12T21:30:27.638-0800] {processor.py:186} INFO - Started process (PID=1870) to work on /Users/dipinjassal/ml/tmdb_data_warehouse/venv/lib/python3.12/site-packages/airflow/example_dags/tutorial_taskflow_api.py
[2025-11-12T21:30:27.638-0800] {processor.py:914} INFO - Processing file /Users/dipinjassal/ml/tmdb_data_warehouse/venv/lib/python3.12/site-packages/airflow/example_dags/tutorial_taskflow_api.py for tasks to queue
[2025-11-12T21:30:27.639-0800] {logging_mixin.py:190} INFO - [2025-11-12T21:30:27.639-0800] {dagbag.py:588} INFO - Filling up the DagBag from /Users/dipinjassal/ml/tmdb_data_warehouse/venv/lib/python3.12/site-packages/airflow/example_dags/tutorial_taskflow_api.py
[2025-11-12T21:30:27.650-0800] {processor.py:925} INFO - DAG(s) 'tutorial_taskflow_api' retrieved from /Users/dipinjassal/ml/tmdb_data_warehouse/venv/lib/python3.12/site-packages/airflow/example_dags/tutorial_taskflow_api.py
[2025-11-12T21:30:27.674-0800] {logging_mixin.py:190} INFO - [2025-11-12T21:30:27.674-0800] {dag.py:3239} INFO - Sync 1 DAGs
[2025-11-12T21:30:27.694-0800] {logging_mixin.py:190} INFO - [2025-11-12T21:30:27.694-0800] {dag.py:4180} INFO - Setting next_dagrun for tutorial_taskflow_api to None, run_after=None
[2025-11-12T21:30:27.699-0800] {processor.py:208} INFO - Processing /Users/dipinjassal/ml/tmdb_data_warehouse/venv/lib/python3.12/site-packages/airflow/example_dags/tutorial_taskflow_api.py took 0.061 seconds
[2025-11-12T21:31:24.120-0800] {processor.py:186} INFO - Started process (PID=1916) to work on /Users/dipinjassal/ml/tmdb_data_warehouse/venv/lib/python3.12/site-packages/airflow/example_dags/tutorial_taskflow_api.py
[2025-11-12T21:31:24.120-0800] {processor.py:914} INFO - Processing file /Users/dipinjassal/ml/tmdb_data_warehouse/venv/lib/python3.12/site-packages/airflow/example_dags/tutorial_taskflow_api.py for tasks to queue
[2025-11-12T21:31:24.120-0800] {logging_mixin.py:190} INFO - [2025-11-12T21:31:24.120-0800] {dagbag.py:588} INFO - Filling up the DagBag from /Users/dipinjassal/ml/tmdb_data_warehouse/venv/lib/python3.12/site-packages/airflow/example_dags/tutorial_taskflow_api.py
[2025-11-12T21:31:24.131-0800] {processor.py:925} INFO - DAG(s) 'tutorial_taskflow_api' retrieved from /Users/dipinjassal/ml/tmdb_data_warehouse/venv/lib/python3.12/site-packages/airflow/example_dags/tutorial_taskflow_api.py
[2025-11-12T21:31:24.156-0800] {logging_mixin.py:190} INFO - [2025-11-12T21:31:24.155-0800] {dag.py:3239} INFO - Sync 1 DAGs
[2025-11-12T21:31:24.176-0800] {logging_mixin.py:190} INFO - [2025-11-12T21:31:24.176-0800] {dag.py:4180} INFO - Setting next_dagrun for tutorial_taskflow_api to None, run_after=None
[2025-11-12T21:31:24.181-0800] {processor.py:208} INFO - Processing /Users/dipinjassal/ml/tmdb_data_warehouse/venv/lib/python3.12/site-packages/airflow/example_dags/tutorial_taskflow_api.py took 0.062 seconds
[2025-11-12T21:34:03.014-0800] {processor.py:186} INFO - Started process (PID=2023) to work on /Users/dipinjassal/ml/tmdb_data_warehouse/venv/lib/python3.12/site-packages/airflow/example_dags/tutorial_taskflow_api.py
[2025-11-12T21:34:03.014-0800] {processor.py:914} INFO - Processing file /Users/dipinjassal/ml/tmdb_data_warehouse/venv/lib/python3.12/site-packages/airflow/example_dags/tutorial_taskflow_api.py for tasks to queue
[2025-11-12T21:34:03.015-0800] {logging_mixin.py:190} INFO - [2025-11-12T21:34:03.015-0800] {dagbag.py:588} INFO - Filling up the DagBag from /Users/dipinjassal/ml/tmdb_data_warehouse/venv/lib/python3.12/site-packages/airflow/example_dags/tutorial_taskflow_api.py
[2025-11-12T21:34:03.026-0800] {processor.py:925} INFO - DAG(s) 'tutorial_taskflow_api' retrieved from /Users/dipinjassal/ml/tmdb_data_warehouse/venv/lib/python3.12/site-packages/airflow/example_dags/tutorial_taskflow_api.py
[2025-11-12T21:34:03.051-0800] {logging_mixin.py:190} INFO - [2025-11-12T21:34:03.051-0800] {dag.py:3239} INFO - Sync 1 DAGs
[2025-11-12T21:34:03.073-0800] {logging_mixin.py:190} INFO - [2025-11-12T21:34:03.073-0800] {dag.py:4180} INFO - Setting next_dagrun for tutorial_taskflow_api to None, run_after=None
[2025-11-12T21:34:03.078-0800] {processor.py:208} INFO - Processing /Users/dipinjassal/ml/tmdb_data_warehouse/venv/lib/python3.12/site-packages/airflow/example_dags/tutorial_taskflow_api.py took 0.065 seconds
[2025-11-12T21:36:56.407-0800] {processor.py:186} INFO - Started process (PID=2111) to work on /Users/dipinjassal/ml/tmdb_data_warehouse/venv/lib/python3.12/site-packages/airflow/example_dags/tutorial_taskflow_api.py
[2025-11-12T21:36:56.408-0800] {processor.py:914} INFO - Processing file /Users/dipinjassal/ml/tmdb_data_warehouse/venv/lib/python3.12/site-packages/airflow/example_dags/tutorial_taskflow_api.py for tasks to queue
[2025-11-12T21:36:56.408-0800] {logging_mixin.py:190} INFO - [2025-11-12T21:36:56.408-0800] {dagbag.py:588} INFO - Filling up the DagBag from /Users/dipinjassal/ml/tmdb_data_warehouse/venv/lib/python3.12/site-packages/airflow/example_dags/tutorial_taskflow_api.py
[2025-11-12T21:36:56.420-0800] {processor.py:925} INFO - DAG(s) 'tutorial_taskflow_api' retrieved from /Users/dipinjassal/ml/tmdb_data_warehouse/venv/lib/python3.12/site-packages/airflow/example_dags/tutorial_taskflow_api.py
[2025-11-12T21:36:56.444-0800] {logging_mixin.py:190} INFO - [2025-11-12T21:36:56.444-0800] {dag.py:3239} INFO - Sync 1 DAGs
[2025-11-12T21:36:56.466-0800] {logging_mixin.py:190} INFO - [2025-11-12T21:36:56.466-0800] {dag.py:4180} INFO - Setting next_dagrun for tutorial_taskflow_api to None, run_after=None
[2025-11-12T21:36:56.471-0800] {processor.py:208} INFO - Processing /Users/dipinjassal/ml/tmdb_data_warehouse/venv/lib/python3.12/site-packages/airflow/example_dags/tutorial_taskflow_api.py took 0.065 seconds
[2025-11-12T21:38:22.338-0800] {processor.py:186} INFO - Started process (PID=2182) to work on /Users/dipinjassal/ml/tmdb_data_warehouse/venv/lib/python3.12/site-packages/airflow/example_dags/tutorial_taskflow_api.py
[2025-11-12T21:38:22.338-0800] {processor.py:914} INFO - Processing file /Users/dipinjassal/ml/tmdb_data_warehouse/venv/lib/python3.12/site-packages/airflow/example_dags/tutorial_taskflow_api.py for tasks to queue
[2025-11-12T21:38:22.338-0800] {logging_mixin.py:190} INFO - [2025-11-12T21:38:22.338-0800] {dagbag.py:588} INFO - Filling up the DagBag from /Users/dipinjassal/ml/tmdb_data_warehouse/venv/lib/python3.12/site-packages/airflow/example_dags/tutorial_taskflow_api.py
[2025-11-12T21:38:22.350-0800] {processor.py:925} INFO - DAG(s) 'tutorial_taskflow_api' retrieved from /Users/dipinjassal/ml/tmdb_data_warehouse/venv/lib/python3.12/site-packages/airflow/example_dags/tutorial_taskflow_api.py
[2025-11-12T21:38:22.375-0800] {logging_mixin.py:190} INFO - [2025-11-12T21:38:22.375-0800] {dag.py:3239} INFO - Sync 1 DAGs
[2025-11-12T21:38:22.397-0800] {logging_mixin.py:190} INFO - [2025-11-12T21:38:22.397-0800] {dag.py:4180} INFO - Setting next_dagrun for tutorial_taskflow_api to None, run_after=None
[2025-11-12T21:38:22.402-0800] {processor.py:208} INFO - Processing /Users/dipinjassal/ml/tmdb_data_warehouse/venv/lib/python3.12/site-packages/airflow/example_dags/tutorial_taskflow_api.py took 0.065 seconds
[2025-11-12T21:39:27.809-0800] {processor.py:186} INFO - Started process (PID=2258) to work on /Users/dipinjassal/ml/tmdb_data_warehouse/venv/lib/python3.12/site-packages/airflow/example_dags/tutorial_taskflow_api.py
[2025-11-12T21:39:27.809-0800] {processor.py:914} INFO - Processing file /Users/dipinjassal/ml/tmdb_data_warehouse/venv/lib/python3.12/site-packages/airflow/example_dags/tutorial_taskflow_api.py for tasks to queue
[2025-11-12T21:39:27.809-0800] {logging_mixin.py:190} INFO - [2025-11-12T21:39:27.809-0800] {dagbag.py:588} INFO - Filling up the DagBag from /Users/dipinjassal/ml/tmdb_data_warehouse/venv/lib/python3.12/site-packages/airflow/example_dags/tutorial_taskflow_api.py
[2025-11-12T21:39:27.822-0800] {processor.py:925} INFO - DAG(s) 'tutorial_taskflow_api' retrieved from /Users/dipinjassal/ml/tmdb_data_warehouse/venv/lib/python3.12/site-packages/airflow/example_dags/tutorial_taskflow_api.py
[2025-11-12T21:39:27.848-0800] {logging_mixin.py:190} INFO - [2025-11-12T21:39:27.847-0800] {dag.py:3239} INFO - Sync 1 DAGs
[2025-11-12T21:39:27.872-0800] {logging_mixin.py:190} INFO - [2025-11-12T21:39:27.872-0800] {dag.py:4180} INFO - Setting next_dagrun for tutorial_taskflow_api to None, run_after=None
[2025-11-12T21:39:27.877-0800] {processor.py:208} INFO - Processing /Users/dipinjassal/ml/tmdb_data_warehouse/venv/lib/python3.12/site-packages/airflow/example_dags/tutorial_taskflow_api.py took 0.070 seconds
[2025-11-12T21:50:01.818-0800] {processor.py:186} INFO - Started process (PID=2391) to work on /Users/dipinjassal/ml/tmdb_data_warehouse/venv/lib/python3.12/site-packages/airflow/example_dags/tutorial_taskflow_api.py
[2025-11-12T21:50:01.819-0800] {processor.py:914} INFO - Processing file /Users/dipinjassal/ml/tmdb_data_warehouse/venv/lib/python3.12/site-packages/airflow/example_dags/tutorial_taskflow_api.py for tasks to queue
[2025-11-12T21:50:01.819-0800] {logging_mixin.py:190} INFO - [2025-11-12T21:50:01.819-0800] {dagbag.py:588} INFO - Filling up the DagBag from /Users/dipinjassal/ml/tmdb_data_warehouse/venv/lib/python3.12/site-packages/airflow/example_dags/tutorial_taskflow_api.py
[2025-11-12T21:50:01.830-0800] {processor.py:925} INFO - DAG(s) 'tutorial_taskflow_api' retrieved from /Users/dipinjassal/ml/tmdb_data_warehouse/venv/lib/python3.12/site-packages/airflow/example_dags/tutorial_taskflow_api.py
[2025-11-12T21:50:01.854-0800] {logging_mixin.py:190} INFO - [2025-11-12T21:50:01.854-0800] {dag.py:3239} INFO - Sync 1 DAGs
[2025-11-12T21:50:01.874-0800] {logging_mixin.py:190} INFO - [2025-11-12T21:50:01.874-0800] {dag.py:4180} INFO - Setting next_dagrun for tutorial_taskflow_api to None, run_after=None
[2025-11-12T21:50:01.879-0800] {processor.py:208} INFO - Processing /Users/dipinjassal/ml/tmdb_data_warehouse/venv/lib/python3.12/site-packages/airflow/example_dags/tutorial_taskflow_api.py took 0.062 seconds
[2025-11-12T21:51:25.849-0800] {processor.py:186} INFO - Started process (PID=2455) to work on /Users/dipinjassal/ml/tmdb_data_warehouse/venv/lib/python3.12/site-packages/airflow/example_dags/tutorial_taskflow_api.py
[2025-11-12T21:51:25.849-0800] {processor.py:914} INFO - Processing file /Users/dipinjassal/ml/tmdb_data_warehouse/venv/lib/python3.12/site-packages/airflow/example_dags/tutorial_taskflow_api.py for tasks to queue
[2025-11-12T21:51:25.850-0800] {logging_mixin.py:190} INFO - [2025-11-12T21:51:25.850-0800] {dagbag.py:588} INFO - Filling up the DagBag from /Users/dipinjassal/ml/tmdb_data_warehouse/venv/lib/python3.12/site-packages/airflow/example_dags/tutorial_taskflow_api.py
[2025-11-12T21:51:25.861-0800] {processor.py:925} INFO - DAG(s) 'tutorial_taskflow_api' retrieved from /Users/dipinjassal/ml/tmdb_data_warehouse/venv/lib/python3.12/site-packages/airflow/example_dags/tutorial_taskflow_api.py
[2025-11-12T21:51:25.884-0800] {logging_mixin.py:190} INFO - [2025-11-12T21:51:25.884-0800] {dag.py:3239} INFO - Sync 1 DAGs
[2025-11-12T21:51:25.904-0800] {logging_mixin.py:190} INFO - [2025-11-12T21:51:25.904-0800] {dag.py:4180} INFO - Setting next_dagrun for tutorial_taskflow_api to None, run_after=None
[2025-11-12T21:51:25.909-0800] {processor.py:208} INFO - Processing /Users/dipinjassal/ml/tmdb_data_warehouse/venv/lib/python3.12/site-packages/airflow/example_dags/tutorial_taskflow_api.py took 0.061 seconds
[2025-11-12T21:57:03.033-0800] {processor.py:186} INFO - Started process (PID=2528) to work on /Users/dipinjassal/ml/tmdb_data_warehouse/venv/lib/python3.12/site-packages/airflow/example_dags/tutorial_taskflow_api.py
[2025-11-12T21:57:03.033-0800] {processor.py:914} INFO - Processing file /Users/dipinjassal/ml/tmdb_data_warehouse/venv/lib/python3.12/site-packages/airflow/example_dags/tutorial_taskflow_api.py for tasks to queue
[2025-11-12T21:57:03.034-0800] {logging_mixin.py:190} INFO - [2025-11-12T21:57:03.034-0800] {dagbag.py:588} INFO - Filling up the DagBag from /Users/dipinjassal/ml/tmdb_data_warehouse/venv/lib/python3.12/site-packages/airflow/example_dags/tutorial_taskflow_api.py
[2025-11-12T21:57:03.045-0800] {processor.py:925} INFO - DAG(s) 'tutorial_taskflow_api' retrieved from /Users/dipinjassal/ml/tmdb_data_warehouse/venv/lib/python3.12/site-packages/airflow/example_dags/tutorial_taskflow_api.py
[2025-11-12T21:57:03.068-0800] {logging_mixin.py:190} INFO - [2025-11-12T21:57:03.068-0800] {dag.py:3239} INFO - Sync 1 DAGs
[2025-11-12T21:57:03.089-0800] {logging_mixin.py:190} INFO - [2025-11-12T21:57:03.088-0800] {dag.py:4180} INFO - Setting next_dagrun for tutorial_taskflow_api to None, run_after=None
[2025-11-12T21:57:03.094-0800] {processor.py:208} INFO - Processing /Users/dipinjassal/ml/tmdb_data_warehouse/venv/lib/python3.12/site-packages/airflow/example_dags/tutorial_taskflow_api.py took 0.061 seconds
[2025-11-12T21:58:17.732-0800] {processor.py:186} INFO - Started process (PID=2599) to work on /Users/dipinjassal/ml/tmdb_data_warehouse/venv/lib/python3.12/site-packages/airflow/example_dags/tutorial_taskflow_api.py
[2025-11-12T21:58:17.733-0800] {processor.py:914} INFO - Processing file /Users/dipinjassal/ml/tmdb_data_warehouse/venv/lib/python3.12/site-packages/airflow/example_dags/tutorial_taskflow_api.py for tasks to queue
[2025-11-12T21:58:17.733-0800] {logging_mixin.py:190} INFO - [2025-11-12T21:58:17.733-0800] {dagbag.py:588} INFO - Filling up the DagBag from /Users/dipinjassal/ml/tmdb_data_warehouse/venv/lib/python3.12/site-packages/airflow/example_dags/tutorial_taskflow_api.py
[2025-11-12T21:58:17.744-0800] {processor.py:925} INFO - DAG(s) 'tutorial_taskflow_api' retrieved from /Users/dipinjassal/ml/tmdb_data_warehouse/venv/lib/python3.12/site-packages/airflow/example_dags/tutorial_taskflow_api.py
[2025-11-12T21:58:17.768-0800] {logging_mixin.py:190} INFO - [2025-11-12T21:58:17.768-0800] {dag.py:3239} INFO - Sync 1 DAGs
[2025-11-12T21:58:17.788-0800] {logging_mixin.py:190} INFO - [2025-11-12T21:58:17.788-0800] {dag.py:4180} INFO - Setting next_dagrun for tutorial_taskflow_api to None, run_after=None
[2025-11-12T21:58:17.794-0800] {processor.py:208} INFO - Processing /Users/dipinjassal/ml/tmdb_data_warehouse/venv/lib/python3.12/site-packages/airflow/example_dags/tutorial_taskflow_api.py took 0.062 seconds
