[2025-11-12T22:02:35.750-0800] {local_task_job_runner.py:123} INFO - ::group::Pre task execution logs
[2025-11-12T22:02:35.752-0800] {taskinstance.py:2612} INFO - Dependencies all met for dep_context=non-requeueable deps ti=<TaskInstance: tmdb_data_extraction.extract_movie_credits manual__2025-11-13T05:58:35.534848+00:00 [queued]>
[2025-11-12T22:02:35.754-0800] {taskinstance.py:2612} INFO - Dependencies all met for dep_context=requeueable deps ti=<TaskInstance: tmdb_data_extraction.extract_movie_credits manual__2025-11-13T05:58:35.534848+00:00 [queued]>
[2025-11-12T22:02:35.754-0800] {taskinstance.py:2865} INFO - Starting attempt 1 of 2
[2025-11-12T22:02:35.757-0800] {taskinstance.py:2888} INFO - Executing <Task(BashOperator): extract_movie_credits> on 2025-11-13 05:58:35.534848+00:00
[2025-11-12T22:02:35.761-0800] {logging_mixin.py:190} WARNING - /Users/dipinjassal/ml/tmdb_data_warehouse/venv/lib/python3.12/site-packages/airflow/task/task_runner/standard_task_runner.py:70 DeprecationWarning: This process (pid=2685) is multi-threaded, use of fork() may lead to deadlocks in the child.
[2025-11-12T22:02:35.761-0800] {standard_task_runner.py:72} INFO - Started process 2686 to run task
[2025-11-12T22:02:35.760-0800] {standard_task_runner.py:104} INFO - Running: ['airflow', 'tasks', 'run', 'tmdb_data_extraction', 'extract_movie_credits', 'manual__2025-11-13T05:58:35.534848+00:00', '--job-id', '65', '--raw', '--subdir', 'DAGS_FOLDER/tmdb_extraction_dag.py', '--cfg-path', '/var/folders/r9/q22xmvj17r590_phm7qsfl9h0000gn/T/tmpm13ms999']
[2025-11-12T22:02:35.761-0800] {standard_task_runner.py:105} INFO - Job 65: Subtask extract_movie_credits
[2025-11-12T22:02:35.771-0800] {task_command.py:467} INFO - Running <TaskInstance: tmdb_data_extraction.extract_movie_credits manual__2025-11-13T05:58:35.534848+00:00 [running]> on host dipins-macbook-pro.local
[2025-11-12T22:02:35.786-0800] {taskinstance.py:3131} INFO - Exporting env vars: AIRFLOW_CTX_DAG_OWNER='team7' AIRFLOW_CTX_DAG_ID='tmdb_data_extraction' AIRFLOW_CTX_TASK_ID='extract_movie_credits' AIRFLOW_CTX_EXECUTION_DATE='2025-11-13T05:58:35.534848+00:00' AIRFLOW_CTX_TRY_NUMBER='1' AIRFLOW_CTX_DAG_RUN_ID='manual__2025-11-13T05:58:35.534848+00:00'
[2025-11-12T22:02:35.786-0800] {logging_mixin.py:190} INFO - Task instance is in running state
[2025-11-12T22:02:35.786-0800] {logging_mixin.py:190} INFO -  Previous state of the Task instance: queued
[2025-11-12T22:02:35.786-0800] {logging_mixin.py:190} INFO - Current task name:extract_movie_credits state:running start_date:2025-11-13 06:02:35.752807+00:00
[2025-11-12T22:02:35.786-0800] {logging_mixin.py:190} INFO - Dag name:tmdb_data_extraction and current dag run status:running
[2025-11-12T22:02:35.787-0800] {taskinstance.py:731} INFO - ::endgroup::
[2025-11-12T22:02:35.787-0800] {subprocess.py:63} INFO - Tmp dir root location: /var/folders/r9/q22xmvj17r590_phm7qsfl9h0000gn/T
[2025-11-12T22:02:35.787-0800] {subprocess.py:75} INFO - Running command: ['/bin/bash', '-c', 'cd /Users/dipinjassal/ml/tmdb_data_warehouse && /Users/dipinjassal/ml/tmdb_data_warehouse/venv/bin/python scripts/airflow_extract_credits.py']
[2025-11-12T22:02:35.790-0800] {subprocess.py:86} INFO - Output:
[2025-11-12T22:43:24.221-0800] {job.py:229} INFO - Heartbeat recovered after 186.80 seconds
[2025-11-12T23:03:20.589-0800] {local_task_job_runner.py:245} INFO - ::endgroup::
[2025-11-12T23:03:20.600-0800] {process_utils.py:132} INFO - Sending 15 to group 2686. PIDs of all processes in the group: [2687, 2688, 2686]
[2025-11-12T23:03:20.601-0800] {process_utils.py:87} INFO - Sending the signal 15 to group 2686
[2025-11-12T23:03:20.601-0800] {taskinstance.py:3092} ERROR - Received SIGTERM. Terminating subprocesses.
[2025-11-12T23:03:20.602-0800] {subprocess.py:104} INFO - Sending SIGTERM signal to process group
[2025-11-12T23:03:20.605-0800] {process_utils.py:80} INFO - Process psutil.Process(pid=2688, status='terminated', started='22:02:35') (2688) terminated with exit code None
[2025-11-12T23:03:20.607-0800] {taskinstance.py:3310} ERROR - Task failed with exception
Traceback (most recent call last):
  File "/Users/dipinjassal/ml/tmdb_data_warehouse/venv/lib/python3.12/site-packages/airflow/models/taskinstance.py", line 762, in _execute_task
    result = _execute_callable(context=context, **execute_callable_kwargs)
             ^^^^^^^^^^^^^^^^^^^^^^^^^^^^^^^^^^^^^^^^^^^^^^^^^^^^^^^^^^^^^
  File "/Users/dipinjassal/ml/tmdb_data_warehouse/venv/lib/python3.12/site-packages/airflow/models/taskinstance.py", line 733, in _execute_callable
    return ExecutionCallableRunner(
           ^^^^^^^^^^^^^^^^^^^^^^^^
  File "/Users/dipinjassal/ml/tmdb_data_warehouse/venv/lib/python3.12/site-packages/airflow/utils/operator_helpers.py", line 252, in run
    return self.func(*args, **kwargs)
           ^^^^^^^^^^^^^^^^^^^^^^^^^^
  File "/Users/dipinjassal/ml/tmdb_data_warehouse/venv/lib/python3.12/site-packages/airflow/models/baseoperator.py", line 406, in wrapper
    return func(self, *args, **kwargs)
           ^^^^^^^^^^^^^^^^^^^^^^^^^^^
  File "/Users/dipinjassal/ml/tmdb_data_warehouse/venv/lib/python3.12/site-packages/airflow/operators/bash.py", line 240, in execute
    result = self.subprocess_hook.run_command(
             ^^^^^^^^^^^^^^^^^^^^^^^^^^^^^^^^^
  File "/Users/dipinjassal/ml/tmdb_data_warehouse/venv/lib/python3.12/site-packages/airflow/hooks/subprocess.py", line 91, in run_command
    for raw_line in iter(self.sub_process.stdout.readline, b""):
  File "/Users/dipinjassal/ml/tmdb_data_warehouse/venv/lib/python3.12/site-packages/airflow/models/taskinstance.py", line 3094, in signal_handler
    raise AirflowTaskTerminated("Task received SIGTERM signal")
airflow.exceptions.AirflowTaskTerminated: Task received SIGTERM signal
[2025-11-12T23:03:20.612-0800] {logging_mixin.py:190} INFO - Task instance in failure state
[2025-11-12T23:03:20.613-0800] {logging_mixin.py:190} INFO - Task start:2025-11-13 06:02:35.752807+00:00 end:2025-11-13 07:03:20.612376+00:00 duration:3644.859569
[2025-11-12T23:03:20.613-0800] {logging_mixin.py:190} INFO - Task:<Task(BashOperator): extract_movie_credits> dag:<DAG: tmdb_data_extraction> dagrun:<DagRun tmdb_data_extraction @ 2025-11-13 05:58:35.534848+00:00: manual__2025-11-13T05:58:35.534848+00:00, state:running, queued_at: 2025-11-13 05:58:35.541343+00:00. externally triggered: True>
[2025-11-12T23:03:20.613-0800] {logging_mixin.py:190} INFO - Failure caused by Task received SIGTERM signal
[2025-11-12T23:03:20.614-0800] {taskinstance.py:1225} INFO - Marking task as UP_FOR_RETRY. dag_id=tmdb_data_extraction, task_id=extract_movie_credits, run_id=manual__2025-11-13T05:58:35.534848+00:00, execution_date=20251113T055835, start_date=20251113T060235, end_date=20251113T070320
[2025-11-12T23:03:20.618-0800] {taskinstance.py:340} INFO - ::group::Post task execution logs
[2025-11-12T23:03:20.621-0800] {process_utils.py:80} INFO - Process psutil.Process(pid=2686, status='terminated', exitcode=2, started='22:02:35') (2686) terminated with exit code 2
[2025-11-12T23:03:20.621-0800] {process_utils.py:80} INFO - Process psutil.Process(pid=2687, status='terminated', started='22:02:35') (2687) terminated with exit code None
[2025-11-12T23:03:22.870-0800] {local_task_job_runner.py:123} INFO - ::group::Pre task execution logs
[2025-11-12T23:03:22.871-0800] {taskinstance.py:2602} INFO - Dependencies not met for <TaskInstance: tmdb_data_extraction.extract_movie_credits manual__2025-11-13T05:58:35.534848+00:00 [up_for_retry]>, dependency 'Not In Retry Period' FAILED: Task is not ready for retry yet but will be retried automatically. Current date is 2025-11-13T07:03:22.871437+00:00 and task will be retried at 2025-11-13T07:05:20.612376+00:00.
[2025-11-12T23:03:22.872-0800] {local_task_job_runner.py:166} INFO - Task is not able to be run
