[2025-11-12T21:31:35.958-0800] {local_task_job_runner.py:123} INFO - ::group::Pre task execution logs
[2025-11-12T21:31:35.960-0800] {taskinstance.py:2612} INFO - Dependencies all met for dep_context=non-requeueable deps ti=<TaskInstance: tmdb_data_extraction.extract_movie_details manual__2025-11-13T05:31:25.196747+00:00 [queued]>
[2025-11-12T21:31:35.961-0800] {taskinstance.py:2612} INFO - Dependencies all met for dep_context=requeueable deps ti=<TaskInstance: tmdb_data_extraction.extract_movie_details manual__2025-11-13T05:31:25.196747+00:00 [queued]>
[2025-11-12T21:31:35.961-0800] {taskinstance.py:2865} INFO - Starting attempt 1 of 2
[2025-11-12T21:31:35.964-0800] {taskinstance.py:2888} INFO - Executing <Task(BashOperator): extract_movie_details> on 2025-11-13 05:31:25.196747+00:00
[2025-11-12T21:31:35.970-0800] {logging_mixin.py:190} WARNING - /Users/dipinjassal/ml/tmdb_data_warehouse/venv/lib/python3.12/site-packages/airflow/task/task_runner/standard_task_runner.py:70 DeprecationWarning: This process (pid=1930) is multi-threaded, use of fork() may lead to deadlocks in the child.
[2025-11-12T21:31:35.970-0800] {standard_task_runner.py:104} INFO - Running: ['airflow', 'tasks', 'run', 'tmdb_data_extraction', 'extract_movie_details', 'manual__2025-11-13T05:31:25.196747+00:00', '--job-id', '45', '--raw', '--subdir', 'DAGS_FOLDER/tmdb_extraction_dag.py', '--cfg-path', '/var/folders/r9/q22xmvj17r590_phm7qsfl9h0000gn/T/tmp7ftl8f6c']
[2025-11-12T21:31:35.971-0800] {standard_task_runner.py:72} INFO - Started process 1931 to run task
[2025-11-12T21:31:35.971-0800] {standard_task_runner.py:105} INFO - Job 45: Subtask extract_movie_details
[2025-11-12T21:31:35.981-0800] {task_command.py:467} INFO - Running <TaskInstance: tmdb_data_extraction.extract_movie_details manual__2025-11-13T05:31:25.196747+00:00 [running]> on host dipins-macbook-pro.local
[2025-11-12T21:31:35.997-0800] {taskinstance.py:3131} INFO - Exporting env vars: AIRFLOW_CTX_DAG_OWNER='team7' AIRFLOW_CTX_DAG_ID='tmdb_data_extraction' AIRFLOW_CTX_TASK_ID='extract_movie_details' AIRFLOW_CTX_EXECUTION_DATE='2025-11-13T05:31:25.196747+00:00' AIRFLOW_CTX_TRY_NUMBER='1' AIRFLOW_CTX_DAG_RUN_ID='manual__2025-11-13T05:31:25.196747+00:00'
[2025-11-12T21:31:35.997-0800] {logging_mixin.py:190} INFO - Task instance is in running state
[2025-11-12T21:31:35.997-0800] {logging_mixin.py:190} INFO -  Previous state of the Task instance: queued
[2025-11-12T21:31:35.997-0800] {logging_mixin.py:190} INFO - Current task name:extract_movie_details state:running start_date:2025-11-13 05:31:35.960543+00:00
[2025-11-12T21:31:35.997-0800] {logging_mixin.py:190} INFO - Dag name:tmdb_data_extraction and current dag run status:running
[2025-11-12T21:31:35.998-0800] {taskinstance.py:731} INFO - ::endgroup::
[2025-11-12T21:31:35.998-0800] {subprocess.py:63} INFO - Tmp dir root location: /var/folders/r9/q22xmvj17r590_phm7qsfl9h0000gn/T
[2025-11-12T21:31:35.998-0800] {subprocess.py:75} INFO - Running command: ['/bin/bash', '-c', 'cd /Users/dipinjassal/ml/tmdb_data_warehouse && /Users/dipinjassal/ml/tmdb_data_warehouse/venv/bin/python scripts/airflow_extract_details.py']
[2025-11-12T21:31:36.001-0800] {subprocess.py:86} INFO - Output:
[2025-11-12T21:31:40.308-0800] {subprocess.py:93} INFO - EXTRACTING MOVIE DETAILS
[2025-11-12T21:31:40.311-0800] {subprocess.py:93} INFO - TMDB Client initialized with base URL: https://api.themoviedb.org/3
[2025-11-12T21:31:40.312-0800] {subprocess.py:93} INFO - ✓ Connected to MongoDB: tmdb-raw
[2025-11-12T21:31:40.314-0800] {subprocess.py:93} INFO - [1/10] Movie 1062722
[2025-11-12T21:31:40.315-0800] {subprocess.py:93} INFO - Inserting 1 movies...
[2025-11-12T21:31:40.317-0800] {subprocess.py:93} INFO -   ✓ Inserted: 0, Updated: 1
[2025-11-12T21:31:40.318-0800] {subprocess.py:93} INFO -   ✓ Companies: 0 new, 3 updated
[2025-11-12T21:31:40.319-0800] {subprocess.py:93} INFO - [2/10] Movie 1242898
[2025-11-12T21:31:40.319-0800] {subprocess.py:93} INFO - Inserting 1 movies...
[2025-11-12T21:31:40.320-0800] {subprocess.py:93} INFO -   ✓ Inserted: 0, Updated: 1
[2025-11-12T21:31:40.321-0800] {subprocess.py:93} INFO -   ✓ Companies: 0 new, 5 updated
[2025-11-12T21:31:40.322-0800] {subprocess.py:93} INFO - [3/10] Movie 1197137
[2025-11-12T21:31:40.323-0800] {subprocess.py:93} INFO - Inserting 1 movies...
[2025-11-12T21:31:40.324-0800] {subprocess.py:93} INFO -   ✓ Inserted: 0, Updated: 1
[2025-11-12T21:31:40.325-0800] {subprocess.py:93} INFO -   ✓ Companies: 0 new, 4 updated
[2025-11-12T21:31:40.326-0800] {subprocess.py:93} INFO - [4/10] Movie 1161617
[2025-11-12T21:31:40.327-0800] {subprocess.py:93} INFO - Inserting 1 movies...
[2025-11-12T21:31:40.327-0800] {subprocess.py:93} INFO -   ✓ Inserted: 0, Updated: 1
[2025-11-12T21:31:40.328-0800] {subprocess.py:93} INFO -   ✓ Companies: 0 new, 5 updated
[2025-11-12T21:31:40.328-0800] {subprocess.py:93} INFO - [5/10] Movie 755898
[2025-11-12T21:31:40.329-0800] {subprocess.py:93} INFO - Inserting 1 movies...
[2025-11-12T21:31:40.330-0800] {subprocess.py:93} INFO -   ✓ Inserted: 0, Updated: 1
[2025-11-12T21:31:40.331-0800] {subprocess.py:93} INFO -   ✓ Companies: 0 new, 3 updated
[2025-11-12T21:31:40.331-0800] {subprocess.py:93} INFO - [6/10] Movie 1096563
[2025-11-12T21:31:40.331-0800] {subprocess.py:93} INFO - Inserting 1 movies...
[2025-11-12T21:31:40.332-0800] {subprocess.py:93} INFO -   ✓ Inserted: 0, Updated: 1
[2025-11-12T21:31:40.332-0800] {subprocess.py:93} INFO - [7/10] Movie 1025527
[2025-11-12T21:31:40.332-0800] {subprocess.py:93} INFO - Inserting 1 movies...
[2025-11-12T21:31:40.333-0800] {subprocess.py:93} INFO -   ✓ Inserted: 0, Updated: 1
[2025-11-12T21:31:40.333-0800] {subprocess.py:93} INFO -   ✓ Companies: 0 new, 4 updated
[2025-11-12T21:31:40.333-0800] {subprocess.py:93} INFO - [8/10] Movie 1218925
[2025-11-12T21:31:40.334-0800] {subprocess.py:93} INFO - Inserting 1 movies...
[2025-11-12T21:31:40.334-0800] {subprocess.py:93} INFO -   ✓ Inserted: 0, Updated: 1
[2025-11-12T21:31:40.334-0800] {subprocess.py:93} INFO -   ✓ Companies: 0 new, 1 updated
[2025-11-12T21:31:40.335-0800] {subprocess.py:93} INFO - [9/10] Movie 1561969
[2025-11-12T21:31:40.335-0800] {subprocess.py:93} INFO - Inserting 1 movies...
[2025-11-12T21:31:40.335-0800] {subprocess.py:93} INFO -   ✓ Inserted: 0, Updated: 1
[2025-11-12T21:31:40.336-0800] {subprocess.py:93} INFO -   ✓ Companies: 0 new, 2 updated
[2025-11-12T21:31:40.336-0800] {subprocess.py:93} INFO - [10/10] Movie 1311031
[2025-11-12T21:31:40.337-0800] {subprocess.py:93} INFO - Inserting 1 movies...
[2025-11-12T21:31:40.337-0800] {subprocess.py:93} INFO -   ✓ Inserted: 0, Updated: 1
[2025-11-12T21:31:40.337-0800] {subprocess.py:93} INFO -   ✓ Companies: 0 new, 3 updated
[2025-11-12T21:31:40.337-0800] {subprocess.py:93} INFO - SUCCESS: 10 details
[2025-11-12T21:31:40.338-0800] {subprocess.py:93} INFO - ✓ TMDB Client session closed
[2025-11-12T21:31:40.338-0800] {subprocess.py:93} INFO - ✓ MongoDB connection closed
[2025-11-12T21:31:40.872-0800] {subprocess.py:97} INFO - Command exited with return code 0
[2025-11-12T21:31:40.882-0800] {taskinstance.py:340} INFO - ::group::Post task execution logs
[2025-11-12T21:31:40.883-0800] {taskinstance.py:352} INFO - Marking task as SUCCESS. dag_id=tmdb_data_extraction, task_id=extract_movie_details, run_id=manual__2025-11-13T05:31:25.196747+00:00, execution_date=20251113T053125, start_date=20251113T053135, end_date=20251113T053140
[2025-11-12T21:31:40.885-0800] {logging_mixin.py:190} INFO - Task instance in success state
[2025-11-12T21:31:40.886-0800] {logging_mixin.py:190} INFO -  Previous state of the Task instance: running
[2025-11-12T21:31:40.886-0800] {logging_mixin.py:190} INFO - Dag name:tmdb_data_extraction queued_at:2025-11-13 05:31:25.211548+00:00
[2025-11-12T21:31:40.886-0800] {logging_mixin.py:190} INFO - Task hostname:dipins-macbook-pro.local operator:BashOperator
[2025-11-12T21:31:40.920-0800] {local_task_job_runner.py:266} INFO - Task exited with return code 0
[2025-11-12T21:31:40.927-0800] {taskinstance.py:3900} INFO - 1 downstream tasks scheduled from follow-on schedule check
[2025-11-12T21:31:40.928-0800] {local_task_job_runner.py:245} INFO - ::endgroup::
