[2025-11-12T21:58:40.354-0800] {local_task_job_runner.py:123} INFO - ::group::Pre task execution logs
[2025-11-12T21:58:40.356-0800] {taskinstance.py:2612} INFO - Dependencies all met for dep_context=non-requeueable deps ti=<TaskInstance: tmdb_data_extraction.extract_popular_movies manual__2025-11-13T05:58:35.534848+00:00 [queued]>
[2025-11-12T21:58:40.358-0800] {taskinstance.py:2612} INFO - Dependencies all met for dep_context=requeueable deps ti=<TaskInstance: tmdb_data_extraction.extract_popular_movies manual__2025-11-13T05:58:35.534848+00:00 [queued]>
[2025-11-12T21:58:40.358-0800] {taskinstance.py:2865} INFO - Starting attempt 1 of 2
[2025-11-12T21:58:40.360-0800] {taskinstance.py:2888} INFO - Executing <Task(BashOperator): extract_popular_movies> on 2025-11-13 05:58:35.534848+00:00
[2025-11-12T21:58:40.365-0800] {logging_mixin.py:190} WARNING - /Users/dipinjassal/ml/tmdb_data_warehouse/venv/lib/python3.12/site-packages/airflow/task/task_runner/standard_task_runner.py:70 DeprecationWarning: This process (pid=2620) is multi-threaded, use of fork() may lead to deadlocks in the child.
[2025-11-12T21:58:40.366-0800] {standard_task_runner.py:72} INFO - Started process 2622 to run task
[2025-11-12T21:58:40.365-0800] {standard_task_runner.py:104} INFO - Running: ['airflow', 'tasks', 'run', 'tmdb_data_extraction', 'extract_popular_movies', 'manual__2025-11-13T05:58:35.534848+00:00', '--job-id', '63', '--raw', '--subdir', 'DAGS_FOLDER/tmdb_extraction_dag.py', '--cfg-path', '/var/folders/r9/q22xmvj17r590_phm7qsfl9h0000gn/T/tmpjamfxdp5']
[2025-11-12T21:58:40.366-0800] {standard_task_runner.py:105} INFO - Job 63: Subtask extract_popular_movies
[2025-11-12T21:58:40.376-0800] {task_command.py:467} INFO - Running <TaskInstance: tmdb_data_extraction.extract_popular_movies manual__2025-11-13T05:58:35.534848+00:00 [running]> on host dipins-macbook-pro.local
[2025-11-12T21:58:40.391-0800] {taskinstance.py:3131} INFO - Exporting env vars: AIRFLOW_CTX_DAG_OWNER='team7' AIRFLOW_CTX_DAG_ID='tmdb_data_extraction' AIRFLOW_CTX_TASK_ID='extract_popular_movies' AIRFLOW_CTX_EXECUTION_DATE='2025-11-13T05:58:35.534848+00:00' AIRFLOW_CTX_TRY_NUMBER='1' AIRFLOW_CTX_DAG_RUN_ID='manual__2025-11-13T05:58:35.534848+00:00'
[2025-11-12T21:58:40.391-0800] {logging_mixin.py:190} INFO - Task instance is in running state
[2025-11-12T21:58:40.391-0800] {logging_mixin.py:190} INFO -  Previous state of the Task instance: queued
[2025-11-12T21:58:40.392-0800] {logging_mixin.py:190} INFO - Current task name:extract_popular_movies state:running start_date:2025-11-13 05:58:40.356867+00:00
[2025-11-12T21:58:40.392-0800] {logging_mixin.py:190} INFO - Dag name:tmdb_data_extraction and current dag run status:running
[2025-11-12T21:58:40.392-0800] {taskinstance.py:731} INFO - ::endgroup::
[2025-11-12T21:58:40.392-0800] {subprocess.py:63} INFO - Tmp dir root location: /var/folders/r9/q22xmvj17r590_phm7qsfl9h0000gn/T
[2025-11-12T21:58:40.392-0800] {subprocess.py:75} INFO - Running command: ['/bin/bash', '-c', 'cd /Users/dipinjassal/ml/tmdb_data_warehouse && /Users/dipinjassal/ml/tmdb_data_warehouse/venv/bin/python scripts/airflow_extract_movies.py']
[2025-11-12T21:58:40.395-0800] {subprocess.py:86} INFO - Output:
[2025-11-12T21:59:01.687-0800] {subprocess.py:93} INFO - EXTRACTING MOVIES
[2025-11-12T21:59:01.690-0800] {subprocess.py:93} INFO - TMDB Client initialized with base URL: https://api.themoviedb.org/3
[2025-11-12T21:59:01.692-0800] {subprocess.py:93} INFO - ✓ Connected to MongoDB: tmdb-raw
[2025-11-12T21:59:01.694-0800] {subprocess.py:93} INFO - Fetching 50 pages of popular movies...
[2025-11-12T21:59:01.696-0800] {subprocess.py:93} INFO -   ✓ Page 1: Got 20 movies
[2025-11-12T21:59:01.697-0800] {subprocess.py:93} INFO -   ✓ Page 2: Got 20 movies
[2025-11-12T21:59:01.698-0800] {subprocess.py:93} INFO -   ✓ Page 3: Got 20 movies
[2025-11-12T21:59:01.699-0800] {subprocess.py:93} INFO -   ✓ Page 4: Got 20 movies
[2025-11-12T21:59:01.701-0800] {subprocess.py:93} INFO -   ✓ Page 5: Got 20 movies
[2025-11-12T21:59:01.703-0800] {subprocess.py:93} INFO -   ✓ Page 6: Got 20 movies
[2025-11-12T21:59:01.704-0800] {subprocess.py:93} INFO -   ✓ Page 7: Got 20 movies
[2025-11-12T21:59:01.705-0800] {subprocess.py:93} INFO -   ✓ Page 8: Got 20 movies
[2025-11-12T21:59:01.705-0800] {subprocess.py:93} INFO -   ✓ Page 9: Got 20 movies
[2025-11-12T21:59:01.706-0800] {subprocess.py:93} INFO -   ✓ Page 10: Got 20 movies
[2025-11-12T21:59:01.707-0800] {subprocess.py:93} INFO -   ✓ Page 11: Got 20 movies
[2025-11-12T21:59:01.708-0800] {subprocess.py:93} INFO -   ✓ Page 12: Got 20 movies
[2025-11-12T21:59:01.709-0800] {subprocess.py:93} INFO -   ✓ Page 13: Got 20 movies
[2025-11-12T21:59:01.710-0800] {subprocess.py:93} INFO -   ✓ Page 14: Got 20 movies
[2025-11-12T21:59:01.711-0800] {subprocess.py:93} INFO -   ✓ Page 15: Got 20 movies
[2025-11-12T21:59:01.712-0800] {subprocess.py:93} INFO -   ✓ Page 16: Got 20 movies
[2025-11-12T21:59:01.713-0800] {subprocess.py:93} INFO -   ✓ Page 17: Got 20 movies
[2025-11-12T21:59:01.714-0800] {subprocess.py:93} INFO -   ✓ Page 18: Got 20 movies
[2025-11-12T21:59:01.715-0800] {subprocess.py:93} INFO -   ✓ Page 19: Got 20 movies
[2025-11-12T21:59:01.715-0800] {subprocess.py:93} INFO -   ✓ Page 20: Got 20 movies
[2025-11-12T21:59:01.716-0800] {subprocess.py:93} INFO -   ✓ Page 21: Got 20 movies
[2025-11-12T21:59:01.716-0800] {subprocess.py:93} INFO -   ✓ Page 22: Got 20 movies
[2025-11-12T21:59:01.717-0800] {subprocess.py:93} INFO -   ✓ Page 23: Got 20 movies
[2025-11-12T21:59:01.717-0800] {subprocess.py:93} INFO -   ✓ Page 24: Got 20 movies
[2025-11-12T21:59:01.717-0800] {subprocess.py:93} INFO -   ✓ Page 25: Got 20 movies
[2025-11-12T21:59:01.718-0800] {subprocess.py:93} INFO -   ✓ Page 26: Got 20 movies
[2025-11-12T21:59:01.718-0800] {subprocess.py:93} INFO -   ✓ Page 27: Got 20 movies
[2025-11-12T21:59:01.718-0800] {subprocess.py:93} INFO -   ✓ Page 28: Got 20 movies
[2025-11-12T21:59:01.719-0800] {subprocess.py:93} INFO -   ✓ Page 29: Got 20 movies
[2025-11-12T21:59:01.719-0800] {subprocess.py:93} INFO -   ✓ Page 30: Got 20 movies
[2025-11-12T21:59:01.719-0800] {subprocess.py:93} INFO -   ✓ Page 31: Got 20 movies
[2025-11-12T21:59:01.720-0800] {subprocess.py:93} INFO -   ✓ Page 32: Got 20 movies
[2025-11-12T21:59:01.720-0800] {subprocess.py:93} INFO -   ✓ Page 33: Got 20 movies
[2025-11-12T21:59:01.720-0800] {subprocess.py:93} INFO -   ✓ Page 34: Got 20 movies
[2025-11-12T21:59:01.721-0800] {subprocess.py:93} INFO -   ✓ Page 35: Got 20 movies
[2025-11-12T21:59:01.721-0800] {subprocess.py:93} INFO -   ✓ Page 36: Got 20 movies
[2025-11-12T21:59:01.722-0800] {subprocess.py:93} INFO -   ✓ Page 37: Got 20 movies
[2025-11-12T21:59:01.722-0800] {subprocess.py:93} INFO -   ✓ Page 38: Got 20 movies
[2025-11-12T21:59:01.722-0800] {subprocess.py:93} INFO -   ✓ Page 39: Got 20 movies
[2025-11-12T21:59:01.722-0800] {subprocess.py:93} INFO -   ✓ Page 40: Got 20 movies
[2025-11-12T21:59:01.723-0800] {subprocess.py:93} INFO -   ✓ Page 41: Got 20 movies
[2025-11-12T21:59:01.723-0800] {subprocess.py:93} INFO -   ✓ Page 42: Got 20 movies
[2025-11-12T21:59:01.723-0800] {subprocess.py:93} INFO -   ✓ Page 43: Got 20 movies
[2025-11-12T21:59:01.724-0800] {subprocess.py:93} INFO -   ✓ Page 44: Got 20 movies
[2025-11-12T21:59:01.724-0800] {subprocess.py:93} INFO -   ✓ Page 45: Got 20 movies
[2025-11-12T21:59:01.724-0800] {subprocess.py:93} INFO -   ✓ Page 46: Got 20 movies
[2025-11-12T21:59:01.724-0800] {subprocess.py:93} INFO -   ✓ Page 47: Got 20 movies
[2025-11-12T21:59:01.725-0800] {subprocess.py:93} INFO -   ✓ Page 48: Got 20 movies
[2025-11-12T21:59:01.725-0800] {subprocess.py:93} INFO -   ✓ Page 49: Got 20 movies
[2025-11-12T21:59:01.725-0800] {subprocess.py:93} INFO -   ✓ Page 50: Got 20 movies
[2025-11-12T21:59:01.725-0800] {subprocess.py:93} INFO - ✅ Total movies fetched: 1000
[2025-11-12T21:59:01.726-0800] {subprocess.py:93} INFO - Inserting 1000 movies...
[2025-11-12T21:59:01.726-0800] {subprocess.py:93} INFO -   ✓ Inserted: 0, Updated: 988
[2025-11-12T21:59:01.726-0800] {subprocess.py:93} INFO - SUCCESS: 1000 movies
[2025-11-12T21:59:01.727-0800] {subprocess.py:93} INFO - ✓ TMDB Client session closed
[2025-11-12T21:59:01.727-0800] {subprocess.py:93} INFO - ✓ MongoDB connection closed
[2025-11-12T21:59:02.095-0800] {subprocess.py:97} INFO - Command exited with return code 0
[2025-11-12T21:59:02.103-0800] {taskinstance.py:340} INFO - ::group::Post task execution logs
[2025-11-12T21:59:02.103-0800] {taskinstance.py:352} INFO - Marking task as SUCCESS. dag_id=tmdb_data_extraction, task_id=extract_popular_movies, run_id=manual__2025-11-13T05:58:35.534848+00:00, execution_date=20251113T055835, start_date=20251113T055840, end_date=20251113T055902
[2025-11-12T21:59:02.106-0800] {logging_mixin.py:190} INFO - Task instance in success state
[2025-11-12T21:59:02.106-0800] {logging_mixin.py:190} INFO -  Previous state of the Task instance: running
[2025-11-12T21:59:02.106-0800] {logging_mixin.py:190} INFO - Dag name:tmdb_data_extraction queued_at:2025-11-13 05:58:35.541343+00:00
[2025-11-12T21:59:02.106-0800] {logging_mixin.py:190} INFO - Task hostname:dipins-macbook-pro.local operator:BashOperator
[2025-11-12T21:59:02.126-0800] {local_task_job_runner.py:266} INFO - Task exited with return code 0
[2025-11-12T21:59:02.134-0800] {taskinstance.py:3900} INFO - 1 downstream tasks scheduled from follow-on schedule check
[2025-11-12T21:59:02.134-0800] {local_task_job_runner.py:245} INFO - ::endgroup::
