[2025-11-12T21:51:51.457-0800] {local_task_job_runner.py:123} INFO - ::group::Pre task execution logs
[2025-11-12T21:51:51.460-0800] {taskinstance.py:2612} INFO - Dependencies all met for dep_context=non-requeueable deps ti=<TaskInstance: tmdb_data_extraction.extract_movie_credits manual__2025-11-13T05:39:27.360893+00:00 [queued]>
[2025-11-12T21:51:51.462-0800] {taskinstance.py:2612} INFO - Dependencies all met for dep_context=requeueable deps ti=<TaskInstance: tmdb_data_extraction.extract_movie_credits manual__2025-11-13T05:39:27.360893+00:00 [queued]>
[2025-11-12T21:51:51.462-0800] {taskinstance.py:2865} INFO - Starting attempt 2 of 2
[2025-11-12T21:51:51.465-0800] {taskinstance.py:2888} INFO - Executing <Task(BashOperator): extract_movie_credits> on 2025-11-13 05:39:27.360893+00:00
[2025-11-12T21:51:51.470-0800] {standard_task_runner.py:104} INFO - Running: ['airflow', 'tasks', 'run', 'tmdb_data_extraction', 'extract_movie_credits', 'manual__2025-11-13T05:39:27.360893+00:00', '--job-id', '59', '--raw', '--subdir', 'DAGS_FOLDER/tmdb_extraction_dag.py', '--cfg-path', '/var/folders/r9/q22xmvj17r590_phm7qsfl9h0000gn/T/tmpsutr7z8p']
[2025-11-12T21:51:51.470-0800] {logging_mixin.py:190} WARNING - /Users/dipinjassal/ml/tmdb_data_warehouse/venv/lib/python3.12/site-packages/airflow/task/task_runner/standard_task_runner.py:70 DeprecationWarning: This process (pid=2473) is multi-threaded, use of fork() may lead to deadlocks in the child.
[2025-11-12T21:51:51.471-0800] {standard_task_runner.py:72} INFO - Started process 2474 to run task
[2025-11-12T21:51:51.471-0800] {standard_task_runner.py:105} INFO - Job 59: Subtask extract_movie_credits
[2025-11-12T21:51:51.483-0800] {task_command.py:467} INFO - Running <TaskInstance: tmdb_data_extraction.extract_movie_credits manual__2025-11-13T05:39:27.360893+00:00 [running]> on host dipins-macbook-pro.local
[2025-11-12T21:51:51.501-0800] {taskinstance.py:3131} INFO - Exporting env vars: AIRFLOW_CTX_DAG_OWNER='team7' AIRFLOW_CTX_DAG_ID='tmdb_data_extraction' AIRFLOW_CTX_TASK_ID='extract_movie_credits' AIRFLOW_CTX_EXECUTION_DATE='2025-11-13T05:39:27.360893+00:00' AIRFLOW_CTX_TRY_NUMBER='2' AIRFLOW_CTX_DAG_RUN_ID='manual__2025-11-13T05:39:27.360893+00:00'
[2025-11-12T21:51:51.502-0800] {logging_mixin.py:190} INFO - Task instance is in running state
[2025-11-12T21:51:51.502-0800] {logging_mixin.py:190} INFO -  Previous state of the Task instance: queued
[2025-11-12T21:51:51.502-0800] {logging_mixin.py:190} INFO - Current task name:extract_movie_credits state:running start_date:2025-11-13 05:51:51.460375+00:00
[2025-11-12T21:51:51.503-0800] {logging_mixin.py:190} INFO - Dag name:tmdb_data_extraction and current dag run status:running
[2025-11-12T21:51:51.503-0800] {taskinstance.py:731} INFO - ::endgroup::
[2025-11-12T21:51:51.503-0800] {subprocess.py:63} INFO - Tmp dir root location: /var/folders/r9/q22xmvj17r590_phm7qsfl9h0000gn/T
[2025-11-12T21:51:51.503-0800] {subprocess.py:75} INFO - Running command: ['/bin/bash', '-c', 'cd /Users/dipinjassal/ml/tmdb_data_warehouse && /Users/dipinjassal/ml/tmdb_data_warehouse/venv/bin/python scripts/airflow_extract_credits.py']
[2025-11-12T21:51:51.506-0800] {subprocess.py:86} INFO - Output:
[2025-11-12T21:56:51.506-0800] {timeout.py:68} ERROR - Process timed out, PID: 2474
[2025-11-12T21:56:51.510-0800] {subprocess.py:104} INFO - Sending SIGTERM signal to process group
[2025-11-12T21:56:51.524-0800] {taskinstance.py:3310} ERROR - Task failed with exception
Traceback (most recent call last):
  File "/Users/dipinjassal/ml/tmdb_data_warehouse/venv/lib/python3.12/site-packages/airflow/models/taskinstance.py", line 762, in _execute_task
    result = _execute_callable(context=context, **execute_callable_kwargs)
             ^^^^^^^^^^^^^^^^^^^^^^^^^^^^^^^^^^^^^^^^^^^^^^^^^^^^^^^^^^^^^
  File "/Users/dipinjassal/ml/tmdb_data_warehouse/venv/lib/python3.12/site-packages/airflow/models/taskinstance.py", line 733, in _execute_callable
    return ExecutionCallableRunner(
           ^^^^^^^^^^^^^^^^^^^^^^^^
  File "/Users/dipinjassal/ml/tmdb_data_warehouse/venv/lib/python3.12/site-packages/airflow/utils/operator_helpers.py", line 252, in run
    return self.func(*args, **kwargs)
           ^^^^^^^^^^^^^^^^^^^^^^^^^^
  File "/Users/dipinjassal/ml/tmdb_data_warehouse/venv/lib/python3.12/site-packages/airflow/models/baseoperator.py", line 406, in wrapper
    return func(self, *args, **kwargs)
           ^^^^^^^^^^^^^^^^^^^^^^^^^^^
  File "/Users/dipinjassal/ml/tmdb_data_warehouse/venv/lib/python3.12/site-packages/airflow/operators/bash.py", line 240, in execute
    result = self.subprocess_hook.run_command(
             ^^^^^^^^^^^^^^^^^^^^^^^^^^^^^^^^^
  File "/Users/dipinjassal/ml/tmdb_data_warehouse/venv/lib/python3.12/site-packages/airflow/hooks/subprocess.py", line 91, in run_command
    for raw_line in iter(self.sub_process.stdout.readline, b""):
  File "/Users/dipinjassal/ml/tmdb_data_warehouse/venv/lib/python3.12/site-packages/airflow/utils/timeout.py", line 69, in handle_timeout
    raise AirflowTaskTimeout(self.error_message)
airflow.exceptions.AirflowTaskTimeout: Timeout, PID: 2474
[2025-11-12T21:56:51.530-0800] {logging_mixin.py:190} INFO - Task instance in failure state
[2025-11-12T21:56:51.531-0800] {logging_mixin.py:190} INFO - Task start:2025-11-13 05:51:51.460375+00:00 end:2025-11-13 05:56:51.529496+00:00 duration:300.069121
[2025-11-12T21:56:51.532-0800] {logging_mixin.py:190} INFO - Task:<Task(BashOperator): extract_movie_credits> dag:<DAG: tmdb_data_extraction> dagrun:<DagRun tmdb_data_extraction @ 2025-11-13 05:39:27.360893+00:00: manual__2025-11-13T05:39:27.360893+00:00, state:running, queued_at: 2025-11-13 05:39:27.368901+00:00. externally triggered: True>
[2025-11-12T21:56:51.533-0800] {logging_mixin.py:190} INFO - Failure caused by Timeout, PID: 2474
[2025-11-12T21:56:51.534-0800] {taskinstance.py:1225} INFO - Marking task as FAILED. dag_id=tmdb_data_extraction, task_id=extract_movie_credits, run_id=manual__2025-11-13T05:39:27.360893+00:00, execution_date=20251113T053927, start_date=20251113T055151, end_date=20251113T055651
[2025-11-12T21:56:51.542-0800] {taskinstance.py:340} INFO - ::group::Post task execution logs
[2025-11-12T21:56:51.590-0800] {local_task_job_runner.py:266} INFO - Task exited with return code 2
[2025-11-12T21:56:51.605-0800] {taskinstance.py:3900} INFO - 0 downstream tasks scheduled from follow-on schedule check
[2025-11-12T21:56:51.605-0800] {local_task_job_runner.py:245} INFO - ::endgroup::
