[2025-11-13T16:42:53.445-0800] {processor.py:186} INFO - Started process (PID=9404) to work on /Users/dipinjassal/ml/tmdb_data_warehouse/venv/lib/python3.12/site-packages/airflow/example_dags/example_branch_operator.py
[2025-11-13T16:42:53.445-0800] {processor.py:914} INFO - Processing file /Users/dipinjassal/ml/tmdb_data_warehouse/venv/lib/python3.12/site-packages/airflow/example_dags/example_branch_operator.py for tasks to queue
[2025-11-13T16:42:53.445-0800] {logging_mixin.py:190} INFO - [2025-11-13T16:42:53.445-0800] {dagbag.py:588} INFO - Filling up the DagBag from /Users/dipinjassal/ml/tmdb_data_warehouse/venv/lib/python3.12/site-packages/airflow/example_dags/example_branch_operator.py
[2025-11-13T16:42:53.452-0800] {processor.py:927} WARNING - No viable dags retrieved from /Users/dipinjassal/ml/tmdb_data_warehouse/venv/lib/python3.12/site-packages/airflow/example_dags/example_branch_operator.py
[2025-11-13T16:42:53.473-0800] {processor.py:208} INFO - Processing /Users/dipinjassal/ml/tmdb_data_warehouse/venv/lib/python3.12/site-packages/airflow/example_dags/example_branch_operator.py took 0.029 seconds
[2025-11-13T16:45:17.278-0800] {processor.py:186} INFO - Started process (PID=9502) to work on /Users/dipinjassal/ml/tmdb_data_warehouse/venv/lib/python3.12/site-packages/airflow/example_dags/example_branch_operator.py
[2025-11-13T16:45:17.278-0800] {processor.py:914} INFO - Processing file /Users/dipinjassal/ml/tmdb_data_warehouse/venv/lib/python3.12/site-packages/airflow/example_dags/example_branch_operator.py for tasks to queue
[2025-11-13T16:45:17.278-0800] {logging_mixin.py:190} INFO - [2025-11-13T16:45:17.278-0800] {dagbag.py:588} INFO - Filling up the DagBag from /Users/dipinjassal/ml/tmdb_data_warehouse/venv/lib/python3.12/site-packages/airflow/example_dags/example_branch_operator.py
[2025-11-13T16:45:17.285-0800] {processor.py:927} WARNING - No viable dags retrieved from /Users/dipinjassal/ml/tmdb_data_warehouse/venv/lib/python3.12/site-packages/airflow/example_dags/example_branch_operator.py
[2025-11-13T16:45:17.306-0800] {processor.py:208} INFO - Processing /Users/dipinjassal/ml/tmdb_data_warehouse/venv/lib/python3.12/site-packages/airflow/example_dags/example_branch_operator.py took 0.030 seconds
[2025-11-13T16:47:54.639-0800] {processor.py:186} INFO - Started process (PID=9584) to work on /Users/dipinjassal/ml/tmdb_data_warehouse/venv/lib/python3.12/site-packages/airflow/example_dags/example_branch_operator.py
[2025-11-13T16:47:54.639-0800] {processor.py:914} INFO - Processing file /Users/dipinjassal/ml/tmdb_data_warehouse/venv/lib/python3.12/site-packages/airflow/example_dags/example_branch_operator.py for tasks to queue
[2025-11-13T16:47:54.639-0800] {logging_mixin.py:190} INFO - [2025-11-13T16:47:54.639-0800] {dagbag.py:588} INFO - Filling up the DagBag from /Users/dipinjassal/ml/tmdb_data_warehouse/venv/lib/python3.12/site-packages/airflow/example_dags/example_branch_operator.py
[2025-11-13T16:47:54.646-0800] {processor.py:927} WARNING - No viable dags retrieved from /Users/dipinjassal/ml/tmdb_data_warehouse/venv/lib/python3.12/site-packages/airflow/example_dags/example_branch_operator.py
[2025-11-13T16:47:54.667-0800] {processor.py:208} INFO - Processing /Users/dipinjassal/ml/tmdb_data_warehouse/venv/lib/python3.12/site-packages/airflow/example_dags/example_branch_operator.py took 0.029 seconds
[2025-11-13T16:56:42.564-0800] {processor.py:186} INFO - Started process (PID=9680) to work on /Users/dipinjassal/ml/tmdb_data_warehouse/venv/lib/python3.12/site-packages/airflow/example_dags/example_branch_operator.py
[2025-11-13T16:56:42.565-0800] {processor.py:914} INFO - Processing file /Users/dipinjassal/ml/tmdb_data_warehouse/venv/lib/python3.12/site-packages/airflow/example_dags/example_branch_operator.py for tasks to queue
[2025-11-13T16:56:42.565-0800] {logging_mixin.py:190} INFO - [2025-11-13T16:56:42.565-0800] {dagbag.py:588} INFO - Filling up the DagBag from /Users/dipinjassal/ml/tmdb_data_warehouse/venv/lib/python3.12/site-packages/airflow/example_dags/example_branch_operator.py
[2025-11-13T16:56:42.571-0800] {processor.py:927} WARNING - No viable dags retrieved from /Users/dipinjassal/ml/tmdb_data_warehouse/venv/lib/python3.12/site-packages/airflow/example_dags/example_branch_operator.py
[2025-11-13T16:56:42.593-0800] {processor.py:208} INFO - Processing /Users/dipinjassal/ml/tmdb_data_warehouse/venv/lib/python3.12/site-packages/airflow/example_dags/example_branch_operator.py took 0.029 seconds
[2025-11-13T16:58:58.644-0800] {processor.py:186} INFO - Started process (PID=9776) to work on /Users/dipinjassal/ml/tmdb_data_warehouse/venv/lib/python3.12/site-packages/airflow/example_dags/example_branch_operator.py
[2025-11-13T16:58:58.644-0800] {processor.py:914} INFO - Processing file /Users/dipinjassal/ml/tmdb_data_warehouse/venv/lib/python3.12/site-packages/airflow/example_dags/example_branch_operator.py for tasks to queue
[2025-11-13T16:58:58.644-0800] {logging_mixin.py:190} INFO - [2025-11-13T16:58:58.644-0800] {dagbag.py:588} INFO - Filling up the DagBag from /Users/dipinjassal/ml/tmdb_data_warehouse/venv/lib/python3.12/site-packages/airflow/example_dags/example_branch_operator.py
[2025-11-13T16:58:58.651-0800] {processor.py:927} WARNING - No viable dags retrieved from /Users/dipinjassal/ml/tmdb_data_warehouse/venv/lib/python3.12/site-packages/airflow/example_dags/example_branch_operator.py
[2025-11-13T16:58:58.672-0800] {processor.py:208} INFO - Processing /Users/dipinjassal/ml/tmdb_data_warehouse/venv/lib/python3.12/site-packages/airflow/example_dags/example_branch_operator.py took 0.030 seconds
[2025-11-13T17:01:01.137-0800] {processor.py:186} INFO - Started process (PID=9862) to work on /Users/dipinjassal/ml/tmdb_data_warehouse/venv/lib/python3.12/site-packages/airflow/example_dags/example_branch_operator.py
[2025-11-13T17:01:01.137-0800] {processor.py:914} INFO - Processing file /Users/dipinjassal/ml/tmdb_data_warehouse/venv/lib/python3.12/site-packages/airflow/example_dags/example_branch_operator.py for tasks to queue
[2025-11-13T17:01:01.138-0800] {logging_mixin.py:190} INFO - [2025-11-13T17:01:01.138-0800] {dagbag.py:588} INFO - Filling up the DagBag from /Users/dipinjassal/ml/tmdb_data_warehouse/venv/lib/python3.12/site-packages/airflow/example_dags/example_branch_operator.py
[2025-11-13T17:01:01.144-0800] {processor.py:927} WARNING - No viable dags retrieved from /Users/dipinjassal/ml/tmdb_data_warehouse/venv/lib/python3.12/site-packages/airflow/example_dags/example_branch_operator.py
[2025-11-13T17:01:01.165-0800] {processor.py:208} INFO - Processing /Users/dipinjassal/ml/tmdb_data_warehouse/venv/lib/python3.12/site-packages/airflow/example_dags/example_branch_operator.py took 0.029 seconds
[2025-11-13T17:03:09.285-0800] {processor.py:186} INFO - Started process (PID=9945) to work on /Users/dipinjassal/ml/tmdb_data_warehouse/venv/lib/python3.12/site-packages/airflow/example_dags/example_branch_operator.py
[2025-11-13T17:03:09.286-0800] {processor.py:914} INFO - Processing file /Users/dipinjassal/ml/tmdb_data_warehouse/venv/lib/python3.12/site-packages/airflow/example_dags/example_branch_operator.py for tasks to queue
[2025-11-13T17:03:09.286-0800] {logging_mixin.py:190} INFO - [2025-11-13T17:03:09.286-0800] {dagbag.py:588} INFO - Filling up the DagBag from /Users/dipinjassal/ml/tmdb_data_warehouse/venv/lib/python3.12/site-packages/airflow/example_dags/example_branch_operator.py
[2025-11-13T17:03:09.292-0800] {processor.py:927} WARNING - No viable dags retrieved from /Users/dipinjassal/ml/tmdb_data_warehouse/venv/lib/python3.12/site-packages/airflow/example_dags/example_branch_operator.py
[2025-11-13T17:03:09.314-0800] {processor.py:208} INFO - Processing /Users/dipinjassal/ml/tmdb_data_warehouse/venv/lib/python3.12/site-packages/airflow/example_dags/example_branch_operator.py took 0.030 seconds
[2025-11-13T17:05:19.417-0800] {processor.py:186} INFO - Started process (PID=10055) to work on /Users/dipinjassal/ml/tmdb_data_warehouse/venv/lib/python3.12/site-packages/airflow/example_dags/example_branch_operator.py
[2025-11-13T17:05:19.418-0800] {processor.py:914} INFO - Processing file /Users/dipinjassal/ml/tmdb_data_warehouse/venv/lib/python3.12/site-packages/airflow/example_dags/example_branch_operator.py for tasks to queue
[2025-11-13T17:05:19.418-0800] {logging_mixin.py:190} INFO - [2025-11-13T17:05:19.418-0800] {dagbag.py:588} INFO - Filling up the DagBag from /Users/dipinjassal/ml/tmdb_data_warehouse/venv/lib/python3.12/site-packages/airflow/example_dags/example_branch_operator.py
[2025-11-13T17:05:19.424-0800] {processor.py:927} WARNING - No viable dags retrieved from /Users/dipinjassal/ml/tmdb_data_warehouse/venv/lib/python3.12/site-packages/airflow/example_dags/example_branch_operator.py
[2025-11-13T17:05:19.446-0800] {processor.py:208} INFO - Processing /Users/dipinjassal/ml/tmdb_data_warehouse/venv/lib/python3.12/site-packages/airflow/example_dags/example_branch_operator.py took 0.029 seconds
[2025-11-13T17:07:11.981-0800] {processor.py:186} INFO - Started process (PID=10143) to work on /Users/dipinjassal/ml/tmdb_data_warehouse/venv/lib/python3.12/site-packages/airflow/example_dags/example_branch_operator.py
[2025-11-13T17:07:11.981-0800] {processor.py:914} INFO - Processing file /Users/dipinjassal/ml/tmdb_data_warehouse/venv/lib/python3.12/site-packages/airflow/example_dags/example_branch_operator.py for tasks to queue
[2025-11-13T17:07:11.981-0800] {logging_mixin.py:190} INFO - [2025-11-13T17:07:11.981-0800] {dagbag.py:588} INFO - Filling up the DagBag from /Users/dipinjassal/ml/tmdb_data_warehouse/venv/lib/python3.12/site-packages/airflow/example_dags/example_branch_operator.py
[2025-11-13T17:07:11.988-0800] {processor.py:927} WARNING - No viable dags retrieved from /Users/dipinjassal/ml/tmdb_data_warehouse/venv/lib/python3.12/site-packages/airflow/example_dags/example_branch_operator.py
[2025-11-13T17:07:12.009-0800] {processor.py:208} INFO - Processing /Users/dipinjassal/ml/tmdb_data_warehouse/venv/lib/python3.12/site-packages/airflow/example_dags/example_branch_operator.py took 0.029 seconds
[2025-11-13T17:09:46.189-0800] {processor.py:186} INFO - Started process (PID=10226) to work on /Users/dipinjassal/ml/tmdb_data_warehouse/venv/lib/python3.12/site-packages/airflow/example_dags/example_branch_operator.py
[2025-11-13T17:09:46.189-0800] {processor.py:914} INFO - Processing file /Users/dipinjassal/ml/tmdb_data_warehouse/venv/lib/python3.12/site-packages/airflow/example_dags/example_branch_operator.py for tasks to queue
[2025-11-13T17:09:46.189-0800] {logging_mixin.py:190} INFO - [2025-11-13T17:09:46.189-0800] {dagbag.py:588} INFO - Filling up the DagBag from /Users/dipinjassal/ml/tmdb_data_warehouse/venv/lib/python3.12/site-packages/airflow/example_dags/example_branch_operator.py
[2025-11-13T17:09:46.196-0800] {processor.py:927} WARNING - No viable dags retrieved from /Users/dipinjassal/ml/tmdb_data_warehouse/venv/lib/python3.12/site-packages/airflow/example_dags/example_branch_operator.py
[2025-11-13T17:09:46.217-0800] {processor.py:208} INFO - Processing /Users/dipinjassal/ml/tmdb_data_warehouse/venv/lib/python3.12/site-packages/airflow/example_dags/example_branch_operator.py took 0.030 seconds
[2025-11-13T17:11:33.105-0800] {processor.py:186} INFO - Started process (PID=10323) to work on /Users/dipinjassal/ml/tmdb_data_warehouse/venv/lib/python3.12/site-packages/airflow/example_dags/example_branch_operator.py
[2025-11-13T17:11:33.105-0800] {processor.py:914} INFO - Processing file /Users/dipinjassal/ml/tmdb_data_warehouse/venv/lib/python3.12/site-packages/airflow/example_dags/example_branch_operator.py for tasks to queue
[2025-11-13T17:11:33.105-0800] {logging_mixin.py:190} INFO - [2025-11-13T17:11:33.105-0800] {dagbag.py:588} INFO - Filling up the DagBag from /Users/dipinjassal/ml/tmdb_data_warehouse/venv/lib/python3.12/site-packages/airflow/example_dags/example_branch_operator.py
[2025-11-13T17:11:33.112-0800] {processor.py:927} WARNING - No viable dags retrieved from /Users/dipinjassal/ml/tmdb_data_warehouse/venv/lib/python3.12/site-packages/airflow/example_dags/example_branch_operator.py
[2025-11-13T17:11:33.133-0800] {processor.py:208} INFO - Processing /Users/dipinjassal/ml/tmdb_data_warehouse/venv/lib/python3.12/site-packages/airflow/example_dags/example_branch_operator.py took 0.029 seconds
[2025-11-13T17:13:21.485-0800] {processor.py:186} INFO - Started process (PID=10425) to work on /Users/dipinjassal/ml/tmdb_data_warehouse/venv/lib/python3.12/site-packages/airflow/example_dags/example_branch_operator.py
[2025-11-13T17:13:21.485-0800] {processor.py:914} INFO - Processing file /Users/dipinjassal/ml/tmdb_data_warehouse/venv/lib/python3.12/site-packages/airflow/example_dags/example_branch_operator.py for tasks to queue
[2025-11-13T17:13:21.486-0800] {logging_mixin.py:190} INFO - [2025-11-13T17:13:21.486-0800] {dagbag.py:588} INFO - Filling up the DagBag from /Users/dipinjassal/ml/tmdb_data_warehouse/venv/lib/python3.12/site-packages/airflow/example_dags/example_branch_operator.py
[2025-11-13T17:13:21.492-0800] {processor.py:927} WARNING - No viable dags retrieved from /Users/dipinjassal/ml/tmdb_data_warehouse/venv/lib/python3.12/site-packages/airflow/example_dags/example_branch_operator.py
[2025-11-13T17:13:21.514-0800] {processor.py:208} INFO - Processing /Users/dipinjassal/ml/tmdb_data_warehouse/venv/lib/python3.12/site-packages/airflow/example_dags/example_branch_operator.py took 0.029 seconds
[2025-11-13T17:15:07.434-0800] {processor.py:186} INFO - Started process (PID=10505) to work on /Users/dipinjassal/ml/tmdb_data_warehouse/venv/lib/python3.12/site-packages/airflow/example_dags/example_branch_operator.py
[2025-11-13T17:15:07.435-0800] {processor.py:914} INFO - Processing file /Users/dipinjassal/ml/tmdb_data_warehouse/venv/lib/python3.12/site-packages/airflow/example_dags/example_branch_operator.py for tasks to queue
[2025-11-13T17:15:07.435-0800] {logging_mixin.py:190} INFO - [2025-11-13T17:15:07.435-0800] {dagbag.py:588} INFO - Filling up the DagBag from /Users/dipinjassal/ml/tmdb_data_warehouse/venv/lib/python3.12/site-packages/airflow/example_dags/example_branch_operator.py
[2025-11-13T17:15:07.441-0800] {processor.py:927} WARNING - No viable dags retrieved from /Users/dipinjassal/ml/tmdb_data_warehouse/venv/lib/python3.12/site-packages/airflow/example_dags/example_branch_operator.py
[2025-11-13T17:15:07.463-0800] {processor.py:208} INFO - Processing /Users/dipinjassal/ml/tmdb_data_warehouse/venv/lib/python3.12/site-packages/airflow/example_dags/example_branch_operator.py took 0.030 seconds
[2025-11-13T17:16:55.335-0800] {processor.py:186} INFO - Started process (PID=10606) to work on /Users/dipinjassal/ml/tmdb_data_warehouse/venv/lib/python3.12/site-packages/airflow/example_dags/example_branch_operator.py
[2025-11-13T17:16:55.336-0800] {processor.py:914} INFO - Processing file /Users/dipinjassal/ml/tmdb_data_warehouse/venv/lib/python3.12/site-packages/airflow/example_dags/example_branch_operator.py for tasks to queue
[2025-11-13T17:16:55.336-0800] {logging_mixin.py:190} INFO - [2025-11-13T17:16:55.336-0800] {dagbag.py:588} INFO - Filling up the DagBag from /Users/dipinjassal/ml/tmdb_data_warehouse/venv/lib/python3.12/site-packages/airflow/example_dags/example_branch_operator.py
[2025-11-13T17:16:55.342-0800] {processor.py:927} WARNING - No viable dags retrieved from /Users/dipinjassal/ml/tmdb_data_warehouse/venv/lib/python3.12/site-packages/airflow/example_dags/example_branch_operator.py
[2025-11-13T17:16:55.364-0800] {processor.py:208} INFO - Processing /Users/dipinjassal/ml/tmdb_data_warehouse/venv/lib/python3.12/site-packages/airflow/example_dags/example_branch_operator.py took 0.030 seconds
[2025-11-13T17:18:43.806-0800] {processor.py:186} INFO - Started process (PID=10687) to work on /Users/dipinjassal/ml/tmdb_data_warehouse/venv/lib/python3.12/site-packages/airflow/example_dags/example_branch_operator.py
[2025-11-13T17:18:43.807-0800] {processor.py:914} INFO - Processing file /Users/dipinjassal/ml/tmdb_data_warehouse/venv/lib/python3.12/site-packages/airflow/example_dags/example_branch_operator.py for tasks to queue
[2025-11-13T17:18:43.807-0800] {logging_mixin.py:190} INFO - [2025-11-13T17:18:43.807-0800] {dagbag.py:588} INFO - Filling up the DagBag from /Users/dipinjassal/ml/tmdb_data_warehouse/venv/lib/python3.12/site-packages/airflow/example_dags/example_branch_operator.py
[2025-11-13T17:18:43.814-0800] {processor.py:927} WARNING - No viable dags retrieved from /Users/dipinjassal/ml/tmdb_data_warehouse/venv/lib/python3.12/site-packages/airflow/example_dags/example_branch_operator.py
[2025-11-13T17:18:43.835-0800] {processor.py:208} INFO - Processing /Users/dipinjassal/ml/tmdb_data_warehouse/venv/lib/python3.12/site-packages/airflow/example_dags/example_branch_operator.py took 0.030 seconds
[2025-11-13T17:20:30.066-0800] {processor.py:186} INFO - Started process (PID=10768) to work on /Users/dipinjassal/ml/tmdb_data_warehouse/venv/lib/python3.12/site-packages/airflow/example_dags/example_branch_operator.py
[2025-11-13T17:20:30.067-0800] {processor.py:914} INFO - Processing file /Users/dipinjassal/ml/tmdb_data_warehouse/venv/lib/python3.12/site-packages/airflow/example_dags/example_branch_operator.py for tasks to queue
[2025-11-13T17:20:30.067-0800] {logging_mixin.py:190} INFO - [2025-11-13T17:20:30.067-0800] {dagbag.py:588} INFO - Filling up the DagBag from /Users/dipinjassal/ml/tmdb_data_warehouse/venv/lib/python3.12/site-packages/airflow/example_dags/example_branch_operator.py
[2025-11-13T17:20:30.073-0800] {processor.py:927} WARNING - No viable dags retrieved from /Users/dipinjassal/ml/tmdb_data_warehouse/venv/lib/python3.12/site-packages/airflow/example_dags/example_branch_operator.py
[2025-11-13T17:20:30.095-0800] {processor.py:208} INFO - Processing /Users/dipinjassal/ml/tmdb_data_warehouse/venv/lib/python3.12/site-packages/airflow/example_dags/example_branch_operator.py took 0.029 seconds
[2025-11-13T17:22:15.709-0800] {processor.py:186} INFO - Started process (PID=10868) to work on /Users/dipinjassal/ml/tmdb_data_warehouse/venv/lib/python3.12/site-packages/airflow/example_dags/example_branch_operator.py
[2025-11-13T17:22:15.709-0800] {processor.py:914} INFO - Processing file /Users/dipinjassal/ml/tmdb_data_warehouse/venv/lib/python3.12/site-packages/airflow/example_dags/example_branch_operator.py for tasks to queue
[2025-11-13T17:22:15.709-0800] {logging_mixin.py:190} INFO - [2025-11-13T17:22:15.709-0800] {dagbag.py:588} INFO - Filling up the DagBag from /Users/dipinjassal/ml/tmdb_data_warehouse/venv/lib/python3.12/site-packages/airflow/example_dags/example_branch_operator.py
[2025-11-13T17:22:15.716-0800] {processor.py:927} WARNING - No viable dags retrieved from /Users/dipinjassal/ml/tmdb_data_warehouse/venv/lib/python3.12/site-packages/airflow/example_dags/example_branch_operator.py
[2025-11-13T17:22:15.738-0800] {processor.py:208} INFO - Processing /Users/dipinjassal/ml/tmdb_data_warehouse/venv/lib/python3.12/site-packages/airflow/example_dags/example_branch_operator.py took 0.030 seconds
[2025-11-13T17:24:46.611-0800] {processor.py:186} INFO - Started process (PID=10949) to work on /Users/dipinjassal/ml/tmdb_data_warehouse/venv/lib/python3.12/site-packages/airflow/example_dags/example_branch_operator.py
[2025-11-13T17:24:46.612-0800] {processor.py:914} INFO - Processing file /Users/dipinjassal/ml/tmdb_data_warehouse/venv/lib/python3.12/site-packages/airflow/example_dags/example_branch_operator.py for tasks to queue
[2025-11-13T17:24:46.612-0800] {logging_mixin.py:190} INFO - [2025-11-13T17:24:46.612-0800] {dagbag.py:588} INFO - Filling up the DagBag from /Users/dipinjassal/ml/tmdb_data_warehouse/venv/lib/python3.12/site-packages/airflow/example_dags/example_branch_operator.py
[2025-11-13T17:24:46.618-0800] {processor.py:927} WARNING - No viable dags retrieved from /Users/dipinjassal/ml/tmdb_data_warehouse/venv/lib/python3.12/site-packages/airflow/example_dags/example_branch_operator.py
[2025-11-13T17:24:46.639-0800] {processor.py:208} INFO - Processing /Users/dipinjassal/ml/tmdb_data_warehouse/venv/lib/python3.12/site-packages/airflow/example_dags/example_branch_operator.py took 0.029 seconds
[2025-11-13T17:26:57.835-0800] {processor.py:186} INFO - Started process (PID=11036) to work on /Users/dipinjassal/ml/tmdb_data_warehouse/venv/lib/python3.12/site-packages/airflow/example_dags/example_branch_operator.py
[2025-11-13T17:26:57.835-0800] {processor.py:914} INFO - Processing file /Users/dipinjassal/ml/tmdb_data_warehouse/venv/lib/python3.12/site-packages/airflow/example_dags/example_branch_operator.py for tasks to queue
[2025-11-13T17:26:57.836-0800] {logging_mixin.py:190} INFO - [2025-11-13T17:26:57.836-0800] {dagbag.py:588} INFO - Filling up the DagBag from /Users/dipinjassal/ml/tmdb_data_warehouse/venv/lib/python3.12/site-packages/airflow/example_dags/example_branch_operator.py
[2025-11-13T17:26:57.842-0800] {processor.py:927} WARNING - No viable dags retrieved from /Users/dipinjassal/ml/tmdb_data_warehouse/venv/lib/python3.12/site-packages/airflow/example_dags/example_branch_operator.py
[2025-11-13T17:26:57.863-0800] {processor.py:208} INFO - Processing /Users/dipinjassal/ml/tmdb_data_warehouse/venv/lib/python3.12/site-packages/airflow/example_dags/example_branch_operator.py took 0.029 seconds
[2025-11-13T17:30:04.269-0800] {processor.py:186} INFO - Started process (PID=11138) to work on /Users/dipinjassal/ml/tmdb_data_warehouse/venv/lib/python3.12/site-packages/airflow/example_dags/example_branch_operator.py
[2025-11-13T17:30:04.270-0800] {processor.py:914} INFO - Processing file /Users/dipinjassal/ml/tmdb_data_warehouse/venv/lib/python3.12/site-packages/airflow/example_dags/example_branch_operator.py for tasks to queue
[2025-11-13T17:30:04.270-0800] {logging_mixin.py:190} INFO - [2025-11-13T17:30:04.270-0800] {dagbag.py:588} INFO - Filling up the DagBag from /Users/dipinjassal/ml/tmdb_data_warehouse/venv/lib/python3.12/site-packages/airflow/example_dags/example_branch_operator.py
[2025-11-13T17:30:04.277-0800] {processor.py:927} WARNING - No viable dags retrieved from /Users/dipinjassal/ml/tmdb_data_warehouse/venv/lib/python3.12/site-packages/airflow/example_dags/example_branch_operator.py
[2025-11-13T17:30:04.298-0800] {processor.py:208} INFO - Processing /Users/dipinjassal/ml/tmdb_data_warehouse/venv/lib/python3.12/site-packages/airflow/example_dags/example_branch_operator.py took 0.029 seconds
[2025-11-13T17:34:20.242-0800] {processor.py:186} INFO - Started process (PID=11221) to work on /Users/dipinjassal/ml/tmdb_data_warehouse/venv/lib/python3.12/site-packages/airflow/example_dags/example_branch_operator.py
[2025-11-13T17:34:20.242-0800] {processor.py:914} INFO - Processing file /Users/dipinjassal/ml/tmdb_data_warehouse/venv/lib/python3.12/site-packages/airflow/example_dags/example_branch_operator.py for tasks to queue
[2025-11-13T17:34:20.242-0800] {logging_mixin.py:190} INFO - [2025-11-13T17:34:20.242-0800] {dagbag.py:588} INFO - Filling up the DagBag from /Users/dipinjassal/ml/tmdb_data_warehouse/venv/lib/python3.12/site-packages/airflow/example_dags/example_branch_operator.py
[2025-11-13T17:34:20.249-0800] {processor.py:927} WARNING - No viable dags retrieved from /Users/dipinjassal/ml/tmdb_data_warehouse/venv/lib/python3.12/site-packages/airflow/example_dags/example_branch_operator.py
[2025-11-13T17:34:20.270-0800] {processor.py:208} INFO - Processing /Users/dipinjassal/ml/tmdb_data_warehouse/venv/lib/python3.12/site-packages/airflow/example_dags/example_branch_operator.py took 0.029 seconds
[2025-11-13T17:47:19.309-0800] {processor.py:186} INFO - Started process (PID=11354) to work on /Users/dipinjassal/ml/tmdb_data_warehouse/venv/lib/python3.12/site-packages/airflow/example_dags/example_branch_operator.py
[2025-11-13T17:47:19.309-0800] {processor.py:914} INFO - Processing file /Users/dipinjassal/ml/tmdb_data_warehouse/venv/lib/python3.12/site-packages/airflow/example_dags/example_branch_operator.py for tasks to queue
[2025-11-13T17:47:19.310-0800] {logging_mixin.py:190} INFO - [2025-11-13T17:47:19.310-0800] {dagbag.py:588} INFO - Filling up the DagBag from /Users/dipinjassal/ml/tmdb_data_warehouse/venv/lib/python3.12/site-packages/airflow/example_dags/example_branch_operator.py
[2025-11-13T17:47:19.316-0800] {processor.py:927} WARNING - No viable dags retrieved from /Users/dipinjassal/ml/tmdb_data_warehouse/venv/lib/python3.12/site-packages/airflow/example_dags/example_branch_operator.py
[2025-11-13T17:47:19.338-0800] {processor.py:208} INFO - Processing /Users/dipinjassal/ml/tmdb_data_warehouse/venv/lib/python3.12/site-packages/airflow/example_dags/example_branch_operator.py took 0.030 seconds
[2025-11-13T17:50:08.482-0800] {processor.py:186} INFO - Started process (PID=11438) to work on /Users/dipinjassal/ml/tmdb_data_warehouse/venv/lib/python3.12/site-packages/airflow/example_dags/example_branch_operator.py
[2025-11-13T17:50:08.483-0800] {processor.py:914} INFO - Processing file /Users/dipinjassal/ml/tmdb_data_warehouse/venv/lib/python3.12/site-packages/airflow/example_dags/example_branch_operator.py for tasks to queue
[2025-11-13T17:50:08.483-0800] {logging_mixin.py:190} INFO - [2025-11-13T17:50:08.483-0800] {dagbag.py:588} INFO - Filling up the DagBag from /Users/dipinjassal/ml/tmdb_data_warehouse/venv/lib/python3.12/site-packages/airflow/example_dags/example_branch_operator.py
[2025-11-13T17:50:08.489-0800] {processor.py:927} WARNING - No viable dags retrieved from /Users/dipinjassal/ml/tmdb_data_warehouse/venv/lib/python3.12/site-packages/airflow/example_dags/example_branch_operator.py
[2025-11-13T17:50:08.511-0800] {processor.py:208} INFO - Processing /Users/dipinjassal/ml/tmdb_data_warehouse/venv/lib/python3.12/site-packages/airflow/example_dags/example_branch_operator.py took 0.029 seconds
[2025-11-13T17:52:13.085-0800] {processor.py:186} INFO - Started process (PID=11516) to work on /Users/dipinjassal/ml/tmdb_data_warehouse/venv/lib/python3.12/site-packages/airflow/example_dags/example_branch_operator.py
[2025-11-13T17:52:13.086-0800] {processor.py:914} INFO - Processing file /Users/dipinjassal/ml/tmdb_data_warehouse/venv/lib/python3.12/site-packages/airflow/example_dags/example_branch_operator.py for tasks to queue
[2025-11-13T17:52:13.086-0800] {logging_mixin.py:190} INFO - [2025-11-13T17:52:13.086-0800] {dagbag.py:588} INFO - Filling up the DagBag from /Users/dipinjassal/ml/tmdb_data_warehouse/venv/lib/python3.12/site-packages/airflow/example_dags/example_branch_operator.py
[2025-11-13T17:52:13.092-0800] {processor.py:927} WARNING - No viable dags retrieved from /Users/dipinjassal/ml/tmdb_data_warehouse/venv/lib/python3.12/site-packages/airflow/example_dags/example_branch_operator.py
[2025-11-13T17:52:13.114-0800] {processor.py:208} INFO - Processing /Users/dipinjassal/ml/tmdb_data_warehouse/venv/lib/python3.12/site-packages/airflow/example_dags/example_branch_operator.py took 0.029 seconds
[2025-11-13T17:54:07.102-0800] {processor.py:186} INFO - Started process (PID=11600) to work on /Users/dipinjassal/ml/tmdb_data_warehouse/venv/lib/python3.12/site-packages/airflow/example_dags/example_branch_operator.py
[2025-11-13T17:54:07.102-0800] {processor.py:914} INFO - Processing file /Users/dipinjassal/ml/tmdb_data_warehouse/venv/lib/python3.12/site-packages/airflow/example_dags/example_branch_operator.py for tasks to queue
[2025-11-13T17:54:07.103-0800] {logging_mixin.py:190} INFO - [2025-11-13T17:54:07.103-0800] {dagbag.py:588} INFO - Filling up the DagBag from /Users/dipinjassal/ml/tmdb_data_warehouse/venv/lib/python3.12/site-packages/airflow/example_dags/example_branch_operator.py
[2025-11-13T17:54:07.109-0800] {processor.py:927} WARNING - No viable dags retrieved from /Users/dipinjassal/ml/tmdb_data_warehouse/venv/lib/python3.12/site-packages/airflow/example_dags/example_branch_operator.py
[2025-11-13T17:54:07.130-0800] {processor.py:208} INFO - Processing /Users/dipinjassal/ml/tmdb_data_warehouse/venv/lib/python3.12/site-packages/airflow/example_dags/example_branch_operator.py took 0.029 seconds
[2025-11-13T18:01:44.762-0800] {processor.py:186} INFO - Started process (PID=11710) to work on /Users/dipinjassal/ml/tmdb_data_warehouse/venv/lib/python3.12/site-packages/airflow/example_dags/example_branch_operator.py
[2025-11-13T18:01:44.762-0800] {processor.py:914} INFO - Processing file /Users/dipinjassal/ml/tmdb_data_warehouse/venv/lib/python3.12/site-packages/airflow/example_dags/example_branch_operator.py for tasks to queue
[2025-11-13T18:01:44.762-0800] {logging_mixin.py:190} INFO - [2025-11-13T18:01:44.762-0800] {dagbag.py:588} INFO - Filling up the DagBag from /Users/dipinjassal/ml/tmdb_data_warehouse/venv/lib/python3.12/site-packages/airflow/example_dags/example_branch_operator.py
[2025-11-13T18:01:44.769-0800] {processor.py:927} WARNING - No viable dags retrieved from /Users/dipinjassal/ml/tmdb_data_warehouse/venv/lib/python3.12/site-packages/airflow/example_dags/example_branch_operator.py
[2025-11-13T18:01:44.790-0800] {processor.py:208} INFO - Processing /Users/dipinjassal/ml/tmdb_data_warehouse/venv/lib/python3.12/site-packages/airflow/example_dags/example_branch_operator.py took 0.029 seconds
[2025-11-13T18:04:21.353-0800] {processor.py:186} INFO - Started process (PID=11782) to work on /Users/dipinjassal/ml/tmdb_data_warehouse/venv/lib/python3.12/site-packages/airflow/example_dags/example_branch_operator.py
[2025-11-13T18:04:21.353-0800] {processor.py:914} INFO - Processing file /Users/dipinjassal/ml/tmdb_data_warehouse/venv/lib/python3.12/site-packages/airflow/example_dags/example_branch_operator.py for tasks to queue
[2025-11-13T18:04:21.353-0800] {logging_mixin.py:190} INFO - [2025-11-13T18:04:21.353-0800] {dagbag.py:588} INFO - Filling up the DagBag from /Users/dipinjassal/ml/tmdb_data_warehouse/venv/lib/python3.12/site-packages/airflow/example_dags/example_branch_operator.py
[2025-11-13T18:04:21.360-0800] {processor.py:927} WARNING - No viable dags retrieved from /Users/dipinjassal/ml/tmdb_data_warehouse/venv/lib/python3.12/site-packages/airflow/example_dags/example_branch_operator.py
[2025-11-13T18:04:21.381-0800] {processor.py:208} INFO - Processing /Users/dipinjassal/ml/tmdb_data_warehouse/venv/lib/python3.12/site-packages/airflow/example_dags/example_branch_operator.py took 0.029 seconds
[2025-11-13T18:13:14.945-0800] {processor.py:186} INFO - Started process (PID=11907) to work on /Users/dipinjassal/ml/tmdb_data_warehouse/venv/lib/python3.12/site-packages/airflow/example_dags/example_branch_operator.py
[2025-11-13T18:13:14.946-0800] {processor.py:914} INFO - Processing file /Users/dipinjassal/ml/tmdb_data_warehouse/venv/lib/python3.12/site-packages/airflow/example_dags/example_branch_operator.py for tasks to queue
[2025-11-13T18:13:14.946-0800] {logging_mixin.py:190} INFO - [2025-11-13T18:13:14.946-0800] {dagbag.py:588} INFO - Filling up the DagBag from /Users/dipinjassal/ml/tmdb_data_warehouse/venv/lib/python3.12/site-packages/airflow/example_dags/example_branch_operator.py
[2025-11-13T18:13:14.952-0800] {processor.py:927} WARNING - No viable dags retrieved from /Users/dipinjassal/ml/tmdb_data_warehouse/venv/lib/python3.12/site-packages/airflow/example_dags/example_branch_operator.py
[2025-11-13T18:13:14.974-0800] {processor.py:208} INFO - Processing /Users/dipinjassal/ml/tmdb_data_warehouse/venv/lib/python3.12/site-packages/airflow/example_dags/example_branch_operator.py took 0.029 seconds
[2025-11-13T18:15:32.266-0800] {processor.py:186} INFO - Started process (PID=12007) to work on /Users/dipinjassal/ml/tmdb_data_warehouse/venv/lib/python3.12/site-packages/airflow/example_dags/example_branch_operator.py
[2025-11-13T18:15:32.267-0800] {processor.py:914} INFO - Processing file /Users/dipinjassal/ml/tmdb_data_warehouse/venv/lib/python3.12/site-packages/airflow/example_dags/example_branch_operator.py for tasks to queue
[2025-11-13T18:15:32.267-0800] {logging_mixin.py:190} INFO - [2025-11-13T18:15:32.267-0800] {dagbag.py:588} INFO - Filling up the DagBag from /Users/dipinjassal/ml/tmdb_data_warehouse/venv/lib/python3.12/site-packages/airflow/example_dags/example_branch_operator.py
[2025-11-13T18:15:32.274-0800] {processor.py:927} WARNING - No viable dags retrieved from /Users/dipinjassal/ml/tmdb_data_warehouse/venv/lib/python3.12/site-packages/airflow/example_dags/example_branch_operator.py
[2025-11-13T18:15:32.295-0800] {processor.py:208} INFO - Processing /Users/dipinjassal/ml/tmdb_data_warehouse/venv/lib/python3.12/site-packages/airflow/example_dags/example_branch_operator.py took 0.030 seconds
[2025-11-13T18:22:00.388-0800] {processor.py:186} INFO - Started process (PID=12101) to work on /Users/dipinjassal/ml/tmdb_data_warehouse/venv/lib/python3.12/site-packages/airflow/example_dags/example_branch_operator.py
[2025-11-13T18:22:00.388-0800] {processor.py:914} INFO - Processing file /Users/dipinjassal/ml/tmdb_data_warehouse/venv/lib/python3.12/site-packages/airflow/example_dags/example_branch_operator.py for tasks to queue
[2025-11-13T18:22:00.388-0800] {logging_mixin.py:190} INFO - [2025-11-13T18:22:00.388-0800] {dagbag.py:588} INFO - Filling up the DagBag from /Users/dipinjassal/ml/tmdb_data_warehouse/venv/lib/python3.12/site-packages/airflow/example_dags/example_branch_operator.py
[2025-11-13T18:22:00.395-0800] {processor.py:927} WARNING - No viable dags retrieved from /Users/dipinjassal/ml/tmdb_data_warehouse/venv/lib/python3.12/site-packages/airflow/example_dags/example_branch_operator.py
[2025-11-13T18:22:00.417-0800] {processor.py:208} INFO - Processing /Users/dipinjassal/ml/tmdb_data_warehouse/venv/lib/python3.12/site-packages/airflow/example_dags/example_branch_operator.py took 0.030 seconds
[2025-11-13T18:25:58.680-0800] {processor.py:186} INFO - Started process (PID=12185) to work on /Users/dipinjassal/ml/tmdb_data_warehouse/venv/lib/python3.12/site-packages/airflow/example_dags/example_branch_operator.py
[2025-11-13T18:25:58.680-0800] {processor.py:914} INFO - Processing file /Users/dipinjassal/ml/tmdb_data_warehouse/venv/lib/python3.12/site-packages/airflow/example_dags/example_branch_operator.py for tasks to queue
[2025-11-13T18:25:58.681-0800] {logging_mixin.py:190} INFO - [2025-11-13T18:25:58.681-0800] {dagbag.py:588} INFO - Filling up the DagBag from /Users/dipinjassal/ml/tmdb_data_warehouse/venv/lib/python3.12/site-packages/airflow/example_dags/example_branch_operator.py
[2025-11-13T18:25:58.687-0800] {processor.py:927} WARNING - No viable dags retrieved from /Users/dipinjassal/ml/tmdb_data_warehouse/venv/lib/python3.12/site-packages/airflow/example_dags/example_branch_operator.py
[2025-11-13T18:25:58.708-0800] {processor.py:208} INFO - Processing /Users/dipinjassal/ml/tmdb_data_warehouse/venv/lib/python3.12/site-packages/airflow/example_dags/example_branch_operator.py took 0.029 seconds
[2025-11-13T18:28:02.341-0800] {processor.py:186} INFO - Started process (PID=12277) to work on /Users/dipinjassal/ml/tmdb_data_warehouse/venv/lib/python3.12/site-packages/airflow/example_dags/example_branch_operator.py
[2025-11-13T18:28:02.341-0800] {processor.py:914} INFO - Processing file /Users/dipinjassal/ml/tmdb_data_warehouse/venv/lib/python3.12/site-packages/airflow/example_dags/example_branch_operator.py for tasks to queue
[2025-11-13T18:28:02.342-0800] {logging_mixin.py:190} INFO - [2025-11-13T18:28:02.342-0800] {dagbag.py:588} INFO - Filling up the DagBag from /Users/dipinjassal/ml/tmdb_data_warehouse/venv/lib/python3.12/site-packages/airflow/example_dags/example_branch_operator.py
[2025-11-13T18:28:02.348-0800] {processor.py:927} WARNING - No viable dags retrieved from /Users/dipinjassal/ml/tmdb_data_warehouse/venv/lib/python3.12/site-packages/airflow/example_dags/example_branch_operator.py
[2025-11-13T18:28:02.369-0800] {processor.py:208} INFO - Processing /Users/dipinjassal/ml/tmdb_data_warehouse/venv/lib/python3.12/site-packages/airflow/example_dags/example_branch_operator.py took 0.029 seconds
[2025-11-13T18:34:10.495-0800] {processor.py:186} INFO - Started process (PID=12364) to work on /Users/dipinjassal/ml/tmdb_data_warehouse/venv/lib/python3.12/site-packages/airflow/example_dags/example_branch_operator.py
[2025-11-13T18:34:10.495-0800] {processor.py:914} INFO - Processing file /Users/dipinjassal/ml/tmdb_data_warehouse/venv/lib/python3.12/site-packages/airflow/example_dags/example_branch_operator.py for tasks to queue
[2025-11-13T18:34:10.495-0800] {logging_mixin.py:190} INFO - [2025-11-13T18:34:10.495-0800] {dagbag.py:588} INFO - Filling up the DagBag from /Users/dipinjassal/ml/tmdb_data_warehouse/venv/lib/python3.12/site-packages/airflow/example_dags/example_branch_operator.py
[2025-11-13T18:34:10.502-0800] {processor.py:927} WARNING - No viable dags retrieved from /Users/dipinjassal/ml/tmdb_data_warehouse/venv/lib/python3.12/site-packages/airflow/example_dags/example_branch_operator.py
[2025-11-13T18:34:10.524-0800] {processor.py:208} INFO - Processing /Users/dipinjassal/ml/tmdb_data_warehouse/venv/lib/python3.12/site-packages/airflow/example_dags/example_branch_operator.py took 0.030 seconds
[2025-11-13T18:37:14.869-0800] {processor.py:186} INFO - Started process (PID=12445) to work on /Users/dipinjassal/ml/tmdb_data_warehouse/venv/lib/python3.12/site-packages/airflow/example_dags/example_branch_operator.py
[2025-11-13T18:37:14.869-0800] {processor.py:914} INFO - Processing file /Users/dipinjassal/ml/tmdb_data_warehouse/venv/lib/python3.12/site-packages/airflow/example_dags/example_branch_operator.py for tasks to queue
[2025-11-13T18:37:14.869-0800] {logging_mixin.py:190} INFO - [2025-11-13T18:37:14.869-0800] {dagbag.py:588} INFO - Filling up the DagBag from /Users/dipinjassal/ml/tmdb_data_warehouse/venv/lib/python3.12/site-packages/airflow/example_dags/example_branch_operator.py
[2025-11-13T18:37:14.876-0800] {processor.py:927} WARNING - No viable dags retrieved from /Users/dipinjassal/ml/tmdb_data_warehouse/venv/lib/python3.12/site-packages/airflow/example_dags/example_branch_operator.py
[2025-11-13T18:37:14.897-0800] {processor.py:208} INFO - Processing /Users/dipinjassal/ml/tmdb_data_warehouse/venv/lib/python3.12/site-packages/airflow/example_dags/example_branch_operator.py took 0.030 seconds
[2025-11-13T18:39:21.241-0800] {processor.py:186} INFO - Started process (PID=12511) to work on /Users/dipinjassal/ml/tmdb_data_warehouse/venv/lib/python3.12/site-packages/airflow/example_dags/example_branch_operator.py
[2025-11-13T18:39:21.242-0800] {processor.py:914} INFO - Processing file /Users/dipinjassal/ml/tmdb_data_warehouse/venv/lib/python3.12/site-packages/airflow/example_dags/example_branch_operator.py for tasks to queue
[2025-11-13T18:39:21.242-0800] {logging_mixin.py:190} INFO - [2025-11-13T18:39:21.242-0800] {dagbag.py:588} INFO - Filling up the DagBag from /Users/dipinjassal/ml/tmdb_data_warehouse/venv/lib/python3.12/site-packages/airflow/example_dags/example_branch_operator.py
[2025-11-13T18:39:21.249-0800] {processor.py:927} WARNING - No viable dags retrieved from /Users/dipinjassal/ml/tmdb_data_warehouse/venv/lib/python3.12/site-packages/airflow/example_dags/example_branch_operator.py
[2025-11-13T18:39:21.271-0800] {processor.py:208} INFO - Processing /Users/dipinjassal/ml/tmdb_data_warehouse/venv/lib/python3.12/site-packages/airflow/example_dags/example_branch_operator.py took 0.031 seconds
[2025-11-13T18:41:15.913-0800] {processor.py:186} INFO - Started process (PID=12596) to work on /Users/dipinjassal/ml/tmdb_data_warehouse/venv/lib/python3.12/site-packages/airflow/example_dags/example_branch_operator.py
[2025-11-13T18:41:15.913-0800] {processor.py:914} INFO - Processing file /Users/dipinjassal/ml/tmdb_data_warehouse/venv/lib/python3.12/site-packages/airflow/example_dags/example_branch_operator.py for tasks to queue
[2025-11-13T18:41:15.913-0800] {logging_mixin.py:190} INFO - [2025-11-13T18:41:15.913-0800] {dagbag.py:588} INFO - Filling up the DagBag from /Users/dipinjassal/ml/tmdb_data_warehouse/venv/lib/python3.12/site-packages/airflow/example_dags/example_branch_operator.py
[2025-11-13T18:41:15.920-0800] {processor.py:927} WARNING - No viable dags retrieved from /Users/dipinjassal/ml/tmdb_data_warehouse/venv/lib/python3.12/site-packages/airflow/example_dags/example_branch_operator.py
[2025-11-13T18:41:15.941-0800] {processor.py:208} INFO - Processing /Users/dipinjassal/ml/tmdb_data_warehouse/venv/lib/python3.12/site-packages/airflow/example_dags/example_branch_operator.py took 0.029 seconds
[2025-11-13T18:43:15.917-0800] {processor.py:186} INFO - Started process (PID=12682) to work on /Users/dipinjassal/ml/tmdb_data_warehouse/venv/lib/python3.12/site-packages/airflow/example_dags/example_branch_operator.py
[2025-11-13T18:43:15.917-0800] {processor.py:914} INFO - Processing file /Users/dipinjassal/ml/tmdb_data_warehouse/venv/lib/python3.12/site-packages/airflow/example_dags/example_branch_operator.py for tasks to queue
[2025-11-13T18:43:15.917-0800] {logging_mixin.py:190} INFO - [2025-11-13T18:43:15.917-0800] {dagbag.py:588} INFO - Filling up the DagBag from /Users/dipinjassal/ml/tmdb_data_warehouse/venv/lib/python3.12/site-packages/airflow/example_dags/example_branch_operator.py
[2025-11-13T18:43:15.924-0800] {processor.py:927} WARNING - No viable dags retrieved from /Users/dipinjassal/ml/tmdb_data_warehouse/venv/lib/python3.12/site-packages/airflow/example_dags/example_branch_operator.py
[2025-11-13T18:43:15.945-0800] {processor.py:208} INFO - Processing /Users/dipinjassal/ml/tmdb_data_warehouse/venv/lib/python3.12/site-packages/airflow/example_dags/example_branch_operator.py took 0.029 seconds
[2025-11-13T18:45:18.974-0800] {processor.py:186} INFO - Started process (PID=12777) to work on /Users/dipinjassal/ml/tmdb_data_warehouse/venv/lib/python3.12/site-packages/airflow/example_dags/example_branch_operator.py
[2025-11-13T18:45:18.975-0800] {processor.py:914} INFO - Processing file /Users/dipinjassal/ml/tmdb_data_warehouse/venv/lib/python3.12/site-packages/airflow/example_dags/example_branch_operator.py for tasks to queue
[2025-11-13T18:45:18.975-0800] {logging_mixin.py:190} INFO - [2025-11-13T18:45:18.975-0800] {dagbag.py:588} INFO - Filling up the DagBag from /Users/dipinjassal/ml/tmdb_data_warehouse/venv/lib/python3.12/site-packages/airflow/example_dags/example_branch_operator.py
[2025-11-13T18:45:18.981-0800] {processor.py:927} WARNING - No viable dags retrieved from /Users/dipinjassal/ml/tmdb_data_warehouse/venv/lib/python3.12/site-packages/airflow/example_dags/example_branch_operator.py
[2025-11-13T18:45:19.003-0800] {processor.py:208} INFO - Processing /Users/dipinjassal/ml/tmdb_data_warehouse/venv/lib/python3.12/site-packages/airflow/example_dags/example_branch_operator.py took 0.029 seconds
[2025-11-13T18:47:20.675-0800] {processor.py:186} INFO - Started process (PID=12861) to work on /Users/dipinjassal/ml/tmdb_data_warehouse/venv/lib/python3.12/site-packages/airflow/example_dags/example_branch_operator.py
[2025-11-13T18:47:20.675-0800] {processor.py:914} INFO - Processing file /Users/dipinjassal/ml/tmdb_data_warehouse/venv/lib/python3.12/site-packages/airflow/example_dags/example_branch_operator.py for tasks to queue
[2025-11-13T18:47:20.676-0800] {logging_mixin.py:190} INFO - [2025-11-13T18:47:20.675-0800] {dagbag.py:588} INFO - Filling up the DagBag from /Users/dipinjassal/ml/tmdb_data_warehouse/venv/lib/python3.12/site-packages/airflow/example_dags/example_branch_operator.py
[2025-11-13T18:47:20.682-0800] {processor.py:927} WARNING - No viable dags retrieved from /Users/dipinjassal/ml/tmdb_data_warehouse/venv/lib/python3.12/site-packages/airflow/example_dags/example_branch_operator.py
[2025-11-13T18:47:20.703-0800] {processor.py:208} INFO - Processing /Users/dipinjassal/ml/tmdb_data_warehouse/venv/lib/python3.12/site-packages/airflow/example_dags/example_branch_operator.py took 0.029 seconds
[2025-11-13T18:50:28.726-0800] {processor.py:186} INFO - Started process (PID=12999) to work on /Users/dipinjassal/ml/tmdb_data_warehouse/venv/lib/python3.12/site-packages/airflow/example_dags/example_branch_operator.py
[2025-11-13T18:50:28.726-0800] {processor.py:914} INFO - Processing file /Users/dipinjassal/ml/tmdb_data_warehouse/venv/lib/python3.12/site-packages/airflow/example_dags/example_branch_operator.py for tasks to queue
[2025-11-13T18:50:28.726-0800] {logging_mixin.py:190} INFO - [2025-11-13T18:50:28.726-0800] {dagbag.py:588} INFO - Filling up the DagBag from /Users/dipinjassal/ml/tmdb_data_warehouse/venv/lib/python3.12/site-packages/airflow/example_dags/example_branch_operator.py
[2025-11-13T18:50:28.733-0800] {processor.py:927} WARNING - No viable dags retrieved from /Users/dipinjassal/ml/tmdb_data_warehouse/venv/lib/python3.12/site-packages/airflow/example_dags/example_branch_operator.py
[2025-11-13T18:50:28.754-0800] {processor.py:208} INFO - Processing /Users/dipinjassal/ml/tmdb_data_warehouse/venv/lib/python3.12/site-packages/airflow/example_dags/example_branch_operator.py took 0.029 seconds
[2025-11-13T18:52:47.907-0800] {processor.py:186} INFO - Started process (PID=13091) to work on /Users/dipinjassal/ml/tmdb_data_warehouse/venv/lib/python3.12/site-packages/airflow/example_dags/example_branch_operator.py
[2025-11-13T18:52:47.908-0800] {processor.py:914} INFO - Processing file /Users/dipinjassal/ml/tmdb_data_warehouse/venv/lib/python3.12/site-packages/airflow/example_dags/example_branch_operator.py for tasks to queue
[2025-11-13T18:52:47.908-0800] {logging_mixin.py:190} INFO - [2025-11-13T18:52:47.908-0800] {dagbag.py:588} INFO - Filling up the DagBag from /Users/dipinjassal/ml/tmdb_data_warehouse/venv/lib/python3.12/site-packages/airflow/example_dags/example_branch_operator.py
[2025-11-13T18:52:47.914-0800] {processor.py:927} WARNING - No viable dags retrieved from /Users/dipinjassal/ml/tmdb_data_warehouse/venv/lib/python3.12/site-packages/airflow/example_dags/example_branch_operator.py
[2025-11-13T18:52:47.936-0800] {processor.py:208} INFO - Processing /Users/dipinjassal/ml/tmdb_data_warehouse/venv/lib/python3.12/site-packages/airflow/example_dags/example_branch_operator.py took 0.029 seconds
[2025-11-13T18:55:16.588-0800] {processor.py:186} INFO - Started process (PID=13192) to work on /Users/dipinjassal/ml/tmdb_data_warehouse/venv/lib/python3.12/site-packages/airflow/example_dags/example_branch_operator.py
[2025-11-13T18:55:16.589-0800] {processor.py:914} INFO - Processing file /Users/dipinjassal/ml/tmdb_data_warehouse/venv/lib/python3.12/site-packages/airflow/example_dags/example_branch_operator.py for tasks to queue
[2025-11-13T18:55:16.589-0800] {logging_mixin.py:190} INFO - [2025-11-13T18:55:16.589-0800] {dagbag.py:588} INFO - Filling up the DagBag from /Users/dipinjassal/ml/tmdb_data_warehouse/venv/lib/python3.12/site-packages/airflow/example_dags/example_branch_operator.py
[2025-11-13T18:55:16.595-0800] {processor.py:927} WARNING - No viable dags retrieved from /Users/dipinjassal/ml/tmdb_data_warehouse/venv/lib/python3.12/site-packages/airflow/example_dags/example_branch_operator.py
[2025-11-13T18:55:16.617-0800] {processor.py:208} INFO - Processing /Users/dipinjassal/ml/tmdb_data_warehouse/venv/lib/python3.12/site-packages/airflow/example_dags/example_branch_operator.py took 0.029 seconds
[2025-11-13T18:57:09.453-0800] {processor.py:186} INFO - Started process (PID=13294) to work on /Users/dipinjassal/ml/tmdb_data_warehouse/venv/lib/python3.12/site-packages/airflow/example_dags/example_branch_operator.py
[2025-11-13T18:57:09.453-0800] {processor.py:914} INFO - Processing file /Users/dipinjassal/ml/tmdb_data_warehouse/venv/lib/python3.12/site-packages/airflow/example_dags/example_branch_operator.py for tasks to queue
[2025-11-13T18:57:09.454-0800] {logging_mixin.py:190} INFO - [2025-11-13T18:57:09.453-0800] {dagbag.py:588} INFO - Filling up the DagBag from /Users/dipinjassal/ml/tmdb_data_warehouse/venv/lib/python3.12/site-packages/airflow/example_dags/example_branch_operator.py
[2025-11-13T18:57:09.460-0800] {processor.py:927} WARNING - No viable dags retrieved from /Users/dipinjassal/ml/tmdb_data_warehouse/venv/lib/python3.12/site-packages/airflow/example_dags/example_branch_operator.py
[2025-11-13T18:57:09.482-0800] {processor.py:208} INFO - Processing /Users/dipinjassal/ml/tmdb_data_warehouse/venv/lib/python3.12/site-packages/airflow/example_dags/example_branch_operator.py took 0.030 seconds
[2025-11-13T18:58:55.754-0800] {processor.py:186} INFO - Started process (PID=13375) to work on /Users/dipinjassal/ml/tmdb_data_warehouse/venv/lib/python3.12/site-packages/airflow/example_dags/example_branch_operator.py
[2025-11-13T18:58:55.755-0800] {processor.py:914} INFO - Processing file /Users/dipinjassal/ml/tmdb_data_warehouse/venv/lib/python3.12/site-packages/airflow/example_dags/example_branch_operator.py for tasks to queue
[2025-11-13T18:58:55.755-0800] {logging_mixin.py:190} INFO - [2025-11-13T18:58:55.755-0800] {dagbag.py:588} INFO - Filling up the DagBag from /Users/dipinjassal/ml/tmdb_data_warehouse/venv/lib/python3.12/site-packages/airflow/example_dags/example_branch_operator.py
[2025-11-13T18:58:55.761-0800] {processor.py:927} WARNING - No viable dags retrieved from /Users/dipinjassal/ml/tmdb_data_warehouse/venv/lib/python3.12/site-packages/airflow/example_dags/example_branch_operator.py
[2025-11-13T18:58:55.783-0800] {processor.py:208} INFO - Processing /Users/dipinjassal/ml/tmdb_data_warehouse/venv/lib/python3.12/site-packages/airflow/example_dags/example_branch_operator.py took 0.030 seconds
[2025-11-13T19:00:42.655-0800] {processor.py:186} INFO - Started process (PID=13468) to work on /Users/dipinjassal/ml/tmdb_data_warehouse/venv/lib/python3.12/site-packages/airflow/example_dags/example_branch_operator.py
[2025-11-13T19:00:42.655-0800] {processor.py:914} INFO - Processing file /Users/dipinjassal/ml/tmdb_data_warehouse/venv/lib/python3.12/site-packages/airflow/example_dags/example_branch_operator.py for tasks to queue
[2025-11-13T19:00:42.656-0800] {logging_mixin.py:190} INFO - [2025-11-13T19:00:42.656-0800] {dagbag.py:588} INFO - Filling up the DagBag from /Users/dipinjassal/ml/tmdb_data_warehouse/venv/lib/python3.12/site-packages/airflow/example_dags/example_branch_operator.py
[2025-11-13T19:00:42.662-0800] {processor.py:927} WARNING - No viable dags retrieved from /Users/dipinjassal/ml/tmdb_data_warehouse/venv/lib/python3.12/site-packages/airflow/example_dags/example_branch_operator.py
[2025-11-13T19:00:42.684-0800] {processor.py:208} INFO - Processing /Users/dipinjassal/ml/tmdb_data_warehouse/venv/lib/python3.12/site-packages/airflow/example_dags/example_branch_operator.py took 0.029 seconds
[2025-11-13T19:02:30.689-0800] {processor.py:186} INFO - Started process (PID=13553) to work on /Users/dipinjassal/ml/tmdb_data_warehouse/venv/lib/python3.12/site-packages/airflow/example_dags/example_branch_operator.py
[2025-11-13T19:02:30.689-0800] {processor.py:914} INFO - Processing file /Users/dipinjassal/ml/tmdb_data_warehouse/venv/lib/python3.12/site-packages/airflow/example_dags/example_branch_operator.py for tasks to queue
[2025-11-13T19:02:30.690-0800] {logging_mixin.py:190} INFO - [2025-11-13T19:02:30.690-0800] {dagbag.py:588} INFO - Filling up the DagBag from /Users/dipinjassal/ml/tmdb_data_warehouse/venv/lib/python3.12/site-packages/airflow/example_dags/example_branch_operator.py
[2025-11-13T19:02:30.696-0800] {processor.py:927} WARNING - No viable dags retrieved from /Users/dipinjassal/ml/tmdb_data_warehouse/venv/lib/python3.12/site-packages/airflow/example_dags/example_branch_operator.py
[2025-11-13T19:02:30.718-0800] {processor.py:208} INFO - Processing /Users/dipinjassal/ml/tmdb_data_warehouse/venv/lib/python3.12/site-packages/airflow/example_dags/example_branch_operator.py took 0.029 seconds
[2025-11-13T19:04:16.062-0800] {processor.py:186} INFO - Started process (PID=13642) to work on /Users/dipinjassal/ml/tmdb_data_warehouse/venv/lib/python3.12/site-packages/airflow/example_dags/example_branch_operator.py
[2025-11-13T19:04:16.062-0800] {processor.py:914} INFO - Processing file /Users/dipinjassal/ml/tmdb_data_warehouse/venv/lib/python3.12/site-packages/airflow/example_dags/example_branch_operator.py for tasks to queue
[2025-11-13T19:04:16.063-0800] {logging_mixin.py:190} INFO - [2025-11-13T19:04:16.063-0800] {dagbag.py:588} INFO - Filling up the DagBag from /Users/dipinjassal/ml/tmdb_data_warehouse/venv/lib/python3.12/site-packages/airflow/example_dags/example_branch_operator.py
[2025-11-13T19:04:16.069-0800] {processor.py:927} WARNING - No viable dags retrieved from /Users/dipinjassal/ml/tmdb_data_warehouse/venv/lib/python3.12/site-packages/airflow/example_dags/example_branch_operator.py
[2025-11-13T19:04:16.091-0800] {processor.py:208} INFO - Processing /Users/dipinjassal/ml/tmdb_data_warehouse/venv/lib/python3.12/site-packages/airflow/example_dags/example_branch_operator.py took 0.029 seconds
[2025-11-13T19:06:01.995-0800] {processor.py:186} INFO - Started process (PID=13735) to work on /Users/dipinjassal/ml/tmdb_data_warehouse/venv/lib/python3.12/site-packages/airflow/example_dags/example_branch_operator.py
[2025-11-13T19:06:01.995-0800] {processor.py:914} INFO - Processing file /Users/dipinjassal/ml/tmdb_data_warehouse/venv/lib/python3.12/site-packages/airflow/example_dags/example_branch_operator.py for tasks to queue
[2025-11-13T19:06:01.995-0800] {logging_mixin.py:190} INFO - [2025-11-13T19:06:01.995-0800] {dagbag.py:588} INFO - Filling up the DagBag from /Users/dipinjassal/ml/tmdb_data_warehouse/venv/lib/python3.12/site-packages/airflow/example_dags/example_branch_operator.py
[2025-11-13T19:06:02.002-0800] {processor.py:927} WARNING - No viable dags retrieved from /Users/dipinjassal/ml/tmdb_data_warehouse/venv/lib/python3.12/site-packages/airflow/example_dags/example_branch_operator.py
[2025-11-13T19:06:02.023-0800] {processor.py:208} INFO - Processing /Users/dipinjassal/ml/tmdb_data_warehouse/venv/lib/python3.12/site-packages/airflow/example_dags/example_branch_operator.py took 0.030 seconds
[2025-11-13T19:07:48.118-0800] {processor.py:186} INFO - Started process (PID=13819) to work on /Users/dipinjassal/ml/tmdb_data_warehouse/venv/lib/python3.12/site-packages/airflow/example_dags/example_branch_operator.py
[2025-11-13T19:07:48.118-0800] {processor.py:914} INFO - Processing file /Users/dipinjassal/ml/tmdb_data_warehouse/venv/lib/python3.12/site-packages/airflow/example_dags/example_branch_operator.py for tasks to queue
[2025-11-13T19:07:48.118-0800] {logging_mixin.py:190} INFO - [2025-11-13T19:07:48.118-0800] {dagbag.py:588} INFO - Filling up the DagBag from /Users/dipinjassal/ml/tmdb_data_warehouse/venv/lib/python3.12/site-packages/airflow/example_dags/example_branch_operator.py
[2025-11-13T19:07:48.125-0800] {processor.py:927} WARNING - No viable dags retrieved from /Users/dipinjassal/ml/tmdb_data_warehouse/venv/lib/python3.12/site-packages/airflow/example_dags/example_branch_operator.py
[2025-11-13T19:07:48.146-0800] {processor.py:208} INFO - Processing /Users/dipinjassal/ml/tmdb_data_warehouse/venv/lib/python3.12/site-packages/airflow/example_dags/example_branch_operator.py took 0.029 seconds
[2025-11-13T19:09:32.269-0800] {processor.py:186} INFO - Started process (PID=13897) to work on /Users/dipinjassal/ml/tmdb_data_warehouse/venv/lib/python3.12/site-packages/airflow/example_dags/example_branch_operator.py
[2025-11-13T19:09:32.269-0800] {processor.py:914} INFO - Processing file /Users/dipinjassal/ml/tmdb_data_warehouse/venv/lib/python3.12/site-packages/airflow/example_dags/example_branch_operator.py for tasks to queue
[2025-11-13T19:09:32.269-0800] {logging_mixin.py:190} INFO - [2025-11-13T19:09:32.269-0800] {dagbag.py:588} INFO - Filling up the DagBag from /Users/dipinjassal/ml/tmdb_data_warehouse/venv/lib/python3.12/site-packages/airflow/example_dags/example_branch_operator.py
[2025-11-13T19:09:32.276-0800] {processor.py:927} WARNING - No viable dags retrieved from /Users/dipinjassal/ml/tmdb_data_warehouse/venv/lib/python3.12/site-packages/airflow/example_dags/example_branch_operator.py
[2025-11-13T19:09:32.297-0800] {processor.py:208} INFO - Processing /Users/dipinjassal/ml/tmdb_data_warehouse/venv/lib/python3.12/site-packages/airflow/example_dags/example_branch_operator.py took 0.030 seconds
[2025-11-13T19:11:21.369-0800] {processor.py:186} INFO - Started process (PID=13995) to work on /Users/dipinjassal/ml/tmdb_data_warehouse/venv/lib/python3.12/site-packages/airflow/example_dags/example_branch_operator.py
[2025-11-13T19:11:21.369-0800] {processor.py:914} INFO - Processing file /Users/dipinjassal/ml/tmdb_data_warehouse/venv/lib/python3.12/site-packages/airflow/example_dags/example_branch_operator.py for tasks to queue
[2025-11-13T19:11:21.370-0800] {logging_mixin.py:190} INFO - [2025-11-13T19:11:21.370-0800] {dagbag.py:588} INFO - Filling up the DagBag from /Users/dipinjassal/ml/tmdb_data_warehouse/venv/lib/python3.12/site-packages/airflow/example_dags/example_branch_operator.py
[2025-11-13T19:11:21.376-0800] {processor.py:927} WARNING - No viable dags retrieved from /Users/dipinjassal/ml/tmdb_data_warehouse/venv/lib/python3.12/site-packages/airflow/example_dags/example_branch_operator.py
[2025-11-13T19:11:21.399-0800] {processor.py:208} INFO - Processing /Users/dipinjassal/ml/tmdb_data_warehouse/venv/lib/python3.12/site-packages/airflow/example_dags/example_branch_operator.py took 0.031 seconds
[2025-11-13T19:13:07.239-0800] {processor.py:186} INFO - Started process (PID=14075) to work on /Users/dipinjassal/ml/tmdb_data_warehouse/venv/lib/python3.12/site-packages/airflow/example_dags/example_branch_operator.py
[2025-11-13T19:13:07.239-0800] {processor.py:914} INFO - Processing file /Users/dipinjassal/ml/tmdb_data_warehouse/venv/lib/python3.12/site-packages/airflow/example_dags/example_branch_operator.py for tasks to queue
[2025-11-13T19:13:07.240-0800] {logging_mixin.py:190} INFO - [2025-11-13T19:13:07.240-0800] {dagbag.py:588} INFO - Filling up the DagBag from /Users/dipinjassal/ml/tmdb_data_warehouse/venv/lib/python3.12/site-packages/airflow/example_dags/example_branch_operator.py
[2025-11-13T19:13:07.246-0800] {processor.py:927} WARNING - No viable dags retrieved from /Users/dipinjassal/ml/tmdb_data_warehouse/venv/lib/python3.12/site-packages/airflow/example_dags/example_branch_operator.py
[2025-11-13T19:13:07.268-0800] {processor.py:208} INFO - Processing /Users/dipinjassal/ml/tmdb_data_warehouse/venv/lib/python3.12/site-packages/airflow/example_dags/example_branch_operator.py took 0.030 seconds
[2025-11-13T19:14:52.821-0800] {processor.py:186} INFO - Started process (PID=14155) to work on /Users/dipinjassal/ml/tmdb_data_warehouse/venv/lib/python3.12/site-packages/airflow/example_dags/example_branch_operator.py
[2025-11-13T19:14:52.821-0800] {processor.py:914} INFO - Processing file /Users/dipinjassal/ml/tmdb_data_warehouse/venv/lib/python3.12/site-packages/airflow/example_dags/example_branch_operator.py for tasks to queue
[2025-11-13T19:14:52.821-0800] {logging_mixin.py:190} INFO - [2025-11-13T19:14:52.821-0800] {dagbag.py:588} INFO - Filling up the DagBag from /Users/dipinjassal/ml/tmdb_data_warehouse/venv/lib/python3.12/site-packages/airflow/example_dags/example_branch_operator.py
[2025-11-13T19:14:52.828-0800] {processor.py:927} WARNING - No viable dags retrieved from /Users/dipinjassal/ml/tmdb_data_warehouse/venv/lib/python3.12/site-packages/airflow/example_dags/example_branch_operator.py
[2025-11-13T19:14:52.849-0800] {processor.py:208} INFO - Processing /Users/dipinjassal/ml/tmdb_data_warehouse/venv/lib/python3.12/site-packages/airflow/example_dags/example_branch_operator.py took 0.029 seconds
[2025-11-13T19:16:35.613-0800] {processor.py:186} INFO - Started process (PID=14250) to work on /Users/dipinjassal/ml/tmdb_data_warehouse/venv/lib/python3.12/site-packages/airflow/example_dags/example_branch_operator.py
[2025-11-13T19:16:35.613-0800] {processor.py:914} INFO - Processing file /Users/dipinjassal/ml/tmdb_data_warehouse/venv/lib/python3.12/site-packages/airflow/example_dags/example_branch_operator.py for tasks to queue
[2025-11-13T19:16:35.613-0800] {logging_mixin.py:190} INFO - [2025-11-13T19:16:35.613-0800] {dagbag.py:588} INFO - Filling up the DagBag from /Users/dipinjassal/ml/tmdb_data_warehouse/venv/lib/python3.12/site-packages/airflow/example_dags/example_branch_operator.py
[2025-11-13T19:16:35.620-0800] {processor.py:927} WARNING - No viable dags retrieved from /Users/dipinjassal/ml/tmdb_data_warehouse/venv/lib/python3.12/site-packages/airflow/example_dags/example_branch_operator.py
[2025-11-13T19:16:35.642-0800] {processor.py:208} INFO - Processing /Users/dipinjassal/ml/tmdb_data_warehouse/venv/lib/python3.12/site-packages/airflow/example_dags/example_branch_operator.py took 0.030 seconds
[2025-11-13T19:18:22.829-0800] {processor.py:186} INFO - Started process (PID=14330) to work on /Users/dipinjassal/ml/tmdb_data_warehouse/venv/lib/python3.12/site-packages/airflow/example_dags/example_branch_operator.py
[2025-11-13T19:18:22.829-0800] {processor.py:914} INFO - Processing file /Users/dipinjassal/ml/tmdb_data_warehouse/venv/lib/python3.12/site-packages/airflow/example_dags/example_branch_operator.py for tasks to queue
[2025-11-13T19:18:22.829-0800] {logging_mixin.py:190} INFO - [2025-11-13T19:18:22.829-0800] {dagbag.py:588} INFO - Filling up the DagBag from /Users/dipinjassal/ml/tmdb_data_warehouse/venv/lib/python3.12/site-packages/airflow/example_dags/example_branch_operator.py
[2025-11-13T19:18:22.836-0800] {processor.py:927} WARNING - No viable dags retrieved from /Users/dipinjassal/ml/tmdb_data_warehouse/venv/lib/python3.12/site-packages/airflow/example_dags/example_branch_operator.py
[2025-11-13T19:18:22.858-0800] {processor.py:208} INFO - Processing /Users/dipinjassal/ml/tmdb_data_warehouse/venv/lib/python3.12/site-packages/airflow/example_dags/example_branch_operator.py took 0.030 seconds
[2025-11-13T19:20:11.356-0800] {processor.py:186} INFO - Started process (PID=14423) to work on /Users/dipinjassal/ml/tmdb_data_warehouse/venv/lib/python3.12/site-packages/airflow/example_dags/example_branch_operator.py
[2025-11-13T19:20:11.357-0800] {processor.py:914} INFO - Processing file /Users/dipinjassal/ml/tmdb_data_warehouse/venv/lib/python3.12/site-packages/airflow/example_dags/example_branch_operator.py for tasks to queue
[2025-11-13T19:20:11.357-0800] {logging_mixin.py:190} INFO - [2025-11-13T19:20:11.357-0800] {dagbag.py:588} INFO - Filling up the DagBag from /Users/dipinjassal/ml/tmdb_data_warehouse/venv/lib/python3.12/site-packages/airflow/example_dags/example_branch_operator.py
[2025-11-13T19:20:11.363-0800] {processor.py:927} WARNING - No viable dags retrieved from /Users/dipinjassal/ml/tmdb_data_warehouse/venv/lib/python3.12/site-packages/airflow/example_dags/example_branch_operator.py
[2025-11-13T19:20:11.385-0800] {processor.py:208} INFO - Processing /Users/dipinjassal/ml/tmdb_data_warehouse/venv/lib/python3.12/site-packages/airflow/example_dags/example_branch_operator.py took 0.030 seconds
[2025-11-13T19:21:56.559-0800] {processor.py:186} INFO - Started process (PID=14527) to work on /Users/dipinjassal/ml/tmdb_data_warehouse/venv/lib/python3.12/site-packages/airflow/example_dags/example_branch_operator.py
[2025-11-13T19:21:56.560-0800] {processor.py:914} INFO - Processing file /Users/dipinjassal/ml/tmdb_data_warehouse/venv/lib/python3.12/site-packages/airflow/example_dags/example_branch_operator.py for tasks to queue
[2025-11-13T19:21:56.560-0800] {logging_mixin.py:190} INFO - [2025-11-13T19:21:56.560-0800] {dagbag.py:588} INFO - Filling up the DagBag from /Users/dipinjassal/ml/tmdb_data_warehouse/venv/lib/python3.12/site-packages/airflow/example_dags/example_branch_operator.py
[2025-11-13T19:21:56.566-0800] {processor.py:927} WARNING - No viable dags retrieved from /Users/dipinjassal/ml/tmdb_data_warehouse/venv/lib/python3.12/site-packages/airflow/example_dags/example_branch_operator.py
[2025-11-13T19:21:56.588-0800] {processor.py:208} INFO - Processing /Users/dipinjassal/ml/tmdb_data_warehouse/venv/lib/python3.12/site-packages/airflow/example_dags/example_branch_operator.py took 0.029 seconds
[2025-11-13T19:23:46.023-0800] {processor.py:186} INFO - Started process (PID=14609) to work on /Users/dipinjassal/ml/tmdb_data_warehouse/venv/lib/python3.12/site-packages/airflow/example_dags/example_branch_operator.py
[2025-11-13T19:23:46.023-0800] {processor.py:914} INFO - Processing file /Users/dipinjassal/ml/tmdb_data_warehouse/venv/lib/python3.12/site-packages/airflow/example_dags/example_branch_operator.py for tasks to queue
[2025-11-13T19:23:46.023-0800] {logging_mixin.py:190} INFO - [2025-11-13T19:23:46.023-0800] {dagbag.py:588} INFO - Filling up the DagBag from /Users/dipinjassal/ml/tmdb_data_warehouse/venv/lib/python3.12/site-packages/airflow/example_dags/example_branch_operator.py
[2025-11-13T19:23:46.029-0800] {processor.py:927} WARNING - No viable dags retrieved from /Users/dipinjassal/ml/tmdb_data_warehouse/venv/lib/python3.12/site-packages/airflow/example_dags/example_branch_operator.py
[2025-11-13T19:23:46.051-0800] {processor.py:208} INFO - Processing /Users/dipinjassal/ml/tmdb_data_warehouse/venv/lib/python3.12/site-packages/airflow/example_dags/example_branch_operator.py took 0.029 seconds
[2025-11-13T19:25:34.239-0800] {processor.py:186} INFO - Started process (PID=14689) to work on /Users/dipinjassal/ml/tmdb_data_warehouse/venv/lib/python3.12/site-packages/airflow/example_dags/example_branch_operator.py
[2025-11-13T19:25:34.239-0800] {processor.py:914} INFO - Processing file /Users/dipinjassal/ml/tmdb_data_warehouse/venv/lib/python3.12/site-packages/airflow/example_dags/example_branch_operator.py for tasks to queue
[2025-11-13T19:25:34.239-0800] {logging_mixin.py:190} INFO - [2025-11-13T19:25:34.239-0800] {dagbag.py:588} INFO - Filling up the DagBag from /Users/dipinjassal/ml/tmdb_data_warehouse/venv/lib/python3.12/site-packages/airflow/example_dags/example_branch_operator.py
[2025-11-13T19:25:34.246-0800] {processor.py:927} WARNING - No viable dags retrieved from /Users/dipinjassal/ml/tmdb_data_warehouse/venv/lib/python3.12/site-packages/airflow/example_dags/example_branch_operator.py
[2025-11-13T19:25:34.267-0800] {processor.py:208} INFO - Processing /Users/dipinjassal/ml/tmdb_data_warehouse/venv/lib/python3.12/site-packages/airflow/example_dags/example_branch_operator.py took 0.029 seconds
[2025-11-13T19:27:23.237-0800] {processor.py:186} INFO - Started process (PID=14806) to work on /Users/dipinjassal/ml/tmdb_data_warehouse/venv/lib/python3.12/site-packages/airflow/example_dags/example_branch_operator.py
[2025-11-13T19:27:23.238-0800] {processor.py:914} INFO - Processing file /Users/dipinjassal/ml/tmdb_data_warehouse/venv/lib/python3.12/site-packages/airflow/example_dags/example_branch_operator.py for tasks to queue
[2025-11-13T19:27:23.238-0800] {logging_mixin.py:190} INFO - [2025-11-13T19:27:23.238-0800] {dagbag.py:588} INFO - Filling up the DagBag from /Users/dipinjassal/ml/tmdb_data_warehouse/venv/lib/python3.12/site-packages/airflow/example_dags/example_branch_operator.py
[2025-11-13T19:27:23.244-0800] {processor.py:927} WARNING - No viable dags retrieved from /Users/dipinjassal/ml/tmdb_data_warehouse/venv/lib/python3.12/site-packages/airflow/example_dags/example_branch_operator.py
[2025-11-13T19:27:23.267-0800] {processor.py:208} INFO - Processing /Users/dipinjassal/ml/tmdb_data_warehouse/venv/lib/python3.12/site-packages/airflow/example_dags/example_branch_operator.py took 0.030 seconds
[2025-11-13T19:29:06.670-0800] {processor.py:186} INFO - Started process (PID=14885) to work on /Users/dipinjassal/ml/tmdb_data_warehouse/venv/lib/python3.12/site-packages/airflow/example_dags/example_branch_operator.py
[2025-11-13T19:29:06.671-0800] {processor.py:914} INFO - Processing file /Users/dipinjassal/ml/tmdb_data_warehouse/venv/lib/python3.12/site-packages/airflow/example_dags/example_branch_operator.py for tasks to queue
[2025-11-13T19:29:06.671-0800] {logging_mixin.py:190} INFO - [2025-11-13T19:29:06.671-0800] {dagbag.py:588} INFO - Filling up the DagBag from /Users/dipinjassal/ml/tmdb_data_warehouse/venv/lib/python3.12/site-packages/airflow/example_dags/example_branch_operator.py
[2025-11-13T19:29:06.677-0800] {processor.py:927} WARNING - No viable dags retrieved from /Users/dipinjassal/ml/tmdb_data_warehouse/venv/lib/python3.12/site-packages/airflow/example_dags/example_branch_operator.py
[2025-11-13T19:29:06.700-0800] {processor.py:208} INFO - Processing /Users/dipinjassal/ml/tmdb_data_warehouse/venv/lib/python3.12/site-packages/airflow/example_dags/example_branch_operator.py took 0.030 seconds
[2025-11-13T19:30:50.205-0800] {processor.py:186} INFO - Started process (PID=14972) to work on /Users/dipinjassal/ml/tmdb_data_warehouse/venv/lib/python3.12/site-packages/airflow/example_dags/example_branch_operator.py
[2025-11-13T19:30:50.206-0800] {processor.py:914} INFO - Processing file /Users/dipinjassal/ml/tmdb_data_warehouse/venv/lib/python3.12/site-packages/airflow/example_dags/example_branch_operator.py for tasks to queue
[2025-11-13T19:30:50.206-0800] {logging_mixin.py:190} INFO - [2025-11-13T19:30:50.206-0800] {dagbag.py:588} INFO - Filling up the DagBag from /Users/dipinjassal/ml/tmdb_data_warehouse/venv/lib/python3.12/site-packages/airflow/example_dags/example_branch_operator.py
[2025-11-13T19:30:50.212-0800] {processor.py:927} WARNING - No viable dags retrieved from /Users/dipinjassal/ml/tmdb_data_warehouse/venv/lib/python3.12/site-packages/airflow/example_dags/example_branch_operator.py
[2025-11-13T19:30:50.234-0800] {processor.py:208} INFO - Processing /Users/dipinjassal/ml/tmdb_data_warehouse/venv/lib/python3.12/site-packages/airflow/example_dags/example_branch_operator.py took 0.030 seconds
[2025-11-13T19:32:35.806-0800] {processor.py:186} INFO - Started process (PID=15069) to work on /Users/dipinjassal/ml/tmdb_data_warehouse/venv/lib/python3.12/site-packages/airflow/example_dags/example_branch_operator.py
[2025-11-13T19:32:35.806-0800] {processor.py:914} INFO - Processing file /Users/dipinjassal/ml/tmdb_data_warehouse/venv/lib/python3.12/site-packages/airflow/example_dags/example_branch_operator.py for tasks to queue
[2025-11-13T19:32:35.806-0800] {logging_mixin.py:190} INFO - [2025-11-13T19:32:35.806-0800] {dagbag.py:588} INFO - Filling up the DagBag from /Users/dipinjassal/ml/tmdb_data_warehouse/venv/lib/python3.12/site-packages/airflow/example_dags/example_branch_operator.py
[2025-11-13T19:32:35.813-0800] {processor.py:927} WARNING - No viable dags retrieved from /Users/dipinjassal/ml/tmdb_data_warehouse/venv/lib/python3.12/site-packages/airflow/example_dags/example_branch_operator.py
[2025-11-13T19:32:35.835-0800] {processor.py:208} INFO - Processing /Users/dipinjassal/ml/tmdb_data_warehouse/venv/lib/python3.12/site-packages/airflow/example_dags/example_branch_operator.py took 0.030 seconds
[2025-11-13T19:34:20.924-0800] {processor.py:186} INFO - Started process (PID=15161) to work on /Users/dipinjassal/ml/tmdb_data_warehouse/venv/lib/python3.12/site-packages/airflow/example_dags/example_branch_operator.py
[2025-11-13T19:34:20.925-0800] {processor.py:914} INFO - Processing file /Users/dipinjassal/ml/tmdb_data_warehouse/venv/lib/python3.12/site-packages/airflow/example_dags/example_branch_operator.py for tasks to queue
[2025-11-13T19:34:20.925-0800] {logging_mixin.py:190} INFO - [2025-11-13T19:34:20.925-0800] {dagbag.py:588} INFO - Filling up the DagBag from /Users/dipinjassal/ml/tmdb_data_warehouse/venv/lib/python3.12/site-packages/airflow/example_dags/example_branch_operator.py
[2025-11-13T19:34:20.931-0800] {processor.py:927} WARNING - No viable dags retrieved from /Users/dipinjassal/ml/tmdb_data_warehouse/venv/lib/python3.12/site-packages/airflow/example_dags/example_branch_operator.py
[2025-11-13T19:34:20.953-0800] {processor.py:208} INFO - Processing /Users/dipinjassal/ml/tmdb_data_warehouse/venv/lib/python3.12/site-packages/airflow/example_dags/example_branch_operator.py took 0.030 seconds
[2025-11-13T19:39:58.441-0800] {processor.py:186} INFO - Started process (PID=15390) to work on /Users/dipinjassal/ml/tmdb_data_warehouse/venv/lib/python3.12/site-packages/airflow/example_dags/example_branch_operator.py
[2025-11-13T19:39:58.442-0800] {processor.py:914} INFO - Processing file /Users/dipinjassal/ml/tmdb_data_warehouse/venv/lib/python3.12/site-packages/airflow/example_dags/example_branch_operator.py for tasks to queue
[2025-11-13T19:39:58.444-0800] {logging_mixin.py:190} INFO - [2025-11-13T19:39:58.443-0800] {dagbag.py:588} INFO - Filling up the DagBag from /Users/dipinjassal/ml/tmdb_data_warehouse/venv/lib/python3.12/site-packages/airflow/example_dags/example_branch_operator.py
[2025-11-13T19:39:58.474-0800] {processor.py:927} WARNING - No viable dags retrieved from /Users/dipinjassal/ml/tmdb_data_warehouse/venv/lib/python3.12/site-packages/airflow/example_dags/example_branch_operator.py
[2025-11-13T19:39:58.603-0800] {processor.py:208} INFO - Processing /Users/dipinjassal/ml/tmdb_data_warehouse/venv/lib/python3.12/site-packages/airflow/example_dags/example_branch_operator.py took 0.167 seconds
[2025-11-13T19:46:36.458-0800] {processor.py:186} INFO - Started process (PID=15598) to work on /Users/dipinjassal/ml/tmdb_data_warehouse/venv/lib/python3.12/site-packages/airflow/example_dags/example_branch_operator.py
[2025-11-13T19:46:36.458-0800] {processor.py:914} INFO - Processing file /Users/dipinjassal/ml/tmdb_data_warehouse/venv/lib/python3.12/site-packages/airflow/example_dags/example_branch_operator.py for tasks to queue
[2025-11-13T19:46:36.458-0800] {logging_mixin.py:190} INFO - [2025-11-13T19:46:36.458-0800] {dagbag.py:588} INFO - Filling up the DagBag from /Users/dipinjassal/ml/tmdb_data_warehouse/venv/lib/python3.12/site-packages/airflow/example_dags/example_branch_operator.py
[2025-11-13T19:46:36.464-0800] {processor.py:927} WARNING - No viable dags retrieved from /Users/dipinjassal/ml/tmdb_data_warehouse/venv/lib/python3.12/site-packages/airflow/example_dags/example_branch_operator.py
[2025-11-13T19:46:36.486-0800] {processor.py:208} INFO - Processing /Users/dipinjassal/ml/tmdb_data_warehouse/venv/lib/python3.12/site-packages/airflow/example_dags/example_branch_operator.py took 0.029 seconds
[2025-11-13T19:48:21.461-0800] {processor.py:186} INFO - Started process (PID=15679) to work on /Users/dipinjassal/ml/tmdb_data_warehouse/venv/lib/python3.12/site-packages/airflow/example_dags/example_branch_operator.py
[2025-11-13T19:48:21.461-0800] {processor.py:914} INFO - Processing file /Users/dipinjassal/ml/tmdb_data_warehouse/venv/lib/python3.12/site-packages/airflow/example_dags/example_branch_operator.py for tasks to queue
[2025-11-13T19:48:21.461-0800] {logging_mixin.py:190} INFO - [2025-11-13T19:48:21.461-0800] {dagbag.py:588} INFO - Filling up the DagBag from /Users/dipinjassal/ml/tmdb_data_warehouse/venv/lib/python3.12/site-packages/airflow/example_dags/example_branch_operator.py
[2025-11-13T19:48:21.468-0800] {processor.py:927} WARNING - No viable dags retrieved from /Users/dipinjassal/ml/tmdb_data_warehouse/venv/lib/python3.12/site-packages/airflow/example_dags/example_branch_operator.py
[2025-11-13T19:48:21.490-0800] {processor.py:208} INFO - Processing /Users/dipinjassal/ml/tmdb_data_warehouse/venv/lib/python3.12/site-packages/airflow/example_dags/example_branch_operator.py took 0.030 seconds
[2025-11-13T19:50:04.975-0800] {processor.py:186} INFO - Started process (PID=15759) to work on /Users/dipinjassal/ml/tmdb_data_warehouse/venv/lib/python3.12/site-packages/airflow/example_dags/example_branch_operator.py
[2025-11-13T19:50:04.975-0800] {processor.py:914} INFO - Processing file /Users/dipinjassal/ml/tmdb_data_warehouse/venv/lib/python3.12/site-packages/airflow/example_dags/example_branch_operator.py for tasks to queue
[2025-11-13T19:50:04.976-0800] {logging_mixin.py:190} INFO - [2025-11-13T19:50:04.976-0800] {dagbag.py:588} INFO - Filling up the DagBag from /Users/dipinjassal/ml/tmdb_data_warehouse/venv/lib/python3.12/site-packages/airflow/example_dags/example_branch_operator.py
[2025-11-13T19:50:04.982-0800] {processor.py:927} WARNING - No viable dags retrieved from /Users/dipinjassal/ml/tmdb_data_warehouse/venv/lib/python3.12/site-packages/airflow/example_dags/example_branch_operator.py
[2025-11-13T19:50:05.004-0800] {processor.py:208} INFO - Processing /Users/dipinjassal/ml/tmdb_data_warehouse/venv/lib/python3.12/site-packages/airflow/example_dags/example_branch_operator.py took 0.030 seconds
[2025-11-13T19:52:40.745-0800] {processor.py:186} INFO - Started process (PID=15873) to work on /Users/dipinjassal/ml/tmdb_data_warehouse/venv/lib/python3.12/site-packages/airflow/example_dags/example_branch_operator.py
[2025-11-13T19:52:40.747-0800] {processor.py:914} INFO - Processing file /Users/dipinjassal/ml/tmdb_data_warehouse/venv/lib/python3.12/site-packages/airflow/example_dags/example_branch_operator.py for tasks to queue
[2025-11-13T19:52:40.748-0800] {logging_mixin.py:190} INFO - [2025-11-13T19:52:40.748-0800] {dagbag.py:588} INFO - Filling up the DagBag from /Users/dipinjassal/ml/tmdb_data_warehouse/venv/lib/python3.12/site-packages/airflow/example_dags/example_branch_operator.py
[2025-11-13T19:52:40.778-0800] {processor.py:927} WARNING - No viable dags retrieved from /Users/dipinjassal/ml/tmdb_data_warehouse/venv/lib/python3.12/site-packages/airflow/example_dags/example_branch_operator.py
[2025-11-13T19:52:40.899-0800] {processor.py:208} INFO - Processing /Users/dipinjassal/ml/tmdb_data_warehouse/venv/lib/python3.12/site-packages/airflow/example_dags/example_branch_operator.py took 0.158 seconds
[2025-11-13T20:00:07.054-0800] {processor.py:186} INFO - Started process (PID=16098) to work on /Users/dipinjassal/ml/tmdb_data_warehouse/venv/lib/python3.12/site-packages/airflow/example_dags/example_branch_operator.py
[2025-11-13T20:00:07.056-0800] {processor.py:914} INFO - Processing file /Users/dipinjassal/ml/tmdb_data_warehouse/venv/lib/python3.12/site-packages/airflow/example_dags/example_branch_operator.py for tasks to queue
[2025-11-13T20:00:07.057-0800] {logging_mixin.py:190} INFO - [2025-11-13T20:00:07.057-0800] {dagbag.py:588} INFO - Filling up the DagBag from /Users/dipinjassal/ml/tmdb_data_warehouse/venv/lib/python3.12/site-packages/airflow/example_dags/example_branch_operator.py
[2025-11-13T20:00:07.091-0800] {processor.py:927} WARNING - No viable dags retrieved from /Users/dipinjassal/ml/tmdb_data_warehouse/venv/lib/python3.12/site-packages/airflow/example_dags/example_branch_operator.py
[2025-11-13T20:00:07.204-0800] {processor.py:208} INFO - Processing /Users/dipinjassal/ml/tmdb_data_warehouse/venv/lib/python3.12/site-packages/airflow/example_dags/example_branch_operator.py took 0.157 seconds
[2025-11-13T20:07:11.665-0800] {processor.py:186} INFO - Started process (PID=16327) to work on /Users/dipinjassal/ml/tmdb_data_warehouse/venv/lib/python3.12/site-packages/airflow/example_dags/example_branch_operator.py
[2025-11-13T20:07:11.665-0800] {processor.py:914} INFO - Processing file /Users/dipinjassal/ml/tmdb_data_warehouse/venv/lib/python3.12/site-packages/airflow/example_dags/example_branch_operator.py for tasks to queue
[2025-11-13T20:07:11.665-0800] {logging_mixin.py:190} INFO - [2025-11-13T20:07:11.665-0800] {dagbag.py:588} INFO - Filling up the DagBag from /Users/dipinjassal/ml/tmdb_data_warehouse/venv/lib/python3.12/site-packages/airflow/example_dags/example_branch_operator.py
[2025-11-13T20:07:11.672-0800] {processor.py:927} WARNING - No viable dags retrieved from /Users/dipinjassal/ml/tmdb_data_warehouse/venv/lib/python3.12/site-packages/airflow/example_dags/example_branch_operator.py
[2025-11-13T20:07:11.696-0800] {processor.py:208} INFO - Processing /Users/dipinjassal/ml/tmdb_data_warehouse/venv/lib/python3.12/site-packages/airflow/example_dags/example_branch_operator.py took 0.032 seconds
