[2025-11-13T16:43:14.568-0800] {processor.py:186} INFO - Started process (PID=9411) to work on /Users/dipinjassal/ml/tmdb_data_warehouse/venv/lib/python3.12/site-packages/airflow/example_dags/example_bash_decorator.py
[2025-11-13T16:43:14.568-0800] {processor.py:914} INFO - Processing file /Users/dipinjassal/ml/tmdb_data_warehouse/venv/lib/python3.12/site-packages/airflow/example_dags/example_bash_decorator.py for tasks to queue
[2025-11-13T16:43:14.569-0800] {logging_mixin.py:190} INFO - [2025-11-13T16:43:14.568-0800] {dagbag.py:588} INFO - Filling up the DagBag from /Users/dipinjassal/ml/tmdb_data_warehouse/venv/lib/python3.12/site-packages/airflow/example_dags/example_bash_decorator.py
[2025-11-13T16:43:14.581-0800] {processor.py:925} INFO - DAG(s) 'example_bash_decorator' retrieved from /Users/dipinjassal/ml/tmdb_data_warehouse/venv/lib/python3.12/site-packages/airflow/example_dags/example_bash_decorator.py
[2025-11-13T16:43:14.648-0800] {logging_mixin.py:190} INFO - [2025-11-13T16:43:14.648-0800] {dag.py:3239} INFO - Sync 1 DAGs
[2025-11-13T16:43:14.650-0800] {logging_mixin.py:190} INFO - [2025-11-13T16:43:14.650-0800] {dag.py:4180} INFO - Setting next_dagrun for example_bash_decorator to None, run_after=None
[2025-11-13T16:43:14.655-0800] {processor.py:208} INFO - Processing /Users/dipinjassal/ml/tmdb_data_warehouse/venv/lib/python3.12/site-packages/airflow/example_dags/example_bash_decorator.py took 0.088 seconds
[2025-11-13T16:45:23.527-0800] {processor.py:186} INFO - Started process (PID=9507) to work on /Users/dipinjassal/ml/tmdb_data_warehouse/venv/lib/python3.12/site-packages/airflow/example_dags/example_bash_decorator.py
[2025-11-13T16:45:23.527-0800] {processor.py:914} INFO - Processing file /Users/dipinjassal/ml/tmdb_data_warehouse/venv/lib/python3.12/site-packages/airflow/example_dags/example_bash_decorator.py for tasks to queue
[2025-11-13T16:45:23.527-0800] {logging_mixin.py:190} INFO - [2025-11-13T16:45:23.527-0800] {dagbag.py:588} INFO - Filling up the DagBag from /Users/dipinjassal/ml/tmdb_data_warehouse/venv/lib/python3.12/site-packages/airflow/example_dags/example_bash_decorator.py
[2025-11-13T16:45:23.540-0800] {processor.py:925} INFO - DAG(s) 'example_bash_decorator' retrieved from /Users/dipinjassal/ml/tmdb_data_warehouse/venv/lib/python3.12/site-packages/airflow/example_dags/example_bash_decorator.py
[2025-11-13T16:45:23.604-0800] {logging_mixin.py:190} INFO - [2025-11-13T16:45:23.604-0800] {dag.py:3239} INFO - Sync 1 DAGs
[2025-11-13T16:45:23.606-0800] {logging_mixin.py:190} INFO - [2025-11-13T16:45:23.606-0800] {dag.py:4180} INFO - Setting next_dagrun for example_bash_decorator to None, run_after=None
[2025-11-13T16:45:23.611-0800] {processor.py:208} INFO - Processing /Users/dipinjassal/ml/tmdb_data_warehouse/venv/lib/python3.12/site-packages/airflow/example_dags/example_bash_decorator.py took 0.085 seconds
[2025-11-13T16:48:01.853-0800] {processor.py:186} INFO - Started process (PID=9589) to work on /Users/dipinjassal/ml/tmdb_data_warehouse/venv/lib/python3.12/site-packages/airflow/example_dags/example_bash_decorator.py
[2025-11-13T16:48:01.853-0800] {processor.py:914} INFO - Processing file /Users/dipinjassal/ml/tmdb_data_warehouse/venv/lib/python3.12/site-packages/airflow/example_dags/example_bash_decorator.py for tasks to queue
[2025-11-13T16:48:01.854-0800] {logging_mixin.py:190} INFO - [2025-11-13T16:48:01.853-0800] {dagbag.py:588} INFO - Filling up the DagBag from /Users/dipinjassal/ml/tmdb_data_warehouse/venv/lib/python3.12/site-packages/airflow/example_dags/example_bash_decorator.py
[2025-11-13T16:48:01.866-0800] {processor.py:925} INFO - DAG(s) 'example_bash_decorator' retrieved from /Users/dipinjassal/ml/tmdb_data_warehouse/venv/lib/python3.12/site-packages/airflow/example_dags/example_bash_decorator.py
[2025-11-13T16:48:01.931-0800] {logging_mixin.py:190} INFO - [2025-11-13T16:48:01.931-0800] {dag.py:3239} INFO - Sync 1 DAGs
[2025-11-13T16:48:01.934-0800] {logging_mixin.py:190} INFO - [2025-11-13T16:48:01.933-0800] {dag.py:4180} INFO - Setting next_dagrun for example_bash_decorator to None, run_after=None
[2025-11-13T16:48:01.938-0800] {processor.py:208} INFO - Processing /Users/dipinjassal/ml/tmdb_data_warehouse/venv/lib/python3.12/site-packages/airflow/example_dags/example_bash_decorator.py took 0.086 seconds
[2025-11-13T16:57:01.786-0800] {processor.py:186} INFO - Started process (PID=9687) to work on /Users/dipinjassal/ml/tmdb_data_warehouse/venv/lib/python3.12/site-packages/airflow/example_dags/example_bash_decorator.py
[2025-11-13T16:57:01.786-0800] {processor.py:914} INFO - Processing file /Users/dipinjassal/ml/tmdb_data_warehouse/venv/lib/python3.12/site-packages/airflow/example_dags/example_bash_decorator.py for tasks to queue
[2025-11-13T16:57:01.787-0800] {logging_mixin.py:190} INFO - [2025-11-13T16:57:01.786-0800] {dagbag.py:588} INFO - Filling up the DagBag from /Users/dipinjassal/ml/tmdb_data_warehouse/venv/lib/python3.12/site-packages/airflow/example_dags/example_bash_decorator.py
[2025-11-13T16:57:01.799-0800] {processor.py:925} INFO - DAG(s) 'example_bash_decorator' retrieved from /Users/dipinjassal/ml/tmdb_data_warehouse/venv/lib/python3.12/site-packages/airflow/example_dags/example_bash_decorator.py
[2025-11-13T16:57:01.865-0800] {logging_mixin.py:190} INFO - [2025-11-13T16:57:01.865-0800] {dag.py:3239} INFO - Sync 1 DAGs
[2025-11-13T16:57:01.868-0800] {logging_mixin.py:190} INFO - [2025-11-13T16:57:01.867-0800] {dag.py:4180} INFO - Setting next_dagrun for example_bash_decorator to None, run_after=None
[2025-11-13T16:57:01.872-0800] {processor.py:208} INFO - Processing /Users/dipinjassal/ml/tmdb_data_warehouse/venv/lib/python3.12/site-packages/airflow/example_dags/example_bash_decorator.py took 0.087 seconds
[2025-11-13T16:59:05.906-0800] {processor.py:186} INFO - Started process (PID=9782) to work on /Users/dipinjassal/ml/tmdb_data_warehouse/venv/lib/python3.12/site-packages/airflow/example_dags/example_bash_decorator.py
[2025-11-13T16:59:05.906-0800] {processor.py:914} INFO - Processing file /Users/dipinjassal/ml/tmdb_data_warehouse/venv/lib/python3.12/site-packages/airflow/example_dags/example_bash_decorator.py for tasks to queue
[2025-11-13T16:59:05.907-0800] {logging_mixin.py:190} INFO - [2025-11-13T16:59:05.907-0800] {dagbag.py:588} INFO - Filling up the DagBag from /Users/dipinjassal/ml/tmdb_data_warehouse/venv/lib/python3.12/site-packages/airflow/example_dags/example_bash_decorator.py
[2025-11-13T16:59:05.919-0800] {processor.py:925} INFO - DAG(s) 'example_bash_decorator' retrieved from /Users/dipinjassal/ml/tmdb_data_warehouse/venv/lib/python3.12/site-packages/airflow/example_dags/example_bash_decorator.py
[2025-11-13T16:59:05.984-0800] {logging_mixin.py:190} INFO - [2025-11-13T16:59:05.984-0800] {dag.py:3239} INFO - Sync 1 DAGs
[2025-11-13T16:59:05.987-0800] {logging_mixin.py:190} INFO - [2025-11-13T16:59:05.987-0800] {dag.py:4180} INFO - Setting next_dagrun for example_bash_decorator to None, run_after=None
[2025-11-13T16:59:05.991-0800] {processor.py:208} INFO - Processing /Users/dipinjassal/ml/tmdb_data_warehouse/venv/lib/python3.12/site-packages/airflow/example_dags/example_bash_decorator.py took 0.086 seconds
[2025-11-13T17:01:08.371-0800] {processor.py:186} INFO - Started process (PID=9867) to work on /Users/dipinjassal/ml/tmdb_data_warehouse/venv/lib/python3.12/site-packages/airflow/example_dags/example_bash_decorator.py
[2025-11-13T17:01:08.371-0800] {processor.py:914} INFO - Processing file /Users/dipinjassal/ml/tmdb_data_warehouse/venv/lib/python3.12/site-packages/airflow/example_dags/example_bash_decorator.py for tasks to queue
[2025-11-13T17:01:08.371-0800] {logging_mixin.py:190} INFO - [2025-11-13T17:01:08.371-0800] {dagbag.py:588} INFO - Filling up the DagBag from /Users/dipinjassal/ml/tmdb_data_warehouse/venv/lib/python3.12/site-packages/airflow/example_dags/example_bash_decorator.py
[2025-11-13T17:01:08.384-0800] {processor.py:925} INFO - DAG(s) 'example_bash_decorator' retrieved from /Users/dipinjassal/ml/tmdb_data_warehouse/venv/lib/python3.12/site-packages/airflow/example_dags/example_bash_decorator.py
[2025-11-13T17:01:08.448-0800] {logging_mixin.py:190} INFO - [2025-11-13T17:01:08.448-0800] {dag.py:3239} INFO - Sync 1 DAGs
[2025-11-13T17:01:08.451-0800] {logging_mixin.py:190} INFO - [2025-11-13T17:01:08.450-0800] {dag.py:4180} INFO - Setting next_dagrun for example_bash_decorator to None, run_after=None
[2025-11-13T17:01:08.455-0800] {processor.py:208} INFO - Processing /Users/dipinjassal/ml/tmdb_data_warehouse/venv/lib/python3.12/site-packages/airflow/example_dags/example_bash_decorator.py took 0.085 seconds
[2025-11-13T17:03:24.239-0800] {processor.py:186} INFO - Started process (PID=9951) to work on /Users/dipinjassal/ml/tmdb_data_warehouse/venv/lib/python3.12/site-packages/airflow/example_dags/example_bash_decorator.py
[2025-11-13T17:03:24.239-0800] {processor.py:914} INFO - Processing file /Users/dipinjassal/ml/tmdb_data_warehouse/venv/lib/python3.12/site-packages/airflow/example_dags/example_bash_decorator.py for tasks to queue
[2025-11-13T17:03:24.240-0800] {logging_mixin.py:190} INFO - [2025-11-13T17:03:24.239-0800] {dagbag.py:588} INFO - Filling up the DagBag from /Users/dipinjassal/ml/tmdb_data_warehouse/venv/lib/python3.12/site-packages/airflow/example_dags/example_bash_decorator.py
[2025-11-13T17:03:24.252-0800] {processor.py:925} INFO - DAG(s) 'example_bash_decorator' retrieved from /Users/dipinjassal/ml/tmdb_data_warehouse/venv/lib/python3.12/site-packages/airflow/example_dags/example_bash_decorator.py
[2025-11-13T17:03:24.319-0800] {logging_mixin.py:190} INFO - [2025-11-13T17:03:24.319-0800] {dag.py:3239} INFO - Sync 1 DAGs
[2025-11-13T17:03:24.322-0800] {logging_mixin.py:190} INFO - [2025-11-13T17:03:24.322-0800] {dag.py:4180} INFO - Setting next_dagrun for example_bash_decorator to None, run_after=None
[2025-11-13T17:03:24.327-0800] {processor.py:208} INFO - Processing /Users/dipinjassal/ml/tmdb_data_warehouse/venv/lib/python3.12/site-packages/airflow/example_dags/example_bash_decorator.py took 0.089 seconds
[2025-11-13T17:05:26.631-0800] {processor.py:186} INFO - Started process (PID=10060) to work on /Users/dipinjassal/ml/tmdb_data_warehouse/venv/lib/python3.12/site-packages/airflow/example_dags/example_bash_decorator.py
[2025-11-13T17:05:26.631-0800] {processor.py:914} INFO - Processing file /Users/dipinjassal/ml/tmdb_data_warehouse/venv/lib/python3.12/site-packages/airflow/example_dags/example_bash_decorator.py for tasks to queue
[2025-11-13T17:05:26.631-0800] {logging_mixin.py:190} INFO - [2025-11-13T17:05:26.631-0800] {dagbag.py:588} INFO - Filling up the DagBag from /Users/dipinjassal/ml/tmdb_data_warehouse/venv/lib/python3.12/site-packages/airflow/example_dags/example_bash_decorator.py
[2025-11-13T17:05:26.644-0800] {processor.py:925} INFO - DAG(s) 'example_bash_decorator' retrieved from /Users/dipinjassal/ml/tmdb_data_warehouse/venv/lib/python3.12/site-packages/airflow/example_dags/example_bash_decorator.py
[2025-11-13T17:05:26.708-0800] {logging_mixin.py:190} INFO - [2025-11-13T17:05:26.708-0800] {dag.py:3239} INFO - Sync 1 DAGs
[2025-11-13T17:05:26.711-0800] {logging_mixin.py:190} INFO - [2025-11-13T17:05:26.711-0800] {dag.py:4180} INFO - Setting next_dagrun for example_bash_decorator to None, run_after=None
[2025-11-13T17:05:26.716-0800] {processor.py:208} INFO - Processing /Users/dipinjassal/ml/tmdb_data_warehouse/venv/lib/python3.12/site-packages/airflow/example_dags/example_bash_decorator.py took 0.086 seconds
[2025-11-13T17:07:18.765-0800] {processor.py:186} INFO - Started process (PID=10148) to work on /Users/dipinjassal/ml/tmdb_data_warehouse/venv/lib/python3.12/site-packages/airflow/example_dags/example_bash_decorator.py
[2025-11-13T17:07:18.765-0800] {processor.py:914} INFO - Processing file /Users/dipinjassal/ml/tmdb_data_warehouse/venv/lib/python3.12/site-packages/airflow/example_dags/example_bash_decorator.py for tasks to queue
[2025-11-13T17:07:18.765-0800] {logging_mixin.py:190} INFO - [2025-11-13T17:07:18.765-0800] {dagbag.py:588} INFO - Filling up the DagBag from /Users/dipinjassal/ml/tmdb_data_warehouse/venv/lib/python3.12/site-packages/airflow/example_dags/example_bash_decorator.py
[2025-11-13T17:07:18.778-0800] {processor.py:925} INFO - DAG(s) 'example_bash_decorator' retrieved from /Users/dipinjassal/ml/tmdb_data_warehouse/venv/lib/python3.12/site-packages/airflow/example_dags/example_bash_decorator.py
[2025-11-13T17:07:18.843-0800] {logging_mixin.py:190} INFO - [2025-11-13T17:07:18.843-0800] {dag.py:3239} INFO - Sync 1 DAGs
[2025-11-13T17:07:18.846-0800] {logging_mixin.py:190} INFO - [2025-11-13T17:07:18.846-0800] {dag.py:4180} INFO - Setting next_dagrun for example_bash_decorator to None, run_after=None
[2025-11-13T17:07:18.851-0800] {processor.py:208} INFO - Processing /Users/dipinjassal/ml/tmdb_data_warehouse/venv/lib/python3.12/site-packages/airflow/example_dags/example_bash_decorator.py took 0.086 seconds
[2025-11-13T17:09:53.433-0800] {processor.py:186} INFO - Started process (PID=10232) to work on /Users/dipinjassal/ml/tmdb_data_warehouse/venv/lib/python3.12/site-packages/airflow/example_dags/example_bash_decorator.py
[2025-11-13T17:09:53.434-0800] {processor.py:914} INFO - Processing file /Users/dipinjassal/ml/tmdb_data_warehouse/venv/lib/python3.12/site-packages/airflow/example_dags/example_bash_decorator.py for tasks to queue
[2025-11-13T17:09:53.434-0800] {logging_mixin.py:190} INFO - [2025-11-13T17:09:53.434-0800] {dagbag.py:588} INFO - Filling up the DagBag from /Users/dipinjassal/ml/tmdb_data_warehouse/venv/lib/python3.12/site-packages/airflow/example_dags/example_bash_decorator.py
[2025-11-13T17:09:53.446-0800] {processor.py:925} INFO - DAG(s) 'example_bash_decorator' retrieved from /Users/dipinjassal/ml/tmdb_data_warehouse/venv/lib/python3.12/site-packages/airflow/example_dags/example_bash_decorator.py
[2025-11-13T17:09:53.512-0800] {logging_mixin.py:190} INFO - [2025-11-13T17:09:53.512-0800] {dag.py:3239} INFO - Sync 1 DAGs
[2025-11-13T17:09:53.514-0800] {logging_mixin.py:190} INFO - [2025-11-13T17:09:53.514-0800] {dag.py:4180} INFO - Setting next_dagrun for example_bash_decorator to None, run_after=None
[2025-11-13T17:09:53.519-0800] {processor.py:208} INFO - Processing /Users/dipinjassal/ml/tmdb_data_warehouse/venv/lib/python3.12/site-packages/airflow/example_dags/example_bash_decorator.py took 0.086 seconds
[2025-11-13T17:11:39.390-0800] {processor.py:186} INFO - Started process (PID=10329) to work on /Users/dipinjassal/ml/tmdb_data_warehouse/venv/lib/python3.12/site-packages/airflow/example_dags/example_bash_decorator.py
[2025-11-13T17:11:39.391-0800] {processor.py:914} INFO - Processing file /Users/dipinjassal/ml/tmdb_data_warehouse/venv/lib/python3.12/site-packages/airflow/example_dags/example_bash_decorator.py for tasks to queue
[2025-11-13T17:11:39.391-0800] {logging_mixin.py:190} INFO - [2025-11-13T17:11:39.391-0800] {dagbag.py:588} INFO - Filling up the DagBag from /Users/dipinjassal/ml/tmdb_data_warehouse/venv/lib/python3.12/site-packages/airflow/example_dags/example_bash_decorator.py
[2025-11-13T17:11:39.404-0800] {processor.py:925} INFO - DAG(s) 'example_bash_decorator' retrieved from /Users/dipinjassal/ml/tmdb_data_warehouse/venv/lib/python3.12/site-packages/airflow/example_dags/example_bash_decorator.py
[2025-11-13T17:11:39.469-0800] {logging_mixin.py:190} INFO - [2025-11-13T17:11:39.468-0800] {dag.py:3239} INFO - Sync 1 DAGs
[2025-11-13T17:11:39.471-0800] {logging_mixin.py:190} INFO - [2025-11-13T17:11:39.471-0800] {dag.py:4180} INFO - Setting next_dagrun for example_bash_decorator to None, run_after=None
[2025-11-13T17:11:39.476-0800] {processor.py:208} INFO - Processing /Users/dipinjassal/ml/tmdb_data_warehouse/venv/lib/python3.12/site-packages/airflow/example_dags/example_bash_decorator.py took 0.086 seconds
[2025-11-13T17:13:28.755-0800] {processor.py:186} INFO - Started process (PID=10430) to work on /Users/dipinjassal/ml/tmdb_data_warehouse/venv/lib/python3.12/site-packages/airflow/example_dags/example_bash_decorator.py
[2025-11-13T17:13:28.755-0800] {processor.py:914} INFO - Processing file /Users/dipinjassal/ml/tmdb_data_warehouse/venv/lib/python3.12/site-packages/airflow/example_dags/example_bash_decorator.py for tasks to queue
[2025-11-13T17:13:28.755-0800] {logging_mixin.py:190} INFO - [2025-11-13T17:13:28.755-0800] {dagbag.py:588} INFO - Filling up the DagBag from /Users/dipinjassal/ml/tmdb_data_warehouse/venv/lib/python3.12/site-packages/airflow/example_dags/example_bash_decorator.py
[2025-11-13T17:13:28.768-0800] {processor.py:925} INFO - DAG(s) 'example_bash_decorator' retrieved from /Users/dipinjassal/ml/tmdb_data_warehouse/venv/lib/python3.12/site-packages/airflow/example_dags/example_bash_decorator.py
[2025-11-13T17:13:28.833-0800] {logging_mixin.py:190} INFO - [2025-11-13T17:13:28.833-0800] {dag.py:3239} INFO - Sync 1 DAGs
[2025-11-13T17:13:28.835-0800] {logging_mixin.py:190} INFO - [2025-11-13T17:13:28.835-0800] {dag.py:4180} INFO - Setting next_dagrun for example_bash_decorator to None, run_after=None
[2025-11-13T17:13:28.840-0800] {processor.py:208} INFO - Processing /Users/dipinjassal/ml/tmdb_data_warehouse/venv/lib/python3.12/site-packages/airflow/example_dags/example_bash_decorator.py took 0.086 seconds
[2025-11-13T17:15:14.255-0800] {processor.py:186} INFO - Started process (PID=10510) to work on /Users/dipinjassal/ml/tmdb_data_warehouse/venv/lib/python3.12/site-packages/airflow/example_dags/example_bash_decorator.py
[2025-11-13T17:15:14.255-0800] {processor.py:914} INFO - Processing file /Users/dipinjassal/ml/tmdb_data_warehouse/venv/lib/python3.12/site-packages/airflow/example_dags/example_bash_decorator.py for tasks to queue
[2025-11-13T17:15:14.255-0800] {logging_mixin.py:190} INFO - [2025-11-13T17:15:14.255-0800] {dagbag.py:588} INFO - Filling up the DagBag from /Users/dipinjassal/ml/tmdb_data_warehouse/venv/lib/python3.12/site-packages/airflow/example_dags/example_bash_decorator.py
[2025-11-13T17:15:14.268-0800] {processor.py:925} INFO - DAG(s) 'example_bash_decorator' retrieved from /Users/dipinjassal/ml/tmdb_data_warehouse/venv/lib/python3.12/site-packages/airflow/example_dags/example_bash_decorator.py
[2025-11-13T17:15:14.334-0800] {logging_mixin.py:190} INFO - [2025-11-13T17:15:14.334-0800] {dag.py:3239} INFO - Sync 1 DAGs
[2025-11-13T17:15:14.336-0800] {logging_mixin.py:190} INFO - [2025-11-13T17:15:14.336-0800] {dag.py:4180} INFO - Setting next_dagrun for example_bash_decorator to None, run_after=None
[2025-11-13T17:15:14.341-0800] {processor.py:208} INFO - Processing /Users/dipinjassal/ml/tmdb_data_warehouse/venv/lib/python3.12/site-packages/airflow/example_dags/example_bash_decorator.py took 0.088 seconds
[2025-11-13T17:17:02.532-0800] {processor.py:186} INFO - Started process (PID=10611) to work on /Users/dipinjassal/ml/tmdb_data_warehouse/venv/lib/python3.12/site-packages/airflow/example_dags/example_bash_decorator.py
[2025-11-13T17:17:02.532-0800] {processor.py:914} INFO - Processing file /Users/dipinjassal/ml/tmdb_data_warehouse/venv/lib/python3.12/site-packages/airflow/example_dags/example_bash_decorator.py for tasks to queue
[2025-11-13T17:17:02.532-0800] {logging_mixin.py:190} INFO - [2025-11-13T17:17:02.532-0800] {dagbag.py:588} INFO - Filling up the DagBag from /Users/dipinjassal/ml/tmdb_data_warehouse/venv/lib/python3.12/site-packages/airflow/example_dags/example_bash_decorator.py
[2025-11-13T17:17:02.545-0800] {processor.py:925} INFO - DAG(s) 'example_bash_decorator' retrieved from /Users/dipinjassal/ml/tmdb_data_warehouse/venv/lib/python3.12/site-packages/airflow/example_dags/example_bash_decorator.py
[2025-11-13T17:17:02.610-0800] {logging_mixin.py:190} INFO - [2025-11-13T17:17:02.610-0800] {dag.py:3239} INFO - Sync 1 DAGs
[2025-11-13T17:17:02.613-0800] {logging_mixin.py:190} INFO - [2025-11-13T17:17:02.613-0800] {dag.py:4180} INFO - Setting next_dagrun for example_bash_decorator to None, run_after=None
[2025-11-13T17:17:02.618-0800] {processor.py:208} INFO - Processing /Users/dipinjassal/ml/tmdb_data_warehouse/venv/lib/python3.12/site-packages/airflow/example_dags/example_bash_decorator.py took 0.087 seconds
[2025-11-13T17:18:51.103-0800] {processor.py:186} INFO - Started process (PID=10692) to work on /Users/dipinjassal/ml/tmdb_data_warehouse/venv/lib/python3.12/site-packages/airflow/example_dags/example_bash_decorator.py
[2025-11-13T17:18:51.103-0800] {processor.py:914} INFO - Processing file /Users/dipinjassal/ml/tmdb_data_warehouse/venv/lib/python3.12/site-packages/airflow/example_dags/example_bash_decorator.py for tasks to queue
[2025-11-13T17:18:51.103-0800] {logging_mixin.py:190} INFO - [2025-11-13T17:18:51.103-0800] {dagbag.py:588} INFO - Filling up the DagBag from /Users/dipinjassal/ml/tmdb_data_warehouse/venv/lib/python3.12/site-packages/airflow/example_dags/example_bash_decorator.py
[2025-11-13T17:18:51.116-0800] {processor.py:925} INFO - DAG(s) 'example_bash_decorator' retrieved from /Users/dipinjassal/ml/tmdb_data_warehouse/venv/lib/python3.12/site-packages/airflow/example_dags/example_bash_decorator.py
[2025-11-13T17:18:51.182-0800] {logging_mixin.py:190} INFO - [2025-11-13T17:18:51.182-0800] {dag.py:3239} INFO - Sync 1 DAGs
[2025-11-13T17:18:51.184-0800] {logging_mixin.py:190} INFO - [2025-11-13T17:18:51.184-0800] {dag.py:4180} INFO - Setting next_dagrun for example_bash_decorator to None, run_after=None
[2025-11-13T17:18:51.189-0800] {processor.py:208} INFO - Processing /Users/dipinjassal/ml/tmdb_data_warehouse/venv/lib/python3.12/site-packages/airflow/example_dags/example_bash_decorator.py took 0.087 seconds
[2025-11-13T17:20:36.371-0800] {processor.py:186} INFO - Started process (PID=10774) to work on /Users/dipinjassal/ml/tmdb_data_warehouse/venv/lib/python3.12/site-packages/airflow/example_dags/example_bash_decorator.py
[2025-11-13T17:20:36.371-0800] {processor.py:914} INFO - Processing file /Users/dipinjassal/ml/tmdb_data_warehouse/venv/lib/python3.12/site-packages/airflow/example_dags/example_bash_decorator.py for tasks to queue
[2025-11-13T17:20:36.372-0800] {logging_mixin.py:190} INFO - [2025-11-13T17:20:36.371-0800] {dagbag.py:588} INFO - Filling up the DagBag from /Users/dipinjassal/ml/tmdb_data_warehouse/venv/lib/python3.12/site-packages/airflow/example_dags/example_bash_decorator.py
[2025-11-13T17:20:36.384-0800] {processor.py:925} INFO - DAG(s) 'example_bash_decorator' retrieved from /Users/dipinjassal/ml/tmdb_data_warehouse/venv/lib/python3.12/site-packages/airflow/example_dags/example_bash_decorator.py
[2025-11-13T17:20:36.451-0800] {logging_mixin.py:190} INFO - [2025-11-13T17:20:36.451-0800] {dag.py:3239} INFO - Sync 1 DAGs
[2025-11-13T17:20:36.454-0800] {logging_mixin.py:190} INFO - [2025-11-13T17:20:36.454-0800] {dag.py:4180} INFO - Setting next_dagrun for example_bash_decorator to None, run_after=None
[2025-11-13T17:20:36.458-0800] {processor.py:208} INFO - Processing /Users/dipinjassal/ml/tmdb_data_warehouse/venv/lib/python3.12/site-packages/airflow/example_dags/example_bash_decorator.py took 0.088 seconds
[2025-11-13T17:22:22.904-0800] {processor.py:186} INFO - Started process (PID=10873) to work on /Users/dipinjassal/ml/tmdb_data_warehouse/venv/lib/python3.12/site-packages/airflow/example_dags/example_bash_decorator.py
[2025-11-13T17:22:22.905-0800] {processor.py:914} INFO - Processing file /Users/dipinjassal/ml/tmdb_data_warehouse/venv/lib/python3.12/site-packages/airflow/example_dags/example_bash_decorator.py for tasks to queue
[2025-11-13T17:22:22.905-0800] {logging_mixin.py:190} INFO - [2025-11-13T17:22:22.905-0800] {dagbag.py:588} INFO - Filling up the DagBag from /Users/dipinjassal/ml/tmdb_data_warehouse/venv/lib/python3.12/site-packages/airflow/example_dags/example_bash_decorator.py
[2025-11-13T17:22:22.918-0800] {processor.py:925} INFO - DAG(s) 'example_bash_decorator' retrieved from /Users/dipinjassal/ml/tmdb_data_warehouse/venv/lib/python3.12/site-packages/airflow/example_dags/example_bash_decorator.py
[2025-11-13T17:22:22.983-0800] {logging_mixin.py:190} INFO - [2025-11-13T17:22:22.983-0800] {dag.py:3239} INFO - Sync 1 DAGs
[2025-11-13T17:22:22.986-0800] {logging_mixin.py:190} INFO - [2025-11-13T17:22:22.985-0800] {dag.py:4180} INFO - Setting next_dagrun for example_bash_decorator to None, run_after=None
[2025-11-13T17:22:22.990-0800] {processor.py:208} INFO - Processing /Users/dipinjassal/ml/tmdb_data_warehouse/venv/lib/python3.12/site-packages/airflow/example_dags/example_bash_decorator.py took 0.087 seconds
[2025-11-13T17:24:53.202-0800] {processor.py:186} INFO - Started process (PID=10954) to work on /Users/dipinjassal/ml/tmdb_data_warehouse/venv/lib/python3.12/site-packages/airflow/example_dags/example_bash_decorator.py
[2025-11-13T17:24:53.202-0800] {processor.py:914} INFO - Processing file /Users/dipinjassal/ml/tmdb_data_warehouse/venv/lib/python3.12/site-packages/airflow/example_dags/example_bash_decorator.py for tasks to queue
[2025-11-13T17:24:53.203-0800] {logging_mixin.py:190} INFO - [2025-11-13T17:24:53.203-0800] {dagbag.py:588} INFO - Filling up the DagBag from /Users/dipinjassal/ml/tmdb_data_warehouse/venv/lib/python3.12/site-packages/airflow/example_dags/example_bash_decorator.py
[2025-11-13T17:24:53.215-0800] {processor.py:925} INFO - DAG(s) 'example_bash_decorator' retrieved from /Users/dipinjassal/ml/tmdb_data_warehouse/venv/lib/python3.12/site-packages/airflow/example_dags/example_bash_decorator.py
[2025-11-13T17:24:53.281-0800] {logging_mixin.py:190} INFO - [2025-11-13T17:24:53.281-0800] {dag.py:3239} INFO - Sync 1 DAGs
[2025-11-13T17:24:53.283-0800] {logging_mixin.py:190} INFO - [2025-11-13T17:24:53.283-0800] {dag.py:4180} INFO - Setting next_dagrun for example_bash_decorator to None, run_after=None
[2025-11-13T17:24:53.288-0800] {processor.py:208} INFO - Processing /Users/dipinjassal/ml/tmdb_data_warehouse/venv/lib/python3.12/site-packages/airflow/example_dags/example_bash_decorator.py took 0.087 seconds
[2025-11-13T17:27:05.095-0800] {processor.py:186} INFO - Started process (PID=11043) to work on /Users/dipinjassal/ml/tmdb_data_warehouse/venv/lib/python3.12/site-packages/airflow/example_dags/example_bash_decorator.py
[2025-11-13T17:27:05.096-0800] {processor.py:914} INFO - Processing file /Users/dipinjassal/ml/tmdb_data_warehouse/venv/lib/python3.12/site-packages/airflow/example_dags/example_bash_decorator.py for tasks to queue
[2025-11-13T17:27:05.096-0800] {logging_mixin.py:190} INFO - [2025-11-13T17:27:05.096-0800] {dagbag.py:588} INFO - Filling up the DagBag from /Users/dipinjassal/ml/tmdb_data_warehouse/venv/lib/python3.12/site-packages/airflow/example_dags/example_bash_decorator.py
[2025-11-13T17:27:05.109-0800] {processor.py:925} INFO - DAG(s) 'example_bash_decorator' retrieved from /Users/dipinjassal/ml/tmdb_data_warehouse/venv/lib/python3.12/site-packages/airflow/example_dags/example_bash_decorator.py
[2025-11-13T17:27:05.174-0800] {logging_mixin.py:190} INFO - [2025-11-13T17:27:05.174-0800] {dag.py:3239} INFO - Sync 1 DAGs
[2025-11-13T17:27:05.176-0800] {logging_mixin.py:190} INFO - [2025-11-13T17:27:05.176-0800] {dag.py:4180} INFO - Setting next_dagrun for example_bash_decorator to None, run_after=None
[2025-11-13T17:27:05.181-0800] {processor.py:208} INFO - Processing /Users/dipinjassal/ml/tmdb_data_warehouse/venv/lib/python3.12/site-packages/airflow/example_dags/example_bash_decorator.py took 0.086 seconds
[2025-11-13T17:30:11.303-0800] {processor.py:186} INFO - Started process (PID=11143) to work on /Users/dipinjassal/ml/tmdb_data_warehouse/venv/lib/python3.12/site-packages/airflow/example_dags/example_bash_decorator.py
[2025-11-13T17:30:11.303-0800] {processor.py:914} INFO - Processing file /Users/dipinjassal/ml/tmdb_data_warehouse/venv/lib/python3.12/site-packages/airflow/example_dags/example_bash_decorator.py for tasks to queue
[2025-11-13T17:30:11.303-0800] {logging_mixin.py:190} INFO - [2025-11-13T17:30:11.303-0800] {dagbag.py:588} INFO - Filling up the DagBag from /Users/dipinjassal/ml/tmdb_data_warehouse/venv/lib/python3.12/site-packages/airflow/example_dags/example_bash_decorator.py
[2025-11-13T17:30:11.316-0800] {processor.py:925} INFO - DAG(s) 'example_bash_decorator' retrieved from /Users/dipinjassal/ml/tmdb_data_warehouse/venv/lib/python3.12/site-packages/airflow/example_dags/example_bash_decorator.py
[2025-11-13T17:30:11.380-0800] {logging_mixin.py:190} INFO - [2025-11-13T17:30:11.380-0800] {dag.py:3239} INFO - Sync 1 DAGs
[2025-11-13T17:30:11.382-0800] {logging_mixin.py:190} INFO - [2025-11-13T17:30:11.382-0800] {dag.py:4180} INFO - Setting next_dagrun for example_bash_decorator to None, run_after=None
[2025-11-13T17:30:11.387-0800] {processor.py:208} INFO - Processing /Users/dipinjassal/ml/tmdb_data_warehouse/venv/lib/python3.12/site-packages/airflow/example_dags/example_bash_decorator.py took 0.085 seconds
[2025-11-13T17:34:28.019-0800] {processor.py:186} INFO - Started process (PID=11226) to work on /Users/dipinjassal/ml/tmdb_data_warehouse/venv/lib/python3.12/site-packages/airflow/example_dags/example_bash_decorator.py
[2025-11-13T17:34:28.020-0800] {processor.py:914} INFO - Processing file /Users/dipinjassal/ml/tmdb_data_warehouse/venv/lib/python3.12/site-packages/airflow/example_dags/example_bash_decorator.py for tasks to queue
[2025-11-13T17:34:28.020-0800] {logging_mixin.py:190} INFO - [2025-11-13T17:34:28.020-0800] {dagbag.py:588} INFO - Filling up the DagBag from /Users/dipinjassal/ml/tmdb_data_warehouse/venv/lib/python3.12/site-packages/airflow/example_dags/example_bash_decorator.py
[2025-11-13T17:34:28.032-0800] {processor.py:925} INFO - DAG(s) 'example_bash_decorator' retrieved from /Users/dipinjassal/ml/tmdb_data_warehouse/venv/lib/python3.12/site-packages/airflow/example_dags/example_bash_decorator.py
[2025-11-13T17:34:28.097-0800] {logging_mixin.py:190} INFO - [2025-11-13T17:34:28.097-0800] {dag.py:3239} INFO - Sync 1 DAGs
[2025-11-13T17:34:28.099-0800] {logging_mixin.py:190} INFO - [2025-11-13T17:34:28.099-0800] {dag.py:4180} INFO - Setting next_dagrun for example_bash_decorator to None, run_after=None
[2025-11-13T17:34:28.104-0800] {processor.py:208} INFO - Processing /Users/dipinjassal/ml/tmdb_data_warehouse/venv/lib/python3.12/site-packages/airflow/example_dags/example_bash_decorator.py took 0.085 seconds
[2025-11-13T17:47:26.119-0800] {processor.py:186} INFO - Started process (PID=11360) to work on /Users/dipinjassal/ml/tmdb_data_warehouse/venv/lib/python3.12/site-packages/airflow/example_dags/example_bash_decorator.py
[2025-11-13T17:47:26.120-0800] {processor.py:914} INFO - Processing file /Users/dipinjassal/ml/tmdb_data_warehouse/venv/lib/python3.12/site-packages/airflow/example_dags/example_bash_decorator.py for tasks to queue
[2025-11-13T17:47:26.120-0800] {logging_mixin.py:190} INFO - [2025-11-13T17:47:26.120-0800] {dagbag.py:588} INFO - Filling up the DagBag from /Users/dipinjassal/ml/tmdb_data_warehouse/venv/lib/python3.12/site-packages/airflow/example_dags/example_bash_decorator.py
[2025-11-13T17:47:26.133-0800] {processor.py:925} INFO - DAG(s) 'example_bash_decorator' retrieved from /Users/dipinjassal/ml/tmdb_data_warehouse/venv/lib/python3.12/site-packages/airflow/example_dags/example_bash_decorator.py
[2025-11-13T17:47:26.209-0800] {logging_mixin.py:190} INFO - [2025-11-13T17:47:26.209-0800] {dag.py:3239} INFO - Sync 1 DAGs
[2025-11-13T17:47:26.211-0800] {logging_mixin.py:190} INFO - [2025-11-13T17:47:26.211-0800] {dag.py:4180} INFO - Setting next_dagrun for example_bash_decorator to None, run_after=None
[2025-11-13T17:47:26.216-0800] {processor.py:208} INFO - Processing /Users/dipinjassal/ml/tmdb_data_warehouse/venv/lib/python3.12/site-packages/airflow/example_dags/example_bash_decorator.py took 0.098 seconds
[2025-11-13T17:50:56.156-0800] {processor.py:186} INFO - Started process (PID=11445) to work on /Users/dipinjassal/ml/tmdb_data_warehouse/venv/lib/python3.12/site-packages/airflow/example_dags/example_bash_decorator.py
[2025-11-13T17:50:56.156-0800] {processor.py:914} INFO - Processing file /Users/dipinjassal/ml/tmdb_data_warehouse/venv/lib/python3.12/site-packages/airflow/example_dags/example_bash_decorator.py for tasks to queue
[2025-11-13T17:50:56.156-0800] {logging_mixin.py:190} INFO - [2025-11-13T17:50:56.156-0800] {dagbag.py:588} INFO - Filling up the DagBag from /Users/dipinjassal/ml/tmdb_data_warehouse/venv/lib/python3.12/site-packages/airflow/example_dags/example_bash_decorator.py
[2025-11-13T17:50:56.169-0800] {processor.py:925} INFO - DAG(s) 'example_bash_decorator' retrieved from /Users/dipinjassal/ml/tmdb_data_warehouse/venv/lib/python3.12/site-packages/airflow/example_dags/example_bash_decorator.py
[2025-11-13T17:50:56.241-0800] {logging_mixin.py:190} INFO - [2025-11-13T17:50:56.241-0800] {dag.py:3239} INFO - Sync 1 DAGs
[2025-11-13T17:50:56.244-0800] {logging_mixin.py:190} INFO - [2025-11-13T17:50:56.244-0800] {dag.py:4180} INFO - Setting next_dagrun for example_bash_decorator to None, run_after=None
[2025-11-13T17:50:56.249-0800] {processor.py:208} INFO - Processing /Users/dipinjassal/ml/tmdb_data_warehouse/venv/lib/python3.12/site-packages/airflow/example_dags/example_bash_decorator.py took 0.094 seconds
[2025-11-13T17:53:11.582-0800] {processor.py:186} INFO - Started process (PID=11562) to work on /Users/dipinjassal/ml/tmdb_data_warehouse/venv/lib/python3.12/site-packages/airflow/example_dags/example_bash_decorator.py
[2025-11-13T17:53:11.583-0800] {processor.py:914} INFO - Processing file /Users/dipinjassal/ml/tmdb_data_warehouse/venv/lib/python3.12/site-packages/airflow/example_dags/example_bash_decorator.py for tasks to queue
[2025-11-13T17:53:11.583-0800] {logging_mixin.py:190} INFO - [2025-11-13T17:53:11.583-0800] {dagbag.py:588} INFO - Filling up the DagBag from /Users/dipinjassal/ml/tmdb_data_warehouse/venv/lib/python3.12/site-packages/airflow/example_dags/example_bash_decorator.py
[2025-11-13T17:53:11.595-0800] {processor.py:925} INFO - DAG(s) 'example_bash_decorator' retrieved from /Users/dipinjassal/ml/tmdb_data_warehouse/venv/lib/python3.12/site-packages/airflow/example_dags/example_bash_decorator.py
[2025-11-13T17:53:11.661-0800] {logging_mixin.py:190} INFO - [2025-11-13T17:53:11.661-0800] {dag.py:3239} INFO - Sync 1 DAGs
[2025-11-13T17:53:11.663-0800] {logging_mixin.py:190} INFO - [2025-11-13T17:53:11.663-0800] {dag.py:4180} INFO - Setting next_dagrun for example_bash_decorator to None, run_after=None
[2025-11-13T17:53:11.668-0800] {processor.py:208} INFO - Processing /Users/dipinjassal/ml/tmdb_data_warehouse/venv/lib/python3.12/site-packages/airflow/example_dags/example_bash_decorator.py took 0.087 seconds
[2025-11-13T17:55:12.326-0800] {processor.py:186} INFO - Started process (PID=11646) to work on /Users/dipinjassal/ml/tmdb_data_warehouse/venv/lib/python3.12/site-packages/airflow/example_dags/example_bash_decorator.py
[2025-11-13T17:55:12.327-0800] {processor.py:914} INFO - Processing file /Users/dipinjassal/ml/tmdb_data_warehouse/venv/lib/python3.12/site-packages/airflow/example_dags/example_bash_decorator.py for tasks to queue
[2025-11-13T17:55:12.327-0800] {logging_mixin.py:190} INFO - [2025-11-13T17:55:12.327-0800] {dagbag.py:588} INFO - Filling up the DagBag from /Users/dipinjassal/ml/tmdb_data_warehouse/venv/lib/python3.12/site-packages/airflow/example_dags/example_bash_decorator.py
[2025-11-13T17:55:12.339-0800] {processor.py:925} INFO - DAG(s) 'example_bash_decorator' retrieved from /Users/dipinjassal/ml/tmdb_data_warehouse/venv/lib/python3.12/site-packages/airflow/example_dags/example_bash_decorator.py
[2025-11-13T17:55:12.413-0800] {logging_mixin.py:190} INFO - [2025-11-13T17:55:12.413-0800] {dag.py:3239} INFO - Sync 1 DAGs
[2025-11-13T17:55:12.416-0800] {logging_mixin.py:190} INFO - [2025-11-13T17:55:12.416-0800] {dag.py:4180} INFO - Setting next_dagrun for example_bash_decorator to None, run_after=None
[2025-11-13T17:55:12.421-0800] {processor.py:208} INFO - Processing /Users/dipinjassal/ml/tmdb_data_warehouse/venv/lib/python3.12/site-packages/airflow/example_dags/example_bash_decorator.py took 0.096 seconds
[2025-11-13T18:04:22.963-0800] {processor.py:186} INFO - Started process (PID=11783) to work on /Users/dipinjassal/ml/tmdb_data_warehouse/venv/lib/python3.12/site-packages/airflow/example_dags/example_bash_decorator.py
[2025-11-13T18:04:22.963-0800] {processor.py:914} INFO - Processing file /Users/dipinjassal/ml/tmdb_data_warehouse/venv/lib/python3.12/site-packages/airflow/example_dags/example_bash_decorator.py for tasks to queue
[2025-11-13T18:04:22.964-0800] {logging_mixin.py:190} INFO - [2025-11-13T18:04:22.964-0800] {dagbag.py:588} INFO - Filling up the DagBag from /Users/dipinjassal/ml/tmdb_data_warehouse/venv/lib/python3.12/site-packages/airflow/example_dags/example_bash_decorator.py
[2025-11-13T18:04:22.976-0800] {processor.py:925} INFO - DAG(s) 'example_bash_decorator' retrieved from /Users/dipinjassal/ml/tmdb_data_warehouse/venv/lib/python3.12/site-packages/airflow/example_dags/example_bash_decorator.py
[2025-11-13T18:04:23.040-0800] {logging_mixin.py:190} INFO - [2025-11-13T18:04:23.040-0800] {dag.py:3239} INFO - Sync 1 DAGs
[2025-11-13T18:04:23.042-0800] {logging_mixin.py:190} INFO - [2025-11-13T18:04:23.042-0800] {dag.py:4180} INFO - Setting next_dagrun for example_bash_decorator to None, run_after=None
[2025-11-13T18:04:23.047-0800] {processor.py:208} INFO - Processing /Users/dipinjassal/ml/tmdb_data_warehouse/venv/lib/python3.12/site-packages/airflow/example_dags/example_bash_decorator.py took 0.085 seconds
[2025-11-13T18:13:16.558-0800] {processor.py:186} INFO - Started process (PID=11908) to work on /Users/dipinjassal/ml/tmdb_data_warehouse/venv/lib/python3.12/site-packages/airflow/example_dags/example_bash_decorator.py
[2025-11-13T18:13:16.558-0800] {processor.py:914} INFO - Processing file /Users/dipinjassal/ml/tmdb_data_warehouse/venv/lib/python3.12/site-packages/airflow/example_dags/example_bash_decorator.py for tasks to queue
[2025-11-13T18:13:16.559-0800] {logging_mixin.py:190} INFO - [2025-11-13T18:13:16.559-0800] {dagbag.py:588} INFO - Filling up the DagBag from /Users/dipinjassal/ml/tmdb_data_warehouse/venv/lib/python3.12/site-packages/airflow/example_dags/example_bash_decorator.py
[2025-11-13T18:13:16.571-0800] {processor.py:925} INFO - DAG(s) 'example_bash_decorator' retrieved from /Users/dipinjassal/ml/tmdb_data_warehouse/venv/lib/python3.12/site-packages/airflow/example_dags/example_bash_decorator.py
[2025-11-13T18:13:16.636-0800] {logging_mixin.py:190} INFO - [2025-11-13T18:13:16.636-0800] {dag.py:3239} INFO - Sync 1 DAGs
[2025-11-13T18:13:16.639-0800] {logging_mixin.py:190} INFO - [2025-11-13T18:13:16.638-0800] {dag.py:4180} INFO - Setting next_dagrun for example_bash_decorator to None, run_after=None
[2025-11-13T18:13:16.643-0800] {processor.py:208} INFO - Processing /Users/dipinjassal/ml/tmdb_data_warehouse/venv/lib/python3.12/site-packages/airflow/example_dags/example_bash_decorator.py took 0.086 seconds
[2025-11-13T18:15:33.862-0800] {processor.py:186} INFO - Started process (PID=12008) to work on /Users/dipinjassal/ml/tmdb_data_warehouse/venv/lib/python3.12/site-packages/airflow/example_dags/example_bash_decorator.py
[2025-11-13T18:15:33.862-0800] {processor.py:914} INFO - Processing file /Users/dipinjassal/ml/tmdb_data_warehouse/venv/lib/python3.12/site-packages/airflow/example_dags/example_bash_decorator.py for tasks to queue
[2025-11-13T18:15:33.862-0800] {logging_mixin.py:190} INFO - [2025-11-13T18:15:33.862-0800] {dagbag.py:588} INFO - Filling up the DagBag from /Users/dipinjassal/ml/tmdb_data_warehouse/venv/lib/python3.12/site-packages/airflow/example_dags/example_bash_decorator.py
[2025-11-13T18:15:33.875-0800] {processor.py:925} INFO - DAG(s) 'example_bash_decorator' retrieved from /Users/dipinjassal/ml/tmdb_data_warehouse/venv/lib/python3.12/site-packages/airflow/example_dags/example_bash_decorator.py
[2025-11-13T18:15:33.939-0800] {logging_mixin.py:190} INFO - [2025-11-13T18:15:33.938-0800] {dag.py:3239} INFO - Sync 1 DAGs
[2025-11-13T18:15:33.941-0800] {logging_mixin.py:190} INFO - [2025-11-13T18:15:33.941-0800] {dag.py:4180} INFO - Setting next_dagrun for example_bash_decorator to None, run_after=None
[2025-11-13T18:15:33.946-0800] {processor.py:208} INFO - Processing /Users/dipinjassal/ml/tmdb_data_warehouse/venv/lib/python3.12/site-packages/airflow/example_dags/example_bash_decorator.py took 0.085 seconds
[2025-11-13T18:22:01.401-0800] {processor.py:186} INFO - Started process (PID=12102) to work on /Users/dipinjassal/ml/tmdb_data_warehouse/venv/lib/python3.12/site-packages/airflow/example_dags/example_bash_decorator.py
[2025-11-13T18:22:01.402-0800] {processor.py:914} INFO - Processing file /Users/dipinjassal/ml/tmdb_data_warehouse/venv/lib/python3.12/site-packages/airflow/example_dags/example_bash_decorator.py for tasks to queue
[2025-11-13T18:22:01.402-0800] {logging_mixin.py:190} INFO - [2025-11-13T18:22:01.402-0800] {dagbag.py:588} INFO - Filling up the DagBag from /Users/dipinjassal/ml/tmdb_data_warehouse/venv/lib/python3.12/site-packages/airflow/example_dags/example_bash_decorator.py
[2025-11-13T18:22:01.415-0800] {processor.py:925} INFO - DAG(s) 'example_bash_decorator' retrieved from /Users/dipinjassal/ml/tmdb_data_warehouse/venv/lib/python3.12/site-packages/airflow/example_dags/example_bash_decorator.py
[2025-11-13T18:22:01.480-0800] {logging_mixin.py:190} INFO - [2025-11-13T18:22:01.480-0800] {dag.py:3239} INFO - Sync 1 DAGs
[2025-11-13T18:22:01.483-0800] {logging_mixin.py:190} INFO - [2025-11-13T18:22:01.483-0800] {dag.py:4180} INFO - Setting next_dagrun for example_bash_decorator to None, run_after=None
[2025-11-13T18:22:01.488-0800] {processor.py:208} INFO - Processing /Users/dipinjassal/ml/tmdb_data_warehouse/venv/lib/python3.12/site-packages/airflow/example_dags/example_bash_decorator.py took 0.087 seconds
[2025-11-13T18:26:00.270-0800] {processor.py:186} INFO - Started process (PID=12186) to work on /Users/dipinjassal/ml/tmdb_data_warehouse/venv/lib/python3.12/site-packages/airflow/example_dags/example_bash_decorator.py
[2025-11-13T18:26:00.270-0800] {processor.py:914} INFO - Processing file /Users/dipinjassal/ml/tmdb_data_warehouse/venv/lib/python3.12/site-packages/airflow/example_dags/example_bash_decorator.py for tasks to queue
[2025-11-13T18:26:00.270-0800] {logging_mixin.py:190} INFO - [2025-11-13T18:26:00.270-0800] {dagbag.py:588} INFO - Filling up the DagBag from /Users/dipinjassal/ml/tmdb_data_warehouse/venv/lib/python3.12/site-packages/airflow/example_dags/example_bash_decorator.py
[2025-11-13T18:26:00.283-0800] {processor.py:925} INFO - DAG(s) 'example_bash_decorator' retrieved from /Users/dipinjassal/ml/tmdb_data_warehouse/venv/lib/python3.12/site-packages/airflow/example_dags/example_bash_decorator.py
[2025-11-13T18:26:00.348-0800] {logging_mixin.py:190} INFO - [2025-11-13T18:26:00.348-0800] {dag.py:3239} INFO - Sync 1 DAGs
[2025-11-13T18:26:00.350-0800] {logging_mixin.py:190} INFO - [2025-11-13T18:26:00.350-0800] {dag.py:4180} INFO - Setting next_dagrun for example_bash_decorator to None, run_after=None
[2025-11-13T18:26:00.355-0800] {processor.py:208} INFO - Processing /Users/dipinjassal/ml/tmdb_data_warehouse/venv/lib/python3.12/site-packages/airflow/example_dags/example_bash_decorator.py took 0.086 seconds
[2025-11-13T18:28:03.939-0800] {processor.py:186} INFO - Started process (PID=12278) to work on /Users/dipinjassal/ml/tmdb_data_warehouse/venv/lib/python3.12/site-packages/airflow/example_dags/example_bash_decorator.py
[2025-11-13T18:28:03.939-0800] {processor.py:914} INFO - Processing file /Users/dipinjassal/ml/tmdb_data_warehouse/venv/lib/python3.12/site-packages/airflow/example_dags/example_bash_decorator.py for tasks to queue
[2025-11-13T18:28:03.939-0800] {logging_mixin.py:190} INFO - [2025-11-13T18:28:03.939-0800] {dagbag.py:588} INFO - Filling up the DagBag from /Users/dipinjassal/ml/tmdb_data_warehouse/venv/lib/python3.12/site-packages/airflow/example_dags/example_bash_decorator.py
[2025-11-13T18:28:03.952-0800] {processor.py:925} INFO - DAG(s) 'example_bash_decorator' retrieved from /Users/dipinjassal/ml/tmdb_data_warehouse/venv/lib/python3.12/site-packages/airflow/example_dags/example_bash_decorator.py
[2025-11-13T18:28:04.016-0800] {logging_mixin.py:190} INFO - [2025-11-13T18:28:04.016-0800] {dag.py:3239} INFO - Sync 1 DAGs
[2025-11-13T18:28:04.018-0800] {logging_mixin.py:190} INFO - [2025-11-13T18:28:04.018-0800] {dag.py:4180} INFO - Setting next_dagrun for example_bash_decorator to None, run_after=None
[2025-11-13T18:28:04.023-0800] {processor.py:208} INFO - Processing /Users/dipinjassal/ml/tmdb_data_warehouse/venv/lib/python3.12/site-packages/airflow/example_dags/example_bash_decorator.py took 0.085 seconds
[2025-11-13T18:34:12.103-0800] {processor.py:186} INFO - Started process (PID=12365) to work on /Users/dipinjassal/ml/tmdb_data_warehouse/venv/lib/python3.12/site-packages/airflow/example_dags/example_bash_decorator.py
[2025-11-13T18:34:12.103-0800] {processor.py:914} INFO - Processing file /Users/dipinjassal/ml/tmdb_data_warehouse/venv/lib/python3.12/site-packages/airflow/example_dags/example_bash_decorator.py for tasks to queue
[2025-11-13T18:34:12.103-0800] {logging_mixin.py:190} INFO - [2025-11-13T18:34:12.103-0800] {dagbag.py:588} INFO - Filling up the DagBag from /Users/dipinjassal/ml/tmdb_data_warehouse/venv/lib/python3.12/site-packages/airflow/example_dags/example_bash_decorator.py
[2025-11-13T18:34:12.116-0800] {processor.py:925} INFO - DAG(s) 'example_bash_decorator' retrieved from /Users/dipinjassal/ml/tmdb_data_warehouse/venv/lib/python3.12/site-packages/airflow/example_dags/example_bash_decorator.py
[2025-11-13T18:34:12.181-0800] {logging_mixin.py:190} INFO - [2025-11-13T18:34:12.181-0800] {dag.py:3239} INFO - Sync 1 DAGs
[2025-11-13T18:34:12.183-0800] {logging_mixin.py:190} INFO - [2025-11-13T18:34:12.183-0800] {dag.py:4180} INFO - Setting next_dagrun for example_bash_decorator to None, run_after=None
[2025-11-13T18:34:12.188-0800] {processor.py:208} INFO - Processing /Users/dipinjassal/ml/tmdb_data_warehouse/venv/lib/python3.12/site-packages/airflow/example_dags/example_bash_decorator.py took 0.086 seconds
[2025-11-13T18:37:16.454-0800] {processor.py:186} INFO - Started process (PID=12448) to work on /Users/dipinjassal/ml/tmdb_data_warehouse/venv/lib/python3.12/site-packages/airflow/example_dags/example_bash_decorator.py
[2025-11-13T18:37:16.454-0800] {processor.py:914} INFO - Processing file /Users/dipinjassal/ml/tmdb_data_warehouse/venv/lib/python3.12/site-packages/airflow/example_dags/example_bash_decorator.py for tasks to queue
[2025-11-13T18:37:16.454-0800] {logging_mixin.py:190} INFO - [2025-11-13T18:37:16.454-0800] {dagbag.py:588} INFO - Filling up the DagBag from /Users/dipinjassal/ml/tmdb_data_warehouse/venv/lib/python3.12/site-packages/airflow/example_dags/example_bash_decorator.py
[2025-11-13T18:37:16.467-0800] {processor.py:925} INFO - DAG(s) 'example_bash_decorator' retrieved from /Users/dipinjassal/ml/tmdb_data_warehouse/venv/lib/python3.12/site-packages/airflow/example_dags/example_bash_decorator.py
[2025-11-13T18:37:16.532-0800] {logging_mixin.py:190} INFO - [2025-11-13T18:37:16.532-0800] {dag.py:3239} INFO - Sync 1 DAGs
[2025-11-13T18:37:16.535-0800] {logging_mixin.py:190} INFO - [2025-11-13T18:37:16.534-0800] {dag.py:4180} INFO - Setting next_dagrun for example_bash_decorator to None, run_after=None
[2025-11-13T18:37:16.539-0800] {processor.py:208} INFO - Processing /Users/dipinjassal/ml/tmdb_data_warehouse/venv/lib/python3.12/site-packages/airflow/example_dags/example_bash_decorator.py took 0.087 seconds
[2025-11-13T18:39:28.470-0800] {processor.py:186} INFO - Started process (PID=12517) to work on /Users/dipinjassal/ml/tmdb_data_warehouse/venv/lib/python3.12/site-packages/airflow/example_dags/example_bash_decorator.py
[2025-11-13T18:39:28.470-0800] {processor.py:914} INFO - Processing file /Users/dipinjassal/ml/tmdb_data_warehouse/venv/lib/python3.12/site-packages/airflow/example_dags/example_bash_decorator.py for tasks to queue
[2025-11-13T18:39:28.470-0800] {logging_mixin.py:190} INFO - [2025-11-13T18:39:28.470-0800] {dagbag.py:588} INFO - Filling up the DagBag from /Users/dipinjassal/ml/tmdb_data_warehouse/venv/lib/python3.12/site-packages/airflow/example_dags/example_bash_decorator.py
[2025-11-13T18:39:28.483-0800] {processor.py:925} INFO - DAG(s) 'example_bash_decorator' retrieved from /Users/dipinjassal/ml/tmdb_data_warehouse/venv/lib/python3.12/site-packages/airflow/example_dags/example_bash_decorator.py
[2025-11-13T18:39:28.548-0800] {logging_mixin.py:190} INFO - [2025-11-13T18:39:28.548-0800] {dag.py:3239} INFO - Sync 1 DAGs
[2025-11-13T18:39:28.551-0800] {logging_mixin.py:190} INFO - [2025-11-13T18:39:28.551-0800] {dag.py:4180} INFO - Setting next_dagrun for example_bash_decorator to None, run_after=None
[2025-11-13T18:39:28.556-0800] {processor.py:208} INFO - Processing /Users/dipinjassal/ml/tmdb_data_warehouse/venv/lib/python3.12/site-packages/airflow/example_dags/example_bash_decorator.py took 0.087 seconds
[2025-11-13T18:41:23.142-0800] {processor.py:186} INFO - Started process (PID=12602) to work on /Users/dipinjassal/ml/tmdb_data_warehouse/venv/lib/python3.12/site-packages/airflow/example_dags/example_bash_decorator.py
[2025-11-13T18:41:23.143-0800] {processor.py:914} INFO - Processing file /Users/dipinjassal/ml/tmdb_data_warehouse/venv/lib/python3.12/site-packages/airflow/example_dags/example_bash_decorator.py for tasks to queue
[2025-11-13T18:41:23.143-0800] {logging_mixin.py:190} INFO - [2025-11-13T18:41:23.143-0800] {dagbag.py:588} INFO - Filling up the DagBag from /Users/dipinjassal/ml/tmdb_data_warehouse/venv/lib/python3.12/site-packages/airflow/example_dags/example_bash_decorator.py
[2025-11-13T18:41:23.155-0800] {processor.py:925} INFO - DAG(s) 'example_bash_decorator' retrieved from /Users/dipinjassal/ml/tmdb_data_warehouse/venv/lib/python3.12/site-packages/airflow/example_dags/example_bash_decorator.py
[2025-11-13T18:41:23.219-0800] {logging_mixin.py:190} INFO - [2025-11-13T18:41:23.219-0800] {dag.py:3239} INFO - Sync 1 DAGs
[2025-11-13T18:41:23.222-0800] {logging_mixin.py:190} INFO - [2025-11-13T18:41:23.222-0800] {dag.py:4180} INFO - Setting next_dagrun for example_bash_decorator to None, run_after=None
[2025-11-13T18:41:23.227-0800] {processor.py:208} INFO - Processing /Users/dipinjassal/ml/tmdb_data_warehouse/venv/lib/python3.12/site-packages/airflow/example_dags/example_bash_decorator.py took 0.085 seconds
[2025-11-13T18:43:22.978-0800] {processor.py:186} INFO - Started process (PID=12688) to work on /Users/dipinjassal/ml/tmdb_data_warehouse/venv/lib/python3.12/site-packages/airflow/example_dags/example_bash_decorator.py
[2025-11-13T18:43:22.979-0800] {processor.py:914} INFO - Processing file /Users/dipinjassal/ml/tmdb_data_warehouse/venv/lib/python3.12/site-packages/airflow/example_dags/example_bash_decorator.py for tasks to queue
[2025-11-13T18:43:22.979-0800] {logging_mixin.py:190} INFO - [2025-11-13T18:43:22.979-0800] {dagbag.py:588} INFO - Filling up the DagBag from /Users/dipinjassal/ml/tmdb_data_warehouse/venv/lib/python3.12/site-packages/airflow/example_dags/example_bash_decorator.py
[2025-11-13T18:43:22.992-0800] {processor.py:925} INFO - DAG(s) 'example_bash_decorator' retrieved from /Users/dipinjassal/ml/tmdb_data_warehouse/venv/lib/python3.12/site-packages/airflow/example_dags/example_bash_decorator.py
[2025-11-13T18:43:23.057-0800] {logging_mixin.py:190} INFO - [2025-11-13T18:43:23.057-0800] {dag.py:3239} INFO - Sync 1 DAGs
[2025-11-13T18:43:23.059-0800] {logging_mixin.py:190} INFO - [2025-11-13T18:43:23.059-0800] {dag.py:4180} INFO - Setting next_dagrun for example_bash_decorator to None, run_after=None
[2025-11-13T18:43:23.064-0800] {processor.py:208} INFO - Processing /Users/dipinjassal/ml/tmdb_data_warehouse/venv/lib/python3.12/site-packages/airflow/example_dags/example_bash_decorator.py took 0.086 seconds
[2025-11-13T18:45:26.210-0800] {processor.py:186} INFO - Started process (PID=12782) to work on /Users/dipinjassal/ml/tmdb_data_warehouse/venv/lib/python3.12/site-packages/airflow/example_dags/example_bash_decorator.py
[2025-11-13T18:45:26.210-0800] {processor.py:914} INFO - Processing file /Users/dipinjassal/ml/tmdb_data_warehouse/venv/lib/python3.12/site-packages/airflow/example_dags/example_bash_decorator.py for tasks to queue
[2025-11-13T18:45:26.210-0800] {logging_mixin.py:190} INFO - [2025-11-13T18:45:26.210-0800] {dagbag.py:588} INFO - Filling up the DagBag from /Users/dipinjassal/ml/tmdb_data_warehouse/venv/lib/python3.12/site-packages/airflow/example_dags/example_bash_decorator.py
[2025-11-13T18:45:26.223-0800] {processor.py:925} INFO - DAG(s) 'example_bash_decorator' retrieved from /Users/dipinjassal/ml/tmdb_data_warehouse/venv/lib/python3.12/site-packages/airflow/example_dags/example_bash_decorator.py
[2025-11-13T18:45:26.287-0800] {logging_mixin.py:190} INFO - [2025-11-13T18:45:26.287-0800] {dag.py:3239} INFO - Sync 1 DAGs
[2025-11-13T18:45:26.290-0800] {logging_mixin.py:190} INFO - [2025-11-13T18:45:26.290-0800] {dag.py:4180} INFO - Setting next_dagrun for example_bash_decorator to None, run_after=None
[2025-11-13T18:45:26.295-0800] {processor.py:208} INFO - Processing /Users/dipinjassal/ml/tmdb_data_warehouse/venv/lib/python3.12/site-packages/airflow/example_dags/example_bash_decorator.py took 0.086 seconds
[2025-11-13T18:47:28.490-0800] {processor.py:186} INFO - Started process (PID=12866) to work on /Users/dipinjassal/ml/tmdb_data_warehouse/venv/lib/python3.12/site-packages/airflow/example_dags/example_bash_decorator.py
[2025-11-13T18:47:28.491-0800] {processor.py:914} INFO - Processing file /Users/dipinjassal/ml/tmdb_data_warehouse/venv/lib/python3.12/site-packages/airflow/example_dags/example_bash_decorator.py for tasks to queue
[2025-11-13T18:47:28.491-0800] {logging_mixin.py:190} INFO - [2025-11-13T18:47:28.491-0800] {dagbag.py:588} INFO - Filling up the DagBag from /Users/dipinjassal/ml/tmdb_data_warehouse/venv/lib/python3.12/site-packages/airflow/example_dags/example_bash_decorator.py
[2025-11-13T18:47:28.503-0800] {processor.py:925} INFO - DAG(s) 'example_bash_decorator' retrieved from /Users/dipinjassal/ml/tmdb_data_warehouse/venv/lib/python3.12/site-packages/airflow/example_dags/example_bash_decorator.py
[2025-11-13T18:47:28.568-0800] {logging_mixin.py:190} INFO - [2025-11-13T18:47:28.568-0800] {dag.py:3239} INFO - Sync 1 DAGs
[2025-11-13T18:47:28.571-0800] {logging_mixin.py:190} INFO - [2025-11-13T18:47:28.571-0800] {dag.py:4180} INFO - Setting next_dagrun for example_bash_decorator to None, run_after=None
[2025-11-13T18:47:28.575-0800] {processor.py:208} INFO - Processing /Users/dipinjassal/ml/tmdb_data_warehouse/venv/lib/python3.12/site-packages/airflow/example_dags/example_bash_decorator.py took 0.086 seconds
[2025-11-13T18:50:34.991-0800] {processor.py:186} INFO - Started process (PID=13004) to work on /Users/dipinjassal/ml/tmdb_data_warehouse/venv/lib/python3.12/site-packages/airflow/example_dags/example_bash_decorator.py
[2025-11-13T18:50:34.991-0800] {processor.py:914} INFO - Processing file /Users/dipinjassal/ml/tmdb_data_warehouse/venv/lib/python3.12/site-packages/airflow/example_dags/example_bash_decorator.py for tasks to queue
[2025-11-13T18:50:34.991-0800] {logging_mixin.py:190} INFO - [2025-11-13T18:50:34.991-0800] {dagbag.py:588} INFO - Filling up the DagBag from /Users/dipinjassal/ml/tmdb_data_warehouse/venv/lib/python3.12/site-packages/airflow/example_dags/example_bash_decorator.py
[2025-11-13T18:50:35.004-0800] {processor.py:925} INFO - DAG(s) 'example_bash_decorator' retrieved from /Users/dipinjassal/ml/tmdb_data_warehouse/venv/lib/python3.12/site-packages/airflow/example_dags/example_bash_decorator.py
[2025-11-13T18:50:35.069-0800] {logging_mixin.py:190} INFO - [2025-11-13T18:50:35.069-0800] {dag.py:3239} INFO - Sync 1 DAGs
[2025-11-13T18:50:35.071-0800] {logging_mixin.py:190} INFO - [2025-11-13T18:50:35.071-0800] {dag.py:4180} INFO - Setting next_dagrun for example_bash_decorator to None, run_after=None
[2025-11-13T18:50:35.076-0800] {processor.py:208} INFO - Processing /Users/dipinjassal/ml/tmdb_data_warehouse/venv/lib/python3.12/site-packages/airflow/example_dags/example_bash_decorator.py took 0.086 seconds
[2025-11-13T18:52:55.157-0800] {processor.py:186} INFO - Started process (PID=13097) to work on /Users/dipinjassal/ml/tmdb_data_warehouse/venv/lib/python3.12/site-packages/airflow/example_dags/example_bash_decorator.py
[2025-11-13T18:52:55.157-0800] {processor.py:914} INFO - Processing file /Users/dipinjassal/ml/tmdb_data_warehouse/venv/lib/python3.12/site-packages/airflow/example_dags/example_bash_decorator.py for tasks to queue
[2025-11-13T18:52:55.158-0800] {logging_mixin.py:190} INFO - [2025-11-13T18:52:55.158-0800] {dagbag.py:588} INFO - Filling up the DagBag from /Users/dipinjassal/ml/tmdb_data_warehouse/venv/lib/python3.12/site-packages/airflow/example_dags/example_bash_decorator.py
[2025-11-13T18:52:55.170-0800] {processor.py:925} INFO - DAG(s) 'example_bash_decorator' retrieved from /Users/dipinjassal/ml/tmdb_data_warehouse/venv/lib/python3.12/site-packages/airflow/example_dags/example_bash_decorator.py
[2025-11-13T18:52:55.234-0800] {logging_mixin.py:190} INFO - [2025-11-13T18:52:55.234-0800] {dag.py:3239} INFO - Sync 1 DAGs
[2025-11-13T18:52:55.237-0800] {logging_mixin.py:190} INFO - [2025-11-13T18:52:55.237-0800] {dag.py:4180} INFO - Setting next_dagrun for example_bash_decorator to None, run_after=None
[2025-11-13T18:52:55.242-0800] {processor.py:208} INFO - Processing /Users/dipinjassal/ml/tmdb_data_warehouse/venv/lib/python3.12/site-packages/airflow/example_dags/example_bash_decorator.py took 0.085 seconds
[2025-11-13T18:55:23.337-0800] {processor.py:186} INFO - Started process (PID=13208) to work on /Users/dipinjassal/ml/tmdb_data_warehouse/venv/lib/python3.12/site-packages/airflow/example_dags/example_bash_decorator.py
[2025-11-13T18:55:23.338-0800] {processor.py:914} INFO - Processing file /Users/dipinjassal/ml/tmdb_data_warehouse/venv/lib/python3.12/site-packages/airflow/example_dags/example_bash_decorator.py for tasks to queue
[2025-11-13T18:55:23.338-0800] {logging_mixin.py:190} INFO - [2025-11-13T18:55:23.338-0800] {dagbag.py:588} INFO - Filling up the DagBag from /Users/dipinjassal/ml/tmdb_data_warehouse/venv/lib/python3.12/site-packages/airflow/example_dags/example_bash_decorator.py
[2025-11-13T18:55:23.351-0800] {processor.py:925} INFO - DAG(s) 'example_bash_decorator' retrieved from /Users/dipinjassal/ml/tmdb_data_warehouse/venv/lib/python3.12/site-packages/airflow/example_dags/example_bash_decorator.py
[2025-11-13T18:55:23.416-0800] {logging_mixin.py:190} INFO - [2025-11-13T18:55:23.416-0800] {dag.py:3239} INFO - Sync 1 DAGs
[2025-11-13T18:55:23.419-0800] {logging_mixin.py:190} INFO - [2025-11-13T18:55:23.419-0800] {dag.py:4180} INFO - Setting next_dagrun for example_bash_decorator to None, run_after=None
[2025-11-13T18:55:23.423-0800] {processor.py:208} INFO - Processing /Users/dipinjassal/ml/tmdb_data_warehouse/venv/lib/python3.12/site-packages/airflow/example_dags/example_bash_decorator.py took 0.087 seconds
[2025-11-13T18:57:16.668-0800] {processor.py:186} INFO - Started process (PID=13300) to work on /Users/dipinjassal/ml/tmdb_data_warehouse/venv/lib/python3.12/site-packages/airflow/example_dags/example_bash_decorator.py
[2025-11-13T18:57:16.668-0800] {processor.py:914} INFO - Processing file /Users/dipinjassal/ml/tmdb_data_warehouse/venv/lib/python3.12/site-packages/airflow/example_dags/example_bash_decorator.py for tasks to queue
[2025-11-13T18:57:16.668-0800] {logging_mixin.py:190} INFO - [2025-11-13T18:57:16.668-0800] {dagbag.py:588} INFO - Filling up the DagBag from /Users/dipinjassal/ml/tmdb_data_warehouse/venv/lib/python3.12/site-packages/airflow/example_dags/example_bash_decorator.py
[2025-11-13T18:57:16.681-0800] {processor.py:925} INFO - DAG(s) 'example_bash_decorator' retrieved from /Users/dipinjassal/ml/tmdb_data_warehouse/venv/lib/python3.12/site-packages/airflow/example_dags/example_bash_decorator.py
[2025-11-13T18:57:16.748-0800] {logging_mixin.py:190} INFO - [2025-11-13T18:57:16.748-0800] {dag.py:3239} INFO - Sync 1 DAGs
[2025-11-13T18:57:16.751-0800] {logging_mixin.py:190} INFO - [2025-11-13T18:57:16.751-0800] {dag.py:4180} INFO - Setting next_dagrun for example_bash_decorator to None, run_after=None
[2025-11-13T18:57:16.755-0800] {processor.py:208} INFO - Processing /Users/dipinjassal/ml/tmdb_data_warehouse/venv/lib/python3.12/site-packages/airflow/example_dags/example_bash_decorator.py took 0.089 seconds
[2025-11-13T18:59:02.282-0800] {processor.py:186} INFO - Started process (PID=13380) to work on /Users/dipinjassal/ml/tmdb_data_warehouse/venv/lib/python3.12/site-packages/airflow/example_dags/example_bash_decorator.py
[2025-11-13T18:59:02.283-0800] {processor.py:914} INFO - Processing file /Users/dipinjassal/ml/tmdb_data_warehouse/venv/lib/python3.12/site-packages/airflow/example_dags/example_bash_decorator.py for tasks to queue
[2025-11-13T18:59:02.283-0800] {logging_mixin.py:190} INFO - [2025-11-13T18:59:02.283-0800] {dagbag.py:588} INFO - Filling up the DagBag from /Users/dipinjassal/ml/tmdb_data_warehouse/venv/lib/python3.12/site-packages/airflow/example_dags/example_bash_decorator.py
[2025-11-13T18:59:02.296-0800] {processor.py:925} INFO - DAG(s) 'example_bash_decorator' retrieved from /Users/dipinjassal/ml/tmdb_data_warehouse/venv/lib/python3.12/site-packages/airflow/example_dags/example_bash_decorator.py
[2025-11-13T18:59:02.362-0800] {logging_mixin.py:190} INFO - [2025-11-13T18:59:02.362-0800] {dag.py:3239} INFO - Sync 1 DAGs
[2025-11-13T18:59:02.365-0800] {logging_mixin.py:190} INFO - [2025-11-13T18:59:02.365-0800] {dag.py:4180} INFO - Setting next_dagrun for example_bash_decorator to None, run_after=None
[2025-11-13T18:59:02.369-0800] {processor.py:208} INFO - Processing /Users/dipinjassal/ml/tmdb_data_warehouse/venv/lib/python3.12/site-packages/airflow/example_dags/example_bash_decorator.py took 0.088 seconds
[2025-11-13T19:00:49.877-0800] {processor.py:186} INFO - Started process (PID=13478) to work on /Users/dipinjassal/ml/tmdb_data_warehouse/venv/lib/python3.12/site-packages/airflow/example_dags/example_bash_decorator.py
[2025-11-13T19:00:49.878-0800] {processor.py:914} INFO - Processing file /Users/dipinjassal/ml/tmdb_data_warehouse/venv/lib/python3.12/site-packages/airflow/example_dags/example_bash_decorator.py for tasks to queue
[2025-11-13T19:00:49.878-0800] {logging_mixin.py:190} INFO - [2025-11-13T19:00:49.878-0800] {dagbag.py:588} INFO - Filling up the DagBag from /Users/dipinjassal/ml/tmdb_data_warehouse/venv/lib/python3.12/site-packages/airflow/example_dags/example_bash_decorator.py
[2025-11-13T19:00:49.891-0800] {processor.py:925} INFO - DAG(s) 'example_bash_decorator' retrieved from /Users/dipinjassal/ml/tmdb_data_warehouse/venv/lib/python3.12/site-packages/airflow/example_dags/example_bash_decorator.py
[2025-11-13T19:00:49.957-0800] {logging_mixin.py:190} INFO - [2025-11-13T19:00:49.957-0800] {dag.py:3239} INFO - Sync 1 DAGs
[2025-11-13T19:00:49.959-0800] {logging_mixin.py:190} INFO - [2025-11-13T19:00:49.959-0800] {dag.py:4180} INFO - Setting next_dagrun for example_bash_decorator to None, run_after=None
[2025-11-13T19:00:49.964-0800] {processor.py:208} INFO - Processing /Users/dipinjassal/ml/tmdb_data_warehouse/venv/lib/python3.12/site-packages/airflow/example_dags/example_bash_decorator.py took 0.088 seconds
[2025-11-13T19:02:37.346-0800] {processor.py:186} INFO - Started process (PID=13558) to work on /Users/dipinjassal/ml/tmdb_data_warehouse/venv/lib/python3.12/site-packages/airflow/example_dags/example_bash_decorator.py
[2025-11-13T19:02:37.346-0800] {processor.py:914} INFO - Processing file /Users/dipinjassal/ml/tmdb_data_warehouse/venv/lib/python3.12/site-packages/airflow/example_dags/example_bash_decorator.py for tasks to queue
[2025-11-13T19:02:37.346-0800] {logging_mixin.py:190} INFO - [2025-11-13T19:02:37.346-0800] {dagbag.py:588} INFO - Filling up the DagBag from /Users/dipinjassal/ml/tmdb_data_warehouse/venv/lib/python3.12/site-packages/airflow/example_dags/example_bash_decorator.py
[2025-11-13T19:02:37.359-0800] {processor.py:925} INFO - DAG(s) 'example_bash_decorator' retrieved from /Users/dipinjassal/ml/tmdb_data_warehouse/venv/lib/python3.12/site-packages/airflow/example_dags/example_bash_decorator.py
[2025-11-13T19:02:37.425-0800] {logging_mixin.py:190} INFO - [2025-11-13T19:02:37.425-0800] {dag.py:3239} INFO - Sync 1 DAGs
[2025-11-13T19:02:37.428-0800] {logging_mixin.py:190} INFO - [2025-11-13T19:02:37.428-0800] {dag.py:4180} INFO - Setting next_dagrun for example_bash_decorator to None, run_after=None
[2025-11-13T19:02:37.433-0800] {processor.py:208} INFO - Processing /Users/dipinjassal/ml/tmdb_data_warehouse/venv/lib/python3.12/site-packages/airflow/example_dags/example_bash_decorator.py took 0.088 seconds
[2025-11-13T19:04:20.679-0800] {processor.py:186} INFO - Started process (PID=13647) to work on /Users/dipinjassal/ml/tmdb_data_warehouse/venv/lib/python3.12/site-packages/airflow/example_dags/example_bash_decorator.py
[2025-11-13T19:04:20.679-0800] {processor.py:914} INFO - Processing file /Users/dipinjassal/ml/tmdb_data_warehouse/venv/lib/python3.12/site-packages/airflow/example_dags/example_bash_decorator.py for tasks to queue
[2025-11-13T19:04:20.679-0800] {logging_mixin.py:190} INFO - [2025-11-13T19:04:20.679-0800] {dagbag.py:588} INFO - Filling up the DagBag from /Users/dipinjassal/ml/tmdb_data_warehouse/venv/lib/python3.12/site-packages/airflow/example_dags/example_bash_decorator.py
[2025-11-13T19:04:20.692-0800] {processor.py:925} INFO - DAG(s) 'example_bash_decorator' retrieved from /Users/dipinjassal/ml/tmdb_data_warehouse/venv/lib/python3.12/site-packages/airflow/example_dags/example_bash_decorator.py
[2025-11-13T19:04:20.757-0800] {logging_mixin.py:190} INFO - [2025-11-13T19:04:20.757-0800] {dag.py:3239} INFO - Sync 1 DAGs
[2025-11-13T19:04:20.759-0800] {logging_mixin.py:190} INFO - [2025-11-13T19:04:20.759-0800] {dag.py:4180} INFO - Setting next_dagrun for example_bash_decorator to None, run_after=None
[2025-11-13T19:04:20.764-0800] {processor.py:208} INFO - Processing /Users/dipinjassal/ml/tmdb_data_warehouse/venv/lib/python3.12/site-packages/airflow/example_dags/example_bash_decorator.py took 0.086 seconds
[2025-11-13T19:06:08.259-0800] {processor.py:186} INFO - Started process (PID=13743) to work on /Users/dipinjassal/ml/tmdb_data_warehouse/venv/lib/python3.12/site-packages/airflow/example_dags/example_bash_decorator.py
[2025-11-13T19:06:08.259-0800] {processor.py:914} INFO - Processing file /Users/dipinjassal/ml/tmdb_data_warehouse/venv/lib/python3.12/site-packages/airflow/example_dags/example_bash_decorator.py for tasks to queue
[2025-11-13T19:06:08.260-0800] {logging_mixin.py:190} INFO - [2025-11-13T19:06:08.259-0800] {dagbag.py:588} INFO - Filling up the DagBag from /Users/dipinjassal/ml/tmdb_data_warehouse/venv/lib/python3.12/site-packages/airflow/example_dags/example_bash_decorator.py
[2025-11-13T19:06:08.272-0800] {processor.py:925} INFO - DAG(s) 'example_bash_decorator' retrieved from /Users/dipinjassal/ml/tmdb_data_warehouse/venv/lib/python3.12/site-packages/airflow/example_dags/example_bash_decorator.py
[2025-11-13T19:06:08.338-0800] {logging_mixin.py:190} INFO - [2025-11-13T19:06:08.338-0800] {dag.py:3239} INFO - Sync 1 DAGs
[2025-11-13T19:06:08.341-0800] {logging_mixin.py:190} INFO - [2025-11-13T19:06:08.341-0800] {dag.py:4180} INFO - Setting next_dagrun for example_bash_decorator to None, run_after=None
[2025-11-13T19:06:08.346-0800] {processor.py:208} INFO - Processing /Users/dipinjassal/ml/tmdb_data_warehouse/venv/lib/python3.12/site-packages/airflow/example_dags/example_bash_decorator.py took 0.088 seconds
[2025-11-13T19:07:56.002-0800] {processor.py:186} INFO - Started process (PID=13825) to work on /Users/dipinjassal/ml/tmdb_data_warehouse/venv/lib/python3.12/site-packages/airflow/example_dags/example_bash_decorator.py
[2025-11-13T19:07:56.002-0800] {processor.py:914} INFO - Processing file /Users/dipinjassal/ml/tmdb_data_warehouse/venv/lib/python3.12/site-packages/airflow/example_dags/example_bash_decorator.py for tasks to queue
[2025-11-13T19:07:56.002-0800] {logging_mixin.py:190} INFO - [2025-11-13T19:07:56.002-0800] {dagbag.py:588} INFO - Filling up the DagBag from /Users/dipinjassal/ml/tmdb_data_warehouse/venv/lib/python3.12/site-packages/airflow/example_dags/example_bash_decorator.py
[2025-11-13T19:07:56.015-0800] {processor.py:925} INFO - DAG(s) 'example_bash_decorator' retrieved from /Users/dipinjassal/ml/tmdb_data_warehouse/venv/lib/python3.12/site-packages/airflow/example_dags/example_bash_decorator.py
[2025-11-13T19:07:56.080-0800] {logging_mixin.py:190} INFO - [2025-11-13T19:07:56.080-0800] {dag.py:3239} INFO - Sync 1 DAGs
[2025-11-13T19:07:56.083-0800] {logging_mixin.py:190} INFO - [2025-11-13T19:07:56.083-0800] {dag.py:4180} INFO - Setting next_dagrun for example_bash_decorator to None, run_after=None
[2025-11-13T19:07:56.088-0800] {processor.py:208} INFO - Processing /Users/dipinjassal/ml/tmdb_data_warehouse/venv/lib/python3.12/site-packages/airflow/example_dags/example_bash_decorator.py took 0.087 seconds
[2025-11-13T19:09:39.510-0800] {processor.py:186} INFO - Started process (PID=13902) to work on /Users/dipinjassal/ml/tmdb_data_warehouse/venv/lib/python3.12/site-packages/airflow/example_dags/example_bash_decorator.py
[2025-11-13T19:09:39.510-0800] {processor.py:914} INFO - Processing file /Users/dipinjassal/ml/tmdb_data_warehouse/venv/lib/python3.12/site-packages/airflow/example_dags/example_bash_decorator.py for tasks to queue
[2025-11-13T19:09:39.510-0800] {logging_mixin.py:190} INFO - [2025-11-13T19:09:39.510-0800] {dagbag.py:588} INFO - Filling up the DagBag from /Users/dipinjassal/ml/tmdb_data_warehouse/venv/lib/python3.12/site-packages/airflow/example_dags/example_bash_decorator.py
[2025-11-13T19:09:39.523-0800] {processor.py:925} INFO - DAG(s) 'example_bash_decorator' retrieved from /Users/dipinjassal/ml/tmdb_data_warehouse/venv/lib/python3.12/site-packages/airflow/example_dags/example_bash_decorator.py
[2025-11-13T19:09:39.588-0800] {logging_mixin.py:190} INFO - [2025-11-13T19:09:39.588-0800] {dag.py:3239} INFO - Sync 1 DAGs
[2025-11-13T19:09:39.591-0800] {logging_mixin.py:190} INFO - [2025-11-13T19:09:39.591-0800] {dag.py:4180} INFO - Setting next_dagrun for example_bash_decorator to None, run_after=None
[2025-11-13T19:09:39.595-0800] {processor.py:208} INFO - Processing /Users/dipinjassal/ml/tmdb_data_warehouse/venv/lib/python3.12/site-packages/airflow/example_dags/example_bash_decorator.py took 0.086 seconds
[2025-11-13T19:11:28.582-0800] {processor.py:186} INFO - Started process (PID=14001) to work on /Users/dipinjassal/ml/tmdb_data_warehouse/venv/lib/python3.12/site-packages/airflow/example_dags/example_bash_decorator.py
[2025-11-13T19:11:28.582-0800] {processor.py:914} INFO - Processing file /Users/dipinjassal/ml/tmdb_data_warehouse/venv/lib/python3.12/site-packages/airflow/example_dags/example_bash_decorator.py for tasks to queue
[2025-11-13T19:11:28.583-0800] {logging_mixin.py:190} INFO - [2025-11-13T19:11:28.583-0800] {dagbag.py:588} INFO - Filling up the DagBag from /Users/dipinjassal/ml/tmdb_data_warehouse/venv/lib/python3.12/site-packages/airflow/example_dags/example_bash_decorator.py
[2025-11-13T19:11:28.596-0800] {processor.py:925} INFO - DAG(s) 'example_bash_decorator' retrieved from /Users/dipinjassal/ml/tmdb_data_warehouse/venv/lib/python3.12/site-packages/airflow/example_dags/example_bash_decorator.py
[2025-11-13T19:11:28.662-0800] {logging_mixin.py:190} INFO - [2025-11-13T19:11:28.662-0800] {dag.py:3239} INFO - Sync 1 DAGs
[2025-11-13T19:11:28.664-0800] {logging_mixin.py:190} INFO - [2025-11-13T19:11:28.664-0800] {dag.py:4180} INFO - Setting next_dagrun for example_bash_decorator to None, run_after=None
[2025-11-13T19:11:28.669-0800] {processor.py:208} INFO - Processing /Users/dipinjassal/ml/tmdb_data_warehouse/venv/lib/python3.12/site-packages/airflow/example_dags/example_bash_decorator.py took 0.088 seconds
[2025-11-13T19:13:14.466-0800] {processor.py:186} INFO - Started process (PID=14081) to work on /Users/dipinjassal/ml/tmdb_data_warehouse/venv/lib/python3.12/site-packages/airflow/example_dags/example_bash_decorator.py
[2025-11-13T19:13:14.466-0800] {processor.py:914} INFO - Processing file /Users/dipinjassal/ml/tmdb_data_warehouse/venv/lib/python3.12/site-packages/airflow/example_dags/example_bash_decorator.py for tasks to queue
[2025-11-13T19:13:14.466-0800] {logging_mixin.py:190} INFO - [2025-11-13T19:13:14.466-0800] {dagbag.py:588} INFO - Filling up the DagBag from /Users/dipinjassal/ml/tmdb_data_warehouse/venv/lib/python3.12/site-packages/airflow/example_dags/example_bash_decorator.py
[2025-11-13T19:13:14.479-0800] {processor.py:925} INFO - DAG(s) 'example_bash_decorator' retrieved from /Users/dipinjassal/ml/tmdb_data_warehouse/venv/lib/python3.12/site-packages/airflow/example_dags/example_bash_decorator.py
[2025-11-13T19:13:14.544-0800] {logging_mixin.py:190} INFO - [2025-11-13T19:13:14.544-0800] {dag.py:3239} INFO - Sync 1 DAGs
[2025-11-13T19:13:14.546-0800] {logging_mixin.py:190} INFO - [2025-11-13T19:13:14.546-0800] {dag.py:4180} INFO - Setting next_dagrun for example_bash_decorator to None, run_after=None
[2025-11-13T19:13:14.551-0800] {processor.py:208} INFO - Processing /Users/dipinjassal/ml/tmdb_data_warehouse/venv/lib/python3.12/site-packages/airflow/example_dags/example_bash_decorator.py took 0.086 seconds
[2025-11-13T19:15:00.041-0800] {processor.py:186} INFO - Started process (PID=14160) to work on /Users/dipinjassal/ml/tmdb_data_warehouse/venv/lib/python3.12/site-packages/airflow/example_dags/example_bash_decorator.py
[2025-11-13T19:15:00.041-0800] {processor.py:914} INFO - Processing file /Users/dipinjassal/ml/tmdb_data_warehouse/venv/lib/python3.12/site-packages/airflow/example_dags/example_bash_decorator.py for tasks to queue
[2025-11-13T19:15:00.041-0800] {logging_mixin.py:190} INFO - [2025-11-13T19:15:00.041-0800] {dagbag.py:588} INFO - Filling up the DagBag from /Users/dipinjassal/ml/tmdb_data_warehouse/venv/lib/python3.12/site-packages/airflow/example_dags/example_bash_decorator.py
[2025-11-13T19:15:00.054-0800] {processor.py:925} INFO - DAG(s) 'example_bash_decorator' retrieved from /Users/dipinjassal/ml/tmdb_data_warehouse/venv/lib/python3.12/site-packages/airflow/example_dags/example_bash_decorator.py
[2025-11-13T19:15:00.120-0800] {logging_mixin.py:190} INFO - [2025-11-13T19:15:00.120-0800] {dag.py:3239} INFO - Sync 1 DAGs
[2025-11-13T19:15:00.123-0800] {logging_mixin.py:190} INFO - [2025-11-13T19:15:00.123-0800] {dag.py:4180} INFO - Setting next_dagrun for example_bash_decorator to None, run_after=None
[2025-11-13T19:15:00.127-0800] {processor.py:208} INFO - Processing /Users/dipinjassal/ml/tmdb_data_warehouse/venv/lib/python3.12/site-packages/airflow/example_dags/example_bash_decorator.py took 0.087 seconds
[2025-11-13T19:16:41.909-0800] {processor.py:186} INFO - Started process (PID=14256) to work on /Users/dipinjassal/ml/tmdb_data_warehouse/venv/lib/python3.12/site-packages/airflow/example_dags/example_bash_decorator.py
[2025-11-13T19:16:41.910-0800] {processor.py:914} INFO - Processing file /Users/dipinjassal/ml/tmdb_data_warehouse/venv/lib/python3.12/site-packages/airflow/example_dags/example_bash_decorator.py for tasks to queue
[2025-11-13T19:16:41.910-0800] {logging_mixin.py:190} INFO - [2025-11-13T19:16:41.910-0800] {dagbag.py:588} INFO - Filling up the DagBag from /Users/dipinjassal/ml/tmdb_data_warehouse/venv/lib/python3.12/site-packages/airflow/example_dags/example_bash_decorator.py
[2025-11-13T19:16:41.922-0800] {processor.py:925} INFO - DAG(s) 'example_bash_decorator' retrieved from /Users/dipinjassal/ml/tmdb_data_warehouse/venv/lib/python3.12/site-packages/airflow/example_dags/example_bash_decorator.py
[2025-11-13T19:16:41.987-0800] {logging_mixin.py:190} INFO - [2025-11-13T19:16:41.987-0800] {dag.py:3239} INFO - Sync 1 DAGs
[2025-11-13T19:16:41.990-0800] {logging_mixin.py:190} INFO - [2025-11-13T19:16:41.990-0800] {dag.py:4180} INFO - Setting next_dagrun for example_bash_decorator to None, run_after=None
[2025-11-13T19:16:41.995-0800] {processor.py:208} INFO - Processing /Users/dipinjassal/ml/tmdb_data_warehouse/venv/lib/python3.12/site-packages/airflow/example_dags/example_bash_decorator.py took 0.086 seconds
[2025-11-13T19:18:29.411-0800] {processor.py:186} INFO - Started process (PID=14335) to work on /Users/dipinjassal/ml/tmdb_data_warehouse/venv/lib/python3.12/site-packages/airflow/example_dags/example_bash_decorator.py
[2025-11-13T19:18:29.412-0800] {processor.py:914} INFO - Processing file /Users/dipinjassal/ml/tmdb_data_warehouse/venv/lib/python3.12/site-packages/airflow/example_dags/example_bash_decorator.py for tasks to queue
[2025-11-13T19:18:29.412-0800] {logging_mixin.py:190} INFO - [2025-11-13T19:18:29.412-0800] {dagbag.py:588} INFO - Filling up the DagBag from /Users/dipinjassal/ml/tmdb_data_warehouse/venv/lib/python3.12/site-packages/airflow/example_dags/example_bash_decorator.py
[2025-11-13T19:18:29.424-0800] {processor.py:925} INFO - DAG(s) 'example_bash_decorator' retrieved from /Users/dipinjassal/ml/tmdb_data_warehouse/venv/lib/python3.12/site-packages/airflow/example_dags/example_bash_decorator.py
[2025-11-13T19:18:29.489-0800] {logging_mixin.py:190} INFO - [2025-11-13T19:18:29.489-0800] {dag.py:3239} INFO - Sync 1 DAGs
[2025-11-13T19:18:29.492-0800] {logging_mixin.py:190} INFO - [2025-11-13T19:18:29.492-0800] {dag.py:4180} INFO - Setting next_dagrun for example_bash_decorator to None, run_after=None
[2025-11-13T19:18:29.496-0800] {processor.py:208} INFO - Processing /Users/dipinjassal/ml/tmdb_data_warehouse/venv/lib/python3.12/site-packages/airflow/example_dags/example_bash_decorator.py took 0.086 seconds
[2025-11-13T19:20:18.290-0800] {processor.py:186} INFO - Started process (PID=14428) to work on /Users/dipinjassal/ml/tmdb_data_warehouse/venv/lib/python3.12/site-packages/airflow/example_dags/example_bash_decorator.py
[2025-11-13T19:20:18.290-0800] {processor.py:914} INFO - Processing file /Users/dipinjassal/ml/tmdb_data_warehouse/venv/lib/python3.12/site-packages/airflow/example_dags/example_bash_decorator.py for tasks to queue
[2025-11-13T19:20:18.290-0800] {logging_mixin.py:190} INFO - [2025-11-13T19:20:18.290-0800] {dagbag.py:588} INFO - Filling up the DagBag from /Users/dipinjassal/ml/tmdb_data_warehouse/venv/lib/python3.12/site-packages/airflow/example_dags/example_bash_decorator.py
[2025-11-13T19:20:18.303-0800] {processor.py:925} INFO - DAG(s) 'example_bash_decorator' retrieved from /Users/dipinjassal/ml/tmdb_data_warehouse/venv/lib/python3.12/site-packages/airflow/example_dags/example_bash_decorator.py
[2025-11-13T19:20:18.370-0800] {logging_mixin.py:190} INFO - [2025-11-13T19:20:18.370-0800] {dag.py:3239} INFO - Sync 1 DAGs
[2025-11-13T19:20:18.373-0800] {logging_mixin.py:190} INFO - [2025-11-13T19:20:18.373-0800] {dag.py:4180} INFO - Setting next_dagrun for example_bash_decorator to None, run_after=None
[2025-11-13T19:20:18.378-0800] {processor.py:208} INFO - Processing /Users/dipinjassal/ml/tmdb_data_warehouse/venv/lib/python3.12/site-packages/airflow/example_dags/example_bash_decorator.py took 0.089 seconds
[2025-11-13T19:22:03.797-0800] {processor.py:186} INFO - Started process (PID=14532) to work on /Users/dipinjassal/ml/tmdb_data_warehouse/venv/lib/python3.12/site-packages/airflow/example_dags/example_bash_decorator.py
[2025-11-13T19:22:03.797-0800] {processor.py:914} INFO - Processing file /Users/dipinjassal/ml/tmdb_data_warehouse/venv/lib/python3.12/site-packages/airflow/example_dags/example_bash_decorator.py for tasks to queue
[2025-11-13T19:22:03.798-0800] {logging_mixin.py:190} INFO - [2025-11-13T19:22:03.798-0800] {dagbag.py:588} INFO - Filling up the DagBag from /Users/dipinjassal/ml/tmdb_data_warehouse/venv/lib/python3.12/site-packages/airflow/example_dags/example_bash_decorator.py
[2025-11-13T19:22:03.810-0800] {processor.py:925} INFO - DAG(s) 'example_bash_decorator' retrieved from /Users/dipinjassal/ml/tmdb_data_warehouse/venv/lib/python3.12/site-packages/airflow/example_dags/example_bash_decorator.py
[2025-11-13T19:22:03.876-0800] {logging_mixin.py:190} INFO - [2025-11-13T19:22:03.876-0800] {dag.py:3239} INFO - Sync 1 DAGs
[2025-11-13T19:22:03.879-0800] {logging_mixin.py:190} INFO - [2025-11-13T19:22:03.879-0800] {dag.py:4180} INFO - Setting next_dagrun for example_bash_decorator to None, run_after=None
[2025-11-13T19:22:03.884-0800] {processor.py:208} INFO - Processing /Users/dipinjassal/ml/tmdb_data_warehouse/venv/lib/python3.12/site-packages/airflow/example_dags/example_bash_decorator.py took 0.088 seconds
[2025-11-13T19:23:53.184-0800] {processor.py:186} INFO - Started process (PID=14615) to work on /Users/dipinjassal/ml/tmdb_data_warehouse/venv/lib/python3.12/site-packages/airflow/example_dags/example_bash_decorator.py
[2025-11-13T19:23:53.184-0800] {processor.py:914} INFO - Processing file /Users/dipinjassal/ml/tmdb_data_warehouse/venv/lib/python3.12/site-packages/airflow/example_dags/example_bash_decorator.py for tasks to queue
[2025-11-13T19:23:53.185-0800] {logging_mixin.py:190} INFO - [2025-11-13T19:23:53.185-0800] {dagbag.py:588} INFO - Filling up the DagBag from /Users/dipinjassal/ml/tmdb_data_warehouse/venv/lib/python3.12/site-packages/airflow/example_dags/example_bash_decorator.py
[2025-11-13T19:23:53.197-0800] {processor.py:925} INFO - DAG(s) 'example_bash_decorator' retrieved from /Users/dipinjassal/ml/tmdb_data_warehouse/venv/lib/python3.12/site-packages/airflow/example_dags/example_bash_decorator.py
[2025-11-13T19:23:53.263-0800] {logging_mixin.py:190} INFO - [2025-11-13T19:23:53.263-0800] {dag.py:3239} INFO - Sync 1 DAGs
[2025-11-13T19:23:53.265-0800] {logging_mixin.py:190} INFO - [2025-11-13T19:23:53.265-0800] {dag.py:4180} INFO - Setting next_dagrun for example_bash_decorator to None, run_after=None
[2025-11-13T19:23:53.270-0800] {processor.py:208} INFO - Processing /Users/dipinjassal/ml/tmdb_data_warehouse/venv/lib/python3.12/site-packages/airflow/example_dags/example_bash_decorator.py took 0.087 seconds
[2025-11-13T19:25:41.479-0800] {processor.py:186} INFO - Started process (PID=14695) to work on /Users/dipinjassal/ml/tmdb_data_warehouse/venv/lib/python3.12/site-packages/airflow/example_dags/example_bash_decorator.py
[2025-11-13T19:25:41.479-0800] {processor.py:914} INFO - Processing file /Users/dipinjassal/ml/tmdb_data_warehouse/venv/lib/python3.12/site-packages/airflow/example_dags/example_bash_decorator.py for tasks to queue
[2025-11-13T19:25:41.480-0800] {logging_mixin.py:190} INFO - [2025-11-13T19:25:41.480-0800] {dagbag.py:588} INFO - Filling up the DagBag from /Users/dipinjassal/ml/tmdb_data_warehouse/venv/lib/python3.12/site-packages/airflow/example_dags/example_bash_decorator.py
[2025-11-13T19:25:41.492-0800] {processor.py:925} INFO - DAG(s) 'example_bash_decorator' retrieved from /Users/dipinjassal/ml/tmdb_data_warehouse/venv/lib/python3.12/site-packages/airflow/example_dags/example_bash_decorator.py
[2025-11-13T19:25:41.557-0800] {logging_mixin.py:190} INFO - [2025-11-13T19:25:41.557-0800] {dag.py:3239} INFO - Sync 1 DAGs
[2025-11-13T19:25:41.559-0800] {logging_mixin.py:190} INFO - [2025-11-13T19:25:41.559-0800] {dag.py:4180} INFO - Setting next_dagrun for example_bash_decorator to None, run_after=None
[2025-11-13T19:25:41.564-0800] {processor.py:208} INFO - Processing /Users/dipinjassal/ml/tmdb_data_warehouse/venv/lib/python3.12/site-packages/airflow/example_dags/example_bash_decorator.py took 0.086 seconds
[2025-11-13T19:27:30.483-0800] {processor.py:186} INFO - Started process (PID=14811) to work on /Users/dipinjassal/ml/tmdb_data_warehouse/venv/lib/python3.12/site-packages/airflow/example_dags/example_bash_decorator.py
[2025-11-13T19:27:30.484-0800] {processor.py:914} INFO - Processing file /Users/dipinjassal/ml/tmdb_data_warehouse/venv/lib/python3.12/site-packages/airflow/example_dags/example_bash_decorator.py for tasks to queue
[2025-11-13T19:27:30.484-0800] {logging_mixin.py:190} INFO - [2025-11-13T19:27:30.484-0800] {dagbag.py:588} INFO - Filling up the DagBag from /Users/dipinjassal/ml/tmdb_data_warehouse/venv/lib/python3.12/site-packages/airflow/example_dags/example_bash_decorator.py
[2025-11-13T19:27:30.497-0800] {processor.py:925} INFO - DAG(s) 'example_bash_decorator' retrieved from /Users/dipinjassal/ml/tmdb_data_warehouse/venv/lib/python3.12/site-packages/airflow/example_dags/example_bash_decorator.py
[2025-11-13T19:27:30.563-0800] {logging_mixin.py:190} INFO - [2025-11-13T19:27:30.563-0800] {dag.py:3239} INFO - Sync 1 DAGs
[2025-11-13T19:27:30.566-0800] {logging_mixin.py:190} INFO - [2025-11-13T19:27:30.566-0800] {dag.py:4180} INFO - Setting next_dagrun for example_bash_decorator to None, run_after=None
[2025-11-13T19:27:30.570-0800] {processor.py:208} INFO - Processing /Users/dipinjassal/ml/tmdb_data_warehouse/venv/lib/python3.12/site-packages/airflow/example_dags/example_bash_decorator.py took 0.088 seconds
[2025-11-13T19:29:13.341-0800] {processor.py:186} INFO - Started process (PID=14891) to work on /Users/dipinjassal/ml/tmdb_data_warehouse/venv/lib/python3.12/site-packages/airflow/example_dags/example_bash_decorator.py
[2025-11-13T19:29:13.341-0800] {processor.py:914} INFO - Processing file /Users/dipinjassal/ml/tmdb_data_warehouse/venv/lib/python3.12/site-packages/airflow/example_dags/example_bash_decorator.py for tasks to queue
[2025-11-13T19:29:13.342-0800] {logging_mixin.py:190} INFO - [2025-11-13T19:29:13.342-0800] {dagbag.py:588} INFO - Filling up the DagBag from /Users/dipinjassal/ml/tmdb_data_warehouse/venv/lib/python3.12/site-packages/airflow/example_dags/example_bash_decorator.py
[2025-11-13T19:29:13.354-0800] {processor.py:925} INFO - DAG(s) 'example_bash_decorator' retrieved from /Users/dipinjassal/ml/tmdb_data_warehouse/venv/lib/python3.12/site-packages/airflow/example_dags/example_bash_decorator.py
[2025-11-13T19:29:13.419-0800] {logging_mixin.py:190} INFO - [2025-11-13T19:29:13.419-0800] {dag.py:3239} INFO - Sync 1 DAGs
[2025-11-13T19:29:13.422-0800] {logging_mixin.py:190} INFO - [2025-11-13T19:29:13.422-0800] {dag.py:4180} INFO - Setting next_dagrun for example_bash_decorator to None, run_after=None
[2025-11-13T19:29:13.426-0800] {processor.py:208} INFO - Processing /Users/dipinjassal/ml/tmdb_data_warehouse/venv/lib/python3.12/site-packages/airflow/example_dags/example_bash_decorator.py took 0.086 seconds
[2025-11-13T19:30:57.203-0800] {processor.py:186} INFO - Started process (PID=14978) to work on /Users/dipinjassal/ml/tmdb_data_warehouse/venv/lib/python3.12/site-packages/airflow/example_dags/example_bash_decorator.py
[2025-11-13T19:30:57.204-0800] {processor.py:914} INFO - Processing file /Users/dipinjassal/ml/tmdb_data_warehouse/venv/lib/python3.12/site-packages/airflow/example_dags/example_bash_decorator.py for tasks to queue
[2025-11-13T19:30:57.204-0800] {logging_mixin.py:190} INFO - [2025-11-13T19:30:57.204-0800] {dagbag.py:588} INFO - Filling up the DagBag from /Users/dipinjassal/ml/tmdb_data_warehouse/venv/lib/python3.12/site-packages/airflow/example_dags/example_bash_decorator.py
[2025-11-13T19:30:57.216-0800] {processor.py:925} INFO - DAG(s) 'example_bash_decorator' retrieved from /Users/dipinjassal/ml/tmdb_data_warehouse/venv/lib/python3.12/site-packages/airflow/example_dags/example_bash_decorator.py
[2025-11-13T19:30:57.282-0800] {logging_mixin.py:190} INFO - [2025-11-13T19:30:57.282-0800] {dag.py:3239} INFO - Sync 1 DAGs
[2025-11-13T19:30:57.284-0800] {logging_mixin.py:190} INFO - [2025-11-13T19:30:57.284-0800] {dag.py:4180} INFO - Setting next_dagrun for example_bash_decorator to None, run_after=None
[2025-11-13T19:30:57.289-0800] {processor.py:208} INFO - Processing /Users/dipinjassal/ml/tmdb_data_warehouse/venv/lib/python3.12/site-packages/airflow/example_dags/example_bash_decorator.py took 0.086 seconds
[2025-11-13T19:32:42.108-0800] {processor.py:186} INFO - Started process (PID=15075) to work on /Users/dipinjassal/ml/tmdb_data_warehouse/venv/lib/python3.12/site-packages/airflow/example_dags/example_bash_decorator.py
[2025-11-13T19:32:42.108-0800] {processor.py:914} INFO - Processing file /Users/dipinjassal/ml/tmdb_data_warehouse/venv/lib/python3.12/site-packages/airflow/example_dags/example_bash_decorator.py for tasks to queue
[2025-11-13T19:32:42.108-0800] {logging_mixin.py:190} INFO - [2025-11-13T19:32:42.108-0800] {dagbag.py:588} INFO - Filling up the DagBag from /Users/dipinjassal/ml/tmdb_data_warehouse/venv/lib/python3.12/site-packages/airflow/example_dags/example_bash_decorator.py
[2025-11-13T19:32:42.121-0800] {processor.py:925} INFO - DAG(s) 'example_bash_decorator' retrieved from /Users/dipinjassal/ml/tmdb_data_warehouse/venv/lib/python3.12/site-packages/airflow/example_dags/example_bash_decorator.py
[2025-11-13T19:32:42.187-0800] {logging_mixin.py:190} INFO - [2025-11-13T19:32:42.187-0800] {dag.py:3239} INFO - Sync 1 DAGs
[2025-11-13T19:32:42.189-0800] {logging_mixin.py:190} INFO - [2025-11-13T19:32:42.189-0800] {dag.py:4180} INFO - Setting next_dagrun for example_bash_decorator to None, run_after=None
[2025-11-13T19:32:42.194-0800] {processor.py:208} INFO - Processing /Users/dipinjassal/ml/tmdb_data_warehouse/venv/lib/python3.12/site-packages/airflow/example_dags/example_bash_decorator.py took 0.087 seconds
[2025-11-13T19:34:27.251-0800] {processor.py:186} INFO - Started process (PID=15175) to work on /Users/dipinjassal/ml/tmdb_data_warehouse/venv/lib/python3.12/site-packages/airflow/example_dags/example_bash_decorator.py
[2025-11-13T19:34:27.251-0800] {processor.py:914} INFO - Processing file /Users/dipinjassal/ml/tmdb_data_warehouse/venv/lib/python3.12/site-packages/airflow/example_dags/example_bash_decorator.py for tasks to queue
[2025-11-13T19:34:27.251-0800] {logging_mixin.py:190} INFO - [2025-11-13T19:34:27.251-0800] {dagbag.py:588} INFO - Filling up the DagBag from /Users/dipinjassal/ml/tmdb_data_warehouse/venv/lib/python3.12/site-packages/airflow/example_dags/example_bash_decorator.py
[2025-11-13T19:34:27.264-0800] {processor.py:925} INFO - DAG(s) 'example_bash_decorator' retrieved from /Users/dipinjassal/ml/tmdb_data_warehouse/venv/lib/python3.12/site-packages/airflow/example_dags/example_bash_decorator.py
[2025-11-13T19:34:27.331-0800] {logging_mixin.py:190} INFO - [2025-11-13T19:34:27.331-0800] {dag.py:3239} INFO - Sync 1 DAGs
[2025-11-13T19:34:27.334-0800] {logging_mixin.py:190} INFO - [2025-11-13T19:34:27.334-0800] {dag.py:4180} INFO - Setting next_dagrun for example_bash_decorator to None, run_after=None
[2025-11-13T19:34:27.339-0800] {processor.py:208} INFO - Processing /Users/dipinjassal/ml/tmdb_data_warehouse/venv/lib/python3.12/site-packages/airflow/example_dags/example_bash_decorator.py took 0.089 seconds
[2025-11-13T19:40:20.750-0800] {processor.py:186} INFO - Started process (PID=15396) to work on /Users/dipinjassal/ml/tmdb_data_warehouse/venv/lib/python3.12/site-packages/airflow/example_dags/example_bash_decorator.py
[2025-11-13T19:40:20.752-0800] {processor.py:914} INFO - Processing file /Users/dipinjassal/ml/tmdb_data_warehouse/venv/lib/python3.12/site-packages/airflow/example_dags/example_bash_decorator.py for tasks to queue
[2025-11-13T19:40:20.753-0800] {logging_mixin.py:190} INFO - [2025-11-13T19:40:20.753-0800] {dagbag.py:588} INFO - Filling up the DagBag from /Users/dipinjassal/ml/tmdb_data_warehouse/venv/lib/python3.12/site-packages/airflow/example_dags/example_bash_decorator.py
[2025-11-13T19:40:20.818-0800] {processor.py:925} INFO - DAG(s) 'example_bash_decorator' retrieved from /Users/dipinjassal/ml/tmdb_data_warehouse/venv/lib/python3.12/site-packages/airflow/example_dags/example_bash_decorator.py
[2025-11-13T19:40:21.281-0800] {logging_mixin.py:190} INFO - [2025-11-13T19:40:21.281-0800] {dag.py:3239} INFO - Sync 1 DAGs
[2025-11-13T19:40:21.300-0800] {logging_mixin.py:190} INFO - [2025-11-13T19:40:21.299-0800] {dag.py:4180} INFO - Setting next_dagrun for example_bash_decorator to None, run_after=None
[2025-11-13T19:40:21.334-0800] {processor.py:208} INFO - Processing /Users/dipinjassal/ml/tmdb_data_warehouse/venv/lib/python3.12/site-packages/airflow/example_dags/example_bash_decorator.py took 0.587 seconds
[2025-11-13T19:46:43.660-0800] {processor.py:186} INFO - Started process (PID=15604) to work on /Users/dipinjassal/ml/tmdb_data_warehouse/venv/lib/python3.12/site-packages/airflow/example_dags/example_bash_decorator.py
[2025-11-13T19:46:43.660-0800] {processor.py:914} INFO - Processing file /Users/dipinjassal/ml/tmdb_data_warehouse/venv/lib/python3.12/site-packages/airflow/example_dags/example_bash_decorator.py for tasks to queue
[2025-11-13T19:46:43.661-0800] {logging_mixin.py:190} INFO - [2025-11-13T19:46:43.661-0800] {dagbag.py:588} INFO - Filling up the DagBag from /Users/dipinjassal/ml/tmdb_data_warehouse/venv/lib/python3.12/site-packages/airflow/example_dags/example_bash_decorator.py
[2025-11-13T19:46:43.673-0800] {processor.py:925} INFO - DAG(s) 'example_bash_decorator' retrieved from /Users/dipinjassal/ml/tmdb_data_warehouse/venv/lib/python3.12/site-packages/airflow/example_dags/example_bash_decorator.py
[2025-11-13T19:46:43.742-0800] {logging_mixin.py:190} INFO - [2025-11-13T19:46:43.742-0800] {dag.py:3239} INFO - Sync 1 DAGs
[2025-11-13T19:46:43.745-0800] {logging_mixin.py:190} INFO - [2025-11-13T19:46:43.745-0800] {dag.py:4180} INFO - Setting next_dagrun for example_bash_decorator to None, run_after=None
[2025-11-13T19:46:43.750-0800] {processor.py:208} INFO - Processing /Users/dipinjassal/ml/tmdb_data_warehouse/venv/lib/python3.12/site-packages/airflow/example_dags/example_bash_decorator.py took 0.090 seconds
[2025-11-13T19:48:28.701-0800] {processor.py:186} INFO - Started process (PID=15684) to work on /Users/dipinjassal/ml/tmdb_data_warehouse/venv/lib/python3.12/site-packages/airflow/example_dags/example_bash_decorator.py
[2025-11-13T19:48:28.701-0800] {processor.py:914} INFO - Processing file /Users/dipinjassal/ml/tmdb_data_warehouse/venv/lib/python3.12/site-packages/airflow/example_dags/example_bash_decorator.py for tasks to queue
[2025-11-13T19:48:28.701-0800] {logging_mixin.py:190} INFO - [2025-11-13T19:48:28.701-0800] {dagbag.py:588} INFO - Filling up the DagBag from /Users/dipinjassal/ml/tmdb_data_warehouse/venv/lib/python3.12/site-packages/airflow/example_dags/example_bash_decorator.py
[2025-11-13T19:48:28.714-0800] {processor.py:925} INFO - DAG(s) 'example_bash_decorator' retrieved from /Users/dipinjassal/ml/tmdb_data_warehouse/venv/lib/python3.12/site-packages/airflow/example_dags/example_bash_decorator.py
[2025-11-13T19:48:28.783-0800] {logging_mixin.py:190} INFO - [2025-11-13T19:48:28.783-0800] {dag.py:3239} INFO - Sync 1 DAGs
[2025-11-13T19:48:28.785-0800] {logging_mixin.py:190} INFO - [2025-11-13T19:48:28.785-0800] {dag.py:4180} INFO - Setting next_dagrun for example_bash_decorator to None, run_after=None
[2025-11-13T19:48:28.790-0800] {processor.py:208} INFO - Processing /Users/dipinjassal/ml/tmdb_data_warehouse/venv/lib/python3.12/site-packages/airflow/example_dags/example_bash_decorator.py took 0.090 seconds
[2025-11-13T19:50:12.165-0800] {processor.py:186} INFO - Started process (PID=15765) to work on /Users/dipinjassal/ml/tmdb_data_warehouse/venv/lib/python3.12/site-packages/airflow/example_dags/example_bash_decorator.py
[2025-11-13T19:50:12.165-0800] {processor.py:914} INFO - Processing file /Users/dipinjassal/ml/tmdb_data_warehouse/venv/lib/python3.12/site-packages/airflow/example_dags/example_bash_decorator.py for tasks to queue
[2025-11-13T19:50:12.166-0800] {logging_mixin.py:190} INFO - [2025-11-13T19:50:12.166-0800] {dagbag.py:588} INFO - Filling up the DagBag from /Users/dipinjassal/ml/tmdb_data_warehouse/venv/lib/python3.12/site-packages/airflow/example_dags/example_bash_decorator.py
[2025-11-13T19:50:12.178-0800] {processor.py:925} INFO - DAG(s) 'example_bash_decorator' retrieved from /Users/dipinjassal/ml/tmdb_data_warehouse/venv/lib/python3.12/site-packages/airflow/example_dags/example_bash_decorator.py
[2025-11-13T19:50:12.245-0800] {logging_mixin.py:190} INFO - [2025-11-13T19:50:12.245-0800] {dag.py:3239} INFO - Sync 1 DAGs
[2025-11-13T19:50:12.247-0800] {logging_mixin.py:190} INFO - [2025-11-13T19:50:12.247-0800] {dag.py:4180} INFO - Setting next_dagrun for example_bash_decorator to None, run_after=None
[2025-11-13T19:50:12.252-0800] {processor.py:208} INFO - Processing /Users/dipinjassal/ml/tmdb_data_warehouse/venv/lib/python3.12/site-packages/airflow/example_dags/example_bash_decorator.py took 0.088 seconds
[2025-11-13T19:53:01.659-0800] {processor.py:186} INFO - Started process (PID=15889) to work on /Users/dipinjassal/ml/tmdb_data_warehouse/venv/lib/python3.12/site-packages/airflow/example_dags/example_bash_decorator.py
[2025-11-13T19:53:01.660-0800] {processor.py:914} INFO - Processing file /Users/dipinjassal/ml/tmdb_data_warehouse/venv/lib/python3.12/site-packages/airflow/example_dags/example_bash_decorator.py for tasks to queue
[2025-11-13T19:53:01.661-0800] {logging_mixin.py:190} INFO - [2025-11-13T19:53:01.661-0800] {dagbag.py:588} INFO - Filling up the DagBag from /Users/dipinjassal/ml/tmdb_data_warehouse/venv/lib/python3.12/site-packages/airflow/example_dags/example_bash_decorator.py
[2025-11-13T19:53:01.725-0800] {processor.py:925} INFO - DAG(s) 'example_bash_decorator' retrieved from /Users/dipinjassal/ml/tmdb_data_warehouse/venv/lib/python3.12/site-packages/airflow/example_dags/example_bash_decorator.py
[2025-11-13T19:53:02.132-0800] {logging_mixin.py:190} INFO - [2025-11-13T19:53:02.131-0800] {dag.py:3239} INFO - Sync 1 DAGs
[2025-11-13T19:53:02.146-0800] {logging_mixin.py:190} INFO - [2025-11-13T19:53:02.146-0800] {dag.py:4180} INFO - Setting next_dagrun for example_bash_decorator to None, run_after=None
[2025-11-13T19:53:02.168-0800] {processor.py:208} INFO - Processing /Users/dipinjassal/ml/tmdb_data_warehouse/venv/lib/python3.12/site-packages/airflow/example_dags/example_bash_decorator.py took 0.517 seconds
[2025-11-13T20:00:28.506-0800] {processor.py:186} INFO - Started process (PID=16104) to work on /Users/dipinjassal/ml/tmdb_data_warehouse/venv/lib/python3.12/site-packages/airflow/example_dags/example_bash_decorator.py
[2025-11-13T20:00:28.509-0800] {processor.py:914} INFO - Processing file /Users/dipinjassal/ml/tmdb_data_warehouse/venv/lib/python3.12/site-packages/airflow/example_dags/example_bash_decorator.py for tasks to queue
[2025-11-13T20:00:28.510-0800] {logging_mixin.py:190} INFO - [2025-11-13T20:00:28.510-0800] {dagbag.py:588} INFO - Filling up the DagBag from /Users/dipinjassal/ml/tmdb_data_warehouse/venv/lib/python3.12/site-packages/airflow/example_dags/example_bash_decorator.py
[2025-11-13T20:00:28.575-0800] {processor.py:925} INFO - DAG(s) 'example_bash_decorator' retrieved from /Users/dipinjassal/ml/tmdb_data_warehouse/venv/lib/python3.12/site-packages/airflow/example_dags/example_bash_decorator.py
[2025-11-13T20:00:28.951-0800] {logging_mixin.py:190} INFO - [2025-11-13T20:00:28.950-0800] {dag.py:3239} INFO - Sync 1 DAGs
[2025-11-13T20:00:28.967-0800] {logging_mixin.py:190} INFO - [2025-11-13T20:00:28.966-0800] {dag.py:4180} INFO - Setting next_dagrun for example_bash_decorator to None, run_after=None
[2025-11-13T20:00:29.007-0800] {processor.py:208} INFO - Processing /Users/dipinjassal/ml/tmdb_data_warehouse/venv/lib/python3.12/site-packages/airflow/example_dags/example_bash_decorator.py took 0.504 seconds
