[2025-11-13T16:42:49.470-0800] {processor.py:186} INFO - Started process (PID=9400) to work on /Users/dipinjassal/ml/tmdb_data_warehouse/venv/lib/python3.12/site-packages/airflow/example_dags/example_complex.py
[2025-11-13T16:42:49.470-0800] {processor.py:914} INFO - Processing file /Users/dipinjassal/ml/tmdb_data_warehouse/venv/lib/python3.12/site-packages/airflow/example_dags/example_complex.py for tasks to queue
[2025-11-13T16:42:49.470-0800] {logging_mixin.py:190} INFO - [2025-11-13T16:42:49.470-0800] {dagbag.py:588} INFO - Filling up the DagBag from /Users/dipinjassal/ml/tmdb_data_warehouse/venv/lib/python3.12/site-packages/airflow/example_dags/example_complex.py
[2025-11-13T16:42:49.474-0800] {processor.py:925} INFO - DAG(s) 'example_complex' retrieved from /Users/dipinjassal/ml/tmdb_data_warehouse/venv/lib/python3.12/site-packages/airflow/example_dags/example_complex.py
[2025-11-13T16:42:49.504-0800] {logging_mixin.py:190} INFO - [2025-11-13T16:42:49.504-0800] {dag.py:3239} INFO - Sync 1 DAGs
[2025-11-13T16:42:49.507-0800] {logging_mixin.py:190} INFO - [2025-11-13T16:42:49.507-0800] {dag.py:4180} INFO - Setting next_dagrun for example_complex to None, run_after=None
[2025-11-13T16:42:49.511-0800] {processor.py:208} INFO - Processing /Users/dipinjassal/ml/tmdb_data_warehouse/venv/lib/python3.12/site-packages/airflow/example_dags/example_complex.py took 0.042 seconds
[2025-11-13T16:45:13.960-0800] {processor.py:186} INFO - Started process (PID=9498) to work on /Users/dipinjassal/ml/tmdb_data_warehouse/venv/lib/python3.12/site-packages/airflow/example_dags/example_complex.py
[2025-11-13T16:45:13.960-0800] {processor.py:914} INFO - Processing file /Users/dipinjassal/ml/tmdb_data_warehouse/venv/lib/python3.12/site-packages/airflow/example_dags/example_complex.py for tasks to queue
[2025-11-13T16:45:13.960-0800] {logging_mixin.py:190} INFO - [2025-11-13T16:45:13.960-0800] {dagbag.py:588} INFO - Filling up the DagBag from /Users/dipinjassal/ml/tmdb_data_warehouse/venv/lib/python3.12/site-packages/airflow/example_dags/example_complex.py
[2025-11-13T16:45:13.963-0800] {processor.py:925} INFO - DAG(s) 'example_complex' retrieved from /Users/dipinjassal/ml/tmdb_data_warehouse/venv/lib/python3.12/site-packages/airflow/example_dags/example_complex.py
[2025-11-13T16:45:13.991-0800] {logging_mixin.py:190} INFO - [2025-11-13T16:45:13.991-0800] {dag.py:3239} INFO - Sync 1 DAGs
[2025-11-13T16:45:13.994-0800] {logging_mixin.py:190} INFO - [2025-11-13T16:45:13.994-0800] {dag.py:4180} INFO - Setting next_dagrun for example_complex to None, run_after=None
[2025-11-13T16:45:13.998-0800] {processor.py:208} INFO - Processing /Users/dipinjassal/ml/tmdb_data_warehouse/venv/lib/python3.12/site-packages/airflow/example_dags/example_complex.py took 0.040 seconds
[2025-11-13T16:47:52.336-0800] {processor.py:186} INFO - Started process (PID=9581) to work on /Users/dipinjassal/ml/tmdb_data_warehouse/venv/lib/python3.12/site-packages/airflow/example_dags/example_complex.py
[2025-11-13T16:47:52.337-0800] {processor.py:914} INFO - Processing file /Users/dipinjassal/ml/tmdb_data_warehouse/venv/lib/python3.12/site-packages/airflow/example_dags/example_complex.py for tasks to queue
[2025-11-13T16:47:52.337-0800] {logging_mixin.py:190} INFO - [2025-11-13T16:47:52.337-0800] {dagbag.py:588} INFO - Filling up the DagBag from /Users/dipinjassal/ml/tmdb_data_warehouse/venv/lib/python3.12/site-packages/airflow/example_dags/example_complex.py
[2025-11-13T16:47:52.340-0800] {processor.py:925} INFO - DAG(s) 'example_complex' retrieved from /Users/dipinjassal/ml/tmdb_data_warehouse/venv/lib/python3.12/site-packages/airflow/example_dags/example_complex.py
[2025-11-13T16:47:52.367-0800] {logging_mixin.py:190} INFO - [2025-11-13T16:47:52.367-0800] {dag.py:3239} INFO - Sync 1 DAGs
[2025-11-13T16:47:52.370-0800] {logging_mixin.py:190} INFO - [2025-11-13T16:47:52.370-0800] {dag.py:4180} INFO - Setting next_dagrun for example_complex to None, run_after=None
[2025-11-13T16:47:52.375-0800] {processor.py:208} INFO - Processing /Users/dipinjassal/ml/tmdb_data_warehouse/venv/lib/python3.12/site-packages/airflow/example_dags/example_complex.py took 0.039 seconds
[2025-11-13T16:56:39.329-0800] {processor.py:186} INFO - Started process (PID=9676) to work on /Users/dipinjassal/ml/tmdb_data_warehouse/venv/lib/python3.12/site-packages/airflow/example_dags/example_complex.py
[2025-11-13T16:56:39.330-0800] {processor.py:914} INFO - Processing file /Users/dipinjassal/ml/tmdb_data_warehouse/venv/lib/python3.12/site-packages/airflow/example_dags/example_complex.py for tasks to queue
[2025-11-13T16:56:39.330-0800] {logging_mixin.py:190} INFO - [2025-11-13T16:56:39.330-0800] {dagbag.py:588} INFO - Filling up the DagBag from /Users/dipinjassal/ml/tmdb_data_warehouse/venv/lib/python3.12/site-packages/airflow/example_dags/example_complex.py
[2025-11-13T16:56:39.333-0800] {processor.py:925} INFO - DAG(s) 'example_complex' retrieved from /Users/dipinjassal/ml/tmdb_data_warehouse/venv/lib/python3.12/site-packages/airflow/example_dags/example_complex.py
[2025-11-13T16:56:39.361-0800] {logging_mixin.py:190} INFO - [2025-11-13T16:56:39.361-0800] {dag.py:3239} INFO - Sync 1 DAGs
[2025-11-13T16:56:39.364-0800] {logging_mixin.py:190} INFO - [2025-11-13T16:56:39.364-0800] {dag.py:4180} INFO - Setting next_dagrun for example_complex to None, run_after=None
[2025-11-13T16:56:39.368-0800] {processor.py:208} INFO - Processing /Users/dipinjassal/ml/tmdb_data_warehouse/venv/lib/python3.12/site-packages/airflow/example_dags/example_complex.py took 0.040 seconds
[2025-11-13T16:58:54.798-0800] {processor.py:186} INFO - Started process (PID=9772) to work on /Users/dipinjassal/ml/tmdb_data_warehouse/venv/lib/python3.12/site-packages/airflow/example_dags/example_complex.py
[2025-11-13T16:58:54.798-0800] {processor.py:914} INFO - Processing file /Users/dipinjassal/ml/tmdb_data_warehouse/venv/lib/python3.12/site-packages/airflow/example_dags/example_complex.py for tasks to queue
[2025-11-13T16:58:54.799-0800] {logging_mixin.py:190} INFO - [2025-11-13T16:58:54.798-0800] {dagbag.py:588} INFO - Filling up the DagBag from /Users/dipinjassal/ml/tmdb_data_warehouse/venv/lib/python3.12/site-packages/airflow/example_dags/example_complex.py
[2025-11-13T16:58:54.802-0800] {processor.py:925} INFO - DAG(s) 'example_complex' retrieved from /Users/dipinjassal/ml/tmdb_data_warehouse/venv/lib/python3.12/site-packages/airflow/example_dags/example_complex.py
[2025-11-13T16:58:54.829-0800] {logging_mixin.py:190} INFO - [2025-11-13T16:58:54.829-0800] {dag.py:3239} INFO - Sync 1 DAGs
[2025-11-13T16:58:54.832-0800] {logging_mixin.py:190} INFO - [2025-11-13T16:58:54.832-0800] {dag.py:4180} INFO - Setting next_dagrun for example_complex to None, run_after=None
[2025-11-13T16:58:54.837-0800] {processor.py:208} INFO - Processing /Users/dipinjassal/ml/tmdb_data_warehouse/venv/lib/python3.12/site-packages/airflow/example_dags/example_complex.py took 0.040 seconds
[2025-11-13T17:00:57.174-0800] {processor.py:186} INFO - Started process (PID=9859) to work on /Users/dipinjassal/ml/tmdb_data_warehouse/venv/lib/python3.12/site-packages/airflow/example_dags/example_complex.py
[2025-11-13T17:00:57.174-0800] {processor.py:914} INFO - Processing file /Users/dipinjassal/ml/tmdb_data_warehouse/venv/lib/python3.12/site-packages/airflow/example_dags/example_complex.py for tasks to queue
[2025-11-13T17:00:57.174-0800] {logging_mixin.py:190} INFO - [2025-11-13T17:00:57.174-0800] {dagbag.py:588} INFO - Filling up the DagBag from /Users/dipinjassal/ml/tmdb_data_warehouse/venv/lib/python3.12/site-packages/airflow/example_dags/example_complex.py
[2025-11-13T17:00:57.177-0800] {processor.py:925} INFO - DAG(s) 'example_complex' retrieved from /Users/dipinjassal/ml/tmdb_data_warehouse/venv/lib/python3.12/site-packages/airflow/example_dags/example_complex.py
[2025-11-13T17:00:57.205-0800] {logging_mixin.py:190} INFO - [2025-11-13T17:00:57.205-0800] {dag.py:3239} INFO - Sync 1 DAGs
[2025-11-13T17:00:57.208-0800] {logging_mixin.py:190} INFO - [2025-11-13T17:00:57.208-0800] {dag.py:4180} INFO - Setting next_dagrun for example_complex to None, run_after=None
[2025-11-13T17:00:57.212-0800] {processor.py:208} INFO - Processing /Users/dipinjassal/ml/tmdb_data_warehouse/venv/lib/python3.12/site-packages/airflow/example_dags/example_complex.py took 0.039 seconds
[2025-11-13T17:03:05.436-0800] {processor.py:186} INFO - Started process (PID=9941) to work on /Users/dipinjassal/ml/tmdb_data_warehouse/venv/lib/python3.12/site-packages/airflow/example_dags/example_complex.py
[2025-11-13T17:03:05.436-0800] {processor.py:914} INFO - Processing file /Users/dipinjassal/ml/tmdb_data_warehouse/venv/lib/python3.12/site-packages/airflow/example_dags/example_complex.py for tasks to queue
[2025-11-13T17:03:05.436-0800] {logging_mixin.py:190} INFO - [2025-11-13T17:03:05.436-0800] {dagbag.py:588} INFO - Filling up the DagBag from /Users/dipinjassal/ml/tmdb_data_warehouse/venv/lib/python3.12/site-packages/airflow/example_dags/example_complex.py
[2025-11-13T17:03:05.440-0800] {processor.py:925} INFO - DAG(s) 'example_complex' retrieved from /Users/dipinjassal/ml/tmdb_data_warehouse/venv/lib/python3.12/site-packages/airflow/example_dags/example_complex.py
[2025-11-13T17:03:05.467-0800] {logging_mixin.py:190} INFO - [2025-11-13T17:03:05.467-0800] {dag.py:3239} INFO - Sync 1 DAGs
[2025-11-13T17:03:05.470-0800] {logging_mixin.py:190} INFO - [2025-11-13T17:03:05.470-0800] {dag.py:4180} INFO - Setting next_dagrun for example_complex to None, run_after=None
[2025-11-13T17:03:05.474-0800] {processor.py:208} INFO - Processing /Users/dipinjassal/ml/tmdb_data_warehouse/venv/lib/python3.12/site-packages/airflow/example_dags/example_complex.py took 0.040 seconds
[2025-11-13T17:05:15.546-0800] {processor.py:186} INFO - Started process (PID=10052) to work on /Users/dipinjassal/ml/tmdb_data_warehouse/venv/lib/python3.12/site-packages/airflow/example_dags/example_complex.py
[2025-11-13T17:05:15.547-0800] {processor.py:914} INFO - Processing file /Users/dipinjassal/ml/tmdb_data_warehouse/venv/lib/python3.12/site-packages/airflow/example_dags/example_complex.py for tasks to queue
[2025-11-13T17:05:15.547-0800] {logging_mixin.py:190} INFO - [2025-11-13T17:05:15.547-0800] {dagbag.py:588} INFO - Filling up the DagBag from /Users/dipinjassal/ml/tmdb_data_warehouse/venv/lib/python3.12/site-packages/airflow/example_dags/example_complex.py
[2025-11-13T17:05:15.550-0800] {processor.py:925} INFO - DAG(s) 'example_complex' retrieved from /Users/dipinjassal/ml/tmdb_data_warehouse/venv/lib/python3.12/site-packages/airflow/example_dags/example_complex.py
[2025-11-13T17:05:15.578-0800] {logging_mixin.py:190} INFO - [2025-11-13T17:05:15.578-0800] {dag.py:3239} INFO - Sync 1 DAGs
[2025-11-13T17:05:15.581-0800] {logging_mixin.py:190} INFO - [2025-11-13T17:05:15.581-0800] {dag.py:4180} INFO - Setting next_dagrun for example_complex to None, run_after=None
[2025-11-13T17:05:15.585-0800] {processor.py:208} INFO - Processing /Users/dipinjassal/ml/tmdb_data_warehouse/venv/lib/python3.12/site-packages/airflow/example_dags/example_complex.py took 0.040 seconds
[2025-11-13T17:07:07.526-0800] {processor.py:186} INFO - Started process (PID=10139) to work on /Users/dipinjassal/ml/tmdb_data_warehouse/venv/lib/python3.12/site-packages/airflow/example_dags/example_complex.py
[2025-11-13T17:07:07.526-0800] {processor.py:914} INFO - Processing file /Users/dipinjassal/ml/tmdb_data_warehouse/venv/lib/python3.12/site-packages/airflow/example_dags/example_complex.py for tasks to queue
[2025-11-13T17:07:07.526-0800] {logging_mixin.py:190} INFO - [2025-11-13T17:07:07.526-0800] {dagbag.py:588} INFO - Filling up the DagBag from /Users/dipinjassal/ml/tmdb_data_warehouse/venv/lib/python3.12/site-packages/airflow/example_dags/example_complex.py
[2025-11-13T17:07:07.529-0800] {processor.py:925} INFO - DAG(s) 'example_complex' retrieved from /Users/dipinjassal/ml/tmdb_data_warehouse/venv/lib/python3.12/site-packages/airflow/example_dags/example_complex.py
[2025-11-13T17:07:07.557-0800] {logging_mixin.py:190} INFO - [2025-11-13T17:07:07.557-0800] {dag.py:3239} INFO - Sync 1 DAGs
[2025-11-13T17:07:07.559-0800] {logging_mixin.py:190} INFO - [2025-11-13T17:07:07.559-0800] {dag.py:4180} INFO - Setting next_dagrun for example_complex to None, run_after=None
[2025-11-13T17:07:07.564-0800] {processor.py:208} INFO - Processing /Users/dipinjassal/ml/tmdb_data_warehouse/venv/lib/python3.12/site-packages/airflow/example_dags/example_complex.py took 0.039 seconds
[2025-11-13T17:09:41.283-0800] {processor.py:186} INFO - Started process (PID=10222) to work on /Users/dipinjassal/ml/tmdb_data_warehouse/venv/lib/python3.12/site-packages/airflow/example_dags/example_complex.py
[2025-11-13T17:09:41.284-0800] {processor.py:914} INFO - Processing file /Users/dipinjassal/ml/tmdb_data_warehouse/venv/lib/python3.12/site-packages/airflow/example_dags/example_complex.py for tasks to queue
[2025-11-13T17:09:41.284-0800] {logging_mixin.py:190} INFO - [2025-11-13T17:09:41.284-0800] {dagbag.py:588} INFO - Filling up the DagBag from /Users/dipinjassal/ml/tmdb_data_warehouse/venv/lib/python3.12/site-packages/airflow/example_dags/example_complex.py
[2025-11-13T17:09:41.287-0800] {processor.py:925} INFO - DAG(s) 'example_complex' retrieved from /Users/dipinjassal/ml/tmdb_data_warehouse/venv/lib/python3.12/site-packages/airflow/example_dags/example_complex.py
[2025-11-13T17:09:41.315-0800] {logging_mixin.py:190} INFO - [2025-11-13T17:09:41.315-0800] {dag.py:3239} INFO - Sync 1 DAGs
[2025-11-13T17:09:41.318-0800] {logging_mixin.py:190} INFO - [2025-11-13T17:09:41.318-0800] {dag.py:4180} INFO - Setting next_dagrun for example_complex to None, run_after=None
[2025-11-13T17:09:41.323-0800] {processor.py:208} INFO - Processing /Users/dipinjassal/ml/tmdb_data_warehouse/venv/lib/python3.12/site-packages/airflow/example_dags/example_complex.py took 0.040 seconds
[2025-11-13T17:11:28.202-0800] {processor.py:186} INFO - Started process (PID=10320) to work on /Users/dipinjassal/ml/tmdb_data_warehouse/venv/lib/python3.12/site-packages/airflow/example_dags/example_complex.py
[2025-11-13T17:11:28.203-0800] {processor.py:914} INFO - Processing file /Users/dipinjassal/ml/tmdb_data_warehouse/venv/lib/python3.12/site-packages/airflow/example_dags/example_complex.py for tasks to queue
[2025-11-13T17:11:28.203-0800] {logging_mixin.py:190} INFO - [2025-11-13T17:11:28.203-0800] {dagbag.py:588} INFO - Filling up the DagBag from /Users/dipinjassal/ml/tmdb_data_warehouse/venv/lib/python3.12/site-packages/airflow/example_dags/example_complex.py
[2025-11-13T17:11:28.206-0800] {processor.py:925} INFO - DAG(s) 'example_complex' retrieved from /Users/dipinjassal/ml/tmdb_data_warehouse/venv/lib/python3.12/site-packages/airflow/example_dags/example_complex.py
[2025-11-13T17:11:28.234-0800] {logging_mixin.py:190} INFO - [2025-11-13T17:11:28.234-0800] {dag.py:3239} INFO - Sync 1 DAGs
[2025-11-13T17:11:28.236-0800] {logging_mixin.py:190} INFO - [2025-11-13T17:11:28.236-0800] {dag.py:4180} INFO - Setting next_dagrun for example_complex to None, run_after=None
[2025-11-13T17:11:28.241-0800] {processor.py:208} INFO - Processing /Users/dipinjassal/ml/tmdb_data_warehouse/venv/lib/python3.12/site-packages/airflow/example_dags/example_complex.py took 0.039 seconds
[2025-11-13T17:13:17.489-0800] {processor.py:186} INFO - Started process (PID=10422) to work on /Users/dipinjassal/ml/tmdb_data_warehouse/venv/lib/python3.12/site-packages/airflow/example_dags/example_complex.py
[2025-11-13T17:13:17.489-0800] {processor.py:914} INFO - Processing file /Users/dipinjassal/ml/tmdb_data_warehouse/venv/lib/python3.12/site-packages/airflow/example_dags/example_complex.py for tasks to queue
[2025-11-13T17:13:17.489-0800] {logging_mixin.py:190} INFO - [2025-11-13T17:13:17.489-0800] {dagbag.py:588} INFO - Filling up the DagBag from /Users/dipinjassal/ml/tmdb_data_warehouse/venv/lib/python3.12/site-packages/airflow/example_dags/example_complex.py
[2025-11-13T17:13:17.493-0800] {processor.py:925} INFO - DAG(s) 'example_complex' retrieved from /Users/dipinjassal/ml/tmdb_data_warehouse/venv/lib/python3.12/site-packages/airflow/example_dags/example_complex.py
[2025-11-13T17:13:17.520-0800] {logging_mixin.py:190} INFO - [2025-11-13T17:13:17.520-0800] {dag.py:3239} INFO - Sync 1 DAGs
[2025-11-13T17:13:17.523-0800] {logging_mixin.py:190} INFO - [2025-11-13T17:13:17.523-0800] {dag.py:4180} INFO - Setting next_dagrun for example_complex to None, run_after=None
[2025-11-13T17:13:17.527-0800] {processor.py:208} INFO - Processing /Users/dipinjassal/ml/tmdb_data_warehouse/venv/lib/python3.12/site-packages/airflow/example_dags/example_complex.py took 0.040 seconds
[2025-11-13T17:15:03.680-0800] {processor.py:186} INFO - Started process (PID=10501) to work on /Users/dipinjassal/ml/tmdb_data_warehouse/venv/lib/python3.12/site-packages/airflow/example_dags/example_complex.py
[2025-11-13T17:15:03.681-0800] {processor.py:914} INFO - Processing file /Users/dipinjassal/ml/tmdb_data_warehouse/venv/lib/python3.12/site-packages/airflow/example_dags/example_complex.py for tasks to queue
[2025-11-13T17:15:03.681-0800] {logging_mixin.py:190} INFO - [2025-11-13T17:15:03.681-0800] {dagbag.py:588} INFO - Filling up the DagBag from /Users/dipinjassal/ml/tmdb_data_warehouse/venv/lib/python3.12/site-packages/airflow/example_dags/example_complex.py
[2025-11-13T17:15:03.684-0800] {processor.py:925} INFO - DAG(s) 'example_complex' retrieved from /Users/dipinjassal/ml/tmdb_data_warehouse/venv/lib/python3.12/site-packages/airflow/example_dags/example_complex.py
[2025-11-13T17:15:03.712-0800] {logging_mixin.py:190} INFO - [2025-11-13T17:15:03.712-0800] {dag.py:3239} INFO - Sync 1 DAGs
[2025-11-13T17:15:03.715-0800] {logging_mixin.py:190} INFO - [2025-11-13T17:15:03.715-0800] {dag.py:4180} INFO - Setting next_dagrun for example_complex to None, run_after=None
[2025-11-13T17:15:03.719-0800] {processor.py:208} INFO - Processing /Users/dipinjassal/ml/tmdb_data_warehouse/venv/lib/python3.12/site-packages/airflow/example_dags/example_complex.py took 0.040 seconds
[2025-11-13T17:16:51.375-0800] {processor.py:186} INFO - Started process (PID=10603) to work on /Users/dipinjassal/ml/tmdb_data_warehouse/venv/lib/python3.12/site-packages/airflow/example_dags/example_complex.py
[2025-11-13T17:16:51.375-0800] {processor.py:914} INFO - Processing file /Users/dipinjassal/ml/tmdb_data_warehouse/venv/lib/python3.12/site-packages/airflow/example_dags/example_complex.py for tasks to queue
[2025-11-13T17:16:51.375-0800] {logging_mixin.py:190} INFO - [2025-11-13T17:16:51.375-0800] {dagbag.py:588} INFO - Filling up the DagBag from /Users/dipinjassal/ml/tmdb_data_warehouse/venv/lib/python3.12/site-packages/airflow/example_dags/example_complex.py
[2025-11-13T17:16:51.378-0800] {processor.py:925} INFO - DAG(s) 'example_complex' retrieved from /Users/dipinjassal/ml/tmdb_data_warehouse/venv/lib/python3.12/site-packages/airflow/example_dags/example_complex.py
[2025-11-13T17:16:51.406-0800] {logging_mixin.py:190} INFO - [2025-11-13T17:16:51.406-0800] {dag.py:3239} INFO - Sync 1 DAGs
[2025-11-13T17:16:51.409-0800] {logging_mixin.py:190} INFO - [2025-11-13T17:16:51.409-0800] {dag.py:4180} INFO - Setting next_dagrun for example_complex to None, run_after=None
[2025-11-13T17:16:51.413-0800] {processor.py:208} INFO - Processing /Users/dipinjassal/ml/tmdb_data_warehouse/venv/lib/python3.12/site-packages/airflow/example_dags/example_complex.py took 0.039 seconds
[2025-11-13T17:18:38.960-0800] {processor.py:186} INFO - Started process (PID=10683) to work on /Users/dipinjassal/ml/tmdb_data_warehouse/venv/lib/python3.12/site-packages/airflow/example_dags/example_complex.py
[2025-11-13T17:18:38.960-0800] {processor.py:914} INFO - Processing file /Users/dipinjassal/ml/tmdb_data_warehouse/venv/lib/python3.12/site-packages/airflow/example_dags/example_complex.py for tasks to queue
[2025-11-13T17:18:38.960-0800] {logging_mixin.py:190} INFO - [2025-11-13T17:18:38.960-0800] {dagbag.py:588} INFO - Filling up the DagBag from /Users/dipinjassal/ml/tmdb_data_warehouse/venv/lib/python3.12/site-packages/airflow/example_dags/example_complex.py
[2025-11-13T17:18:38.964-0800] {processor.py:925} INFO - DAG(s) 'example_complex' retrieved from /Users/dipinjassal/ml/tmdb_data_warehouse/venv/lib/python3.12/site-packages/airflow/example_dags/example_complex.py
[2025-11-13T17:18:38.992-0800] {logging_mixin.py:190} INFO - [2025-11-13T17:18:38.992-0800] {dag.py:3239} INFO - Sync 1 DAGs
[2025-11-13T17:18:38.994-0800] {logging_mixin.py:190} INFO - [2025-11-13T17:18:38.994-0800] {dag.py:4180} INFO - Setting next_dagrun for example_complex to None, run_after=None
[2025-11-13T17:18:38.999-0800] {processor.py:208} INFO - Processing /Users/dipinjassal/ml/tmdb_data_warehouse/venv/lib/python3.12/site-packages/airflow/example_dags/example_complex.py took 0.040 seconds
[2025-11-13T17:20:25.170-0800] {processor.py:186} INFO - Started process (PID=10765) to work on /Users/dipinjassal/ml/tmdb_data_warehouse/venv/lib/python3.12/site-packages/airflow/example_dags/example_complex.py
[2025-11-13T17:20:25.170-0800] {processor.py:914} INFO - Processing file /Users/dipinjassal/ml/tmdb_data_warehouse/venv/lib/python3.12/site-packages/airflow/example_dags/example_complex.py for tasks to queue
[2025-11-13T17:20:25.170-0800] {logging_mixin.py:190} INFO - [2025-11-13T17:20:25.170-0800] {dagbag.py:588} INFO - Filling up the DagBag from /Users/dipinjassal/ml/tmdb_data_warehouse/venv/lib/python3.12/site-packages/airflow/example_dags/example_complex.py
[2025-11-13T17:20:25.174-0800] {processor.py:925} INFO - DAG(s) 'example_complex' retrieved from /Users/dipinjassal/ml/tmdb_data_warehouse/venv/lib/python3.12/site-packages/airflow/example_dags/example_complex.py
[2025-11-13T17:20:25.201-0800] {logging_mixin.py:190} INFO - [2025-11-13T17:20:25.201-0800] {dag.py:3239} INFO - Sync 1 DAGs
[2025-11-13T17:20:25.204-0800] {logging_mixin.py:190} INFO - [2025-11-13T17:20:25.204-0800] {dag.py:4180} INFO - Setting next_dagrun for example_complex to None, run_after=None
[2025-11-13T17:20:25.209-0800] {processor.py:208} INFO - Processing /Users/dipinjassal/ml/tmdb_data_warehouse/venv/lib/python3.12/site-packages/airflow/example_dags/example_complex.py took 0.040 seconds
[2025-11-13T17:22:11.702-0800] {processor.py:186} INFO - Started process (PID=10865) to work on /Users/dipinjassal/ml/tmdb_data_warehouse/venv/lib/python3.12/site-packages/airflow/example_dags/example_complex.py
[2025-11-13T17:22:11.702-0800] {processor.py:914} INFO - Processing file /Users/dipinjassal/ml/tmdb_data_warehouse/venv/lib/python3.12/site-packages/airflow/example_dags/example_complex.py for tasks to queue
[2025-11-13T17:22:11.703-0800] {logging_mixin.py:190} INFO - [2025-11-13T17:22:11.702-0800] {dagbag.py:588} INFO - Filling up the DagBag from /Users/dipinjassal/ml/tmdb_data_warehouse/venv/lib/python3.12/site-packages/airflow/example_dags/example_complex.py
[2025-11-13T17:22:11.706-0800] {processor.py:925} INFO - DAG(s) 'example_complex' retrieved from /Users/dipinjassal/ml/tmdb_data_warehouse/venv/lib/python3.12/site-packages/airflow/example_dags/example_complex.py
[2025-11-13T17:22:11.734-0800] {logging_mixin.py:190} INFO - [2025-11-13T17:22:11.734-0800] {dag.py:3239} INFO - Sync 1 DAGs
[2025-11-13T17:22:11.737-0800] {logging_mixin.py:190} INFO - [2025-11-13T17:22:11.737-0800] {dag.py:4180} INFO - Setting next_dagrun for example_complex to None, run_after=None
[2025-11-13T17:22:11.741-0800] {processor.py:208} INFO - Processing /Users/dipinjassal/ml/tmdb_data_warehouse/venv/lib/python3.12/site-packages/airflow/example_dags/example_complex.py took 0.040 seconds
[2025-11-13T17:24:42.780-0800] {processor.py:186} INFO - Started process (PID=10946) to work on /Users/dipinjassal/ml/tmdb_data_warehouse/venv/lib/python3.12/site-packages/airflow/example_dags/example_complex.py
[2025-11-13T17:24:42.780-0800] {processor.py:914} INFO - Processing file /Users/dipinjassal/ml/tmdb_data_warehouse/venv/lib/python3.12/site-packages/airflow/example_dags/example_complex.py for tasks to queue
[2025-11-13T17:24:42.780-0800] {logging_mixin.py:190} INFO - [2025-11-13T17:24:42.780-0800] {dagbag.py:588} INFO - Filling up the DagBag from /Users/dipinjassal/ml/tmdb_data_warehouse/venv/lib/python3.12/site-packages/airflow/example_dags/example_complex.py
[2025-11-13T17:24:42.784-0800] {processor.py:925} INFO - DAG(s) 'example_complex' retrieved from /Users/dipinjassal/ml/tmdb_data_warehouse/venv/lib/python3.12/site-packages/airflow/example_dags/example_complex.py
[2025-11-13T17:24:42.811-0800] {logging_mixin.py:190} INFO - [2025-11-13T17:24:42.811-0800] {dag.py:3239} INFO - Sync 1 DAGs
[2025-11-13T17:24:42.814-0800] {logging_mixin.py:190} INFO - [2025-11-13T17:24:42.814-0800] {dag.py:4180} INFO - Setting next_dagrun for example_complex to None, run_after=None
[2025-11-13T17:24:42.818-0800] {processor.py:208} INFO - Processing /Users/dipinjassal/ml/tmdb_data_warehouse/venv/lib/python3.12/site-packages/airflow/example_dags/example_complex.py took 0.039 seconds
[2025-11-13T17:26:53.969-0800] {processor.py:186} INFO - Started process (PID=11032) to work on /Users/dipinjassal/ml/tmdb_data_warehouse/venv/lib/python3.12/site-packages/airflow/example_dags/example_complex.py
[2025-11-13T17:26:53.969-0800] {processor.py:914} INFO - Processing file /Users/dipinjassal/ml/tmdb_data_warehouse/venv/lib/python3.12/site-packages/airflow/example_dags/example_complex.py for tasks to queue
[2025-11-13T17:26:53.969-0800] {logging_mixin.py:190} INFO - [2025-11-13T17:26:53.969-0800] {dagbag.py:588} INFO - Filling up the DagBag from /Users/dipinjassal/ml/tmdb_data_warehouse/venv/lib/python3.12/site-packages/airflow/example_dags/example_complex.py
[2025-11-13T17:26:53.973-0800] {processor.py:925} INFO - DAG(s) 'example_complex' retrieved from /Users/dipinjassal/ml/tmdb_data_warehouse/venv/lib/python3.12/site-packages/airflow/example_dags/example_complex.py
[2025-11-13T17:26:54.000-0800] {logging_mixin.py:190} INFO - [2025-11-13T17:26:54.000-0800] {dag.py:3239} INFO - Sync 1 DAGs
[2025-11-13T17:26:54.003-0800] {logging_mixin.py:190} INFO - [2025-11-13T17:26:54.003-0800] {dag.py:4180} INFO - Setting next_dagrun for example_complex to None, run_after=None
[2025-11-13T17:26:54.008-0800] {processor.py:208} INFO - Processing /Users/dipinjassal/ml/tmdb_data_warehouse/venv/lib/python3.12/site-packages/airflow/example_dags/example_complex.py took 0.040 seconds
[2025-11-13T17:30:00.410-0800] {processor.py:186} INFO - Started process (PID=11134) to work on /Users/dipinjassal/ml/tmdb_data_warehouse/venv/lib/python3.12/site-packages/airflow/example_dags/example_complex.py
[2025-11-13T17:30:00.411-0800] {processor.py:914} INFO - Processing file /Users/dipinjassal/ml/tmdb_data_warehouse/venv/lib/python3.12/site-packages/airflow/example_dags/example_complex.py for tasks to queue
[2025-11-13T17:30:00.411-0800] {logging_mixin.py:190} INFO - [2025-11-13T17:30:00.411-0800] {dagbag.py:588} INFO - Filling up the DagBag from /Users/dipinjassal/ml/tmdb_data_warehouse/venv/lib/python3.12/site-packages/airflow/example_dags/example_complex.py
[2025-11-13T17:30:00.414-0800] {processor.py:925} INFO - DAG(s) 'example_complex' retrieved from /Users/dipinjassal/ml/tmdb_data_warehouse/venv/lib/python3.12/site-packages/airflow/example_dags/example_complex.py
[2025-11-13T17:30:00.441-0800] {logging_mixin.py:190} INFO - [2025-11-13T17:30:00.441-0800] {dag.py:3239} INFO - Sync 1 DAGs
[2025-11-13T17:30:00.444-0800] {logging_mixin.py:190} INFO - [2025-11-13T17:30:00.444-0800] {dag.py:4180} INFO - Setting next_dagrun for example_complex to None, run_after=None
[2025-11-13T17:30:00.449-0800] {processor.py:208} INFO - Processing /Users/dipinjassal/ml/tmdb_data_warehouse/venv/lib/python3.12/site-packages/airflow/example_dags/example_complex.py took 0.039 seconds
[2025-11-13T17:34:17.021-0800] {processor.py:186} INFO - Started process (PID=11218) to work on /Users/dipinjassal/ml/tmdb_data_warehouse/venv/lib/python3.12/site-packages/airflow/example_dags/example_complex.py
[2025-11-13T17:34:17.021-0800] {processor.py:914} INFO - Processing file /Users/dipinjassal/ml/tmdb_data_warehouse/venv/lib/python3.12/site-packages/airflow/example_dags/example_complex.py for tasks to queue
[2025-11-13T17:34:17.022-0800] {logging_mixin.py:190} INFO - [2025-11-13T17:34:17.021-0800] {dagbag.py:588} INFO - Filling up the DagBag from /Users/dipinjassal/ml/tmdb_data_warehouse/venv/lib/python3.12/site-packages/airflow/example_dags/example_complex.py
[2025-11-13T17:34:17.025-0800] {processor.py:925} INFO - DAG(s) 'example_complex' retrieved from /Users/dipinjassal/ml/tmdb_data_warehouse/venv/lib/python3.12/site-packages/airflow/example_dags/example_complex.py
[2025-11-13T17:34:17.052-0800] {logging_mixin.py:190} INFO - [2025-11-13T17:34:17.052-0800] {dag.py:3239} INFO - Sync 1 DAGs
[2025-11-13T17:34:17.055-0800] {logging_mixin.py:190} INFO - [2025-11-13T17:34:17.055-0800] {dag.py:4180} INFO - Setting next_dagrun for example_complex to None, run_after=None
[2025-11-13T17:34:17.059-0800] {processor.py:208} INFO - Processing /Users/dipinjassal/ml/tmdb_data_warehouse/venv/lib/python3.12/site-packages/airflow/example_dags/example_complex.py took 0.039 seconds
[2025-11-13T17:47:15.502-0800] {processor.py:186} INFO - Started process (PID=11351) to work on /Users/dipinjassal/ml/tmdb_data_warehouse/venv/lib/python3.12/site-packages/airflow/example_dags/example_complex.py
[2025-11-13T17:47:15.502-0800] {processor.py:914} INFO - Processing file /Users/dipinjassal/ml/tmdb_data_warehouse/venv/lib/python3.12/site-packages/airflow/example_dags/example_complex.py for tasks to queue
[2025-11-13T17:47:15.502-0800] {logging_mixin.py:190} INFO - [2025-11-13T17:47:15.502-0800] {dagbag.py:588} INFO - Filling up the DagBag from /Users/dipinjassal/ml/tmdb_data_warehouse/venv/lib/python3.12/site-packages/airflow/example_dags/example_complex.py
[2025-11-13T17:47:15.506-0800] {processor.py:925} INFO - DAG(s) 'example_complex' retrieved from /Users/dipinjassal/ml/tmdb_data_warehouse/venv/lib/python3.12/site-packages/airflow/example_dags/example_complex.py
[2025-11-13T17:47:15.533-0800] {logging_mixin.py:190} INFO - [2025-11-13T17:47:15.533-0800] {dag.py:3239} INFO - Sync 1 DAGs
[2025-11-13T17:47:15.536-0800] {logging_mixin.py:190} INFO - [2025-11-13T17:47:15.536-0800] {dag.py:4180} INFO - Setting next_dagrun for example_complex to None, run_after=None
[2025-11-13T17:47:15.540-0800] {processor.py:208} INFO - Processing /Users/dipinjassal/ml/tmdb_data_warehouse/venv/lib/python3.12/site-packages/airflow/example_dags/example_complex.py took 0.040 seconds
[2025-11-13T17:50:04.274-0800] {processor.py:186} INFO - Started process (PID=11435) to work on /Users/dipinjassal/ml/tmdb_data_warehouse/venv/lib/python3.12/site-packages/airflow/example_dags/example_complex.py
[2025-11-13T17:50:04.274-0800] {processor.py:914} INFO - Processing file /Users/dipinjassal/ml/tmdb_data_warehouse/venv/lib/python3.12/site-packages/airflow/example_dags/example_complex.py for tasks to queue
[2025-11-13T17:50:04.274-0800] {logging_mixin.py:190} INFO - [2025-11-13T17:50:04.274-0800] {dagbag.py:588} INFO - Filling up the DagBag from /Users/dipinjassal/ml/tmdb_data_warehouse/venv/lib/python3.12/site-packages/airflow/example_dags/example_complex.py
[2025-11-13T17:50:04.278-0800] {processor.py:925} INFO - DAG(s) 'example_complex' retrieved from /Users/dipinjassal/ml/tmdb_data_warehouse/venv/lib/python3.12/site-packages/airflow/example_dags/example_complex.py
[2025-11-13T17:50:04.305-0800] {logging_mixin.py:190} INFO - [2025-11-13T17:50:04.305-0800] {dag.py:3239} INFO - Sync 1 DAGs
[2025-11-13T17:50:04.308-0800] {logging_mixin.py:190} INFO - [2025-11-13T17:50:04.308-0800] {dag.py:4180} INFO - Setting next_dagrun for example_complex to None, run_after=None
[2025-11-13T17:50:04.312-0800] {processor.py:208} INFO - Processing /Users/dipinjassal/ml/tmdb_data_warehouse/venv/lib/python3.12/site-packages/airflow/example_dags/example_complex.py took 0.039 seconds
[2025-11-13T17:52:09.123-0800] {processor.py:186} INFO - Started process (PID=11512) to work on /Users/dipinjassal/ml/tmdb_data_warehouse/venv/lib/python3.12/site-packages/airflow/example_dags/example_complex.py
[2025-11-13T17:52:09.124-0800] {processor.py:914} INFO - Processing file /Users/dipinjassal/ml/tmdb_data_warehouse/venv/lib/python3.12/site-packages/airflow/example_dags/example_complex.py for tasks to queue
[2025-11-13T17:52:09.124-0800] {logging_mixin.py:190} INFO - [2025-11-13T17:52:09.124-0800] {dagbag.py:588} INFO - Filling up the DagBag from /Users/dipinjassal/ml/tmdb_data_warehouse/venv/lib/python3.12/site-packages/airflow/example_dags/example_complex.py
[2025-11-13T17:52:09.127-0800] {processor.py:925} INFO - DAG(s) 'example_complex' retrieved from /Users/dipinjassal/ml/tmdb_data_warehouse/venv/lib/python3.12/site-packages/airflow/example_dags/example_complex.py
[2025-11-13T17:52:09.155-0800] {logging_mixin.py:190} INFO - [2025-11-13T17:52:09.155-0800] {dag.py:3239} INFO - Sync 1 DAGs
[2025-11-13T17:52:09.158-0800] {logging_mixin.py:190} INFO - [2025-11-13T17:52:09.158-0800] {dag.py:4180} INFO - Setting next_dagrun for example_complex to None, run_after=None
[2025-11-13T17:52:09.162-0800] {processor.py:208} INFO - Processing /Users/dipinjassal/ml/tmdb_data_warehouse/venv/lib/python3.12/site-packages/airflow/example_dags/example_complex.py took 0.039 seconds
[2025-11-13T17:54:03.119-0800] {processor.py:186} INFO - Started process (PID=11596) to work on /Users/dipinjassal/ml/tmdb_data_warehouse/venv/lib/python3.12/site-packages/airflow/example_dags/example_complex.py
[2025-11-13T17:54:03.119-0800] {processor.py:914} INFO - Processing file /Users/dipinjassal/ml/tmdb_data_warehouse/venv/lib/python3.12/site-packages/airflow/example_dags/example_complex.py for tasks to queue
[2025-11-13T17:54:03.119-0800] {logging_mixin.py:190} INFO - [2025-11-13T17:54:03.119-0800] {dagbag.py:588} INFO - Filling up the DagBag from /Users/dipinjassal/ml/tmdb_data_warehouse/venv/lib/python3.12/site-packages/airflow/example_dags/example_complex.py
[2025-11-13T17:54:03.123-0800] {processor.py:925} INFO - DAG(s) 'example_complex' retrieved from /Users/dipinjassal/ml/tmdb_data_warehouse/venv/lib/python3.12/site-packages/airflow/example_dags/example_complex.py
[2025-11-13T17:54:03.150-0800] {logging_mixin.py:190} INFO - [2025-11-13T17:54:03.150-0800] {dag.py:3239} INFO - Sync 1 DAGs
[2025-11-13T17:54:03.153-0800] {logging_mixin.py:190} INFO - [2025-11-13T17:54:03.153-0800] {dag.py:4180} INFO - Setting next_dagrun for example_complex to None, run_after=None
[2025-11-13T17:54:03.157-0800] {processor.py:208} INFO - Processing /Users/dipinjassal/ml/tmdb_data_warehouse/venv/lib/python3.12/site-packages/airflow/example_dags/example_complex.py took 0.040 seconds
[2025-11-13T18:01:41.117-0800] {processor.py:186} INFO - Started process (PID=11704) to work on /Users/dipinjassal/ml/tmdb_data_warehouse/venv/lib/python3.12/site-packages/airflow/example_dags/example_complex.py
[2025-11-13T18:01:41.117-0800] {processor.py:914} INFO - Processing file /Users/dipinjassal/ml/tmdb_data_warehouse/venv/lib/python3.12/site-packages/airflow/example_dags/example_complex.py for tasks to queue
[2025-11-13T18:01:41.117-0800] {logging_mixin.py:190} INFO - [2025-11-13T18:01:41.117-0800] {dagbag.py:588} INFO - Filling up the DagBag from /Users/dipinjassal/ml/tmdb_data_warehouse/venv/lib/python3.12/site-packages/airflow/example_dags/example_complex.py
[2025-11-13T18:01:41.121-0800] {processor.py:925} INFO - DAG(s) 'example_complex' retrieved from /Users/dipinjassal/ml/tmdb_data_warehouse/venv/lib/python3.12/site-packages/airflow/example_dags/example_complex.py
[2025-11-13T18:01:41.148-0800] {logging_mixin.py:190} INFO - [2025-11-13T18:01:41.148-0800] {dag.py:3239} INFO - Sync 1 DAGs
[2025-11-13T18:01:41.150-0800] {logging_mixin.py:190} INFO - [2025-11-13T18:01:41.150-0800] {dag.py:4180} INFO - Setting next_dagrun for example_complex to None, run_after=None
[2025-11-13T18:01:41.155-0800] {processor.py:208} INFO - Processing /Users/dipinjassal/ml/tmdb_data_warehouse/venv/lib/python3.12/site-packages/airflow/example_dags/example_complex.py took 0.039 seconds
[2025-11-13T18:04:16.582-0800] {processor.py:186} INFO - Started process (PID=11779) to work on /Users/dipinjassal/ml/tmdb_data_warehouse/venv/lib/python3.12/site-packages/airflow/example_dags/example_complex.py
[2025-11-13T18:04:16.582-0800] {processor.py:914} INFO - Processing file /Users/dipinjassal/ml/tmdb_data_warehouse/venv/lib/python3.12/site-packages/airflow/example_dags/example_complex.py for tasks to queue
[2025-11-13T18:04:16.582-0800] {logging_mixin.py:190} INFO - [2025-11-13T18:04:16.582-0800] {dagbag.py:588} INFO - Filling up the DagBag from /Users/dipinjassal/ml/tmdb_data_warehouse/venv/lib/python3.12/site-packages/airflow/example_dags/example_complex.py
[2025-11-13T18:04:16.585-0800] {processor.py:925} INFO - DAG(s) 'example_complex' retrieved from /Users/dipinjassal/ml/tmdb_data_warehouse/venv/lib/python3.12/site-packages/airflow/example_dags/example_complex.py
[2025-11-13T18:04:16.613-0800] {logging_mixin.py:190} INFO - [2025-11-13T18:04:16.613-0800] {dag.py:3239} INFO - Sync 1 DAGs
[2025-11-13T18:04:16.615-0800] {logging_mixin.py:190} INFO - [2025-11-13T18:04:16.615-0800] {dag.py:4180} INFO - Setting next_dagrun for example_complex to None, run_after=None
[2025-11-13T18:04:16.620-0800] {processor.py:208} INFO - Processing /Users/dipinjassal/ml/tmdb_data_warehouse/venv/lib/python3.12/site-packages/airflow/example_dags/example_complex.py took 0.039 seconds
[2025-11-13T18:12:58.644-0800] {processor.py:186} INFO - Started process (PID=11903) to work on /Users/dipinjassal/ml/tmdb_data_warehouse/venv/lib/python3.12/site-packages/airflow/example_dags/example_complex.py
[2025-11-13T18:12:58.644-0800] {processor.py:914} INFO - Processing file /Users/dipinjassal/ml/tmdb_data_warehouse/venv/lib/python3.12/site-packages/airflow/example_dags/example_complex.py for tasks to queue
[2025-11-13T18:12:58.645-0800] {logging_mixin.py:190} INFO - [2025-11-13T18:12:58.645-0800] {dagbag.py:588} INFO - Filling up the DagBag from /Users/dipinjassal/ml/tmdb_data_warehouse/venv/lib/python3.12/site-packages/airflow/example_dags/example_complex.py
[2025-11-13T18:12:58.648-0800] {processor.py:925} INFO - DAG(s) 'example_complex' retrieved from /Users/dipinjassal/ml/tmdb_data_warehouse/venv/lib/python3.12/site-packages/airflow/example_dags/example_complex.py
[2025-11-13T18:12:58.675-0800] {logging_mixin.py:190} INFO - [2025-11-13T18:12:58.675-0800] {dag.py:3239} INFO - Sync 1 DAGs
[2025-11-13T18:12:58.678-0800] {logging_mixin.py:190} INFO - [2025-11-13T18:12:58.678-0800] {dag.py:4180} INFO - Setting next_dagrun for example_complex to None, run_after=None
[2025-11-13T18:12:58.683-0800] {processor.py:208} INFO - Processing /Users/dipinjassal/ml/tmdb_data_warehouse/venv/lib/python3.12/site-packages/airflow/example_dags/example_complex.py took 0.039 seconds
[2025-11-13T18:15:28.031-0800] {processor.py:186} INFO - Started process (PID=12003) to work on /Users/dipinjassal/ml/tmdb_data_warehouse/venv/lib/python3.12/site-packages/airflow/example_dags/example_complex.py
[2025-11-13T18:15:28.031-0800] {processor.py:914} INFO - Processing file /Users/dipinjassal/ml/tmdb_data_warehouse/venv/lib/python3.12/site-packages/airflow/example_dags/example_complex.py for tasks to queue
[2025-11-13T18:15:28.031-0800] {logging_mixin.py:190} INFO - [2025-11-13T18:15:28.031-0800] {dagbag.py:588} INFO - Filling up the DagBag from /Users/dipinjassal/ml/tmdb_data_warehouse/venv/lib/python3.12/site-packages/airflow/example_dags/example_complex.py
[2025-11-13T18:15:28.034-0800] {processor.py:925} INFO - DAG(s) 'example_complex' retrieved from /Users/dipinjassal/ml/tmdb_data_warehouse/venv/lib/python3.12/site-packages/airflow/example_dags/example_complex.py
[2025-11-13T18:15:28.062-0800] {logging_mixin.py:190} INFO - [2025-11-13T18:15:28.062-0800] {dag.py:3239} INFO - Sync 1 DAGs
[2025-11-13T18:15:28.064-0800] {logging_mixin.py:190} INFO - [2025-11-13T18:15:28.064-0800] {dag.py:4180} INFO - Setting next_dagrun for example_complex to None, run_after=None
[2025-11-13T18:15:28.069-0800] {processor.py:208} INFO - Processing /Users/dipinjassal/ml/tmdb_data_warehouse/venv/lib/python3.12/site-packages/airflow/example_dags/example_complex.py took 0.039 seconds
[2025-11-13T18:21:56.385-0800] {processor.py:186} INFO - Started process (PID=12098) to work on /Users/dipinjassal/ml/tmdb_data_warehouse/venv/lib/python3.12/site-packages/airflow/example_dags/example_complex.py
[2025-11-13T18:21:56.385-0800] {processor.py:914} INFO - Processing file /Users/dipinjassal/ml/tmdb_data_warehouse/venv/lib/python3.12/site-packages/airflow/example_dags/example_complex.py for tasks to queue
[2025-11-13T18:21:56.385-0800] {logging_mixin.py:190} INFO - [2025-11-13T18:21:56.385-0800] {dagbag.py:588} INFO - Filling up the DagBag from /Users/dipinjassal/ml/tmdb_data_warehouse/venv/lib/python3.12/site-packages/airflow/example_dags/example_complex.py
[2025-11-13T18:21:56.388-0800] {processor.py:925} INFO - DAG(s) 'example_complex' retrieved from /Users/dipinjassal/ml/tmdb_data_warehouse/venv/lib/python3.12/site-packages/airflow/example_dags/example_complex.py
[2025-11-13T18:21:56.415-0800] {logging_mixin.py:190} INFO - [2025-11-13T18:21:56.415-0800] {dag.py:3239} INFO - Sync 1 DAGs
[2025-11-13T18:21:56.418-0800] {logging_mixin.py:190} INFO - [2025-11-13T18:21:56.418-0800] {dag.py:4180} INFO - Setting next_dagrun for example_complex to None, run_after=None
[2025-11-13T18:21:56.423-0800] {processor.py:208} INFO - Processing /Users/dipinjassal/ml/tmdb_data_warehouse/venv/lib/python3.12/site-packages/airflow/example_dags/example_complex.py took 0.039 seconds
[2025-11-13T18:25:54.654-0800] {processor.py:186} INFO - Started process (PID=12182) to work on /Users/dipinjassal/ml/tmdb_data_warehouse/venv/lib/python3.12/site-packages/airflow/example_dags/example_complex.py
[2025-11-13T18:25:54.654-0800] {processor.py:914} INFO - Processing file /Users/dipinjassal/ml/tmdb_data_warehouse/venv/lib/python3.12/site-packages/airflow/example_dags/example_complex.py for tasks to queue
[2025-11-13T18:25:54.655-0800] {logging_mixin.py:190} INFO - [2025-11-13T18:25:54.655-0800] {dagbag.py:588} INFO - Filling up the DagBag from /Users/dipinjassal/ml/tmdb_data_warehouse/venv/lib/python3.12/site-packages/airflow/example_dags/example_complex.py
[2025-11-13T18:25:54.658-0800] {processor.py:925} INFO - DAG(s) 'example_complex' retrieved from /Users/dipinjassal/ml/tmdb_data_warehouse/venv/lib/python3.12/site-packages/airflow/example_dags/example_complex.py
[2025-11-13T18:25:54.685-0800] {logging_mixin.py:190} INFO - [2025-11-13T18:25:54.685-0800] {dag.py:3239} INFO - Sync 1 DAGs
[2025-11-13T18:25:54.688-0800] {logging_mixin.py:190} INFO - [2025-11-13T18:25:54.688-0800] {dag.py:4180} INFO - Setting next_dagrun for example_complex to None, run_after=None
[2025-11-13T18:25:54.693-0800] {processor.py:208} INFO - Processing /Users/dipinjassal/ml/tmdb_data_warehouse/venv/lib/python3.12/site-packages/airflow/example_dags/example_complex.py took 0.040 seconds
[2025-11-13T18:27:58.337-0800] {processor.py:186} INFO - Started process (PID=12274) to work on /Users/dipinjassal/ml/tmdb_data_warehouse/venv/lib/python3.12/site-packages/airflow/example_dags/example_complex.py
[2025-11-13T18:27:58.338-0800] {processor.py:914} INFO - Processing file /Users/dipinjassal/ml/tmdb_data_warehouse/venv/lib/python3.12/site-packages/airflow/example_dags/example_complex.py for tasks to queue
[2025-11-13T18:27:58.338-0800] {logging_mixin.py:190} INFO - [2025-11-13T18:27:58.338-0800] {dagbag.py:588} INFO - Filling up the DagBag from /Users/dipinjassal/ml/tmdb_data_warehouse/venv/lib/python3.12/site-packages/airflow/example_dags/example_complex.py
[2025-11-13T18:27:58.341-0800] {processor.py:925} INFO - DAG(s) 'example_complex' retrieved from /Users/dipinjassal/ml/tmdb_data_warehouse/venv/lib/python3.12/site-packages/airflow/example_dags/example_complex.py
[2025-11-13T18:27:58.368-0800] {logging_mixin.py:190} INFO - [2025-11-13T18:27:58.368-0800] {dag.py:3239} INFO - Sync 1 DAGs
[2025-11-13T18:27:58.371-0800] {logging_mixin.py:190} INFO - [2025-11-13T18:27:58.371-0800] {dag.py:4180} INFO - Setting next_dagrun for example_complex to None, run_after=None
[2025-11-13T18:27:58.376-0800] {processor.py:208} INFO - Processing /Users/dipinjassal/ml/tmdb_data_warehouse/venv/lib/python3.12/site-packages/airflow/example_dags/example_complex.py took 0.039 seconds
[2025-11-13T18:34:06.494-0800] {processor.py:186} INFO - Started process (PID=12361) to work on /Users/dipinjassal/ml/tmdb_data_warehouse/venv/lib/python3.12/site-packages/airflow/example_dags/example_complex.py
[2025-11-13T18:34:06.494-0800] {processor.py:914} INFO - Processing file /Users/dipinjassal/ml/tmdb_data_warehouse/venv/lib/python3.12/site-packages/airflow/example_dags/example_complex.py for tasks to queue
[2025-11-13T18:34:06.494-0800] {logging_mixin.py:190} INFO - [2025-11-13T18:34:06.494-0800] {dagbag.py:588} INFO - Filling up the DagBag from /Users/dipinjassal/ml/tmdb_data_warehouse/venv/lib/python3.12/site-packages/airflow/example_dags/example_complex.py
[2025-11-13T18:34:06.498-0800] {processor.py:925} INFO - DAG(s) 'example_complex' retrieved from /Users/dipinjassal/ml/tmdb_data_warehouse/venv/lib/python3.12/site-packages/airflow/example_dags/example_complex.py
[2025-11-13T18:34:06.525-0800] {logging_mixin.py:190} INFO - [2025-11-13T18:34:06.525-0800] {dag.py:3239} INFO - Sync 1 DAGs
[2025-11-13T18:34:06.528-0800] {logging_mixin.py:190} INFO - [2025-11-13T18:34:06.528-0800] {dag.py:4180} INFO - Setting next_dagrun for example_complex to None, run_after=None
[2025-11-13T18:34:06.533-0800] {processor.py:208} INFO - Processing /Users/dipinjassal/ml/tmdb_data_warehouse/venv/lib/python3.12/site-packages/airflow/example_dags/example_complex.py took 0.040 seconds
[2025-11-13T18:37:10.803-0800] {processor.py:186} INFO - Started process (PID=12442) to work on /Users/dipinjassal/ml/tmdb_data_warehouse/venv/lib/python3.12/site-packages/airflow/example_dags/example_complex.py
[2025-11-13T18:37:10.803-0800] {processor.py:914} INFO - Processing file /Users/dipinjassal/ml/tmdb_data_warehouse/venv/lib/python3.12/site-packages/airflow/example_dags/example_complex.py for tasks to queue
[2025-11-13T18:37:10.803-0800] {logging_mixin.py:190} INFO - [2025-11-13T18:37:10.803-0800] {dagbag.py:588} INFO - Filling up the DagBag from /Users/dipinjassal/ml/tmdb_data_warehouse/venv/lib/python3.12/site-packages/airflow/example_dags/example_complex.py
[2025-11-13T18:37:10.807-0800] {processor.py:925} INFO - DAG(s) 'example_complex' retrieved from /Users/dipinjassal/ml/tmdb_data_warehouse/venv/lib/python3.12/site-packages/airflow/example_dags/example_complex.py
[2025-11-13T18:37:10.834-0800] {logging_mixin.py:190} INFO - [2025-11-13T18:37:10.834-0800] {dag.py:3239} INFO - Sync 1 DAGs
[2025-11-13T18:37:10.836-0800] {logging_mixin.py:190} INFO - [2025-11-13T18:37:10.836-0800] {dag.py:4180} INFO - Setting next_dagrun for example_complex to None, run_after=None
[2025-11-13T18:37:10.841-0800] {processor.py:208} INFO - Processing /Users/dipinjassal/ml/tmdb_data_warehouse/venv/lib/python3.12/site-packages/airflow/example_dags/example_complex.py took 0.039 seconds
[2025-11-13T18:39:17.302-0800] {processor.py:186} INFO - Started process (PID=12507) to work on /Users/dipinjassal/ml/tmdb_data_warehouse/venv/lib/python3.12/site-packages/airflow/example_dags/example_complex.py
[2025-11-13T18:39:17.302-0800] {processor.py:914} INFO - Processing file /Users/dipinjassal/ml/tmdb_data_warehouse/venv/lib/python3.12/site-packages/airflow/example_dags/example_complex.py for tasks to queue
[2025-11-13T18:39:17.302-0800] {logging_mixin.py:190} INFO - [2025-11-13T18:39:17.302-0800] {dagbag.py:588} INFO - Filling up the DagBag from /Users/dipinjassal/ml/tmdb_data_warehouse/venv/lib/python3.12/site-packages/airflow/example_dags/example_complex.py
[2025-11-13T18:39:17.305-0800] {processor.py:925} INFO - DAG(s) 'example_complex' retrieved from /Users/dipinjassal/ml/tmdb_data_warehouse/venv/lib/python3.12/site-packages/airflow/example_dags/example_complex.py
[2025-11-13T18:39:17.333-0800] {logging_mixin.py:190} INFO - [2025-11-13T18:39:17.333-0800] {dag.py:3239} INFO - Sync 1 DAGs
[2025-11-13T18:39:17.336-0800] {logging_mixin.py:190} INFO - [2025-11-13T18:39:17.336-0800] {dag.py:4180} INFO - Setting next_dagrun for example_complex to None, run_after=None
[2025-11-13T18:39:17.340-0800] {processor.py:208} INFO - Processing /Users/dipinjassal/ml/tmdb_data_warehouse/venv/lib/python3.12/site-packages/airflow/example_dags/example_complex.py took 0.040 seconds
[2025-11-13T18:41:11.952-0800] {processor.py:186} INFO - Started process (PID=12591) to work on /Users/dipinjassal/ml/tmdb_data_warehouse/venv/lib/python3.12/site-packages/airflow/example_dags/example_complex.py
[2025-11-13T18:41:11.952-0800] {processor.py:914} INFO - Processing file /Users/dipinjassal/ml/tmdb_data_warehouse/venv/lib/python3.12/site-packages/airflow/example_dags/example_complex.py for tasks to queue
[2025-11-13T18:41:11.953-0800] {logging_mixin.py:190} INFO - [2025-11-13T18:41:11.953-0800] {dagbag.py:588} INFO - Filling up the DagBag from /Users/dipinjassal/ml/tmdb_data_warehouse/venv/lib/python3.12/site-packages/airflow/example_dags/example_complex.py
[2025-11-13T18:41:11.956-0800] {processor.py:925} INFO - DAG(s) 'example_complex' retrieved from /Users/dipinjassal/ml/tmdb_data_warehouse/venv/lib/python3.12/site-packages/airflow/example_dags/example_complex.py
[2025-11-13T18:41:11.983-0800] {logging_mixin.py:190} INFO - [2025-11-13T18:41:11.983-0800] {dag.py:3239} INFO - Sync 1 DAGs
[2025-11-13T18:41:11.986-0800] {logging_mixin.py:190} INFO - [2025-11-13T18:41:11.986-0800] {dag.py:4180} INFO - Setting next_dagrun for example_complex to None, run_after=None
[2025-11-13T18:41:11.991-0800] {processor.py:208} INFO - Processing /Users/dipinjassal/ml/tmdb_data_warehouse/venv/lib/python3.12/site-packages/airflow/example_dags/example_complex.py took 0.040 seconds
[2025-11-13T18:43:11.720-0800] {processor.py:186} INFO - Started process (PID=12679) to work on /Users/dipinjassal/ml/tmdb_data_warehouse/venv/lib/python3.12/site-packages/airflow/example_dags/example_complex.py
[2025-11-13T18:43:11.720-0800] {processor.py:914} INFO - Processing file /Users/dipinjassal/ml/tmdb_data_warehouse/venv/lib/python3.12/site-packages/airflow/example_dags/example_complex.py for tasks to queue
[2025-11-13T18:43:11.721-0800] {logging_mixin.py:190} INFO - [2025-11-13T18:43:11.720-0800] {dagbag.py:588} INFO - Filling up the DagBag from /Users/dipinjassal/ml/tmdb_data_warehouse/venv/lib/python3.12/site-packages/airflow/example_dags/example_complex.py
[2025-11-13T18:43:11.724-0800] {processor.py:925} INFO - DAG(s) 'example_complex' retrieved from /Users/dipinjassal/ml/tmdb_data_warehouse/venv/lib/python3.12/site-packages/airflow/example_dags/example_complex.py
[2025-11-13T18:43:11.751-0800] {logging_mixin.py:190} INFO - [2025-11-13T18:43:11.751-0800] {dag.py:3239} INFO - Sync 1 DAGs
[2025-11-13T18:43:11.754-0800] {logging_mixin.py:190} INFO - [2025-11-13T18:43:11.754-0800] {dag.py:4180} INFO - Setting next_dagrun for example_complex to None, run_after=None
[2025-11-13T18:43:11.759-0800] {processor.py:208} INFO - Processing /Users/dipinjassal/ml/tmdb_data_warehouse/venv/lib/python3.12/site-packages/airflow/example_dags/example_complex.py took 0.040 seconds
[2025-11-13T18:45:14.271-0800] {processor.py:186} INFO - Started process (PID=12774) to work on /Users/dipinjassal/ml/tmdb_data_warehouse/venv/lib/python3.12/site-packages/airflow/example_dags/example_complex.py
[2025-11-13T18:45:14.271-0800] {processor.py:914} INFO - Processing file /Users/dipinjassal/ml/tmdb_data_warehouse/venv/lib/python3.12/site-packages/airflow/example_dags/example_complex.py for tasks to queue
[2025-11-13T18:45:14.271-0800] {logging_mixin.py:190} INFO - [2025-11-13T18:45:14.271-0800] {dagbag.py:588} INFO - Filling up the DagBag from /Users/dipinjassal/ml/tmdb_data_warehouse/venv/lib/python3.12/site-packages/airflow/example_dags/example_complex.py
[2025-11-13T18:45:14.275-0800] {processor.py:925} INFO - DAG(s) 'example_complex' retrieved from /Users/dipinjassal/ml/tmdb_data_warehouse/venv/lib/python3.12/site-packages/airflow/example_dags/example_complex.py
[2025-11-13T18:45:14.302-0800] {logging_mixin.py:190} INFO - [2025-11-13T18:45:14.302-0800] {dag.py:3239} INFO - Sync 1 DAGs
[2025-11-13T18:45:14.305-0800] {logging_mixin.py:190} INFO - [2025-11-13T18:45:14.305-0800] {dag.py:4180} INFO - Setting next_dagrun for example_complex to None, run_after=None
[2025-11-13T18:45:14.309-0800] {processor.py:208} INFO - Processing /Users/dipinjassal/ml/tmdb_data_warehouse/venv/lib/python3.12/site-packages/airflow/example_dags/example_complex.py took 0.039 seconds
[2025-11-13T18:47:17.422-0800] {processor.py:186} INFO - Started process (PID=12858) to work on /Users/dipinjassal/ml/tmdb_data_warehouse/venv/lib/python3.12/site-packages/airflow/example_dags/example_complex.py
[2025-11-13T18:47:17.423-0800] {processor.py:914} INFO - Processing file /Users/dipinjassal/ml/tmdb_data_warehouse/venv/lib/python3.12/site-packages/airflow/example_dags/example_complex.py for tasks to queue
[2025-11-13T18:47:17.423-0800] {logging_mixin.py:190} INFO - [2025-11-13T18:47:17.423-0800] {dagbag.py:588} INFO - Filling up the DagBag from /Users/dipinjassal/ml/tmdb_data_warehouse/venv/lib/python3.12/site-packages/airflow/example_dags/example_complex.py
[2025-11-13T18:47:17.426-0800] {processor.py:925} INFO - DAG(s) 'example_complex' retrieved from /Users/dipinjassal/ml/tmdb_data_warehouse/venv/lib/python3.12/site-packages/airflow/example_dags/example_complex.py
[2025-11-13T18:47:17.454-0800] {logging_mixin.py:190} INFO - [2025-11-13T18:47:17.454-0800] {dag.py:3239} INFO - Sync 1 DAGs
[2025-11-13T18:47:17.456-0800] {logging_mixin.py:190} INFO - [2025-11-13T18:47:17.456-0800] {dag.py:4180} INFO - Setting next_dagrun for example_complex to None, run_after=None
[2025-11-13T18:47:17.461-0800] {processor.py:208} INFO - Processing /Users/dipinjassal/ml/tmdb_data_warehouse/venv/lib/python3.12/site-packages/airflow/example_dags/example_complex.py took 0.039 seconds
[2025-11-13T18:50:23.890-0800] {processor.py:186} INFO - Started process (PID=12996) to work on /Users/dipinjassal/ml/tmdb_data_warehouse/venv/lib/python3.12/site-packages/airflow/example_dags/example_complex.py
[2025-11-13T18:50:23.890-0800] {processor.py:914} INFO - Processing file /Users/dipinjassal/ml/tmdb_data_warehouse/venv/lib/python3.12/site-packages/airflow/example_dags/example_complex.py for tasks to queue
[2025-11-13T18:50:23.890-0800] {logging_mixin.py:190} INFO - [2025-11-13T18:50:23.890-0800] {dagbag.py:588} INFO - Filling up the DagBag from /Users/dipinjassal/ml/tmdb_data_warehouse/venv/lib/python3.12/site-packages/airflow/example_dags/example_complex.py
[2025-11-13T18:50:23.894-0800] {processor.py:925} INFO - DAG(s) 'example_complex' retrieved from /Users/dipinjassal/ml/tmdb_data_warehouse/venv/lib/python3.12/site-packages/airflow/example_dags/example_complex.py
[2025-11-13T18:50:23.921-0800] {logging_mixin.py:190} INFO - [2025-11-13T18:50:23.921-0800] {dag.py:3239} INFO - Sync 1 DAGs
[2025-11-13T18:50:23.924-0800] {logging_mixin.py:190} INFO - [2025-11-13T18:50:23.924-0800] {dag.py:4180} INFO - Setting next_dagrun for example_complex to None, run_after=None
[2025-11-13T18:50:23.928-0800] {processor.py:208} INFO - Processing /Users/dipinjassal/ml/tmdb_data_warehouse/venv/lib/python3.12/site-packages/airflow/example_dags/example_complex.py took 0.039 seconds
[2025-11-13T18:52:44.043-0800] {processor.py:186} INFO - Started process (PID=13088) to work on /Users/dipinjassal/ml/tmdb_data_warehouse/venv/lib/python3.12/site-packages/airflow/example_dags/example_complex.py
[2025-11-13T18:52:44.043-0800] {processor.py:914} INFO - Processing file /Users/dipinjassal/ml/tmdb_data_warehouse/venv/lib/python3.12/site-packages/airflow/example_dags/example_complex.py for tasks to queue
[2025-11-13T18:52:44.044-0800] {logging_mixin.py:190} INFO - [2025-11-13T18:52:44.044-0800] {dagbag.py:588} INFO - Filling up the DagBag from /Users/dipinjassal/ml/tmdb_data_warehouse/venv/lib/python3.12/site-packages/airflow/example_dags/example_complex.py
[2025-11-13T18:52:44.047-0800] {processor.py:925} INFO - DAG(s) 'example_complex' retrieved from /Users/dipinjassal/ml/tmdb_data_warehouse/venv/lib/python3.12/site-packages/airflow/example_dags/example_complex.py
[2025-11-13T18:52:44.074-0800] {logging_mixin.py:190} INFO - [2025-11-13T18:52:44.074-0800] {dag.py:3239} INFO - Sync 1 DAGs
[2025-11-13T18:52:44.077-0800] {logging_mixin.py:190} INFO - [2025-11-13T18:52:44.077-0800] {dag.py:4180} INFO - Setting next_dagrun for example_complex to None, run_after=None
[2025-11-13T18:52:44.082-0800] {processor.py:208} INFO - Processing /Users/dipinjassal/ml/tmdb_data_warehouse/venv/lib/python3.12/site-packages/airflow/example_dags/example_complex.py took 0.039 seconds
[2025-11-13T18:55:12.301-0800] {processor.py:186} INFO - Started process (PID=13189) to work on /Users/dipinjassal/ml/tmdb_data_warehouse/venv/lib/python3.12/site-packages/airflow/example_dags/example_complex.py
[2025-11-13T18:55:12.301-0800] {processor.py:914} INFO - Processing file /Users/dipinjassal/ml/tmdb_data_warehouse/venv/lib/python3.12/site-packages/airflow/example_dags/example_complex.py for tasks to queue
[2025-11-13T18:55:12.302-0800] {logging_mixin.py:190} INFO - [2025-11-13T18:55:12.302-0800] {dagbag.py:588} INFO - Filling up the DagBag from /Users/dipinjassal/ml/tmdb_data_warehouse/venv/lib/python3.12/site-packages/airflow/example_dags/example_complex.py
[2025-11-13T18:55:12.305-0800] {processor.py:925} INFO - DAG(s) 'example_complex' retrieved from /Users/dipinjassal/ml/tmdb_data_warehouse/venv/lib/python3.12/site-packages/airflow/example_dags/example_complex.py
[2025-11-13T18:55:12.333-0800] {logging_mixin.py:190} INFO - [2025-11-13T18:55:12.332-0800] {dag.py:3239} INFO - Sync 1 DAGs
[2025-11-13T18:55:12.335-0800] {logging_mixin.py:190} INFO - [2025-11-13T18:55:12.335-0800] {dag.py:4180} INFO - Setting next_dagrun for example_complex to None, run_after=None
[2025-11-13T18:55:12.340-0800] {processor.py:208} INFO - Processing /Users/dipinjassal/ml/tmdb_data_warehouse/venv/lib/python3.12/site-packages/airflow/example_dags/example_complex.py took 0.040 seconds
[2025-11-13T18:57:05.493-0800] {processor.py:186} INFO - Started process (PID=13291) to work on /Users/dipinjassal/ml/tmdb_data_warehouse/venv/lib/python3.12/site-packages/airflow/example_dags/example_complex.py
[2025-11-13T18:57:05.493-0800] {processor.py:914} INFO - Processing file /Users/dipinjassal/ml/tmdb_data_warehouse/venv/lib/python3.12/site-packages/airflow/example_dags/example_complex.py for tasks to queue
[2025-11-13T18:57:05.493-0800] {logging_mixin.py:190} INFO - [2025-11-13T18:57:05.493-0800] {dagbag.py:588} INFO - Filling up the DagBag from /Users/dipinjassal/ml/tmdb_data_warehouse/venv/lib/python3.12/site-packages/airflow/example_dags/example_complex.py
[2025-11-13T18:57:05.497-0800] {processor.py:925} INFO - DAG(s) 'example_complex' retrieved from /Users/dipinjassal/ml/tmdb_data_warehouse/venv/lib/python3.12/site-packages/airflow/example_dags/example_complex.py
[2025-11-13T18:57:05.524-0800] {logging_mixin.py:190} INFO - [2025-11-13T18:57:05.524-0800] {dag.py:3239} INFO - Sync 1 DAGs
[2025-11-13T18:57:05.527-0800] {logging_mixin.py:190} INFO - [2025-11-13T18:57:05.527-0800] {dag.py:4180} INFO - Setting next_dagrun for example_complex to None, run_after=None
[2025-11-13T18:57:05.532-0800] {processor.py:208} INFO - Processing /Users/dipinjassal/ml/tmdb_data_warehouse/venv/lib/python3.12/site-packages/airflow/example_dags/example_complex.py took 0.040 seconds
[2025-11-13T18:58:51.647-0800] {processor.py:186} INFO - Started process (PID=13372) to work on /Users/dipinjassal/ml/tmdb_data_warehouse/venv/lib/python3.12/site-packages/airflow/example_dags/example_complex.py
[2025-11-13T18:58:51.647-0800] {processor.py:914} INFO - Processing file /Users/dipinjassal/ml/tmdb_data_warehouse/venv/lib/python3.12/site-packages/airflow/example_dags/example_complex.py for tasks to queue
[2025-11-13T18:58:51.648-0800] {logging_mixin.py:190} INFO - [2025-11-13T18:58:51.648-0800] {dagbag.py:588} INFO - Filling up the DagBag from /Users/dipinjassal/ml/tmdb_data_warehouse/venv/lib/python3.12/site-packages/airflow/example_dags/example_complex.py
[2025-11-13T18:58:51.651-0800] {processor.py:925} INFO - DAG(s) 'example_complex' retrieved from /Users/dipinjassal/ml/tmdb_data_warehouse/venv/lib/python3.12/site-packages/airflow/example_dags/example_complex.py
[2025-11-13T18:58:51.679-0800] {logging_mixin.py:190} INFO - [2025-11-13T18:58:51.679-0800] {dag.py:3239} INFO - Sync 1 DAGs
[2025-11-13T18:58:51.681-0800] {logging_mixin.py:190} INFO - [2025-11-13T18:58:51.681-0800] {dag.py:4180} INFO - Setting next_dagrun for example_complex to None, run_after=None
[2025-11-13T18:58:51.686-0800] {processor.py:208} INFO - Processing /Users/dipinjassal/ml/tmdb_data_warehouse/venv/lib/python3.12/site-packages/airflow/example_dags/example_complex.py took 0.040 seconds
[2025-11-13T19:00:38.688-0800] {processor.py:186} INFO - Started process (PID=13464) to work on /Users/dipinjassal/ml/tmdb_data_warehouse/venv/lib/python3.12/site-packages/airflow/example_dags/example_complex.py
[2025-11-13T19:00:38.688-0800] {processor.py:914} INFO - Processing file /Users/dipinjassal/ml/tmdb_data_warehouse/venv/lib/python3.12/site-packages/airflow/example_dags/example_complex.py for tasks to queue
[2025-11-13T19:00:38.689-0800] {logging_mixin.py:190} INFO - [2025-11-13T19:00:38.689-0800] {dagbag.py:588} INFO - Filling up the DagBag from /Users/dipinjassal/ml/tmdb_data_warehouse/venv/lib/python3.12/site-packages/airflow/example_dags/example_complex.py
[2025-11-13T19:00:38.692-0800] {processor.py:925} INFO - DAG(s) 'example_complex' retrieved from /Users/dipinjassal/ml/tmdb_data_warehouse/venv/lib/python3.12/site-packages/airflow/example_dags/example_complex.py
[2025-11-13T19:00:38.720-0800] {logging_mixin.py:190} INFO - [2025-11-13T19:00:38.720-0800] {dag.py:3239} INFO - Sync 1 DAGs
[2025-11-13T19:00:38.722-0800] {logging_mixin.py:190} INFO - [2025-11-13T19:00:38.722-0800] {dag.py:4180} INFO - Setting next_dagrun for example_complex to None, run_after=None
[2025-11-13T19:00:38.727-0800] {processor.py:208} INFO - Processing /Users/dipinjassal/ml/tmdb_data_warehouse/venv/lib/python3.12/site-packages/airflow/example_dags/example_complex.py took 0.040 seconds
[2025-11-13T19:02:25.779-0800] {processor.py:186} INFO - Started process (PID=13550) to work on /Users/dipinjassal/ml/tmdb_data_warehouse/venv/lib/python3.12/site-packages/airflow/example_dags/example_complex.py
[2025-11-13T19:02:25.779-0800] {processor.py:914} INFO - Processing file /Users/dipinjassal/ml/tmdb_data_warehouse/venv/lib/python3.12/site-packages/airflow/example_dags/example_complex.py for tasks to queue
[2025-11-13T19:02:25.780-0800] {logging_mixin.py:190} INFO - [2025-11-13T19:02:25.780-0800] {dagbag.py:588} INFO - Filling up the DagBag from /Users/dipinjassal/ml/tmdb_data_warehouse/venv/lib/python3.12/site-packages/airflow/example_dags/example_complex.py
[2025-11-13T19:02:25.783-0800] {processor.py:925} INFO - DAG(s) 'example_complex' retrieved from /Users/dipinjassal/ml/tmdb_data_warehouse/venv/lib/python3.12/site-packages/airflow/example_dags/example_complex.py
[2025-11-13T19:02:25.811-0800] {logging_mixin.py:190} INFO - [2025-11-13T19:02:25.811-0800] {dag.py:3239} INFO - Sync 1 DAGs
[2025-11-13T19:02:25.814-0800] {logging_mixin.py:190} INFO - [2025-11-13T19:02:25.814-0800] {dag.py:4180} INFO - Setting next_dagrun for example_complex to None, run_after=None
[2025-11-13T19:02:25.818-0800] {processor.py:208} INFO - Processing /Users/dipinjassal/ml/tmdb_data_warehouse/venv/lib/python3.12/site-packages/airflow/example_dags/example_complex.py took 0.040 seconds
[2025-11-13T19:04:11.168-0800] {processor.py:186} INFO - Started process (PID=13639) to work on /Users/dipinjassal/ml/tmdb_data_warehouse/venv/lib/python3.12/site-packages/airflow/example_dags/example_complex.py
[2025-11-13T19:04:11.168-0800] {processor.py:914} INFO - Processing file /Users/dipinjassal/ml/tmdb_data_warehouse/venv/lib/python3.12/site-packages/airflow/example_dags/example_complex.py for tasks to queue
[2025-11-13T19:04:11.168-0800] {logging_mixin.py:190} INFO - [2025-11-13T19:04:11.168-0800] {dagbag.py:588} INFO - Filling up the DagBag from /Users/dipinjassal/ml/tmdb_data_warehouse/venv/lib/python3.12/site-packages/airflow/example_dags/example_complex.py
[2025-11-13T19:04:11.172-0800] {processor.py:925} INFO - DAG(s) 'example_complex' retrieved from /Users/dipinjassal/ml/tmdb_data_warehouse/venv/lib/python3.12/site-packages/airflow/example_dags/example_complex.py
[2025-11-13T19:04:11.199-0800] {logging_mixin.py:190} INFO - [2025-11-13T19:04:11.199-0800] {dag.py:3239} INFO - Sync 1 DAGs
[2025-11-13T19:04:11.202-0800] {logging_mixin.py:190} INFO - [2025-11-13T19:04:11.202-0800] {dag.py:4180} INFO - Setting next_dagrun for example_complex to None, run_after=None
[2025-11-13T19:04:11.207-0800] {processor.py:208} INFO - Processing /Users/dipinjassal/ml/tmdb_data_warehouse/venv/lib/python3.12/site-packages/airflow/example_dags/example_complex.py took 0.040 seconds
[2025-11-13T19:05:57.090-0800] {processor.py:186} INFO - Started process (PID=13732) to work on /Users/dipinjassal/ml/tmdb_data_warehouse/venv/lib/python3.12/site-packages/airflow/example_dags/example_complex.py
[2025-11-13T19:05:57.090-0800] {processor.py:914} INFO - Processing file /Users/dipinjassal/ml/tmdb_data_warehouse/venv/lib/python3.12/site-packages/airflow/example_dags/example_complex.py for tasks to queue
[2025-11-13T19:05:57.091-0800] {logging_mixin.py:190} INFO - [2025-11-13T19:05:57.091-0800] {dagbag.py:588} INFO - Filling up the DagBag from /Users/dipinjassal/ml/tmdb_data_warehouse/venv/lib/python3.12/site-packages/airflow/example_dags/example_complex.py
[2025-11-13T19:05:57.094-0800] {processor.py:925} INFO - DAG(s) 'example_complex' retrieved from /Users/dipinjassal/ml/tmdb_data_warehouse/venv/lib/python3.12/site-packages/airflow/example_dags/example_complex.py
[2025-11-13T19:05:57.122-0800] {logging_mixin.py:190} INFO - [2025-11-13T19:05:57.122-0800] {dag.py:3239} INFO - Sync 1 DAGs
[2025-11-13T19:05:57.125-0800] {logging_mixin.py:190} INFO - [2025-11-13T19:05:57.125-0800] {dag.py:4180} INFO - Setting next_dagrun for example_complex to None, run_after=None
[2025-11-13T19:05:57.129-0800] {processor.py:208} INFO - Processing /Users/dipinjassal/ml/tmdb_data_warehouse/venv/lib/python3.12/site-packages/airflow/example_dags/example_complex.py took 0.040 seconds
[2025-11-13T19:07:44.875-0800] {processor.py:186} INFO - Started process (PID=13816) to work on /Users/dipinjassal/ml/tmdb_data_warehouse/venv/lib/python3.12/site-packages/airflow/example_dags/example_complex.py
[2025-11-13T19:07:44.875-0800] {processor.py:914} INFO - Processing file /Users/dipinjassal/ml/tmdb_data_warehouse/venv/lib/python3.12/site-packages/airflow/example_dags/example_complex.py for tasks to queue
[2025-11-13T19:07:44.875-0800] {logging_mixin.py:190} INFO - [2025-11-13T19:07:44.875-0800] {dagbag.py:588} INFO - Filling up the DagBag from /Users/dipinjassal/ml/tmdb_data_warehouse/venv/lib/python3.12/site-packages/airflow/example_dags/example_complex.py
[2025-11-13T19:07:44.879-0800] {processor.py:925} INFO - DAG(s) 'example_complex' retrieved from /Users/dipinjassal/ml/tmdb_data_warehouse/venv/lib/python3.12/site-packages/airflow/example_dags/example_complex.py
[2025-11-13T19:07:44.906-0800] {logging_mixin.py:190} INFO - [2025-11-13T19:07:44.906-0800] {dag.py:3239} INFO - Sync 1 DAGs
[2025-11-13T19:07:44.909-0800] {logging_mixin.py:190} INFO - [2025-11-13T19:07:44.909-0800] {dag.py:4180} INFO - Setting next_dagrun for example_complex to None, run_after=None
[2025-11-13T19:07:44.914-0800] {processor.py:208} INFO - Processing /Users/dipinjassal/ml/tmdb_data_warehouse/venv/lib/python3.12/site-packages/airflow/example_dags/example_complex.py took 0.040 seconds
[2025-11-13T19:09:27.591-0800] {processor.py:186} INFO - Started process (PID=13894) to work on /Users/dipinjassal/ml/tmdb_data_warehouse/venv/lib/python3.12/site-packages/airflow/example_dags/example_complex.py
[2025-11-13T19:09:27.591-0800] {processor.py:914} INFO - Processing file /Users/dipinjassal/ml/tmdb_data_warehouse/venv/lib/python3.12/site-packages/airflow/example_dags/example_complex.py for tasks to queue
[2025-11-13T19:09:27.592-0800] {logging_mixin.py:190} INFO - [2025-11-13T19:09:27.592-0800] {dagbag.py:588} INFO - Filling up the DagBag from /Users/dipinjassal/ml/tmdb_data_warehouse/venv/lib/python3.12/site-packages/airflow/example_dags/example_complex.py
[2025-11-13T19:09:27.595-0800] {processor.py:925} INFO - DAG(s) 'example_complex' retrieved from /Users/dipinjassal/ml/tmdb_data_warehouse/venv/lib/python3.12/site-packages/airflow/example_dags/example_complex.py
[2025-11-13T19:09:27.623-0800] {logging_mixin.py:190} INFO - [2025-11-13T19:09:27.623-0800] {dag.py:3239} INFO - Sync 1 DAGs
[2025-11-13T19:09:27.626-0800] {logging_mixin.py:190} INFO - [2025-11-13T19:09:27.625-0800] {dag.py:4180} INFO - Setting next_dagrun for example_complex to None, run_after=None
[2025-11-13T19:09:27.630-0800] {processor.py:208} INFO - Processing /Users/dipinjassal/ml/tmdb_data_warehouse/venv/lib/python3.12/site-packages/airflow/example_dags/example_complex.py took 0.040 seconds
[2025-11-13T19:11:17.389-0800] {processor.py:186} INFO - Started process (PID=13992) to work on /Users/dipinjassal/ml/tmdb_data_warehouse/venv/lib/python3.12/site-packages/airflow/example_dags/example_complex.py
[2025-11-13T19:11:17.389-0800] {processor.py:914} INFO - Processing file /Users/dipinjassal/ml/tmdb_data_warehouse/venv/lib/python3.12/site-packages/airflow/example_dags/example_complex.py for tasks to queue
[2025-11-13T19:11:17.390-0800] {logging_mixin.py:190} INFO - [2025-11-13T19:11:17.389-0800] {dagbag.py:588} INFO - Filling up the DagBag from /Users/dipinjassal/ml/tmdb_data_warehouse/venv/lib/python3.12/site-packages/airflow/example_dags/example_complex.py
[2025-11-13T19:11:17.393-0800] {processor.py:925} INFO - DAG(s) 'example_complex' retrieved from /Users/dipinjassal/ml/tmdb_data_warehouse/venv/lib/python3.12/site-packages/airflow/example_dags/example_complex.py
[2025-11-13T19:11:17.421-0800] {logging_mixin.py:190} INFO - [2025-11-13T19:11:17.421-0800] {dag.py:3239} INFO - Sync 1 DAGs
[2025-11-13T19:11:17.423-0800] {logging_mixin.py:190} INFO - [2025-11-13T19:11:17.423-0800] {dag.py:4180} INFO - Setting next_dagrun for example_complex to None, run_after=None
[2025-11-13T19:11:17.428-0800] {processor.py:208} INFO - Processing /Users/dipinjassal/ml/tmdb_data_warehouse/venv/lib/python3.12/site-packages/airflow/example_dags/example_complex.py took 0.040 seconds
[2025-11-13T19:13:03.328-0800] {processor.py:186} INFO - Started process (PID=14072) to work on /Users/dipinjassal/ml/tmdb_data_warehouse/venv/lib/python3.12/site-packages/airflow/example_dags/example_complex.py
[2025-11-13T19:13:03.328-0800] {processor.py:914} INFO - Processing file /Users/dipinjassal/ml/tmdb_data_warehouse/venv/lib/python3.12/site-packages/airflow/example_dags/example_complex.py for tasks to queue
[2025-11-13T19:13:03.328-0800] {logging_mixin.py:190} INFO - [2025-11-13T19:13:03.328-0800] {dagbag.py:588} INFO - Filling up the DagBag from /Users/dipinjassal/ml/tmdb_data_warehouse/venv/lib/python3.12/site-packages/airflow/example_dags/example_complex.py
[2025-11-13T19:13:03.332-0800] {processor.py:925} INFO - DAG(s) 'example_complex' retrieved from /Users/dipinjassal/ml/tmdb_data_warehouse/venv/lib/python3.12/site-packages/airflow/example_dags/example_complex.py
[2025-11-13T19:13:03.359-0800] {logging_mixin.py:190} INFO - [2025-11-13T19:13:03.359-0800] {dag.py:3239} INFO - Sync 1 DAGs
[2025-11-13T19:13:03.362-0800] {logging_mixin.py:190} INFO - [2025-11-13T19:13:03.362-0800] {dag.py:4180} INFO - Setting next_dagrun for example_complex to None, run_after=None
[2025-11-13T19:13:03.366-0800] {processor.py:208} INFO - Processing /Users/dipinjassal/ml/tmdb_data_warehouse/venv/lib/python3.12/site-packages/airflow/example_dags/example_complex.py took 0.040 seconds
[2025-11-13T19:14:48.916-0800] {processor.py:186} INFO - Started process (PID=14151) to work on /Users/dipinjassal/ml/tmdb_data_warehouse/venv/lib/python3.12/site-packages/airflow/example_dags/example_complex.py
[2025-11-13T19:14:48.917-0800] {processor.py:914} INFO - Processing file /Users/dipinjassal/ml/tmdb_data_warehouse/venv/lib/python3.12/site-packages/airflow/example_dags/example_complex.py for tasks to queue
[2025-11-13T19:14:48.917-0800] {logging_mixin.py:190} INFO - [2025-11-13T19:14:48.917-0800] {dagbag.py:588} INFO - Filling up the DagBag from /Users/dipinjassal/ml/tmdb_data_warehouse/venv/lib/python3.12/site-packages/airflow/example_dags/example_complex.py
[2025-11-13T19:14:48.920-0800] {processor.py:925} INFO - DAG(s) 'example_complex' retrieved from /Users/dipinjassal/ml/tmdb_data_warehouse/venv/lib/python3.12/site-packages/airflow/example_dags/example_complex.py
[2025-11-13T19:14:48.948-0800] {logging_mixin.py:190} INFO - [2025-11-13T19:14:48.948-0800] {dag.py:3239} INFO - Sync 1 DAGs
[2025-11-13T19:14:48.951-0800] {logging_mixin.py:190} INFO - [2025-11-13T19:14:48.951-0800] {dag.py:4180} INFO - Setting next_dagrun for example_complex to None, run_after=None
[2025-11-13T19:14:48.956-0800] {processor.py:208} INFO - Processing /Users/dipinjassal/ml/tmdb_data_warehouse/venv/lib/python3.12/site-packages/airflow/example_dags/example_complex.py took 0.040 seconds
[2025-11-13T19:16:30.711-0800] {processor.py:186} INFO - Started process (PID=14247) to work on /Users/dipinjassal/ml/tmdb_data_warehouse/venv/lib/python3.12/site-packages/airflow/example_dags/example_complex.py
[2025-11-13T19:16:30.711-0800] {processor.py:914} INFO - Processing file /Users/dipinjassal/ml/tmdb_data_warehouse/venv/lib/python3.12/site-packages/airflow/example_dags/example_complex.py for tasks to queue
[2025-11-13T19:16:30.712-0800] {logging_mixin.py:190} INFO - [2025-11-13T19:16:30.712-0800] {dagbag.py:588} INFO - Filling up the DagBag from /Users/dipinjassal/ml/tmdb_data_warehouse/venv/lib/python3.12/site-packages/airflow/example_dags/example_complex.py
[2025-11-13T19:16:30.715-0800] {processor.py:925} INFO - DAG(s) 'example_complex' retrieved from /Users/dipinjassal/ml/tmdb_data_warehouse/venv/lib/python3.12/site-packages/airflow/example_dags/example_complex.py
[2025-11-13T19:16:30.743-0800] {logging_mixin.py:190} INFO - [2025-11-13T19:16:30.743-0800] {dag.py:3239} INFO - Sync 1 DAGs
[2025-11-13T19:16:30.746-0800] {logging_mixin.py:190} INFO - [2025-11-13T19:16:30.746-0800] {dag.py:4180} INFO - Setting next_dagrun for example_complex to None, run_after=None
[2025-11-13T19:16:30.750-0800] {processor.py:208} INFO - Processing /Users/dipinjassal/ml/tmdb_data_warehouse/venv/lib/python3.12/site-packages/airflow/example_dags/example_complex.py took 0.040 seconds
[2025-11-13T19:18:18.070-0800] {processor.py:186} INFO - Started process (PID=14327) to work on /Users/dipinjassal/ml/tmdb_data_warehouse/venv/lib/python3.12/site-packages/airflow/example_dags/example_complex.py
[2025-11-13T19:18:18.070-0800] {processor.py:914} INFO - Processing file /Users/dipinjassal/ml/tmdb_data_warehouse/venv/lib/python3.12/site-packages/airflow/example_dags/example_complex.py for tasks to queue
[2025-11-13T19:18:18.070-0800] {logging_mixin.py:190} INFO - [2025-11-13T19:18:18.070-0800] {dagbag.py:588} INFO - Filling up the DagBag from /Users/dipinjassal/ml/tmdb_data_warehouse/venv/lib/python3.12/site-packages/airflow/example_dags/example_complex.py
[2025-11-13T19:18:18.074-0800] {processor.py:925} INFO - DAG(s) 'example_complex' retrieved from /Users/dipinjassal/ml/tmdb_data_warehouse/venv/lib/python3.12/site-packages/airflow/example_dags/example_complex.py
[2025-11-13T19:18:18.102-0800] {logging_mixin.py:190} INFO - [2025-11-13T19:18:18.102-0800] {dag.py:3239} INFO - Sync 1 DAGs
[2025-11-13T19:18:18.104-0800] {logging_mixin.py:190} INFO - [2025-11-13T19:18:18.104-0800] {dag.py:4180} INFO - Setting next_dagrun for example_complex to None, run_after=None
[2025-11-13T19:18:18.109-0800] {processor.py:208} INFO - Processing /Users/dipinjassal/ml/tmdb_data_warehouse/venv/lib/python3.12/site-packages/airflow/example_dags/example_complex.py took 0.040 seconds
[2025-11-13T19:20:06.797-0800] {processor.py:186} INFO - Started process (PID=14408) to work on /Users/dipinjassal/ml/tmdb_data_warehouse/venv/lib/python3.12/site-packages/airflow/example_dags/example_complex.py
[2025-11-13T19:20:06.797-0800] {processor.py:914} INFO - Processing file /Users/dipinjassal/ml/tmdb_data_warehouse/venv/lib/python3.12/site-packages/airflow/example_dags/example_complex.py for tasks to queue
[2025-11-13T19:20:06.797-0800] {logging_mixin.py:190} INFO - [2025-11-13T19:20:06.797-0800] {dagbag.py:588} INFO - Filling up the DagBag from /Users/dipinjassal/ml/tmdb_data_warehouse/venv/lib/python3.12/site-packages/airflow/example_dags/example_complex.py
[2025-11-13T19:20:06.801-0800] {processor.py:925} INFO - DAG(s) 'example_complex' retrieved from /Users/dipinjassal/ml/tmdb_data_warehouse/venv/lib/python3.12/site-packages/airflow/example_dags/example_complex.py
[2025-11-13T19:20:06.829-0800] {logging_mixin.py:190} INFO - [2025-11-13T19:20:06.829-0800] {dag.py:3239} INFO - Sync 1 DAGs
[2025-11-13T19:20:06.833-0800] {logging_mixin.py:190} INFO - [2025-11-13T19:20:06.833-0800] {dag.py:4180} INFO - Setting next_dagrun for example_complex to None, run_after=None
[2025-11-13T19:20:06.837-0800] {processor.py:208} INFO - Processing /Users/dipinjassal/ml/tmdb_data_warehouse/venv/lib/python3.12/site-packages/airflow/example_dags/example_complex.py took 0.042 seconds
[2025-11-13T19:21:51.776-0800] {processor.py:186} INFO - Started process (PID=14524) to work on /Users/dipinjassal/ml/tmdb_data_warehouse/venv/lib/python3.12/site-packages/airflow/example_dags/example_complex.py
[2025-11-13T19:21:51.776-0800] {processor.py:914} INFO - Processing file /Users/dipinjassal/ml/tmdb_data_warehouse/venv/lib/python3.12/site-packages/airflow/example_dags/example_complex.py for tasks to queue
[2025-11-13T19:21:51.776-0800] {logging_mixin.py:190} INFO - [2025-11-13T19:21:51.776-0800] {dagbag.py:588} INFO - Filling up the DagBag from /Users/dipinjassal/ml/tmdb_data_warehouse/venv/lib/python3.12/site-packages/airflow/example_dags/example_complex.py
[2025-11-13T19:21:51.780-0800] {processor.py:925} INFO - DAG(s) 'example_complex' retrieved from /Users/dipinjassal/ml/tmdb_data_warehouse/venv/lib/python3.12/site-packages/airflow/example_dags/example_complex.py
[2025-11-13T19:21:51.808-0800] {logging_mixin.py:190} INFO - [2025-11-13T19:21:51.808-0800] {dag.py:3239} INFO - Sync 1 DAGs
[2025-11-13T19:21:51.810-0800] {logging_mixin.py:190} INFO - [2025-11-13T19:21:51.810-0800] {dag.py:4180} INFO - Setting next_dagrun for example_complex to None, run_after=None
[2025-11-13T19:21:51.815-0800] {processor.py:208} INFO - Processing /Users/dipinjassal/ml/tmdb_data_warehouse/venv/lib/python3.12/site-packages/airflow/example_dags/example_complex.py took 0.040 seconds
[2025-11-13T19:23:41.121-0800] {processor.py:186} INFO - Started process (PID=14606) to work on /Users/dipinjassal/ml/tmdb_data_warehouse/venv/lib/python3.12/site-packages/airflow/example_dags/example_complex.py
[2025-11-13T19:23:41.121-0800] {processor.py:914} INFO - Processing file /Users/dipinjassal/ml/tmdb_data_warehouse/venv/lib/python3.12/site-packages/airflow/example_dags/example_complex.py for tasks to queue
[2025-11-13T19:23:41.122-0800] {logging_mixin.py:190} INFO - [2025-11-13T19:23:41.122-0800] {dagbag.py:588} INFO - Filling up the DagBag from /Users/dipinjassal/ml/tmdb_data_warehouse/venv/lib/python3.12/site-packages/airflow/example_dags/example_complex.py
[2025-11-13T19:23:41.125-0800] {processor.py:925} INFO - DAG(s) 'example_complex' retrieved from /Users/dipinjassal/ml/tmdb_data_warehouse/venv/lib/python3.12/site-packages/airflow/example_dags/example_complex.py
[2025-11-13T19:23:41.153-0800] {logging_mixin.py:190} INFO - [2025-11-13T19:23:41.153-0800] {dag.py:3239} INFO - Sync 1 DAGs
[2025-11-13T19:23:41.156-0800] {logging_mixin.py:190} INFO - [2025-11-13T19:23:41.156-0800] {dag.py:4180} INFO - Setting next_dagrun for example_complex to None, run_after=None
[2025-11-13T19:23:41.161-0800] {processor.py:208} INFO - Processing /Users/dipinjassal/ml/tmdb_data_warehouse/venv/lib/python3.12/site-packages/airflow/example_dags/example_complex.py took 0.041 seconds
[2025-11-13T19:25:30.310-0800] {processor.py:186} INFO - Started process (PID=14686) to work on /Users/dipinjassal/ml/tmdb_data_warehouse/venv/lib/python3.12/site-packages/airflow/example_dags/example_complex.py
[2025-11-13T19:25:30.310-0800] {processor.py:914} INFO - Processing file /Users/dipinjassal/ml/tmdb_data_warehouse/venv/lib/python3.12/site-packages/airflow/example_dags/example_complex.py for tasks to queue
[2025-11-13T19:25:30.311-0800] {logging_mixin.py:190} INFO - [2025-11-13T19:25:30.310-0800] {dagbag.py:588} INFO - Filling up the DagBag from /Users/dipinjassal/ml/tmdb_data_warehouse/venv/lib/python3.12/site-packages/airflow/example_dags/example_complex.py
[2025-11-13T19:25:30.314-0800] {processor.py:925} INFO - DAG(s) 'example_complex' retrieved from /Users/dipinjassal/ml/tmdb_data_warehouse/venv/lib/python3.12/site-packages/airflow/example_dags/example_complex.py
[2025-11-13T19:25:30.342-0800] {logging_mixin.py:190} INFO - [2025-11-13T19:25:30.342-0800] {dag.py:3239} INFO - Sync 1 DAGs
[2025-11-13T19:25:30.344-0800] {logging_mixin.py:190} INFO - [2025-11-13T19:25:30.344-0800] {dag.py:4180} INFO - Setting next_dagrun for example_complex to None, run_after=None
[2025-11-13T19:25:30.349-0800] {processor.py:208} INFO - Processing /Users/dipinjassal/ml/tmdb_data_warehouse/venv/lib/python3.12/site-packages/airflow/example_dags/example_complex.py took 0.040 seconds
[2025-11-13T19:27:19.137-0800] {processor.py:186} INFO - Started process (PID=14801) to work on /Users/dipinjassal/ml/tmdb_data_warehouse/venv/lib/python3.12/site-packages/airflow/example_dags/example_complex.py
[2025-11-13T19:27:19.137-0800] {processor.py:914} INFO - Processing file /Users/dipinjassal/ml/tmdb_data_warehouse/venv/lib/python3.12/site-packages/airflow/example_dags/example_complex.py for tasks to queue
[2025-11-13T19:27:19.137-0800] {logging_mixin.py:190} INFO - [2025-11-13T19:27:19.137-0800] {dagbag.py:588} INFO - Filling up the DagBag from /Users/dipinjassal/ml/tmdb_data_warehouse/venv/lib/python3.12/site-packages/airflow/example_dags/example_complex.py
[2025-11-13T19:27:19.141-0800] {processor.py:925} INFO - DAG(s) 'example_complex' retrieved from /Users/dipinjassal/ml/tmdb_data_warehouse/venv/lib/python3.12/site-packages/airflow/example_dags/example_complex.py
[2025-11-13T19:27:19.169-0800] {logging_mixin.py:190} INFO - [2025-11-13T19:27:19.169-0800] {dag.py:3239} INFO - Sync 1 DAGs
[2025-11-13T19:27:19.171-0800] {logging_mixin.py:190} INFO - [2025-11-13T19:27:19.171-0800] {dag.py:4180} INFO - Setting next_dagrun for example_complex to None, run_after=None
[2025-11-13T19:27:19.176-0800] {processor.py:208} INFO - Processing /Users/dipinjassal/ml/tmdb_data_warehouse/venv/lib/python3.12/site-packages/airflow/example_dags/example_complex.py took 0.040 seconds
[2025-11-13T19:29:02.705-0800] {processor.py:186} INFO - Started process (PID=14882) to work on /Users/dipinjassal/ml/tmdb_data_warehouse/venv/lib/python3.12/site-packages/airflow/example_dags/example_complex.py
[2025-11-13T19:29:02.706-0800] {processor.py:914} INFO - Processing file /Users/dipinjassal/ml/tmdb_data_warehouse/venv/lib/python3.12/site-packages/airflow/example_dags/example_complex.py for tasks to queue
[2025-11-13T19:29:02.706-0800] {logging_mixin.py:190} INFO - [2025-11-13T19:29:02.706-0800] {dagbag.py:588} INFO - Filling up the DagBag from /Users/dipinjassal/ml/tmdb_data_warehouse/venv/lib/python3.12/site-packages/airflow/example_dags/example_complex.py
[2025-11-13T19:29:02.709-0800] {processor.py:925} INFO - DAG(s) 'example_complex' retrieved from /Users/dipinjassal/ml/tmdb_data_warehouse/venv/lib/python3.12/site-packages/airflow/example_dags/example_complex.py
[2025-11-13T19:29:02.738-0800] {logging_mixin.py:190} INFO - [2025-11-13T19:29:02.737-0800] {dag.py:3239} INFO - Sync 1 DAGs
[2025-11-13T19:29:02.740-0800] {logging_mixin.py:190} INFO - [2025-11-13T19:29:02.740-0800] {dag.py:4180} INFO - Setting next_dagrun for example_complex to None, run_after=None
[2025-11-13T19:29:02.745-0800] {processor.py:208} INFO - Processing /Users/dipinjassal/ml/tmdb_data_warehouse/venv/lib/python3.12/site-packages/airflow/example_dags/example_complex.py took 0.040 seconds
[2025-11-13T19:30:46.061-0800] {processor.py:186} INFO - Started process (PID=14969) to work on /Users/dipinjassal/ml/tmdb_data_warehouse/venv/lib/python3.12/site-packages/airflow/example_dags/example_complex.py
[2025-11-13T19:30:46.061-0800] {processor.py:914} INFO - Processing file /Users/dipinjassal/ml/tmdb_data_warehouse/venv/lib/python3.12/site-packages/airflow/example_dags/example_complex.py for tasks to queue
[2025-11-13T19:30:46.062-0800] {logging_mixin.py:190} INFO - [2025-11-13T19:30:46.061-0800] {dagbag.py:588} INFO - Filling up the DagBag from /Users/dipinjassal/ml/tmdb_data_warehouse/venv/lib/python3.12/site-packages/airflow/example_dags/example_complex.py
[2025-11-13T19:30:46.065-0800] {processor.py:925} INFO - DAG(s) 'example_complex' retrieved from /Users/dipinjassal/ml/tmdb_data_warehouse/venv/lib/python3.12/site-packages/airflow/example_dags/example_complex.py
[2025-11-13T19:30:46.092-0800] {logging_mixin.py:190} INFO - [2025-11-13T19:30:46.092-0800] {dag.py:3239} INFO - Sync 1 DAGs
[2025-11-13T19:30:46.095-0800] {logging_mixin.py:190} INFO - [2025-11-13T19:30:46.095-0800] {dag.py:4180} INFO - Setting next_dagrun for example_complex to None, run_after=None
[2025-11-13T19:30:46.100-0800] {processor.py:208} INFO - Processing /Users/dipinjassal/ml/tmdb_data_warehouse/venv/lib/python3.12/site-packages/airflow/example_dags/example_complex.py took 0.039 seconds
[2025-11-13T19:32:30.895-0800] {processor.py:186} INFO - Started process (PID=15066) to work on /Users/dipinjassal/ml/tmdb_data_warehouse/venv/lib/python3.12/site-packages/airflow/example_dags/example_complex.py
[2025-11-13T19:32:30.896-0800] {processor.py:914} INFO - Processing file /Users/dipinjassal/ml/tmdb_data_warehouse/venv/lib/python3.12/site-packages/airflow/example_dags/example_complex.py for tasks to queue
[2025-11-13T19:32:30.896-0800] {logging_mixin.py:190} INFO - [2025-11-13T19:32:30.896-0800] {dagbag.py:588} INFO - Filling up the DagBag from /Users/dipinjassal/ml/tmdb_data_warehouse/venv/lib/python3.12/site-packages/airflow/example_dags/example_complex.py
[2025-11-13T19:32:30.899-0800] {processor.py:925} INFO - DAG(s) 'example_complex' retrieved from /Users/dipinjassal/ml/tmdb_data_warehouse/venv/lib/python3.12/site-packages/airflow/example_dags/example_complex.py
[2025-11-13T19:32:30.927-0800] {logging_mixin.py:190} INFO - [2025-11-13T19:32:30.927-0800] {dag.py:3239} INFO - Sync 1 DAGs
[2025-11-13T19:32:30.930-0800] {logging_mixin.py:190} INFO - [2025-11-13T19:32:30.930-0800] {dag.py:4180} INFO - Setting next_dagrun for example_complex to None, run_after=None
[2025-11-13T19:32:30.934-0800] {processor.py:208} INFO - Processing /Users/dipinjassal/ml/tmdb_data_warehouse/venv/lib/python3.12/site-packages/airflow/example_dags/example_complex.py took 0.040 seconds
[2025-11-13T19:34:16.023-0800] {processor.py:186} INFO - Started process (PID=15158) to work on /Users/dipinjassal/ml/tmdb_data_warehouse/venv/lib/python3.12/site-packages/airflow/example_dags/example_complex.py
[2025-11-13T19:34:16.023-0800] {processor.py:914} INFO - Processing file /Users/dipinjassal/ml/tmdb_data_warehouse/venv/lib/python3.12/site-packages/airflow/example_dags/example_complex.py for tasks to queue
[2025-11-13T19:34:16.024-0800] {logging_mixin.py:190} INFO - [2025-11-13T19:34:16.024-0800] {dagbag.py:588} INFO - Filling up the DagBag from /Users/dipinjassal/ml/tmdb_data_warehouse/venv/lib/python3.12/site-packages/airflow/example_dags/example_complex.py
[2025-11-13T19:34:16.027-0800] {processor.py:925} INFO - DAG(s) 'example_complex' retrieved from /Users/dipinjassal/ml/tmdb_data_warehouse/venv/lib/python3.12/site-packages/airflow/example_dags/example_complex.py
[2025-11-13T19:34:16.055-0800] {logging_mixin.py:190} INFO - [2025-11-13T19:34:16.055-0800] {dag.py:3239} INFO - Sync 1 DAGs
[2025-11-13T19:34:16.057-0800] {logging_mixin.py:190} INFO - [2025-11-13T19:34:16.057-0800] {dag.py:4180} INFO - Setting next_dagrun for example_complex to None, run_after=None
[2025-11-13T19:34:16.062-0800] {processor.py:208} INFO - Processing /Users/dipinjassal/ml/tmdb_data_warehouse/venv/lib/python3.12/site-packages/airflow/example_dags/example_complex.py took 0.040 seconds
[2025-11-13T19:39:45.440-0800] {processor.py:186} INFO - Started process (PID=15377) to work on /Users/dipinjassal/ml/tmdb_data_warehouse/venv/lib/python3.12/site-packages/airflow/example_dags/example_complex.py
[2025-11-13T19:39:45.441-0800] {processor.py:914} INFO - Processing file /Users/dipinjassal/ml/tmdb_data_warehouse/venv/lib/python3.12/site-packages/airflow/example_dags/example_complex.py for tasks to queue
[2025-11-13T19:39:45.443-0800] {logging_mixin.py:190} INFO - [2025-11-13T19:39:45.442-0800] {dagbag.py:588} INFO - Filling up the DagBag from /Users/dipinjassal/ml/tmdb_data_warehouse/venv/lib/python3.12/site-packages/airflow/example_dags/example_complex.py
[2025-11-13T19:39:45.459-0800] {processor.py:925} INFO - DAG(s) 'example_complex' retrieved from /Users/dipinjassal/ml/tmdb_data_warehouse/venv/lib/python3.12/site-packages/airflow/example_dags/example_complex.py
[2025-11-13T19:39:45.601-0800] {logging_mixin.py:190} INFO - [2025-11-13T19:39:45.600-0800] {dag.py:3239} INFO - Sync 1 DAGs
[2025-11-13T19:39:45.617-0800] {logging_mixin.py:190} INFO - [2025-11-13T19:39:45.616-0800] {dag.py:4180} INFO - Setting next_dagrun for example_complex to None, run_after=None
[2025-11-13T19:39:45.640-0800] {processor.py:208} INFO - Processing /Users/dipinjassal/ml/tmdb_data_warehouse/venv/lib/python3.12/site-packages/airflow/example_dags/example_complex.py took 0.207 seconds
[2025-11-13T19:44:10.031-0800] {processor.py:186} INFO - Started process (PID=15511) to work on /Users/dipinjassal/ml/tmdb_data_warehouse/venv/lib/python3.12/site-packages/airflow/example_dags/example_complex.py
[2025-11-13T19:44:10.034-0800] {processor.py:914} INFO - Processing file /Users/dipinjassal/ml/tmdb_data_warehouse/venv/lib/python3.12/site-packages/airflow/example_dags/example_complex.py for tasks to queue
[2025-11-13T19:44:10.036-0800] {logging_mixin.py:190} INFO - [2025-11-13T19:44:10.036-0800] {dagbag.py:588} INFO - Filling up the DagBag from /Users/dipinjassal/ml/tmdb_data_warehouse/venv/lib/python3.12/site-packages/airflow/example_dags/example_complex.py
[2025-11-13T19:44:10.054-0800] {processor.py:925} INFO - DAG(s) 'example_complex' retrieved from /Users/dipinjassal/ml/tmdb_data_warehouse/venv/lib/python3.12/site-packages/airflow/example_dags/example_complex.py
[2025-11-13T19:44:10.216-0800] {logging_mixin.py:190} INFO - [2025-11-13T19:44:10.216-0800] {dag.py:3239} INFO - Sync 1 DAGs
[2025-11-13T19:44:10.229-0800] {logging_mixin.py:190} INFO - [2025-11-13T19:44:10.229-0800] {dag.py:4180} INFO - Setting next_dagrun for example_complex to None, run_after=None
[2025-11-13T19:44:10.254-0800] {processor.py:208} INFO - Processing /Users/dipinjassal/ml/tmdb_data_warehouse/venv/lib/python3.12/site-packages/airflow/example_dags/example_complex.py took 0.230 seconds
[2025-11-13T19:47:33.503-0800] {processor.py:186} INFO - Started process (PID=15643) to work on /Users/dipinjassal/ml/tmdb_data_warehouse/venv/lib/python3.12/site-packages/airflow/example_dags/example_complex.py
[2025-11-13T19:47:33.503-0800] {processor.py:914} INFO - Processing file /Users/dipinjassal/ml/tmdb_data_warehouse/venv/lib/python3.12/site-packages/airflow/example_dags/example_complex.py for tasks to queue
[2025-11-13T19:47:33.503-0800] {logging_mixin.py:190} INFO - [2025-11-13T19:47:33.503-0800] {dagbag.py:588} INFO - Filling up the DagBag from /Users/dipinjassal/ml/tmdb_data_warehouse/venv/lib/python3.12/site-packages/airflow/example_dags/example_complex.py
[2025-11-13T19:47:33.506-0800] {processor.py:925} INFO - DAG(s) 'example_complex' retrieved from /Users/dipinjassal/ml/tmdb_data_warehouse/venv/lib/python3.12/site-packages/airflow/example_dags/example_complex.py
[2025-11-13T19:47:33.534-0800] {logging_mixin.py:190} INFO - [2025-11-13T19:47:33.534-0800] {dag.py:3239} INFO - Sync 1 DAGs
[2025-11-13T19:47:33.537-0800] {logging_mixin.py:190} INFO - [2025-11-13T19:47:33.537-0800] {dag.py:4180} INFO - Setting next_dagrun for example_complex to None, run_after=None
[2025-11-13T19:47:33.542-0800] {processor.py:208} INFO - Processing /Users/dipinjassal/ml/tmdb_data_warehouse/venv/lib/python3.12/site-packages/airflow/example_dags/example_complex.py took 0.040 seconds
[2025-11-13T19:49:18.901-0800] {processor.py:186} INFO - Started process (PID=15724) to work on /Users/dipinjassal/ml/tmdb_data_warehouse/venv/lib/python3.12/site-packages/airflow/example_dags/example_complex.py
[2025-11-13T19:49:18.902-0800] {processor.py:914} INFO - Processing file /Users/dipinjassal/ml/tmdb_data_warehouse/venv/lib/python3.12/site-packages/airflow/example_dags/example_complex.py for tasks to queue
[2025-11-13T19:49:18.902-0800] {logging_mixin.py:190} INFO - [2025-11-13T19:49:18.902-0800] {dagbag.py:588} INFO - Filling up the DagBag from /Users/dipinjassal/ml/tmdb_data_warehouse/venv/lib/python3.12/site-packages/airflow/example_dags/example_complex.py
[2025-11-13T19:49:18.905-0800] {processor.py:925} INFO - DAG(s) 'example_complex' retrieved from /Users/dipinjassal/ml/tmdb_data_warehouse/venv/lib/python3.12/site-packages/airflow/example_dags/example_complex.py
[2025-11-13T19:49:18.934-0800] {logging_mixin.py:190} INFO - [2025-11-13T19:49:18.933-0800] {dag.py:3239} INFO - Sync 1 DAGs
[2025-11-13T19:49:18.936-0800] {logging_mixin.py:190} INFO - [2025-11-13T19:49:18.936-0800] {dag.py:4180} INFO - Setting next_dagrun for example_complex to None, run_after=None
[2025-11-13T19:49:18.941-0800] {processor.py:208} INFO - Processing /Users/dipinjassal/ml/tmdb_data_warehouse/venv/lib/python3.12/site-packages/airflow/example_dags/example_complex.py took 0.041 seconds
[2025-11-13T19:51:06.619-0800] {processor.py:186} INFO - Started process (PID=15813) to work on /Users/dipinjassal/ml/tmdb_data_warehouse/venv/lib/python3.12/site-packages/airflow/example_dags/example_complex.py
[2025-11-13T19:51:06.619-0800] {processor.py:914} INFO - Processing file /Users/dipinjassal/ml/tmdb_data_warehouse/venv/lib/python3.12/site-packages/airflow/example_dags/example_complex.py for tasks to queue
[2025-11-13T19:51:06.619-0800] {logging_mixin.py:190} INFO - [2025-11-13T19:51:06.619-0800] {dagbag.py:588} INFO - Filling up the DagBag from /Users/dipinjassal/ml/tmdb_data_warehouse/venv/lib/python3.12/site-packages/airflow/example_dags/example_complex.py
[2025-11-13T19:51:06.622-0800] {processor.py:925} INFO - DAG(s) 'example_complex' retrieved from /Users/dipinjassal/ml/tmdb_data_warehouse/venv/lib/python3.12/site-packages/airflow/example_dags/example_complex.py
[2025-11-13T19:51:06.651-0800] {logging_mixin.py:190} INFO - [2025-11-13T19:51:06.651-0800] {dag.py:3239} INFO - Sync 1 DAGs
[2025-11-13T19:51:06.654-0800] {logging_mixin.py:190} INFO - [2025-11-13T19:51:06.654-0800] {dag.py:4180} INFO - Setting next_dagrun for example_complex to None, run_after=None
[2025-11-13T19:51:06.658-0800] {processor.py:208} INFO - Processing /Users/dipinjassal/ml/tmdb_data_warehouse/venv/lib/python3.12/site-packages/airflow/example_dags/example_complex.py took 0.041 seconds
[2025-11-13T19:56:42.534-0800] {processor.py:186} INFO - Started process (PID=15996) to work on /Users/dipinjassal/ml/tmdb_data_warehouse/venv/lib/python3.12/site-packages/airflow/example_dags/example_complex.py
[2025-11-13T19:56:42.535-0800] {processor.py:914} INFO - Processing file /Users/dipinjassal/ml/tmdb_data_warehouse/venv/lib/python3.12/site-packages/airflow/example_dags/example_complex.py for tasks to queue
[2025-11-13T19:56:42.536-0800] {logging_mixin.py:190} INFO - [2025-11-13T19:56:42.536-0800] {dagbag.py:588} INFO - Filling up the DagBag from /Users/dipinjassal/ml/tmdb_data_warehouse/venv/lib/python3.12/site-packages/airflow/example_dags/example_complex.py
[2025-11-13T19:56:42.554-0800] {processor.py:925} INFO - DAG(s) 'example_complex' retrieved from /Users/dipinjassal/ml/tmdb_data_warehouse/venv/lib/python3.12/site-packages/airflow/example_dags/example_complex.py
[2025-11-13T19:56:42.717-0800] {logging_mixin.py:190} INFO - [2025-11-13T19:56:42.716-0800] {dag.py:3239} INFO - Sync 1 DAGs
[2025-11-13T19:56:42.733-0800] {logging_mixin.py:190} INFO - [2025-11-13T19:56:42.733-0800] {dag.py:4180} INFO - Setting next_dagrun for example_complex to None, run_after=None
[2025-11-13T19:56:42.763-0800] {processor.py:208} INFO - Processing /Users/dipinjassal/ml/tmdb_data_warehouse/venv/lib/python3.12/site-packages/airflow/example_dags/example_complex.py took 0.234 seconds
[2025-11-13T20:04:10.349-0800] {processor.py:186} INFO - Started process (PID=16209) to work on /Users/dipinjassal/ml/tmdb_data_warehouse/venv/lib/python3.12/site-packages/airflow/example_dags/example_complex.py
[2025-11-13T20:04:10.350-0800] {processor.py:914} INFO - Processing file /Users/dipinjassal/ml/tmdb_data_warehouse/venv/lib/python3.12/site-packages/airflow/example_dags/example_complex.py for tasks to queue
[2025-11-13T20:04:10.352-0800] {logging_mixin.py:190} INFO - [2025-11-13T20:04:10.351-0800] {dagbag.py:588} INFO - Filling up the DagBag from /Users/dipinjassal/ml/tmdb_data_warehouse/venv/lib/python3.12/site-packages/airflow/example_dags/example_complex.py
[2025-11-13T20:04:10.369-0800] {processor.py:925} INFO - DAG(s) 'example_complex' retrieved from /Users/dipinjassal/ml/tmdb_data_warehouse/venv/lib/python3.12/site-packages/airflow/example_dags/example_complex.py
[2025-11-13T20:04:10.544-0800] {logging_mixin.py:190} INFO - [2025-11-13T20:04:10.543-0800] {dag.py:3239} INFO - Sync 1 DAGs
[2025-11-13T20:04:10.563-0800] {logging_mixin.py:190} INFO - [2025-11-13T20:04:10.563-0800] {dag.py:4180} INFO - Setting next_dagrun for example_complex to None, run_after=None
[2025-11-13T20:04:10.602-0800] {processor.py:208} INFO - Processing /Users/dipinjassal/ml/tmdb_data_warehouse/venv/lib/python3.12/site-packages/airflow/example_dags/example_complex.py took 0.259 seconds
