[2025-11-12T21:23:51.648-0800] {processor.py:186} INFO - Started process (PID=1754) to work on /Users/dipinjassal/ml/tmdb_data_warehouse/venv/lib/python3.12/site-packages/airflow/example_dags/plugins/workday.py
[2025-11-12T21:23:51.649-0800] {processor.py:914} INFO - Processing file /Users/dipinjassal/ml/tmdb_data_warehouse/venv/lib/python3.12/site-packages/airflow/example_dags/plugins/workday.py for tasks to queue
[2025-11-12T21:23:51.649-0800] {logging_mixin.py:190} INFO - [2025-11-12T21:23:51.649-0800] {dagbag.py:588} INFO - Filling up the DagBag from /Users/dipinjassal/ml/tmdb_data_warehouse/venv/lib/python3.12/site-packages/airflow/example_dags/plugins/workday.py
[2025-11-12T21:23:51.806-0800] {processor.py:927} WARNING - No viable dags retrieved from /Users/dipinjassal/ml/tmdb_data_warehouse/venv/lib/python3.12/site-packages/airflow/example_dags/plugins/workday.py
[2025-11-12T21:23:51.830-0800] {processor.py:208} INFO - Processing /Users/dipinjassal/ml/tmdb_data_warehouse/venv/lib/python3.12/site-packages/airflow/example_dags/plugins/workday.py took 0.182 seconds
[2025-11-12T21:28:49.444-0800] {processor.py:186} INFO - Started process (PID=1790) to work on /Users/dipinjassal/ml/tmdb_data_warehouse/venv/lib/python3.12/site-packages/airflow/example_dags/plugins/workday.py
[2025-11-12T21:28:49.445-0800] {processor.py:914} INFO - Processing file /Users/dipinjassal/ml/tmdb_data_warehouse/venv/lib/python3.12/site-packages/airflow/example_dags/plugins/workday.py for tasks to queue
[2025-11-12T21:28:49.445-0800] {logging_mixin.py:190} INFO - [2025-11-12T21:28:49.445-0800] {dagbag.py:588} INFO - Filling up the DagBag from /Users/dipinjassal/ml/tmdb_data_warehouse/venv/lib/python3.12/site-packages/airflow/example_dags/plugins/workday.py
[2025-11-12T21:28:49.598-0800] {processor.py:927} WARNING - No viable dags retrieved from /Users/dipinjassal/ml/tmdb_data_warehouse/venv/lib/python3.12/site-packages/airflow/example_dags/plugins/workday.py
[2025-11-12T21:28:49.621-0800] {processor.py:208} INFO - Processing /Users/dipinjassal/ml/tmdb_data_warehouse/venv/lib/python3.12/site-packages/airflow/example_dags/plugins/workday.py took 0.178 seconds
[2025-11-12T21:30:20.870-0800] {processor.py:186} INFO - Started process (PID=1865) to work on /Users/dipinjassal/ml/tmdb_data_warehouse/venv/lib/python3.12/site-packages/airflow/example_dags/plugins/workday.py
[2025-11-12T21:30:20.871-0800] {processor.py:914} INFO - Processing file /Users/dipinjassal/ml/tmdb_data_warehouse/venv/lib/python3.12/site-packages/airflow/example_dags/plugins/workday.py for tasks to queue
[2025-11-12T21:30:20.871-0800] {logging_mixin.py:190} INFO - [2025-11-12T21:30:20.871-0800] {dagbag.py:588} INFO - Filling up the DagBag from /Users/dipinjassal/ml/tmdb_data_warehouse/venv/lib/python3.12/site-packages/airflow/example_dags/plugins/workday.py
[2025-11-12T21:30:21.037-0800] {processor.py:927} WARNING - No viable dags retrieved from /Users/dipinjassal/ml/tmdb_data_warehouse/venv/lib/python3.12/site-packages/airflow/example_dags/plugins/workday.py
[2025-11-12T21:30:21.061-0800] {processor.py:208} INFO - Processing /Users/dipinjassal/ml/tmdb_data_warehouse/venv/lib/python3.12/site-packages/airflow/example_dags/plugins/workday.py took 0.191 seconds
[2025-11-12T21:31:16.776-0800] {processor.py:186} INFO - Started process (PID=1910) to work on /Users/dipinjassal/ml/tmdb_data_warehouse/venv/lib/python3.12/site-packages/airflow/example_dags/plugins/workday.py
[2025-11-12T21:31:16.777-0800] {processor.py:914} INFO - Processing file /Users/dipinjassal/ml/tmdb_data_warehouse/venv/lib/python3.12/site-packages/airflow/example_dags/plugins/workday.py for tasks to queue
[2025-11-12T21:31:16.777-0800] {logging_mixin.py:190} INFO - [2025-11-12T21:31:16.777-0800] {dagbag.py:588} INFO - Filling up the DagBag from /Users/dipinjassal/ml/tmdb_data_warehouse/venv/lib/python3.12/site-packages/airflow/example_dags/plugins/workday.py
[2025-11-12T21:31:16.934-0800] {processor.py:927} WARNING - No viable dags retrieved from /Users/dipinjassal/ml/tmdb_data_warehouse/venv/lib/python3.12/site-packages/airflow/example_dags/plugins/workday.py
[2025-11-12T21:31:16.958-0800] {processor.py:208} INFO - Processing /Users/dipinjassal/ml/tmdb_data_warehouse/venv/lib/python3.12/site-packages/airflow/example_dags/plugins/workday.py took 0.182 seconds
[2025-11-12T21:33:56.150-0800] {processor.py:186} INFO - Started process (PID=2016) to work on /Users/dipinjassal/ml/tmdb_data_warehouse/venv/lib/python3.12/site-packages/airflow/example_dags/plugins/workday.py
[2025-11-12T21:33:56.150-0800] {processor.py:914} INFO - Processing file /Users/dipinjassal/ml/tmdb_data_warehouse/venv/lib/python3.12/site-packages/airflow/example_dags/plugins/workday.py for tasks to queue
[2025-11-12T21:33:56.150-0800] {logging_mixin.py:190} INFO - [2025-11-12T21:33:56.150-0800] {dagbag.py:588} INFO - Filling up the DagBag from /Users/dipinjassal/ml/tmdb_data_warehouse/venv/lib/python3.12/site-packages/airflow/example_dags/plugins/workday.py
[2025-11-12T21:33:56.303-0800] {processor.py:927} WARNING - No viable dags retrieved from /Users/dipinjassal/ml/tmdb_data_warehouse/venv/lib/python3.12/site-packages/airflow/example_dags/plugins/workday.py
[2025-11-12T21:33:56.326-0800] {processor.py:208} INFO - Processing /Users/dipinjassal/ml/tmdb_data_warehouse/venv/lib/python3.12/site-packages/airflow/example_dags/plugins/workday.py took 0.177 seconds
[2025-11-12T21:36:49.464-0800] {processor.py:186} INFO - Started process (PID=2106) to work on /Users/dipinjassal/ml/tmdb_data_warehouse/venv/lib/python3.12/site-packages/airflow/example_dags/plugins/workday.py
[2025-11-12T21:36:49.464-0800] {processor.py:914} INFO - Processing file /Users/dipinjassal/ml/tmdb_data_warehouse/venv/lib/python3.12/site-packages/airflow/example_dags/plugins/workday.py for tasks to queue
[2025-11-12T21:36:49.465-0800] {logging_mixin.py:190} INFO - [2025-11-12T21:36:49.464-0800] {dagbag.py:588} INFO - Filling up the DagBag from /Users/dipinjassal/ml/tmdb_data_warehouse/venv/lib/python3.12/site-packages/airflow/example_dags/plugins/workday.py
[2025-11-12T21:36:49.622-0800] {processor.py:927} WARNING - No viable dags retrieved from /Users/dipinjassal/ml/tmdb_data_warehouse/venv/lib/python3.12/site-packages/airflow/example_dags/plugins/workday.py
[2025-11-12T21:36:49.645-0800] {processor.py:208} INFO - Processing /Users/dipinjassal/ml/tmdb_data_warehouse/venv/lib/python3.12/site-packages/airflow/example_dags/plugins/workday.py took 0.182 seconds
[2025-11-12T21:38:16.575-0800] {processor.py:186} INFO - Started process (PID=2177) to work on /Users/dipinjassal/ml/tmdb_data_warehouse/venv/lib/python3.12/site-packages/airflow/example_dags/plugins/workday.py
[2025-11-12T21:38:16.575-0800] {processor.py:914} INFO - Processing file /Users/dipinjassal/ml/tmdb_data_warehouse/venv/lib/python3.12/site-packages/airflow/example_dags/plugins/workday.py for tasks to queue
[2025-11-12T21:38:16.575-0800] {logging_mixin.py:190} INFO - [2025-11-12T21:38:16.575-0800] {dagbag.py:588} INFO - Filling up the DagBag from /Users/dipinjassal/ml/tmdb_data_warehouse/venv/lib/python3.12/site-packages/airflow/example_dags/plugins/workday.py
[2025-11-12T21:38:16.730-0800] {processor.py:927} WARNING - No viable dags retrieved from /Users/dipinjassal/ml/tmdb_data_warehouse/venv/lib/python3.12/site-packages/airflow/example_dags/plugins/workday.py
[2025-11-12T21:38:16.753-0800] {processor.py:208} INFO - Processing /Users/dipinjassal/ml/tmdb_data_warehouse/venv/lib/python3.12/site-packages/airflow/example_dags/plugins/workday.py took 0.179 seconds
[2025-11-12T21:39:20.902-0800] {processor.py:186} INFO - Started process (PID=2252) to work on /Users/dipinjassal/ml/tmdb_data_warehouse/venv/lib/python3.12/site-packages/airflow/example_dags/plugins/workday.py
[2025-11-12T21:39:20.903-0800] {processor.py:914} INFO - Processing file /Users/dipinjassal/ml/tmdb_data_warehouse/venv/lib/python3.12/site-packages/airflow/example_dags/plugins/workday.py for tasks to queue
[2025-11-12T21:39:20.903-0800] {logging_mixin.py:190} INFO - [2025-11-12T21:39:20.903-0800] {dagbag.py:588} INFO - Filling up the DagBag from /Users/dipinjassal/ml/tmdb_data_warehouse/venv/lib/python3.12/site-packages/airflow/example_dags/plugins/workday.py
[2025-11-12T21:39:21.059-0800] {processor.py:927} WARNING - No viable dags retrieved from /Users/dipinjassal/ml/tmdb_data_warehouse/venv/lib/python3.12/site-packages/airflow/example_dags/plugins/workday.py
[2025-11-12T21:39:21.082-0800] {processor.py:208} INFO - Processing /Users/dipinjassal/ml/tmdb_data_warehouse/venv/lib/python3.12/site-packages/airflow/example_dags/plugins/workday.py took 0.181 seconds
[2025-11-12T21:49:54.897-0800] {processor.py:186} INFO - Started process (PID=2386) to work on /Users/dipinjassal/ml/tmdb_data_warehouse/venv/lib/python3.12/site-packages/airflow/example_dags/plugins/workday.py
[2025-11-12T21:49:54.898-0800] {processor.py:914} INFO - Processing file /Users/dipinjassal/ml/tmdb_data_warehouse/venv/lib/python3.12/site-packages/airflow/example_dags/plugins/workday.py for tasks to queue
[2025-11-12T21:49:54.898-0800] {logging_mixin.py:190} INFO - [2025-11-12T21:49:54.898-0800] {dagbag.py:588} INFO - Filling up the DagBag from /Users/dipinjassal/ml/tmdb_data_warehouse/venv/lib/python3.12/site-packages/airflow/example_dags/plugins/workday.py
[2025-11-12T21:49:55.053-0800] {processor.py:927} WARNING - No viable dags retrieved from /Users/dipinjassal/ml/tmdb_data_warehouse/venv/lib/python3.12/site-packages/airflow/example_dags/plugins/workday.py
[2025-11-12T21:49:55.076-0800] {processor.py:208} INFO - Processing /Users/dipinjassal/ml/tmdb_data_warehouse/venv/lib/python3.12/site-packages/airflow/example_dags/plugins/workday.py took 0.179 seconds
[2025-11-12T21:51:18.451-0800] {processor.py:186} INFO - Started process (PID=2450) to work on /Users/dipinjassal/ml/tmdb_data_warehouse/venv/lib/python3.12/site-packages/airflow/example_dags/plugins/workday.py
[2025-11-12T21:51:18.452-0800] {processor.py:914} INFO - Processing file /Users/dipinjassal/ml/tmdb_data_warehouse/venv/lib/python3.12/site-packages/airflow/example_dags/plugins/workday.py for tasks to queue
[2025-11-12T21:51:18.452-0800] {logging_mixin.py:190} INFO - [2025-11-12T21:51:18.452-0800] {dagbag.py:588} INFO - Filling up the DagBag from /Users/dipinjassal/ml/tmdb_data_warehouse/venv/lib/python3.12/site-packages/airflow/example_dags/plugins/workday.py
[2025-11-12T21:51:18.610-0800] {processor.py:927} WARNING - No viable dags retrieved from /Users/dipinjassal/ml/tmdb_data_warehouse/venv/lib/python3.12/site-packages/airflow/example_dags/plugins/workday.py
[2025-11-12T21:51:18.633-0800] {processor.py:208} INFO - Processing /Users/dipinjassal/ml/tmdb_data_warehouse/venv/lib/python3.12/site-packages/airflow/example_dags/plugins/workday.py took 0.183 seconds
[2025-11-12T21:56:56.120-0800] {processor.py:186} INFO - Started process (PID=2521) to work on /Users/dipinjassal/ml/tmdb_data_warehouse/venv/lib/python3.12/site-packages/airflow/example_dags/plugins/workday.py
[2025-11-12T21:56:56.120-0800] {processor.py:914} INFO - Processing file /Users/dipinjassal/ml/tmdb_data_warehouse/venv/lib/python3.12/site-packages/airflow/example_dags/plugins/workday.py for tasks to queue
[2025-11-12T21:56:56.121-0800] {logging_mixin.py:190} INFO - [2025-11-12T21:56:56.121-0800] {dagbag.py:588} INFO - Filling up the DagBag from /Users/dipinjassal/ml/tmdb_data_warehouse/venv/lib/python3.12/site-packages/airflow/example_dags/plugins/workday.py
[2025-11-12T21:56:56.273-0800] {processor.py:927} WARNING - No viable dags retrieved from /Users/dipinjassal/ml/tmdb_data_warehouse/venv/lib/python3.12/site-packages/airflow/example_dags/plugins/workday.py
[2025-11-12T21:56:56.296-0800] {processor.py:208} INFO - Processing /Users/dipinjassal/ml/tmdb_data_warehouse/venv/lib/python3.12/site-packages/airflow/example_dags/plugins/workday.py took 0.177 seconds
[2025-11-12T21:58:10.859-0800] {processor.py:186} INFO - Started process (PID=2592) to work on /Users/dipinjassal/ml/tmdb_data_warehouse/venv/lib/python3.12/site-packages/airflow/example_dags/plugins/workday.py
[2025-11-12T21:58:10.859-0800] {processor.py:914} INFO - Processing file /Users/dipinjassal/ml/tmdb_data_warehouse/venv/lib/python3.12/site-packages/airflow/example_dags/plugins/workday.py for tasks to queue
[2025-11-12T21:58:10.860-0800] {logging_mixin.py:190} INFO - [2025-11-12T21:58:10.859-0800] {dagbag.py:588} INFO - Filling up the DagBag from /Users/dipinjassal/ml/tmdb_data_warehouse/venv/lib/python3.12/site-packages/airflow/example_dags/plugins/workday.py
[2025-11-12T21:58:11.012-0800] {processor.py:927} WARNING - No viable dags retrieved from /Users/dipinjassal/ml/tmdb_data_warehouse/venv/lib/python3.12/site-packages/airflow/example_dags/plugins/workday.py
[2025-11-12T21:58:11.035-0800] {processor.py:208} INFO - Processing /Users/dipinjassal/ml/tmdb_data_warehouse/venv/lib/python3.12/site-packages/airflow/example_dags/plugins/workday.py took 0.177 seconds
