[2025-11-12T21:23:36.387-0800] {processor.py:186} INFO - Started process (PID=1740) to work on /Users/dipinjassal/ml/tmdb_data_warehouse/venv/lib/python3.12/site-packages/airflow/example_dags/subdags/subdag.py
[2025-11-12T21:23:36.388-0800] {processor.py:914} INFO - Processing file /Users/dipinjassal/ml/tmdb_data_warehouse/venv/lib/python3.12/site-packages/airflow/example_dags/subdags/subdag.py for tasks to queue
[2025-11-12T21:23:36.388-0800] {logging_mixin.py:190} INFO - [2025-11-12T21:23:36.388-0800] {dagbag.py:588} INFO - Filling up the DagBag from /Users/dipinjassal/ml/tmdb_data_warehouse/venv/lib/python3.12/site-packages/airflow/example_dags/subdags/subdag.py
[2025-11-12T21:23:36.388-0800] {processor.py:927} WARNING - No viable dags retrieved from /Users/dipinjassal/ml/tmdb_data_warehouse/venv/lib/python3.12/site-packages/airflow/example_dags/subdags/subdag.py
[2025-11-12T21:23:36.413-0800] {processor.py:208} INFO - Processing /Users/dipinjassal/ml/tmdb_data_warehouse/venv/lib/python3.12/site-packages/airflow/example_dags/subdags/subdag.py took 0.027 seconds
[2025-11-12T21:28:47.836-0800] {processor.py:186} INFO - Started process (PID=1788) to work on /Users/dipinjassal/ml/tmdb_data_warehouse/venv/lib/python3.12/site-packages/airflow/example_dags/subdags/subdag.py
[2025-11-12T21:28:47.836-0800] {processor.py:914} INFO - Processing file /Users/dipinjassal/ml/tmdb_data_warehouse/venv/lib/python3.12/site-packages/airflow/example_dags/subdags/subdag.py for tasks to queue
[2025-11-12T21:28:47.836-0800] {logging_mixin.py:190} INFO - [2025-11-12T21:28:47.836-0800] {dagbag.py:588} INFO - Filling up the DagBag from /Users/dipinjassal/ml/tmdb_data_warehouse/venv/lib/python3.12/site-packages/airflow/example_dags/subdags/subdag.py
[2025-11-12T21:28:47.837-0800] {processor.py:927} WARNING - No viable dags retrieved from /Users/dipinjassal/ml/tmdb_data_warehouse/venv/lib/python3.12/site-packages/airflow/example_dags/subdags/subdag.py
[2025-11-12T21:28:47.862-0800] {processor.py:208} INFO - Processing /Users/dipinjassal/ml/tmdb_data_warehouse/venv/lib/python3.12/site-packages/airflow/example_dags/subdags/subdag.py took 0.027 seconds
[2025-11-12T21:30:19.249-0800] {processor.py:186} INFO - Started process (PID=1864) to work on /Users/dipinjassal/ml/tmdb_data_warehouse/venv/lib/python3.12/site-packages/airflow/example_dags/subdags/subdag.py
[2025-11-12T21:30:19.249-0800] {processor.py:914} INFO - Processing file /Users/dipinjassal/ml/tmdb_data_warehouse/venv/lib/python3.12/site-packages/airflow/example_dags/subdags/subdag.py for tasks to queue
[2025-11-12T21:30:19.250-0800] {logging_mixin.py:190} INFO - [2025-11-12T21:30:19.249-0800] {dagbag.py:588} INFO - Filling up the DagBag from /Users/dipinjassal/ml/tmdb_data_warehouse/venv/lib/python3.12/site-packages/airflow/example_dags/subdags/subdag.py
[2025-11-12T21:30:19.250-0800] {processor.py:927} WARNING - No viable dags retrieved from /Users/dipinjassal/ml/tmdb_data_warehouse/venv/lib/python3.12/site-packages/airflow/example_dags/subdags/subdag.py
[2025-11-12T21:30:19.273-0800] {processor.py:208} INFO - Processing /Users/dipinjassal/ml/tmdb_data_warehouse/venv/lib/python3.12/site-packages/airflow/example_dags/subdags/subdag.py took 0.025 seconds
[2025-11-12T21:31:15.160-0800] {processor.py:186} INFO - Started process (PID=1909) to work on /Users/dipinjassal/ml/tmdb_data_warehouse/venv/lib/python3.12/site-packages/airflow/example_dags/subdags/subdag.py
[2025-11-12T21:31:15.161-0800] {processor.py:914} INFO - Processing file /Users/dipinjassal/ml/tmdb_data_warehouse/venv/lib/python3.12/site-packages/airflow/example_dags/subdags/subdag.py for tasks to queue
[2025-11-12T21:31:15.161-0800] {logging_mixin.py:190} INFO - [2025-11-12T21:31:15.161-0800] {dagbag.py:588} INFO - Filling up the DagBag from /Users/dipinjassal/ml/tmdb_data_warehouse/venv/lib/python3.12/site-packages/airflow/example_dags/subdags/subdag.py
[2025-11-12T21:31:15.162-0800] {processor.py:927} WARNING - No viable dags retrieved from /Users/dipinjassal/ml/tmdb_data_warehouse/venv/lib/python3.12/site-packages/airflow/example_dags/subdags/subdag.py
[2025-11-12T21:31:15.187-0800] {processor.py:208} INFO - Processing /Users/dipinjassal/ml/tmdb_data_warehouse/venv/lib/python3.12/site-packages/airflow/example_dags/subdags/subdag.py took 0.028 seconds
[2025-11-12T21:33:54.550-0800] {processor.py:186} INFO - Started process (PID=2015) to work on /Users/dipinjassal/ml/tmdb_data_warehouse/venv/lib/python3.12/site-packages/airflow/example_dags/subdags/subdag.py
[2025-11-12T21:33:54.551-0800] {processor.py:914} INFO - Processing file /Users/dipinjassal/ml/tmdb_data_warehouse/venv/lib/python3.12/site-packages/airflow/example_dags/subdags/subdag.py for tasks to queue
[2025-11-12T21:33:54.551-0800] {logging_mixin.py:190} INFO - [2025-11-12T21:33:54.551-0800] {dagbag.py:588} INFO - Filling up the DagBag from /Users/dipinjassal/ml/tmdb_data_warehouse/venv/lib/python3.12/site-packages/airflow/example_dags/subdags/subdag.py
[2025-11-12T21:33:54.552-0800] {processor.py:927} WARNING - No viable dags retrieved from /Users/dipinjassal/ml/tmdb_data_warehouse/venv/lib/python3.12/site-packages/airflow/example_dags/subdags/subdag.py
[2025-11-12T21:33:54.574-0800] {processor.py:208} INFO - Processing /Users/dipinjassal/ml/tmdb_data_warehouse/venv/lib/python3.12/site-packages/airflow/example_dags/subdags/subdag.py took 0.025 seconds
[2025-11-12T21:36:47.839-0800] {processor.py:186} INFO - Started process (PID=2105) to work on /Users/dipinjassal/ml/tmdb_data_warehouse/venv/lib/python3.12/site-packages/airflow/example_dags/subdags/subdag.py
[2025-11-12T21:36:47.839-0800] {processor.py:914} INFO - Processing file /Users/dipinjassal/ml/tmdb_data_warehouse/venv/lib/python3.12/site-packages/airflow/example_dags/subdags/subdag.py for tasks to queue
[2025-11-12T21:36:47.839-0800] {logging_mixin.py:190} INFO - [2025-11-12T21:36:47.839-0800] {dagbag.py:588} INFO - Filling up the DagBag from /Users/dipinjassal/ml/tmdb_data_warehouse/venv/lib/python3.12/site-packages/airflow/example_dags/subdags/subdag.py
[2025-11-12T21:36:47.840-0800] {processor.py:927} WARNING - No viable dags retrieved from /Users/dipinjassal/ml/tmdb_data_warehouse/venv/lib/python3.12/site-packages/airflow/example_dags/subdags/subdag.py
[2025-11-12T21:36:47.863-0800] {processor.py:208} INFO - Processing /Users/dipinjassal/ml/tmdb_data_warehouse/venv/lib/python3.12/site-packages/airflow/example_dags/subdags/subdag.py took 0.025 seconds
[2025-11-12T21:38:14.977-0800] {processor.py:186} INFO - Started process (PID=2176) to work on /Users/dipinjassal/ml/tmdb_data_warehouse/venv/lib/python3.12/site-packages/airflow/example_dags/subdags/subdag.py
[2025-11-12T21:38:14.977-0800] {processor.py:914} INFO - Processing file /Users/dipinjassal/ml/tmdb_data_warehouse/venv/lib/python3.12/site-packages/airflow/example_dags/subdags/subdag.py for tasks to queue
[2025-11-12T21:38:14.977-0800] {logging_mixin.py:190} INFO - [2025-11-12T21:38:14.977-0800] {dagbag.py:588} INFO - Filling up the DagBag from /Users/dipinjassal/ml/tmdb_data_warehouse/venv/lib/python3.12/site-packages/airflow/example_dags/subdags/subdag.py
[2025-11-12T21:38:14.978-0800] {processor.py:927} WARNING - No viable dags retrieved from /Users/dipinjassal/ml/tmdb_data_warehouse/venv/lib/python3.12/site-packages/airflow/example_dags/subdags/subdag.py
[2025-11-12T21:38:15.000-0800] {processor.py:208} INFO - Processing /Users/dipinjassal/ml/tmdb_data_warehouse/venv/lib/python3.12/site-packages/airflow/example_dags/subdags/subdag.py took 0.025 seconds
[2025-11-12T21:39:19.258-0800] {processor.py:186} INFO - Started process (PID=2250) to work on /Users/dipinjassal/ml/tmdb_data_warehouse/venv/lib/python3.12/site-packages/airflow/example_dags/subdags/subdag.py
[2025-11-12T21:39:19.258-0800] {processor.py:914} INFO - Processing file /Users/dipinjassal/ml/tmdb_data_warehouse/venv/lib/python3.12/site-packages/airflow/example_dags/subdags/subdag.py for tasks to queue
[2025-11-12T21:39:19.258-0800] {logging_mixin.py:190} INFO - [2025-11-12T21:39:19.258-0800] {dagbag.py:588} INFO - Filling up the DagBag from /Users/dipinjassal/ml/tmdb_data_warehouse/venv/lib/python3.12/site-packages/airflow/example_dags/subdags/subdag.py
[2025-11-12T21:39:19.259-0800] {processor.py:927} WARNING - No viable dags retrieved from /Users/dipinjassal/ml/tmdb_data_warehouse/venv/lib/python3.12/site-packages/airflow/example_dags/subdags/subdag.py
[2025-11-12T21:39:19.283-0800] {processor.py:208} INFO - Processing /Users/dipinjassal/ml/tmdb_data_warehouse/venv/lib/python3.12/site-packages/airflow/example_dags/subdags/subdag.py took 0.025 seconds
[2025-11-12T21:49:53.294-0800] {processor.py:186} INFO - Started process (PID=2385) to work on /Users/dipinjassal/ml/tmdb_data_warehouse/venv/lib/python3.12/site-packages/airflow/example_dags/subdags/subdag.py
[2025-11-12T21:49:53.295-0800] {processor.py:914} INFO - Processing file /Users/dipinjassal/ml/tmdb_data_warehouse/venv/lib/python3.12/site-packages/airflow/example_dags/subdags/subdag.py for tasks to queue
[2025-11-12T21:49:53.295-0800] {logging_mixin.py:190} INFO - [2025-11-12T21:49:53.295-0800] {dagbag.py:588} INFO - Filling up the DagBag from /Users/dipinjassal/ml/tmdb_data_warehouse/venv/lib/python3.12/site-packages/airflow/example_dags/subdags/subdag.py
[2025-11-12T21:49:53.296-0800] {processor.py:927} WARNING - No viable dags retrieved from /Users/dipinjassal/ml/tmdb_data_warehouse/venv/lib/python3.12/site-packages/airflow/example_dags/subdags/subdag.py
[2025-11-12T21:49:53.318-0800] {processor.py:208} INFO - Processing /Users/dipinjassal/ml/tmdb_data_warehouse/venv/lib/python3.12/site-packages/airflow/example_dags/subdags/subdag.py took 0.025 seconds
[2025-11-12T21:51:17.061-0800] {processor.py:186} INFO - Started process (PID=2449) to work on /Users/dipinjassal/ml/tmdb_data_warehouse/venv/lib/python3.12/site-packages/airflow/example_dags/subdags/subdag.py
[2025-11-12T21:51:17.061-0800] {processor.py:914} INFO - Processing file /Users/dipinjassal/ml/tmdb_data_warehouse/venv/lib/python3.12/site-packages/airflow/example_dags/subdags/subdag.py for tasks to queue
[2025-11-12T21:51:17.062-0800] {logging_mixin.py:190} INFO - [2025-11-12T21:51:17.062-0800] {dagbag.py:588} INFO - Filling up the DagBag from /Users/dipinjassal/ml/tmdb_data_warehouse/venv/lib/python3.12/site-packages/airflow/example_dags/subdags/subdag.py
[2025-11-12T21:51:17.062-0800] {processor.py:927} WARNING - No viable dags retrieved from /Users/dipinjassal/ml/tmdb_data_warehouse/venv/lib/python3.12/site-packages/airflow/example_dags/subdags/subdag.py
[2025-11-12T21:51:17.085-0800] {processor.py:208} INFO - Processing /Users/dipinjassal/ml/tmdb_data_warehouse/venv/lib/python3.12/site-packages/airflow/example_dags/subdags/subdag.py took 0.024 seconds
[2025-11-12T21:56:54.527-0800] {processor.py:186} INFO - Started process (PID=2520) to work on /Users/dipinjassal/ml/tmdb_data_warehouse/venv/lib/python3.12/site-packages/airflow/example_dags/subdags/subdag.py
[2025-11-12T21:56:54.527-0800] {processor.py:914} INFO - Processing file /Users/dipinjassal/ml/tmdb_data_warehouse/venv/lib/python3.12/site-packages/airflow/example_dags/subdags/subdag.py for tasks to queue
[2025-11-12T21:56:54.527-0800] {logging_mixin.py:190} INFO - [2025-11-12T21:56:54.527-0800] {dagbag.py:588} INFO - Filling up the DagBag from /Users/dipinjassal/ml/tmdb_data_warehouse/venv/lib/python3.12/site-packages/airflow/example_dags/subdags/subdag.py
[2025-11-12T21:56:54.528-0800] {processor.py:927} WARNING - No viable dags retrieved from /Users/dipinjassal/ml/tmdb_data_warehouse/venv/lib/python3.12/site-packages/airflow/example_dags/subdags/subdag.py
[2025-11-12T21:56:54.550-0800] {processor.py:208} INFO - Processing /Users/dipinjassal/ml/tmdb_data_warehouse/venv/lib/python3.12/site-packages/airflow/example_dags/subdags/subdag.py took 0.024 seconds
[2025-11-12T21:58:09.268-0800] {processor.py:186} INFO - Started process (PID=2590) to work on /Users/dipinjassal/ml/tmdb_data_warehouse/venv/lib/python3.12/site-packages/airflow/example_dags/subdags/subdag.py
[2025-11-12T21:58:09.268-0800] {processor.py:914} INFO - Processing file /Users/dipinjassal/ml/tmdb_data_warehouse/venv/lib/python3.12/site-packages/airflow/example_dags/subdags/subdag.py for tasks to queue
[2025-11-12T21:58:09.268-0800] {logging_mixin.py:190} INFO - [2025-11-12T21:58:09.268-0800] {dagbag.py:588} INFO - Filling up the DagBag from /Users/dipinjassal/ml/tmdb_data_warehouse/venv/lib/python3.12/site-packages/airflow/example_dags/subdags/subdag.py
[2025-11-12T21:58:09.269-0800] {processor.py:927} WARNING - No viable dags retrieved from /Users/dipinjassal/ml/tmdb_data_warehouse/venv/lib/python3.12/site-packages/airflow/example_dags/subdags/subdag.py
[2025-11-12T21:58:09.291-0800] {processor.py:208} INFO - Processing /Users/dipinjassal/ml/tmdb_data_warehouse/venv/lib/python3.12/site-packages/airflow/example_dags/subdags/subdag.py took 0.024 seconds
