[2025-11-12T21:07:49.100-0800] {local_task_job_runner.py:123} INFO - ::group::Pre task execution logs
[2025-11-12T21:07:49.103-0800] {taskinstance.py:2612} INFO - Dependencies all met for dep_context=non-requeueable deps ti=<TaskInstance: tmdb_data_extraction.extract_genres scheduled__2025-11-12T00:00:00+00:00 [queued]>
[2025-11-12T21:07:49.104-0800] {taskinstance.py:2612} INFO - Dependencies all met for dep_context=requeueable deps ti=<TaskInstance: tmdb_data_extraction.extract_genres scheduled__2025-11-12T00:00:00+00:00 [queued]>
[2025-11-12T21:07:49.104-0800] {taskinstance.py:2865} INFO - Starting attempt 8 of 3
[2025-11-12T21:07:49.107-0800] {taskinstance.py:2888} INFO - Executing <Task(PythonOperator): extract_genres> on 2025-11-12 00:00:00+00:00
[2025-11-12T21:07:49.111-0800] {logging_mixin.py:190} WARNING - /Users/dipinjassal/ml/tmdb_data_warehouse/venv/lib/python3.12/site-packages/airflow/task/task_runner/standard_task_runner.py:70 DeprecationWarning: This process (pid=1458) is multi-threaded, use of fork() may lead to deadlocks in the child.
[2025-11-12T21:07:49.112-0800] {standard_task_runner.py:72} INFO - Started process 1459 to run task
[2025-11-12T21:07:49.111-0800] {standard_task_runner.py:104} INFO - Running: ['airflow', 'tasks', 'run', 'tmdb_data_extraction', 'extract_genres', 'scheduled__2025-11-12T00:00:00+00:00', '--job-id', '26', '--raw', '--subdir', 'DAGS_FOLDER/tmdb_extraction_dag.py', '--cfg-path', '/var/folders/r9/q22xmvj17r590_phm7qsfl9h0000gn/T/tmpb01h35yj']
[2025-11-12T21:07:49.112-0800] {standard_task_runner.py:105} INFO - Job 26: Subtask extract_genres
[2025-11-12T21:07:49.123-0800] {task_command.py:467} INFO - Running <TaskInstance: tmdb_data_extraction.extract_genres scheduled__2025-11-12T00:00:00+00:00 [running]> on host dipins-macbook-pro.local
[2025-11-12T21:07:49.137-0800] {taskinstance.py:3131} INFO - Exporting env vars: AIRFLOW_CTX_DAG_OWNER='team7' AIRFLOW_CTX_DAG_ID='tmdb_data_extraction' AIRFLOW_CTX_TASK_ID='extract_genres' AIRFLOW_CTX_EXECUTION_DATE='2025-11-12T00:00:00+00:00' AIRFLOW_CTX_TRY_NUMBER='8' AIRFLOW_CTX_DAG_RUN_ID='scheduled__2025-11-12T00:00:00+00:00'
[2025-11-12T21:07:49.137-0800] {logging_mixin.py:190} INFO - Task instance is in running state
[2025-11-12T21:07:49.137-0800] {logging_mixin.py:190} INFO -  Previous state of the Task instance: queued
[2025-11-12T21:07:49.138-0800] {logging_mixin.py:190} INFO - Current task name:extract_genres state:running start_date:2025-11-13 05:07:49.103531+00:00
[2025-11-12T21:07:49.138-0800] {logging_mixin.py:190} INFO - Dag name:tmdb_data_extraction and current dag run status:running
[2025-11-12T21:07:49.138-0800] {taskinstance.py:731} INFO - ::endgroup::
[2025-11-12T21:07:49.138-0800] {logging_mixin.py:190} INFO - ==================================================
[2025-11-12T21:07:49.139-0800] {logging_mixin.py:190} INFO - STARTING GENRE EXTRACTION
[2025-11-12T21:07:49.139-0800] {logging_mixin.py:190} INFO - ==================================================
[2025-11-12T21:07:49.139-0800] {logging_mixin.py:190} INFO - TMDB Client initialized with base URL: https://api.themoviedb.org/3
[2025-11-12T21:07:50.182-0800] {logging_mixin.py:190} INFO - ✓ Connected to MongoDB: tmdb-raw
[2025-11-12T21:07:50.184-0800] {logging_mixin.py:190} INFO - Fetching genres from TMDB...
